5.07055 5.07055 0
5.15862 5.11459 0.044033 
4.92467 5.05128 0.0682185 
4.88414 5.00949 0.0638198 
4.78358 4.96431 0.0669728 
4.92107 4.9571 0.0551559 
5.076 4.97409 0.0496131 
5.05571 4.98429 0.0441609 
5.0316 4.98955 0.0392994 
4.85714 4.97631 0.0375617 
4.75603 4.95628 0.0394381 
4.92041 4.95329 0.0361258 
5.23796 4.97519 0.0397968 
4.82048 4.96414 0.0384661 
5.04826 4.96975 0.0362465 
5.06322 4.97559 0.0344051 
5.10663 4.9833 0.0332244 
4.93454 4.98059 0.0314412 
5.18154 4.99116 0.031565 
4.98531 4.99087 0.0299466 
5.13384 4.99768 0.0292872 
5.03344 4.99931 0.0279715 
5.13969 5.00541 0.0274157 
5.0736 5.00825 0.0264019 
4.908 5.00424 0.0256393 
4.99332 5.00382 0.0246371 
4.72231 4.99339 0.0258985 
4.82771 4.98748 0.0256483 
4.90764 4.98472 0.0249008 
5.14332 4.99001 0.0246304 
4.77407 4.98304 0.0248201 
4.86567 4.97938 0.0243103 
4.7118 4.97127 0.0249182 
4.58262 4.95984 0.0267405 
4.99232 4.96077 0.0259818 
5.05233 4.96331 0.0253776 
4.96021 4.96322 0.0246823 
4.79887 4.9589 0.0244102 
4.79313 4.95465 0.024153 
4.88494 4.95291 0.0236059 
4.92372 4.95219 0.0230339 
5.07129 4.95503 0.022657 
5.02476 4.95665 0.0221831 
4.98202 4.95723 0.0216808 
5.19445 4.9625 0.0218393 
4.88232 4.96076 0.0214302 
5.02183 4.96206 0.0210095 
5.4229 4.97166 0.0226977 
5.21271 4.97658 0.0227675 
4.97103 4.97647 0.0223078 
5.26748 4.98217 0.0225983 
5.05488 4.98357 0.0222035 
5.14503 4.98662 0.0219926 
4.97393 4.98638 0.0215827 
4.84369 4.98379 0.021345 
4.9554 4.98328 0.0209665 
4.89291 4.9817 0.0206563 
4.93973 4.98097 0.0203099 
4.74757 4.97702 0.0203509 
5.16259 4.98011 0.0202465 
4.82074 4.9775 0.0200824 
4.86126 4.97562 0.0198446 
5.0087 4.97615 0.0195342 
5.10025 4.97809 0.0193241 
4.85829 4.97624 0.0191135 
4.60571 4.97063 0.0196411 
5.0994 4.97255 0.019441 
4.94455 4.97214 0.0191574 
5.11918 4.97427 0.0189976 
4.93353 4.97369 0.0187333 
4.87347 4.97228 0.0185214 
4.88189 4.97102 0.0183055 
4.7753 4.96834 0.018251 
5.05781 4.96955 0.0180432 
4.88246 4.96839 0.0178388 
4.92618 4.96783 0.0176113 
4.87696 4.96665 0.0174211 
4.81581 4.96472 0.0173047 
5.0722 4.96608 0.0171383 
5.06226 4.96728 0.0169654 
5.09748 4.96889 0.0168316 
4.9622 4.96881 0.0166252 
4.78917 4.96664 0.0165657 
5.41524 4.97198 0.0172165 
5.12151 4.97374 0.0171035 
4.70122 4.97057 0.0171979 
5.04305 4.97141 0.0170195 
4.99509 4.97168 0.0168271 
5.06827 4.97276 0.0166723 
4.9858 4.97291 0.0164867 
4.91457 4.97226 0.0163171 
4.88391 4.9713 0.0161673 
5.0514 4.97217 0.0160157 
5.09152 4.97343 0.0158952 
5.05415 4.97428 0.0157499 
5.1103 4.9757 0.0156493 
4.99615 4.97591 0.0154885 
5.01558 4.97632 0.015335 
4.83486 4.97489 0.0152464 
4.89881 4.97413 0.0151124 
