5.00497 5.00497 0
4.98216 4.99357 0.0114038 
4.97739 4.98818 0.00851091 
4.9233 4.97196 0.0173001 
5.08342 4.99425 0.0260098 
5.06896 5.0067 0.0246184 
4.96422 5.00063 0.0216735 
4.94475 4.99365 0.0200274 
4.99748 4.99407 0.0176676 
4.84645 4.97931 0.021625 
4.84824 4.96739 0.022904 
5.25411 4.99129 0.0317498 
4.85661 4.98093 0.0309887 
5.13763 4.99212 0.0307961 
5.0646 4.99695 0.0290739 
5.09537 5.0031 0.0278831 
5.16256 5.01248 0.0278206 
4.97008 5.01013 0.0263351 
5.06389 5.01296 0.0250707 
4.9998 5.0123 0.0237932 
5.04008 5.01362 0.0226705 
4.90746 5.0088 0.0221476 
5.03396 5.00989 0.021191 
5.00882 5.00985 0.0202889 
4.92874 5.0066 0.019729 
4.90509 5.0027 0.0193529 
4.90104 4.99893 0.0189991 
4.9686 4.99785 0.01834 
4.89652 4.99436 0.018038 
4.85318 4.98965 0.0180505 
5.05212 4.99166 0.0175744 
4.83504 4.98677 0.0177063 
4.94109 4.98539 0.0172171 
5.12287 4.98943 0.0171855 
5.13586 4.99361 0.0172038 
4.8432 4.98944 0.0172332 
4.87266 4.98628 0.0170556 
5.14805 4.99054 0.0171378 
4.92556 4.98887 0.0167755 
4.9916 4.98894 0.0163509 
4.9422 4.9878 0.0159878 
5.07649 4.98991 0.0157448 
5.05126 4.99134 0.0154403 
5.009 4.99174 0.0150906 
5.12573 4.99472 0.015049 
5.02779 4.99543 0.0147358 
5.16262 4.99899 0.0148511 
5.09744 5.00104 0.0146824 
4.87635 4.9985 0.014603 
4.87568 4.99604 0.0145173 
4.62576 4.98878 0.015975 
4.82151 4.98556 0.0159917 
5.10541 4.98783 0.0158492 
5.11697 4.99022 0.0157357 
4.96926 4.98984 0.0154516 
5.12687 4.99228 0.0153693 
5.04564 4.99322 0.0151262 
5.04971 4.99419 0.014895 
4.87365 4.99215 0.0147823 
4.88988 4.99045 0.0146334 
4.91655 4.98923 0.0144424 
4.98316 4.98914 0.0142079 
4.98123 4.98901 0.0139811 
5.07602 4.99037 0.0138279 
5.08256 4.99179 0.0136872 
5.06671 4.99292 0.013526 
5.19384 4.99592 0.0136559 
5.11699 4.9977 0.0135709 
4.84371 4.99547 0.0135577 
4.86552 4.99361 0.0134909 
4.86753 4.99184 0.0134176 
4.82087 4.98946 0.0134413 
4.82832 4.98726 0.0134385 
5.03915 4.98796 0.0132742 
4.96144 4.9876 0.0131008 
5.10855 4.9892 0.0130248 
5.09831 4.99061 0.0129324 
5.14822 4.99263 0.0129245 
5.14533 4.99457 0.0129054 
5.098 4.99586 0.0128085 
5.04797 4.9965 0.0126657 
5.08982 4.99764 0.012562 
4.93602 4.9969 0.0124319 
5.08836 4.99799 0.0123311 
5.04754 4.99857 0.0121991 
4.98485 4.99841 0.0120575 
5.19549 5.00068 0.0121315 
4.89188 4.99944 0.0120564 
5.10883 5.00067 0.0119834 
4.94642 5.00007 0.0118648 
4.97793 4.99982 0.0117362 
4.92107 4.99897 0.0116394 
5.11953 5.00026 0.0115864 
5.08444 5.00116 0.0114974 
4.82164 4.99927 0.0115316 
4.98178 4.99909 0.0114123 
5.07254 4.99984 0.0113194 
4.81184 4.99793 0.0113663 
4.76183 4.99554 0.0115009 
4.76356 4.99322 0.0116193 
