0.152692   -0.406026   0.229931
0.324936   0.44525   -0.420968
0.408594   -0.145493   -0.134202
0.0497258   -0.304318   0.443065
-0.135837   0.0652111   0.456947
-0.0189071   -0.117424   0.499923
-0.272861   -0.439376   0.310627
-0.0471602   -0.286504   -0.362574
-0.493497   -0.175245   0.0351143
0.255917   0.0402521   -0.498065
-0.0188481   -0.334956   0.0412091
0.344575   0.136867   -0.322681
-0.322532   0.132786   0.375904
-0.34472   0.332921   -0.319457
0.229102   -0.218665   -0.0913353
-0.343785   0.31231   0.259888
0.499146   -0.342717   0.247753
-0.436321   -0.0125314   0.256175
0.156594   0.433621   -0.169454
0.252574   -0.321924   0.409387
0.0449616   -0.0140476   -0.32153
-0.00480805   -0.139636   0.274866
0.324097   -0.290085   0.172351
0.444833   0.376664   -0.274063
-0.394402   -0.18335   -0.169883
0.0688588   0.40065   0.278829
-0.120677   -0.127193   -0.26236
0.0483348   0.455433   0.482853
-0.277878   -0.131296   -0.0165651
-0.178969   0.201762   -0.408698
0.448613   -0.0445244   -0.449813
-0.357964   -0.0761168   0.454138
-0.190302   0.477791   -0.426808
-0.460593   0.0198993   -0.0385126
0.115529   0.106345   -0.138189
-0.195785   0.137179   0.223012
-0.497386   0.467796   0.236168
0.238308   0.485389   0.378342
-0.466053   0.191466   -0.233664
-0.380976   0.222721   0.0323532
-0.400996   -0.203585   -0.374834
0.0666521   0.168118   0.220536
0.497041   -0.257775   0.455301
0.378188   -0.167069   -0.32064
0.422596   -0.445689   0.415971
-0.148382   -0.488699   0.0783327
0.192156   -0.396994   0.00964152
0.161295   0.146481   -0.372698
-0.415382   0.362117   -0.130823
-0.347415   -0.37735   0.49753
-0.303723   0.317428   0.463765
0.149218   -0.193634   0.0761402
-0.246629   0.0253822   -0.323165
0.456526   0.403709   0.0260763
-0.188061   0.314574   -0.192722
-0.324261   0.417621   0.090658
-0.129307   0.293845   0.0616212
-0.335612   -0.317098   0.0295719
-0.485061   -0.39072   -0.17492
0.213499   -0.150903   0.300663
0.0127446   0.20927   -0.494208
0.166033   -0.143817   -0.449425
-0.466636   0.130285   -0.419614
0.0220835   -0.322305   -0.157263
0.376719   -0.0509023   0.133427
0.191223   0.327561   -0.346536
0.24212   0.118221   0.308203
0.265631   -0.362118   -0.244971
0.01648   0.310763   -0.0867015
0.0823393   0.443853   0.0651329
-0.457601   -0.440969   -0.353469
-0.0546395   0.101234   0.0208331
0.311194   -0.497047   0.170688
-0.211815   -0.0691989   0.315595
0.461345   -0.375524   0.0449084
0.267393   0.255112   -0.176369
0.331547   0.310133   0.260254
-0.0904886   0.48306   -0.156127
-0.489095   -0.00382042   -0.265436
-0.0930505   -0.0576185   0.108164
0.0411139   -0.0883793   -0.0953356
0.244301   0.24702   0.474288
0.232249   -0.0201159   -0.0399534
0.366589   -0.355522   -0.411457
-0.1663   -0.283124   -0.0994072
-0.0266982   0.171591   -0.290826
0.120783   -0.425056   -0.401281
0.37726   0.108853   -0.118494
-0.136778   0.0296827   -0.142123
-0.138801   0.350239   0.303063
-0.260041   -0.402225   -0.277382
-0.315853   0.0230356   0.107877
-0.16402   -0.248868   0.165361
-0.351324   -0.178934   0.191698
0.485603   0.178868   0.149346
-0.202115   -0.232581   0.454269
-0.00336532   0.40542   -0.320554
-0.303187   0.15434   -0.144795
0.231971   -0.022426   -0.251605
-0.0585857   -0.404582   0.252755
0.241955   0.182529   0.109768
0.498906   0.357091   -0.479551
0.113546   0.0010176   0.134647
0.139023   -0.207218   -0.26171
-0.297538   -0.480195   -0.0756739
0.377468   -0.0204602   0.357252
-0.493488   0.213649   0.387793
0.0731265   0.0294693   0.408888
