0 931.828
1 779.407
2 731.497
3 709.227
4 685.615
5 629.304
6 540.837
7 513.191
8 477.807
9 488.471
10 453.046
11 453.046
12 451.786
13 443.018
14 413.381
15 398.53
16 398.579
17 388.429
18 381.749
19 376.127
20 370.813
21 370.4
22 366.566
23 366.566
24 363.574
25 355.992
26 352.702
27 348.887
28 337.343
29 343.498
30 343.498
31 339.792
32 335.995
33 335.995
34 334.879
35 333.271
36 328.487
37 328.776
38 318.065
39 318.065
40 314.242
41 314.242
42 313.466
43 313.814
44 313.466
45 313.565
46 310.596
47 308.763
48 309.875
49 309.875
50 307.384
51 304.514
52 302.937
53 303.066
54 302.588
55 301.446
56 300.546
57 299.566
58 297.277
59 297.277
60 297.277
61 297.277
62 297.277
63 294.984
64 295.293
65 294.288
66 294.288
67 292.304
68 292.349
69 290.798
70 287.606
71 286.886
72 287.651
73 287.651
74 287.651
75 287.651
76 283.909
77 283.909
78 281.732
79 281.732
80 281.732
81 282.562
82 282.661
83 282.661
84 282.661
85 280.484
86 280.484
87 277.975
88 277.975
89 277.975
90 277.975
91 277.975
92 277.975
93 277.083
94 277.083
95 277.083
96 277.083
97 277.239
98 277.239
99 276.462
100 276.462
101 275.668
102 275.668
103 275.668
104 275.668
105 275.668
106 275.668
107 275.668
108 275.668
109 275.668
110 275.668
111 275.668
112 275.668
113 275.668
114 275.668
115 275.668
116 275.668
117 275.668
118 275.668
119 275.668
120 275.668
121 275.668
122 275.668
123 275.668
124 275.668
125 275.668
126 275.668
127 275.668
128 275.668
129 275.668
130 275.668
131 275.668
132 275.668
133 275.668
134 275.668
135 275.668
136 275.668
137 275.668
138 275.668
139 275.668
140 275.668
141 275.668
142 275.668
143 275.668
144 275.668
145 275.668
146 275.668
147 275.668
148 275.668
149 275.668
150 275.668
151 275.668
152 275.668
153 275.668
154 275.668
155 275.668
156 275.668
157 275.668
158 275.668
159 275.668
160 275.668
161 275.668
162 275.668
163 275.668
164 275.668
165 275.668
166 275.668
167 275.668
168 275.668
169 275.668
170 275.668
171 275.668
172 275.668
173 275.668
174 275.668
175 275.668
176 275.668
177 275.668
178 275.668
179 275.668
180 275.668
181 275.668
182 275.668
183 275.668
184 275.668
185 275.668
186 275.668
187 275.668
188 275.668
189 275.668
190 275.668
191 275.668
192 275.668
193 275.668
194 275.668
195 275.668
196 275.668
197 275.668
198 275.668
199 275.668
200 275.668
201 275.668
202 275.668
203 275.668
204 275.668
205 275.668
206 275.668
207 275.668
208 275.668
209 275.668
210 275.668
211 275.668
212 275.668
213 275.668
214 275.668
215 275.668
216 275.668
217 275.668
218 275.668
219 275.668
220 275.668
221 272.651
222 272.651
223 272.651
224 272.651
225 272.651
226 272.651
227 272.651
228 272.651
229 272.651
230 272.651
231 272.651
232 272.651
233 272.651
234 272.651
235 272.651
236 272.651
237 272.651
238 272.651
239 272.651
240 272.651
241 272.651
242 272.651
243 272.651
244 272.651
245 272.651
246 272.651
247 272.651
248 272.651
249 272.651
250 272.651
251 272.651
252 272.651
253 272.651
254 272.651
255 272.651
256 272.651
257 272.651
258 272.651
259 272.651
260 272.651
261 272.651
262 272.651
263 272.651
264 272.651
265 272.651
266 272.651
267 272.651
268 272.651
269 272.651
270 272.651
271 272.651
272 272.651
273 272.651
274 272.651
275 272.651
276 272.651
277 272.651
278 272.651
279 272.651
280 272.651
281 272.651
282 272.651
283 272.651
284 272.651
285 272.651
286 272.651
287 272.651
288 272.651
289 272.651
290 272.651
291 272.651
292 272.651
293 272.651
294 272.651
295 272.651
296 272.651
297 272.651
298 272.651
299 272.651
300 272.651
301 272.651
302 272.651
303 272.651
304 272.651
305 272.651
306 272.651
307 272.651
308 272.651
309 272.651
310 272.651
311 272.651
312 272.651
313 272.651
314 272.651
315 272.651
316 272.651
317 272.651
318 272.651
319 272.651
320 272.651
321 272.651
322 272.651
323 272.651
324 272.651
325 272.651
326 272.651
327 272.651
328 272.651
329 272.651
330 272.651
331 268.416
332 268.416
333 268.416
334 268.416
335 268.416
336 268.416
337 268.416
338 268.416
339 268.416
340 268.416
341 268.416
342 268.416
343 268.416
344 268.416
345 268.416
346 268.416
347 268.416
348 268.416
349 268.416
350 268.416
351 268.416
352 268.416
353 268.416
354 268.416
355 268.416
356 268.416
357 268.416
358 268.416
359 268.416
360 268.416
361 268.416
362 268.416
363 268.416
364 268.416
365 268.416
366 268.416
367 268.416
368 268.416
369 268.416
370 268.416
371 268.416
372 268.416
373 268.416
374 268.416
375 268.416
376 268.416
377 268.416
378 268.416
379 268.416
380 268.416
381 268.416
382 268.416
383 268.416
384 268.416
385 268.416
386 268.416
387 268.416
388 268.416
389 268.416
390 268.416
391 268.416
392 268.416
393 268.416
394 268.416
395 268.416
396 268.416
397 268.416
398 268.416
399 268.416
400 268.416
401 268.416
402 268.416
403 268.416
404 268.416
405 268.416
406 268.416
407 268.416
408 268.416
409 268.416
410 268.416
411 268.416
412 268.416
413 268.416
414 268.416
415 268.416
416 268.416
417 268.416
418 268.416
419 268.416
420 268.416
421 268.416
422 268.416
423 268.416
424 268.416
425 268.416
426 268.416
427 268.416
428 268.416
429 268.416
430 268.416
431 268.416
432 268.416
433 268.416
434 268.416
435 268.416
436 268.416
437 268.416
438 268.416
439 268.416
440 268.416
441 268.416
442 268.416
443 268.416
444 268.416
445 268.416
446 268.416
447 268.416
448 268.416
449 268.416
450 268.416
451 268.416
452 268.416
453 268.416
454 268.416
455 268.416
456 268.416
457 268.416
458 268.416
459 268.416
460 268.416
461 268.416
462 268.416
463 268.416
464 268.416
465 268.416
466 268.416
467 268.416
468 268.416
469 268.416
470 268.416
471 268.416
472 268.416
473 268.416
474 268.416
475 268.416
476 268.416
477 268.416
478 268.416
479 268.416
480 268.416
481 268.416
482 268.416
483 268.416
484 268.416
485 268.416
486 268.416
487 268.416
488 268.416
489 268.416
490 268.416
491 268.416
492 268.416
493 268.416
494 268.416
495 268.416
496 268.416
497 268.416
498 268.416
499 268.416
