0 931.828
1 783.887
2 723.181
3 700.989
4 622.442
5 580.934
6 580.934
7 543.373
8 531.905
9 517.826
10 499.089
11 489.899
12 475.487
13 448.404
14 448.404
15 435.776
16 433.855
17 418.009
18 409.762
19 404.357
20 396.381
21 393.693
22 383.403
23 373.69
24 380.212
25 360.75
26 359.241
27 354.672
28 345.844
29 345.844
30 345.844
31 343.925
32 336.599
33 330.807
34 325.533
35 323.206
36 323.206
37 321.267
38 319.536
39 318.607
40 316.918
41 317.624
42 317.634
43 314.772
44 315.157
45 313.221
46 313.221
47 309.972
48 310.075
49 307.42
50 305.844
51 304.492
52 304.492
53 303.079
54 301.762
55 301.762
56 300.926
57 300.926
58 300.256
59 298.919
60 298.919
61 299.566
62 298.858
63 297.978
64 298.643
65 297.759
66 295.983
67 295.983
68 295.853
69 295.853
70 294.078
71 293.809
72 289.71
73 289.71
74 287.104
75 287.104
76 287.104
77 287.104
78 287.104
79 287.104
80 287.104
81 287.104
82 287.104
83 284.049
84 284.049
85 279.95
86 281.326
87 279.95
88 277.227
89 277.227
90 277.227
91 275.855
92 275.855
93 273.723
94 273.723
95 273.723
96 273.723
97 271.25
98 271.25
99 271.25
100 271.25
101 271.25
102 271.25
103 271.25
104 271.25
105 271.25
106 271.25
107 271.25
108 271.25
109 271.25
110 271.25
111 271.25
112 271.25
113 271.25
114 271.25
115 271.25
116 271.25
117 271.25
118 271.25
119 271.25
120 271.25
121 271.25
122 271.25
123 271.25
124 271.25
125 271.25
126 271.25
127 271.25
128 271.25
129 271.25
130 271.25
131 271.25
132 271.25
133 271.25
134 271.25
135 271.25
136 271.25
137 271.25
138 271.25
139 271.25
140 271.25
141 271.25
142 271.25
143 271.25
144 271.25
145 271.25
146 271.25
147 271.25
148 271.25
149 271.25
150 271.25
151 271.25
152 271.25
153 271.25
154 271.25
155 271.25
156 271.25
157 271.25
158 271.25
159 271.25
160 271.25
161 271.25
162 271.25
163 271.25
164 271.25
165 271.25
166 271.25
167 271.25
168 271.25
169 271.25
170 271.25
171 271.25
172 271.25
173 271.25
174 271.25
175 271.25
176 271.25
177 271.25
178 271.25
179 271.25
180 271.25
181 271.25
182 271.25
183 271.25
184 271.25
185 271.25
186 271.25
187 271.25
188 271.25
189 271.25
190 271.25
191 271.25
192 271.25
193 271.25
194 271.25
195 271.25
196 271.25
197 271.25
198 271.25
199 271.25
200 271.25
201 271.25
202 271.25
203 271.25
204 271.25
205 271.25
206 271.25
207 271.25
208 271.25
209 271.25
210 271.25
211 271.25
212 271.25
213 271.25
214 271.25
215 271.25
216 271.25
217 271.25
218 271.25
219 271.25
220 271.25
221 271.25
222 271.25
223 271.25
224 271.25
225 271.25
226 271.25
227 269.888
228 269.888
229 271.25
230 271.25
231 271.25
232 271.25
233 271.25
234 271.25
235 271.25
236 271.25
237 271.25
238 271.25
239 271.25
240 271.25
241 271.25
242 271.25
243 271.25
244 271.25
245 271.25
246 271.25
247 271.25
248 271.25
249 271.25
250 271.25
251 271.25
252 271.25
253 271.25
254 271.25
255 271.25
256 271.25
257 271.25
258 271.25
259 271.25
260 271.25
261 271.25
262 271.25
263 271.25
264 271.25
265 271.25
266 271.25
267 271.25
268 271.25
269 271.25
270 271.25
271 271.25
272 271.25
273 271.25
274 271.25
275 271.25
276 271.25
277 271.25
278 271.25
279 271.25
280 271.25
281 271.25
282 271.25
283 271.25
284 271.25
285 271.25
286 271.25
287 271.25
288 271.25
289 271.25
290 271.25
291 271.25
292 271.25
293 271.25
294 271.25
295 271.25
296 271.25
297 271.25
298 271.25
299 271.25
300 271.25
301 271.25
302 271.25
303 271.25
304 271.25
305 271.25
306 271.25
307 271.25
308 271.25
309 271.25
310 271.25
311 271.25
312 271.25
313 271.25
314 271.25
315 271.25
316 271.25
317 271.25
318 271.25
319 271.25
320 271.25
321 271.25
322 271.25
323 271.25
324 271.25
325 268.416
326 268.416
327 268.416
328 268.416
329 268.416
330 268.416
331 268.416
332 268.416
333 268.416
334 268.416
335 268.416
336 268.416
337 268.416
338 268.416
339 268.416
340 268.416
341 268.416
342 268.416
343 268.416
344 268.416
345 268.416
346 268.416
347 268.416
348 268.416
349 268.416
350 268.416
351 268.416
352 268.416
353 268.416
354 268.416
355 268.416
356 268.416
357 268.416
358 268.416
359 268.416
360 268.416
361 268.416
362 268.416
363 268.416
364 268.416
365 268.416
366 268.416
367 268.416
368 268.416
369 268.416
370 268.416
371 268.416
372 268.416
373 268.416
374 268.416
375 268.416
376 268.416
377 268.416
378 268.416
379 268.416
380 268.416
381 268.416
382 268.416
383 268.416
384 268.416
385 268.416
386 268.416
387 268.416
388 268.416
389 268.416
390 268.416
391 268.416
392 268.416
393 268.416
394 268.416
395 268.416
396 268.416
397 268.416
398 268.416
399 268.416
400 268.416
401 268.416
402 268.416
403 268.416
404 268.416
405 268.416
406 268.416
407 268.416
408 268.416
409 268.416
410 268.416
411 268.416
412 268.416
413 268.416
414 268.416
415 268.416
416 268.416
417 268.416
418 268.416
419 268.416
420 268.416
421 268.416
422 268.416
423 268.416
424 268.416
425 268.416
426 268.416
427 268.416
428 268.416
429 268.416
430 268.416
431 268.416
432 268.416
433 268.416
434 268.416
435 268.416
436 268.416
437 268.416
438 268.416
439 268.416
440 268.416
441 268.416
442 268.416
443 268.416
444 268.416
445 268.416
446 268.416
447 268.416
448 268.416
449 268.416
450 268.416
451 268.416
452 268.416
453 268.416
454 268.416
455 268.416
456 268.416
457 268.416
458 268.416
459 268.416
460 268.416
461 268.416
462 268.416
463 268.416
464 268.416
465 268.416
466 268.416
467 268.416
468 268.416
469 268.416
470 268.416
471 268.416
472 268.416
473 268.416
474 268.416
475 268.416
476 268.416
477 268.416
478 268.416
479 268.416
480 268.416
481 268.416
482 268.416
483 268.416
484 268.416
485 268.416
486 268.416
487 268.416
488 268.416
489 268.416
490 268.416
491 268.416
492 268.416
493 268.416
494 268.416
495 268.416
496 268.416
497 268.416
498 268.416
499 268.416
