0 931.828
1 788.382
2 662.694
3 686.24
4 635.345
5 567.29
6 570.242
7 527.415
8 501.823
9 503.296
10 490.963
11 479.289
12 475.41
13 461.082
14 436.546
15 427.489
16 421.028
17 408.823
18 397.254
19 385.744
20 385.744
21 382.477
22 383.371
23 379.476
24 376.277
25 373.291
26 372.742
27 363.987
28 358.216
29 355.49
30 355.49
31 341.346
32 341.346
33 341.611
34 337.484
35 336.306
36 334.819
37 330.438
38 331.905
39 325.351
40 325.351
41 324.923
42 324.923
43 324.551
44 325.02
45 323.35
46 319.881
47 319.881
48 316.656
49 315.02
50 313.364
51 310.167
52 310.39
53 308.849
54 308.849
55 308.849
56 310.319
57 308.823
58 308.823
59 308.823
60 308.823
61 308.823
62 308.599
63 308.823
64 304.124
65 300.255
66 303.278
67 303.278
68 303.278
69 303.278
70 303.278
71 303.278
72 302.676
73 302.676
74 302.676
75 301.812
76 301.812
77 301.812
78 301.857
79 301.857
80 298.432
81 298.055
82 298.055
83 298.055
84 301.857
85 301.857
86 301.857
87 301.857
88 301.857
89 301.857
90 301.857
91 301.857
92 301.857
93 301.857
94 301.857
95 301.857
96 301.857
97 301.857
98 300.923
99 300.923
100 300.923
101 301.237
102 301.237
103 296.047
104 296.047
105 295.966
106 295.966
107 295.966
108 295.966
109 295.966
110 295.966
111 295.966
112 294.135
113 294.135
114 295.966
115 295.966
116 295.966
117 294.497
118 294.497
119 294.497
120 294.497
121 295.332
122 294.966
123 294.966
124 292.344
125 292.344
126 292.344
127 290.934
128 292.344
129 292.344
130 292.344
131 292.344
132 292.344
133 292.344
134 292.344
135 292.344
136 292.344
137 288.083
138 288.083
139 288.083
140 291.447
141 291.447
142 290.333
143 290.333
144 290.333
145 290.333
146 290.333
147 290.333
148 290.333
149 290.333
150 290.333
151 290.333
152 290.333
153 288.736
154 288.736
155 288.736
156 288.736
157 288.736
158 288.736
159 288.734
160 288.734
161 285.934
162 286.924
163 286.924
164 284.475
165 282.002
166 282.002
167 282.002
168 282.002
169 282.002
170 282.002
171 282.002
172 282.002
173 282.002
174 282.002
175 282.002
176 282.002
177 282.002
178 282.002
179 282.002
180 282.002
181 282.002
182 282.002
183 282.002
184 282.002
185 282.002
186 282.002
187 281.597
188 281.597
189 280.125
190 280.125
191 280.125
192 280.125
193 280.125
194 280.125
195 280.125
196 280.125
197 280.125
198 280.125
199 280.125
200 279.614
201 279.614
202 279.614
203 279.614
204 279.614
205 279.614
206 279.614
207 276.436
208 279.614
209 279.614
210 279.614
211 275.668
212 279.614
213 279.614
214 279.614
215 279.614
216 279.614
217 279.614
218 279.614
219 279.614
220 279.614
221 279.614
222 276.559
223 276.559
224 279.614
225 279.614
226 279.614
227 279.614
228 279.614
229 279.614
230 279.614
231 279.614
232 279.614
233 279.614
234 279.614
235 279.614
236 279.614
237 279.614
238 279.614
239 279.614
240 279.614
241 271.25
242 271.25
243 271.25
244 271.25
245 271.25
246 271.25
247 271.25
248 271.25
249 271.25
250 271.25
251 271.25
252 271.25
253 271.25
254 271.25
255 271.25
256 271.25
257 271.25
258 271.25
259 271.25
260 271.25
261 271.25
262 271.25
263 271.25
264 271.25
265 271.25
266 271.25
267 271.25
268 271.25
269 271.25
270 271.25
271 271.25
272 271.25
273 271.25
274 271.25
275 271.25
276 271.25
277 271.25
278 271.25
279 271.25
280 271.25
281 271.25
282 271.25
283 271.25
284 271.25
285 271.25
286 271.25
287 271.25
288 271.25
289 271.25
290 271.25
291 271.25
292 271.25
293 271.25
294 271.25
295 271.25
296 271.25
297 271.25
298 271.25
299 271.25
300 271.25
301 271.25
302 271.25
303 271.25
304 271.25
305 271.25
306 271.25
307 271.25
308 271.25
309 271.25
310 271.25
311 271.25
312 271.25
313 271.25
314 271.25
315 271.25
316 271.25
317 271.25
318 271.25
319 271.25
320 271.25
321 271.25
322 271.25
323 271.25
324 271.25
325 271.25
326 271.25
327 271.25
328 271.25
329 271.25
330 271.25
331 271.25
332 271.25
333 271.25
334 271.25
335 271.25
336 271.25
337 271.25
338 271.25
339 271.25
340 271.25
341 271.25
342 271.25
343 271.25
344 271.25
345 271.25
346 271.25
347 271.25
348 271.25
349 271.25
350 271.25
351 271.25
352 271.25
353 271.25
354 271.25
355 271.25
356 271.25
357 271.25
358 271.25
359 271.25
360 271.25
361 271.25
362 271.25
363 271.25
364 271.25
365 271.25
366 271.25
367 271.25
368 271.25
369 271.25
370 271.25
371 271.25
372 271.25
373 271.25
374 271.25
375 271.25
376 268.416
377 268.416
378 268.416
379 268.416
380 268.416
381 268.416
382 268.416
383 268.416
384 268.416
385 268.416
386 268.416
387 268.416
388 268.416
389 268.416
390 268.416
391 268.416
392 268.416
393 268.416
394 268.416
395 268.416
396 268.416
397 268.416
398 268.416
399 268.416
400 268.416
401 268.416
402 268.416
403 268.416
404 268.416
405 268.416
406 268.416
407 268.416
408 268.416
409 268.416
410 268.416
411 268.416
412 268.416
413 268.416
414 268.416
415 268.416
416 268.416
417 268.416
418 268.416
419 268.416
420 268.416
421 268.416
422 268.416
423 268.416
424 268.416
425 268.416
426 268.416
427 268.416
428 268.416
429 268.416
430 268.416
431 268.416
432 268.416
433 268.416
434 268.416
435 268.416
436 268.416
437 268.416
438 268.416
439 268.416
440 268.416
441 268.416
442 268.416
443 268.416
444 268.416
445 268.416
446 268.416
447 268.416
448 268.416
449 268.416
450 268.416
451 268.416
452 268.416
453 268.416
454 268.416
455 268.416
456 268.416
457 268.416
458 268.416
459 268.416
460 268.416
461 268.416
462 268.416
463 268.416
464 268.416
465 268.416
466 268.416
467 268.416
468 268.416
469 268.416
470 268.416
471 268.416
472 268.416
473 268.416
474 268.416
475 268.416
476 268.416
477 268.416
478 268.416
479 268.416
480 268.416
481 268.416
482 268.416
483 268.416
484 268.416
485 268.416
486 268.416
487 268.416
488 268.416
489 268.416
490 268.416
491 268.416
492 268.416
493 268.416
494 268.416
495 268.416
496 268.416
497 268.416
498 268.416
499 268.416
