0 1048.48
1 918.076
2 841.233
3 783.952
4 736.118
5 696.856
6 660.37
7 609.034
8 561.193
9 533.629
10 519.413
11 501.089
12 487.249
13 475.038
14 466.909
15 454.446
16 443.918
17 437.344
18 427.641
19 416.584
20 410.776
21 406.284
22 401.162
23 397.273
24 393.919
25 393.613
26 388.407
27 383.465
28 381.156
29 379.504
30 379.504
31 378.384
32 372.02
33 371.305
34 370.625
35 368.364
36 368.501
37 364.693
38 358.28
39 356.91
40 353.102
41 351.196
42 347.838
43 348.011
44 345.056
45 342.844
46 342.942
47 343.8
48 343.945
49 343.007
50 344.545
51 341.424
52 338.546
53 337.718
54 336.266
55 333.147
56 335.889
57 334.59
58 331.028
59 330.151
60 330.151
61 329.649
62 328.305
63 328.384
64 328.026
65 328.117
66 328.307
67 326.442
68 326.121
69 323.336
70 323.472
71 322.569
72 320.278
73 320.333
74 319.185
75 319.13
76 317.934
77 316.374
78 318.579
79 316.322
80 316.056
81 316.055
82 313.595
83 312.851
84 313.613
85 317.093
86 314.607
87 315.141
88 314.038
89 313.287
90 313.287
91 313.862
92 312.404
93 314.594
94 311.903
95 309.569
96 310.072
97 309.193
98 310.972
99 309.665
100 308.017
101 310.46
102 307.466
103 308.68
104 308.428
105 306.502
106 309.779
107 306.058
108 305.707
109 308.064
110 306.558
111 304.85
112 304.878
113 303.856
114 305.431
115 308.298
116 307.477
117 307.515
118 306.992
119 310.152
120 310.152
121 308.882
122 307.653
123 308.101
124 305.632
125 306.853
126 307.501
127 307.675
128 307.406
129 307.078
130 309.891
131 306.194
132 307.424
133 307.79
134 308.755
135 308.653
136 307.574
137 308.045
138 311.488
139 307.106
140 309.097
141 307.988
142 307.153
143 306.382
144 308.613
145 309.104
146 308.471
147 306.273
148 309.916
149 310.121
150 310.121
151 307.553
152 308.512
153 309.324
154 307.784
155 309.677
156 308.976
157 309.675
158 308.516
159 307.817
160 306.772
161 308.671
162 309.465
163 309.201
164 307.631
165 308.628
166 309.993
167 310.194
168 308.144
169 306.657
170 306.349
171 307.416
172 309.447
173 309.749
174 307.366
175 306.402
176 306.935
177 306.945
178 308.221
179 308.28
180 308.28
181 307.176
182 306.847
183 307.058
184 307.398
185 310.927
186 306.526
187 304.667
188 310.097
189 308.075
190 307.889
191 307.33
192 308.97
193 308.146
194 306.773
195 307.443
196 308.924
197 307.205
198 305.736
199 307.458
200 308.757
201 307.623
202 308.215
203 310.634
204 308.432
205 308.826
206 306.749
207 305.609
208 305.7
209 308.177
210 308.177
211 307.55
212 309.812
213 306.593
214 307.558
215 307.264
216 309.061
217 309.511
218 308.224
219 307.906
220 307.414
221 309.49
222 308.547
223 307.877
224 307.518
225 304.792
226 305.178
227 304.655
228 307.831
229 305.036
230 306.762
231 302.261
232 304.947
233 304.592
234 305.818
235 304.821
236 305.121
237 306.338
238 303.384
239 304.301
240 304.301
241 304.505
242 306.213
243 306.443
244 304.233
245 302.807
246 304.3
247 305.184
248 306.373
249 304.338
250 307.569
251 305.281
252 303.899
253 304.447
254 306.893
255 304.03
256 307.305
257 303.61
258 303.764
259 304.387
260 306.393
261 304.562
262 305.486
263 304.468
264 303.405
265 304.798
266 303.123
267 305.706
268 305.146
269 303.637
270 303.637
271 302.278
272 305.148
273 306.249
274 304.164
275 305.869
276 302.281
277 306.666
278 306.283
279 307.834
280 306.229
281 305.657
282 306.726
283 305.035
284 303.295
285 307.517
286 304.123
287 304.44
288 306.757
289 304.628
290 306.076
291 303.784
292 303.386
293 303.274
294 305.275
295 302.856
296 305.917
297 306.695
298 305.645
299 304.297
300 304.297
301 306.066
302 307.108
303 305.476
304 303.111
305 303.424
306 304.75
307 304.093
308 302.517
309 304.109
310 305.594
311 306.51
312 305.003
313 305.979
314 304.402
315 305.275
316 302.706
317 304.504
318 303.447
319 305.008
320 304.134
321 304.483
322 303.98
323 303.686
324 305.797
325 304.428
326 304.036
327 303.255
328 304.984
329 304.615
330 304.615
331 305.549
332 302.811
333 305.374
334 304.568
335 302.853
336 301.444
337 302.638
338 302.306
339 302.031
340 299.509
341 301.866
342 300.9
343 299.025
344 300.895
345 301.427
346 302.469
347 302.923
348 300.059
349 299.642
350 302.701
351 301.997
352 301.5
353 300.941
354 301.617
355 301.079
356 301.501
357 302.036
358 303.133
359 302.743
360 302.743
361 299.895
362 300.634
363 301.122
364 298.062
365 301.113
366 302.655
367 300.569
368 299.786
369 301.861
370 298.601
371 300.949
372 302.066
373 300.066
374 299.927
375 300.918
376 300.452
377 300.64
378 302.172
379 302.563
380 300.694
381 302.547
382 302.949
383 298.676
384 301.838
385 298.729
386 299.131
387 299.998
388 301.719
389 302.929
390 302.929
391 302.672
392 301.746
393 299.72
394 300.817
395 300.404
396 299.994
397 300.493
398 301.36
399 301.122
400 302.163
401 299.553
402 302.018
403 300.965
404 300.421
405 299.014
406 303.744
407 301.397
408 302.031
409 302.628
410 300.672
411 301.924
412 302.192
413 303.271
414 299.698
415 301.687
416 301.375
417 302.027
418 303.942
419 300.509
420 300.509
421 300.54
422 301.116
423 299.436
424 299.221
425 300.59
426 298.825
427 299.377
428 301.333
429 300.323
430 301.148
431 302.186
432 303.668
433 302.816
434 300.119
435 299.831
436 300.287
437 302.249
438 300.373
439 300.416
440 301.834
441 299.668
442 299.615
443 302.025
444 301.264
445 299.991
446 300.637
447 299.313
448 301.913
449 302.135
450 302.135
451 302.16
452 302.008
453 299.195
454 301.023
455 298.715
456 298.075
457 299.12
458 297.22
459 299.385
460 298.363
461 301.261
462 299.635
463 302.008
464 300.918
465 301.443
466 300.757
467 301.871
468 302.11
469 300.275
470 300.237
471 299.372
472 300.873
473 298.99
474 299.765
475 301.65
476 300.573
477 300.157
478 300.647
479 300.466
480 300.466
481 300.93
482 298.706
483 300.996
484 303.088
485 301.79
486 300.999
487 302.742
488 301.194
489 300.344
490 299.713
491 300.807
492 299.454
493 301.329
494 300.046
495 299.581
496 300.073
497 300.468
498 301.464
499 300.908
