0 1048.48
1 918.985
2 827.167
3 787.499
4 739.295
5 676.555
6 630.211
7 606.978
8 585.48
9 568.089
10 553.507
11 533.725
12 520.996
13 510.599
14 497.924
15 483.089
16 472.168
17 461.397
18 454.403
19 444.921
20 438.965
21 428.518
22 421.294
23 416.31
24 411.442
25 404.534
26 398.326
27 390.325
28 385.677
29 381.773
30 381.773
31 375.059
32 372.178
33 370.088
34 366.29
35 361.249
36 356.952
37 352.175
38 352.332
39 351.774
40 351.296
41 347.852
42 349.773
43 346.295
44 346.292
45 347.594
46 345.272
47 343.939
48 345.75
49 345.442
50 341.596
51 339.025
52 338.651
53 336.652
54 334.072
55 333.22
56 332.495
57 333.306
58 332.538
59 332.082
60 332.082
61 332.244
62 332.444
63 331.903
64 329.296
65 328.712
66 329.464
67 329.33
68 329.827
69 328.906
70 326.869
71 324.955
72 326.472
73 323.424
74 322.966
75 319.198
76 319.273
77 318.553
78 317.555
79 320.689
80 318.878
81 316.758
82 318.651
83 317.837
84 318.309
85 317.31
86 316.863
87 319.999
88 314.891
89 312.757
90 312.757
91 312.756
92 312.337
93 309.42
94 308.257
95 307.718
96 306.214
97 303.44
98 305.939
99 304.662
100 304.12
101 306.35
102 304.771
103 304.074
104 302.546
105 302.874
106 304.648
107 303.649
108 301.079
109 299.917
110 300.278
111 303.272
112 301.638
113 306.866
114 305.672
115 304.578
116 304.566
117 305.9
118 303.081
119 303.062
120 303.062
121 304.404
122 304.373
123 302.951
124 302.327
125 302.954
126 302.817
127 302.275
128 302.215
129 303.448
130 303.402
131 305.323
132 304.009
133 305.492
134 301.766
135 303.645
136 304.749
137 305.008
138 303.542
139 301.837
140 303.918
141 301.682
142 303.301
143 305.978
144 308.288
145 305.528
146 303.737
147 304.085
148 304.177
149 303.202
150 303.202
151 304.897
152 303.12
153 302.836
154 303.196
155 303.69
156 302.496
157 302.827
158 302.951
159 304.52
160 303.676
161 299.776
162 302.804
163 303.595
164 300.345
165 302.296
166 305.283
167 304.591
168 303.76
169 301.669
170 305.419
171 303.379
172 304.082
173 303.272
174 305.098
175 303.243
176 304.203
177 302.785
178 305.13
179 304.8
180 304.8
181 304.158
182 303.705
183 306.737
184 303.756
185 304.655
186 302.099
187 305.227
188 303.655
189 303.714
190 303.08
191 302.05
192 303.407
193 303.923
194 302.564
195 304.472
196 302.511
197 303.185
198 299.857
199 303.005
200 303.689
201 302.054
202 304.708
203 301.084
204 303.651
205 304.225
206 299.785
207 301.867
208 302.214
209 302.749
210 302.749
211 301.698
212 302.921
213 302.824
214 303.978
215 304.02
216 303.147
217 303.465
218 302.347
219 303.517
220 303.174
221 303.75
222 304.59
223 303.36
224 302.981
225 304.459
226 304.405
227 303.449
228 303.925
229 304.532
230 304.416
231 302.967
232 304.867
233 302.209
234 303.319
235 305.285
236 302.76
237 304.117
238 299.405
239 304.506
240 304.506
241 302.527
242 302.085
243 302.067
244 302.179
245 304.442
246 302.734
247 304.936
248 303.324
249 303.697
250 304.746
251 301.559
252 304.888
253 304.52
254 305.504
255 302.72
256 301.006
257 302.464
258 304.06
259 303.912
260 302.779
261 301.728
262 304.049
263 304.161
264 305.058
265 304.924
266 301.927
267 301.834
268 303.969
269 305.222
270 305.222
271 303.816
272 303.975
273 301.611
274 302.678
275 304.465
276 302.966
277 304.982
278 305.525
279 301.631
280 305.412
281 303.848
282 304.885
283 304.22
284 304.351
285 302.019
286 304.891
287 303.028
288 304.666
289 306.842
290 305.668
291 303.868
292 305.456
293 307.858
294 304.541
295 302.001
296 303.974
297 302.262
298 303.974
299 304.017
300 304.017
301 302.493
302 305.463
303 301.972
304 304.015
305 301.106
306 299.725
307 300.843
308 304.109
309 304.635
310 303.108
311 303.25
312 302.996
313 304.045
314 303.591
315 303.429
316 301.615
317 303.611
318 304.87
319 305.081
320 301.025
321 302.324
322 301.324
323 304.489
324 302.454
325 303.065
326 302.618
327 303.498
328 299.632
329 300.534
330 300.534
331 301.458
332 300.374
333 298.966
334 301.14
335 301.435
336 302.822
337 300.003
338 299.882
339 302.573
340 298.974
341 300.206
342 300.344
343 300.335
344 301.635
345 300.842
346 302.101
347 300.405
348 300.049
349 300.212
350 301.614
351 302.04
352 302.024
353 298.227
354 299.452
355 300.518
356 302.232
357 301.553
358 303.404
359 300.061
360 300.061
361 299.48
362 300.204
363 301.221
364 299.72
365 298.519
366 301.918
367 301.867
368 299.83
369 300.312
370 299.054
371 298.854
372 301.596
373 302.171
374 299.812
375 301.865
376 302.572
377 301.934
378 299.829
379 299.441
380 302.755
381 300.461
382 300.52
383 301.075
384 299.187
385 300.744
386 300.961
387 302.052
388 297.847
389 296.848
390 296.848
391 299.053
392 300.454
393 301.773
394 302.169
395 302.698
396 302.273
397 300.831
398 302.733
399 300.183
400 299.664
401 300.795
402 301.416
403 303.844
404 301.017
405 300.346
406 300.139
407 302.338
408 303.675
409 301.011
410 301.111
411 302.157
412 300.77
413 301.196
414 301.778
415 300.087
416 300.052
417 299.448
418 298.044
419 301.036
420 301.036
421 300.665
422 299.982
423 300.626
424 301.517
425 301.064
426 300.955
427 299.609
428 300.107
429 300.03
430 300.382
431 302.198
432 302.187
433 301.927
434 300.657
435 298.32
436 299.776
437 300.901
438 300.838
439 300.685
440 301.02
441 303.205
442 301.595
443 301.076
444 302.147
445 301.815
446 299.742
447 299.496
448 301.969
449 298.401
450 298.401
451 302.789
452 300.45
453 301.487
454 299.618
455 300.074
456 301.527
457 303.396
458 300.676
459 303.594
460 301.626
461 301.379
462 301.107
463 300.868
464 301.461
465 300.382
466 298.037
467 299.286
468 297.64
469 300.457
470 299.448
471 303.604
472 300.312
473 301.334
474 303.046
475 300.981
476 301.718
477 303.308
478 302.997
479 299.869
480 299.869
481 303.32
482 303.904
483 301.081
484 300.313
485 302.458
486 301.327
487 299.303
488 299.363
489 301.08
490 302.863
491 300.236
492 301.077
493 299.308
494 301.56
495 302.468
496 299.223
497 298.336
498 300.257
499 300.245
