0 1048.48
1 922.316
2 836.11
3 762.324
4 705.895
5 671.563
6 633.683
7 604.401
8 577.828
9 553.238
10 535.023
11 523.639
12 511.501
13 502.077
14 484.752
15 473.025
16 460.528
17 452.004
18 443.131
19 432.311
20 425.601
21 420.775
22 422.433
23 416.257
24 412.283
25 406.261
26 403.425
27 400.13
28 398.337
29 393.204
30 393.204
31 387.176
32 383.259
33 375.225
34 374.469
35 371.983
36 369.457
37 371.325
38 363.478
39 362.493
40 358.291
41 355.119
42 353.637
43 354.653
44 353.86
45 355.214
46 353.4
47 353.617
48 352.3
49 349.863
50 347.038
51 344.666
52 344.66
53 345.312
54 341.236
55 340.424
56 339.74
57 339.371
58 340.622
59 339.591
60 339.591
61 338.908
62 338.785
63 338.095
64 340.531
65 339.565
66 336.759
67 334.283
68 335.615
69 337.157
70 334.786
71 334.911
72 336.641
73 334.776
74 333.299
75 332.902
76 330.93
77 332.026
78 331.67
79 331.688
80 332.638
81 332.656
82 333.179
83 334.88
84 335.617
85 334.259
86 333.399
87 332.99
88 332.384
89 332.592
90 332.592
91 334.067
92 334.397
93 333.468
94 334.581
95 333.413
96 333.993
97 330.595
98 334.921
99 336.583
100 333.846
101 334.233
102 332.374
103 329.951
104 327.736
105 328.732
106 326.441
107 327.044
108 327.852
109 326.402
110 328.857
111 327.787
112 328.465
113 325.754
114 327.729
115 328.742
116 329.807
117 327.672
118 329.887
119 327.138
120 327.138
121 327.024
122 327.773
123 327.309
124 327.065
125 326.651
126 323.419
127 322.005
128 322.965
129 325.599
130 322.998
131 325.055
132 322.954
133 322.805
134 322.503
135 325.314
136 323.829
137 323.503
138 324.396
139 323.248
140 321.212
141 321.418
142 323.554
143 322.828
144 324.886
145 320.458
146 321.761
147 321.212
148 321.751
149 321.109
150 321.109
151 323.153
152 321.99
153 324.068
154 320.174
155 322.952
156 321.434
157 319.38
158 321.17
159 320.288
160 320.059
161 320.155
162 317.544
163 317.075
164 319.334
165 316.537
166 316.364
167 314.746
168 312.506
169 314.295
170 315.156
171 314.432
172 312.376
173 316.268
174 313.919
175 314.748
176 310.96
177 312.639
178 312.177
179 311.225
180 311.225
181 311.635
182 311.138
183 312.395
184 314.319
185 315.934
186 313.86
187 315.292
188 315.218
189 315.166
190 312.921
191 311.728
192 309.946
193 312.177
194 310.683
195 311.091
196 313.967
197 311.084
198 310.998
199 311.508
200 313.265
201 310.528
202 313.663
203 315.086
204 311.308
205 311.588
206 309.932
207 310.135
208 312.607
209 313.292
210 313.292
211 312.758
212 314.618
213 312.073
214 312.854
215 312.503
216 313.509
217 311.567
218 310.361
219 311.955
220 311.103
221 308.749
222 311.542
223 310.662
224 309.964
225 312.189
226 311.541
227 311.823
228 310.464
229 310.964
230 310.078
231 313.258
232 309.501
233 312.212
234 312.076
235 311.724
236 311.724
237 313.399
238 311.655
239 314.715
240 314.715
241 313.661
242 313.023
243 310.31
244 310.697
245 309.609
246 303.718
247 302.757
248 303.704
249 305.327
250 305.03
251 306.06
252 305.223
253 303.946
254 303.96
255 302.587
256 305.199
257 303.024
258 302.48
259 304.509
260 305.307
261 302.487
262 302.521
263 303.384
264 302.846
265 303.19
266 302.309
267 303.113
268 304.232
269 302.323
270 302.323
271 303.944
272 303.014
273 303.611
274 302.977
275 303.457
276 303.48
277 305.254
278 306.618
279 304.588
280 302.778
281 303.976
282 302.624
283 302.467
284 302.831
285 302.031
286 302.929
287 304.616
288 304.496
289 304.072
290 302.668
291 304.139
292 305.461
293 304.539
294 303.024
295 300.783
296 305.92
297 306.365
298 304.465
299 304.499
300 304.499
301 304.656
302 302.664
303 304.342
304 301.611
305 302.398
306 306.015
307 303.096
308 303.184
309 303.831
310 302.801
311 301.999
312 303.314
313 303.636
314 303.948
315 302.38
316 302.872
317 303.456
318 302.945
319 303.759
320 304.166
321 302.596
322 303.656
323 305.267
324 303.623
325 304.985
326 302.959
327 304.24
328 303.572
329 301.918
330 301.918
331 302.953
332 305.466
333 306.63
334 303.987
335 302.644
336 302.472
337 304.867
338 303.377
339 301.995
340 304.858
341 302.619
342 301.891
343 303.573
344 303.234
345 305.586
346 303.948
347 302.946
348 302.965
349 302.127
350 303.044
351 301.308
352 303.444
353 303.765
354 304.771
355 304.224
356 303.09
357 302.362
358 305.738
359 302.17
360 302.17
361 303.055
362 303.05
363 304.136
364 303.915
365 303.782
366 302.935
367 303.585
368 304.475
369 305.06
370 304.364
371 302.515
372 306.493
373 305.699
374 306.866
375 306.717
376 305.535
377 303.382
378 303.216
379 301.099
380 300.303
381 300.575
382 300.026
383 298.384
384 300.116
385 300.263
386 300.301
387 301.875
388 301.813
389 302.025
390 302.025
391 301.834
392 298.597
393 300.235
394 300.325
395 299.331
396 301.23
397 299.894
398 299.703
399 298.117
400 301.204
401 300.687
402 298.976
403 301.971
404 299.812
405 298.316
406 301.386
407 299.897
408 298.919
409 301.265
410 300.674
411 299.273
412 299.451
413 301.735
414 303.07
415 302.507
416 302.616
417 299.734
418 302.817
419 302.304
420 302.304
421 301.355
422 301.175
423 300.062
424 298.993
425 298.988
426 301.316
427 302.451
428 301.573
429 300.046
430 301.915
431 299.97
432 299.071
433 299.836
434 298.849
435 300.216
436 302.992
437 300.657
438 301.574
439 300.139
440 299.929
441 302.823
442 300.476
443 299.291
444 299.049
445 301.521
446 300.95
447 301.841
448 300.342
449 300.735
450 300.735
451 299.836
452 299.719
453 302.243
454 299.7
455 300.341
456 301.236
457 301.5
458 301.692
459 300.713
460 299.248
461 300.154
462 298.706
463 300.5
464 300.07
465 302.739
466 301.058
467 301.831
468 302.256
469 303.054
470 302.477
471 303.459
472 301.168
473 302.476
474 302.646
475 301.267
476 300.907
477 300.829
478 301.408
479 300.845
480 300.845
481 300.906
482 301.665
483 301.54
484 299.906
485 300.058
486 301.082
487 301.804
488 303.455
489 302.401
490 300.806
491 302.4
492 303.878
493 300.825
494 299.957
495 299.319
496 299.23
497 299.74
498 302.899
499 300.515
