-0.296994   -0.202398   -0.171732
0.447042   -0.133147   0.0202592
-0.271224   -0.11855   -0.449845
-0.259643   0.438121   -0.387321
0.158323   -0.210135   -0.293642
0.149177   0.474141   0.409842
0.23937   -0.414428   -0.335601
-0.0159084   -0.192719   0.0103719
-0.430485   -0.147276   -0.353343
0.0839665   -0.300267   0.238656
-0.298757   0.0222475   -0.263817
-0.0840354   0.303339   -0.458742
0.334524   -0.140486   -0.135117
0.411599   0.0823554   -0.335002
0.0137124   -0.496645   -0.180898
0.179499   0.497069   0.179185
0.458892   -0.195974   0.479496
-0.371372   0.461455   0.0787653
-0.113875   0.0189356   -0.443262
0.103643   -0.388777   0.0132689
0.00229643   0.431047   0.0590867
-0.0921044   0.266547   -0.00161734
0.281807   0.492359   -0.016847
0.195744   0.317986   0.250375
0.492843   -0.26159   0.257257
0.401754   0.0452814   0.390101
0.427222   0.496501   0.182351
0.213959   0.00443531   -0.298389
0.271439   -0.0728291   -0.471073
0.21855   -0.199206   0.0596489
0.175079   0.281487   -0.286097
-0.0573278   -0.157756   0.249713
-0.232212   -0.41013   -0.173388
-0.414544   0.440904   -0.218541
-0.490051   -0.368661   -0.332243
-0.174972   -0.290879   0.407084
-0.00833691   -0.339938   -0.425301
0.102709   0.174692   0.103486
0.38461   -0.378341   -0.485047
0.285138   0.144232   -0.144417
0.229235   0.113347   0.321554
0.153502   -0.280287   0.467445
-0.260686   0.252093   -0.20875
-0.449268   -0.0658468   0.307531
0.356357   0.452112   -0.223943
-0.265932   -0.0058365   0.337894
-0.0805407   0.0708788   0.0354266
0.486871   -0.45985   -0.0603889
0.412673   0.217312   0.27595
0.106605   -0.0858811   -0.155475
-0.115874   -0.110263   -0.131603
0.436227   0.250238   -0.490023
0.0903303   0.140745   -0.107844
0.398418   0.00647911   0.187961
0.270871   -0.361534   0.354307
-0.439254   0.346817   0.214193
-0.0750197   0.0490057   0.279589
0.300083   0.207215   0.0897074
-0.213853   0.391907   0.221913
-0.0106835   -0.416571   0.383724
0.483645   -0.455957   0.367501
-0.148079   -0.378675   0.0422911
0.0536854   0.0875768   0.427524
0.497927   0.148988   0.107549
-0.14998   -0.397341   0.243212
0.492417   0.431874   -0.402481
0.324881   -0.172478   0.282
0.365709   -0.208959   -0.327013
-0.189368   -0.121455   0.117308
-0.417476   0.168169   0.398434
0.411641   -0.31792   0.0931769
0.283279   0.389541   -0.447166
-0.364919   -0.371808   0.470748
-0.127119   0.38021   -0.250036
-0.3561   0.2681   0.023196
0.155336   0.276541   0.451874
0.373772   0.263407   -0.265203
-0.379418   0.369425   0.4047
-0.308394   -0.209914   0.284663
-0.358872   -0.416309   0.258077
0.0451987   0.445049   -0.396946
-0.291611   0.231244   -0.431045
0.276578   -0.340544   -0.133714
0.373982   0.389476   0.348951
-0.107351   0.10333   -0.163384
-0.37356   -0.0586383   0.134499
-0.276706   0.0594519   -0.0308163
0.218336   0.0110849   -0.0131654
0.0954557   -0.0236011   0.173125
-0.436654   0.0350231   -0.463011
-0.0160099   0.428476   0.269613
-0.203573   -0.303582   -0.360653
-0.165614   0.445131   -0.0280211
-0.382952   -0.282537   0.0448829
0.247102   0.157771   -0.430377
0.0186618   0.147129   -0.363867
0.159692   0.330423   -0.0247591
-0.190726   0.160458   0.420778
-0.171512   0.458565   0.427296
-0.485549   -0.00868777   -0.176486
0.488601   0.207857   -0.096971
0.0563892   -0.291399   -0.162154
0.144035   -0.096615   0.371885
0.434952   0.348099   0.054274
-0.0750358   0.235144   0.219473
-0.494457   -0.264704   -0.159036
-0.276243   0.162557   0.183288
-0.00513032   -0.103933   -0.321081
