0.890966   2.31329   0.569827
-1.26437   -0.673264   -0.288019
-0.178497   0.722012   0.955892
-3.46142   -0.0858094   -1.45839
0.142398   -0.720274   0.950193
-0.136404   -0.26032   -1.00899
-1.48454   -0.412379   -0.45229
1.77225   0.869781   0.962532
0.966556   1.39608   -0.573133
-0.749915   -0.428795   0.00834931
-0.286403   -0.535741   0.617881
0.468607   0.868575   0.808847
0.06672   -0.298522   1.69478
-0.970097   0.205662   0.166223
-1.02018   -1.21421   -0.139704
1.14596   0.60522   -0.75
1.28689   1.21781   1.11159
-1.08023   2.1054   0.212187
-0.776765   -2.41149   -1.63627
0.4136   2.38586   -1.43058
0.0193758   2.61015   0.400207
-0.783693   1.57348   -1.05196
-0.72405   1.08284   -1.4414
0.978043   -0.355463   1.58923
-1.40839   0.741709   0.450653
0.0507148   -0.629129   0.527966
1.13493   -0.262683   -0.160948
1.50129   0.474369   1.53974
-0.0393433   -0.3466   1.64089
1.05578   0.52212   0.0138366
0.80023   0.802257   -0.599881
-0.639022   0.189211   0.0269509
0.385434   -0.327979   -0.248569
2.07967   -0.319574   -2.72418
-1.14974   -0.595423   1.18722
1.75938   0.0383072   -0.37274
0.610231   0.896035   -1.29606
0.423715   -0.519738   -0.649155
-2.19939   -0.142678   0.181881
0.749464   -1.32124   -0.0111282
1.18883   -1.78041   1.83131
1.23625   0.770527   0.722835
-1.53998   -0.365625   -0.805844
0.903734   1.12301   -1.86104
-1.46853   -0.0543662   0.287269
-0.0296063   -0.222638   0.737348
-2.4854   0.822153   1.32025
0.835142   -0.110871   -0.929936
1.13606   -0.834151   -0.617233
0.63434   -0.778706   0.646354
-1.31442   -0.264265   0.6606
0.25359   -0.73329   -0.146275
1.43921   0.335965   1.62131
2.23185   0.294695   2.11457
-0.466086   -0.31606   0.149399
-0.865539   -2.02602   0.902222
0.0304435   -1.68236   0.961664
1.58551   0.569664   0.437644
-0.181178   -1.27366   -3.15599
-0.427497   0.477151   -0.406432
0.432786   3.29959   -0.395369
1.14513   -2.39799   1.47431
1.3885   0.791857   0.509233
1.04801   0.644396   -0.889388
-1.29531   -0.0383154   -0.572887
-1.10477   -1.21839   -0.138197
-0.541027   -0.301633   -0.576013
0.535002   0.117375   -0.120508
-0.279859   -0.534654   -0.657497
-0.29502   -0.287832   -0.099477
0.818055   -0.947021   -1.33283
-0.752304   -0.250155   0.901692
-1.74971   -0.350401   -0.718072
0.0359989   2.19406   0.15645
-1.34913   0.392958   1.28295
1.5132   -1.9429   0.488455
0.283352   0.905179   -1.34536
-0.456947   3.23145   -0.445422
0.22985   0.87362   0.620679
1.43171   -1.52935   -0.572174
-0.0936459   1.18514   1.90365
-1.31131   0.112913   -0.282775
-0.725254   -1.42064   0.598129
1.42918   -0.279007   -1.44557
-0.0300045   0.0553215   -1.40576
-1.04697   -0.190736   -0.900235
-1.49598   0.0966667   0.719099
-1.54263   -0.561062   -0.531544
-0.719246   0.895873   -1.61301
0.741585   -1.99725   -0.594836
-1.24189   -0.539859   -0.0703754
-0.41534   0.274945   -1.1511
0.522759   0.854192   -0.583713
1.74134   -0.227839   1.22884
-1.61217   0.742858   -0.79982
0.588401   -0.285588   0.712089
0.44858   -1.7716   -1.30808
0.314751   0.0443431   1.22022
1.05883   1.25302   0.279555
-0.291151   -0.43612   0.522246
0.690043   -1.35188   -1.48021
-0.0948864   -0.215992   0.374243
-1.78447   -0.809696   0.499816
-0.344767   0.00212072   -0.563026
-0.271638   0.697566   1.81481
0.974573   -0.0203458   0.156347
-0.778873   -1.40794   -0.119161
1.2062   -1.06081   1.45609
