18.9375 18.9375 0
18.9375 18.9375 0 
18.1952 18.6901 0.247419 
18.6626 18.6832 0.175086 
18.6626 18.6791 0.135684 
18.4429 18.6397 0.117569 
17.9285 18.5381 0.142112 
15.841 18.201 0.358899 
15.841 17.9388 0.411026 
16.81 17.8259 0.384573 
18.2182 17.8615 0.349682 
18.2182 17.8913 0.320595 
17.0436 17.8261 0.302027 
16.1123 17.7037 0.305242 
17.4688 17.688 0.284596 
18.0112 17.7082 0.26698 
19.5142 17.8144 0.272358 
19.5142 17.9089 0.273595 
19.5142 17.9934 0.272238 
18.3122 18.0093 0.258759 
16.6669 17.9454 0.254295 
15.2687 17.8237 0.271276 
15.2687 17.7126 0.282014 
15.2687 17.6108 0.288572 
14.0093 17.4667 0.312034 
14.0093 17.3337 0.327961 
14.0093 17.2106 0.33875 
13.9027 17.0925 0.347148 
10.2953 16.8581 0.408824 
8.28317 16.5723 0.487539 
8.28317 16.3049 0.542085 
5.20937 15.9581 0.629059 
4.64293 15.6153 0.699502 
5.06575 15.305 0.746186 
6.27327 15.0469 0.769133 
6.1014 14.7984 0.787684 
4.46968 14.5193 0.815375 
4.46968 14.2548 0.836532 
5.88367 14.0402 0.842599 
7.23896 13.8701 0.83868 
7.31925 13.7104 0.833428 
7.88473 13.5717 0.825085 
7.65872 13.4342 0.817319 
7.65872 13.3029 0.809244 
7.65872 13.1775 0.800938 
7.87278 13.0621 0.791775 
6.48862 12.9223 0.787269 
6.08107 12.7798 0.783761 
6.08107 12.643 0.779678 
6.08107 12.5118 0.775117 
3.82263 12.3414 0.778635 
2.04818 12.1435 0.788757 
2.04818 11.953 0.796833 
2.09315 11.7704 0.802973 
2.09315 11.5945 0.807637 
2.09315 11.4248 0.81103 
2.09315 11.2611 0.813321 
2.09315 11.103 0.814657 
2.09315 10.9503 0.815162 
2.63824 10.8118 0.813346 
2.63824 10.6778 0.811046 
2.63824 10.5481 0.808326 
3.03839 10.4289 0.804275 
3.03839 10.3134 0.799987 
2.15656 10.1879 0.797518 
2.15656 10.0663 0.794713 
1.94748 9.94508 0.792086 
2.32456 9.83302 0.788356 
2.32456 9.7242 0.784431 
2.32456 9.61849 0.780337 
2.32456 9.51576 0.776097 
2.32456 9.41588 0.771732 
2.12237 9.31597 0.767617 
1.71966 9.21332 0.7641 
1.71966 9.1134 0.760436 
4.23183 9.04917 0.753107 
4.79026 8.99386 0.745317 
4.79026 8.93997 0.737671 
4.79026 8.88744 0.730166 
3.62238 8.82162 0.723978 
2.81958 8.74753 0.718814 
3.92687 8.68874 0.712424 
3.92687 8.63137 0.706122 
3.92687 8.57536 0.69991 
0.930375 8.48542 0.69745 
0.930375 8.39757 0.694868 
0.930375 8.31174 0.692177 
0.930375 8.22786 0.689388 
0.930375 8.14587 0.686512 
0.930375 8.06569 0.683559 
0.930375 7.98728 0.680538 
3.45376 7.93801 0.674902 
3.45376 7.88979 0.669344 
3.45376 7.8426 0.663865 
3.45376 7.7964 0.658462 
3.45376 7.75116 0.653135 
3.29228 7.70519 0.647999 
4.53719 7.67287 0.642167 
4.07567 7.63653 0.636685 
4.07567 7.60092 0.631291 
6.09107 7.58598 0.625188 
3.55349 7.54644 0.62029 
3.55349 7.50767 0.61546 
3.07815 7.46508 0.611 
3.07815 7.4233 0.606594 
3.07815 7.38231 0.60224 
3.07815 7.34208 0.59794 
3.07815 7.3026 0.593692 
3.07815 7.26385 0.589495 
3.07815 7.2258 0.58535 
2.35923 7.18195 0.581707 
2.35923 7.13889 0.578096 
3.99747 7.11109 0.573631 
4.23414 7.08586 0.569137 
4.23414 7.06106 0.564711 
4.23414 7.03669 0.560352 
4.23414 7.01274 0.556058 
4.23414 6.98919 0.551828 
3.98639 6.96395 0.547753 
2.02762 6.92282 0.544724 
2.02762 6.88236 0.541716 
3.33574 6.85329 0.538044 
3.33574 6.82469 0.534417 
3.40569 6.79712 0.530806 
3.40569 6.76999 0.527241 
2.58103 6.73674 0.524096 
3.29003 6.7096 0.52066 
3.29003 6.68289 0.517267 
3.29003 6.65659 0.513915 
3.35155 6.63116 0.51058 
5.91981 6.62573 0.506696 
5.38532 6.61634 0.502931 
5.39144 6.60713 0.49922 
5.36029 6.59782 0.495568 
5.36029 6.58866 0.491969 
5.22231 6.57861 0.488441 
4.41503 6.56282 0.48512 
4.41503 6.54725 0.481843 
3.90547 6.52825 0.478742 
1.57352 6.49286 0.476626 
1.57352 6.45797 0.474517 
1.57352 6.42357 0.472418 
0.864738 6.3847 0.470711 
2.71941 6.35924 0.468123 
5.44598 6.35294 0.464926 
5.45592 6.3468 0.461771 
4.81546 6.33638 0.458737 
2.87993 6.31303 0.456226 
2.79459 6.28942 0.453768 
3.06916 6.26795 0.451244 
3.77296 6.25142 0.44855 
4.70996 6.24128 0.445705 
5.14681 6.23413 0.44284 
5.14681 6.22707 0.440011 
5.19868 6.22043 0.437214 
5.50837 6.21587 0.434426 
5.50837 6.21136 0.431674 
7.86328 6.22182 0.42906 
7.81958 6.23187 0.426472 
7.81958 6.24179 0.423914 
8.61746 6.25655 0.421531 
7.73442 6.26567 0.41902 
7.73442 6.27468 0.416539 
7.73442 6.28358 0.414087 
7.73442 6.29237 0.411664 
6.29122 6.29237 0.409176 
6.59558 6.29418 0.406723 
5.96046 6.2922 0.404299 
4.07416 6.27907 0.402114 
4.07416 6.2661 0.399952 
2.41674 6.24359 0.398243 
2.41674 6.22134 0.396546 
1.40957 6.19353 0.395227 
1.40957 6.16603 0.393909 
1.40957 6.13885 0.392594 
4.31085 6.12847 0.390495 
6.13228 6.12849 0.388283 
6.13228 6.12851 0.386095 
3.59304 6.11435 0.384193 
3.59304 6.10034 0.38231 
3.59304 6.08649 0.380444 
3.59304 6.07279 0.378596 
2.66608 6.05417 0.376981 
2.66608 6.03576 0.375379 
2.66608 6.01754 0.373788 
2.66608 5.99952 0.372209 
3.54903 5.98642 0.370446 
3.54903 5.97345 0.368698 
3.54903 5.96063 0.366966 
1.24469 5.93581 0.365873 
4.21267 5.92678 0.364064 
3.44248 5.91384 0.362394 
3.44248 5.90104 0.360738 
3.44248 5.88837 0.359098 
3.88975 5.87812 0.357399 
4.04491 5.86876 0.355693 
4.04491 5.85951 0.354004 
4.04491 5.85034 0.352331 
4.04491 5.84127 0.350673 
4.04491 5.83229 0.349031 
4.65337 5.82642 0.34734 
4.65337 5.82061 0.345665 
4.65337 5.81486 0.344006 
4.65337 5.80917 0.342363 
5.13016 5.80586 0.340705 
4.12181 5.79768 0.339145 
1.90463 5.77888 0.338027 
1.90463 5.76025 0.336913 
1.90463 5.7418 0.335804 
3.18226 5.72961 0.334423 
3.97135 5.72128 0.332939 
3.97135 5.71303 0.331468 
3.97135 5.70485 0.330009 
3.97135 5.69675 0.328563 
4.9606 5.69333 0.327049 
4.9606 5.68993 0.325549 
4.62051 5.68501 0.324083 
3.78117 5.67627 0.322711 
3.78117 5.66762 0.321351 
2.24466 5.65206 0.320265 
2.24466 5.63664 0.319185 
2.24466 5.62136 0.318111 
2.24466 5.60622 0.317043 
4.41054 5.60088 0.31567 
2.57147 5.58742 0.314552 
2.57147 5.57407 0.313441 
2.74102 5.56159 0.312307 
2.74102 5.54922 0.31118 
2.6667 5.53663 0.310074 
3.42516 5.52745 0.308859 
3.42516 5.51835 0.307654 
3.42516 5.50933 0.306458 
3.42516 5.50039 0.305271 
3.42516 5.49152 0.304093 
4.00898 5.48521 0.302862 
4.00898 5.47895 0.301641 
4.00898 5.47275 0.300429 
4.00898 5.4666 0.299228 
4.40373 5.46215 0.298006 
2.61311 5.45028 0.296999 
2.61311 5.43851 0.295998 
2.61311 5.42684 0.295004 
2.61311 5.41526 0.294015 
2.61311 5.40377 0.293033 
2.61311 5.39238 0.292057 
2.2389 5.37956 0.291149 
4.09618 5.37437 0.290015 
5.86117 5.37633 0.28885 
6.83182 5.38217 0.287747 
6.83182 5.38797 0.286652 
6.8084 5.39363 0.285564 
6.79328 5.39919 0.284483 
6.30004 5.40275 0.283378 
6.30004 5.40628 0.282283 
6.07059 5.40889 0.281186 
6.07059 5.41147 0.280097 
5.78041 5.41291 0.279009 
5.78041 5.41433 0.277929 
5.83182 5.41594 0.276858 
7.27013 5.42307 0.275884 
6.22895 5.42616 0.274842 
7.86215 5.43546 0.273949 
7.86215 5.44469 0.273061 
6.29026 5.44789 0.272044 
6.29026 5.45107 0.271034 
5.57141 5.45152 0.270013 
5.57141 5.45197 0.269 
5.57141 5.45241 0.267995 
5.57141 5.45286 0.266997 
5.57141 5.4533 0.266007 
4.73733 5.45065 0.265037 
3.61106 5.44389 0.264147 
1.46628 5.42932 0.263581 
1.46628 5.41486 0.263015 
1.46628 5.4005 0.26245 
4.31469 5.39656 0.261527 
4.31469 5.39266 0.26061 
4.42245 5.38917 0.259695 
4.42245 5.3857 0.258785 
4.42245 5.38226 0.257882 
4.42245 5.37885 0.256986 
6.11737 5.38147 0.256086 
6.11737 5.38407 0.255193 
5.08836 5.38303 0.254295 
5.08836 5.38199 0.253403 
5.08836 5.38097 0.252518 
5.78378 5.38237 0.25164 
5.16961 5.38163 0.250766 
4.9794 5.38024 0.249901 
4.9794 5.37886 0.249041 
4.56842 5.37607 0.2482 
4.65476 5.3736 0.247361 
4.65476 5.37115 0.246527 
5.93807 5.37308 0.245695 
5.93807 5.37499 0.244868 
5.76866 5.37632 0.244043 
5.90446 5.3781 0.243226 
6.12072 5.38059 0.242422 
6.12072 5.38307 0.241622 
5.09695 5.38211 0.240817 
5.09695 5.38117 0.240018 
5.09695 5.38022 0.239223 
5.09695 5.37929 0.238435 
6.284 5.38227 0.237668 
6.89131 5.38721 0.236939 
4.36871 5.38388 0.236187 
3.83147 5.37883 0.23547 
3.83147 5.3738 0.234758 
2.28573 5.36381 0.234211 
2.28573 5.35388 0.233665 
3.0891 5.3466 0.233026 
5.81831 5.34811 0.232283 
6.2147 5.35088 0.231556 
6.81888 5.35555 0.230865 
6.81888 5.3602 0.230178 
3.22491 5.35344 0.229548 
4.75376 5.35155 0.22883 
6.73264 5.35589 0.228151 
5.28935 5.35569 0.227435 
5.36525 5.35572 0.226723 
4.12379 5.35188 0.226048 
3.67334 5.34666 0.225405 
3.03283 5.3395 0.22482 
3.03283 5.33238 0.224238 
3.03283 5.32531 0.223659 
3.47169 5.31962 0.223045 
3.47169 5.31397 0.222433 
4.14333 5.3104 0.221783 
5.59641 5.31127 0.221109 
3.49543 5.30577 0.220507 
3.49543 5.3003 0.219908 
4.16522 5.29688 0.219271 
4.16522 5.29348 0.218638 
4.16522 5.2901 0.218009 
4.54742 5.28789 0.217368 
4.54742 5.28568 0.216732 
3.51373 5.28042 0.216152 
3.00723 5.2737 0.215616 
3.00723 5.26701 0.215083 
2.56652 5.25907 0.214596 
0.641052 5.24553 0.214394 
0.896059 5.23281 0.214145 
0.896059 5.22017 0.213893 
0.896059 5.2076 0.213641 
2.09035 5.19856 0.213212 
2.57818 5.19099 0.21273 
2.84418 5.18422 0.212224 
3.86301 5.18043 0.211647 
2.67401 5.17325 0.211162 
2.67401 5.1661 0.210679 
2.82902 5.15945 0.210183 
5.31963 5.1599 0.209586 
4.08004 5.15684 0.209014 
4.08004 5.1538 0.208444 
3.85786 5.15015 0.207889 
5.30532 5.15059 0.207304 
5.30532 5.15102 0.206723 
5.30532 5.15145 0.206145 
6.83031 5.15613 0.205624 
6.83031 5.16078 0.205104 
6.83031 5.1654 0.204588 
7.72235 5.17247 0.204144 
7.72235 5.17949 0.203702 
7.22147 5.1851 0.203219 
5.69889 5.18651 0.202666 
4.86471 5.18563 0.202114 
4.19019 5.18292 0.20158 
5.01763 5.18247 0.201032 
4.58364 5.18084 0.200493 
6.17094 5.18352 0.199969 
6.17094 5.18618 0.199447 
7.02629 5.19113 0.198971 
8.84093 5.20091 0.198678 
8.84093 5.21065 0.198385 
8.74094 5.22006 0.198079 
8.74094 5.22942 0.197774 
9.61291 5.24105 0.197591 
9.61291 5.25262 0.197407 
9.61291 5.26412 0.197221 
9.61291 5.27557 0.197034 
9.61291 5.28695 0.196845 
9.09839 5.29693 0.196583 
7.4406 5.30252 0.196149 
6.55672 5.30579 0.195665 
6.06879 5.30777 0.195166 
4.86052 5.30661 0.194663 
3.97462 5.30317 0.19419 
2.69266 5.29644 0.193805 
2.69266 5.28975 0.193422 
2.03781 5.28141 0.193106 
2.62734 5.27462 0.192731 
3.50668 5.27011 0.192292 
3.50668 5.26563 0.191854 
3.8379 5.262 0.191401 
3.75683 5.25819 0.190954 
3.14819 5.25286 0.190545 
2.59301 5.24616 0.190183 
2.59301 5.2395 0.189822 
2.59301 5.23287 0.189461 
1.88088 5.22449 0.189173 
