19.0177 19.0177 0
17.8241 18.4209 0.596804 
17.8241 18.222 0.39787 
18.6398 18.3264 0.300103 
18.6769 18.3965 0.242795 
19.1025 18.5142 0.230528 
19.6984 18.6834 0.25803 
19.6984 18.8102 0.25697 
19.0308 18.8348 0.227948 
17.7161 18.7229 0.232558 
16.7621 18.5446 0.275724 
15.177 18.264 0.376975 
14.0513 17.9399 0.474613 
14.867 17.7205 0.491177 
14.6862 17.5182 0.500008 
16.0826 17.4284 0.476243 
14.4927 17.2557 0.479528 
14.8466 17.1219 0.471498 
13.8097 16.9476 0.478851 
12.4279 16.7216 0.507384 
12.4279 16.5171 0.524143 
12.7883 16.3476 0.52771 
11.5545 16.1392 0.545611 
11.5545 15.9482 0.556216 
11.5545 15.7725 0.561706 
12.1093 15.6316 0.557758 
12.1093 15.5011 0.55233 
11.6779 15.3646 0.549475 
12.0561 15.2505 0.542324 
10.7693 15.1011 0.544812 
10.1882 14.9426 0.550261 
10.3781 14.8 0.551552 
9.78109 14.6479 0.555791 
9.41838 14.4941 0.560705 
9.41838 14.3491 0.563432 
9.88591 14.2251 0.561417 
9.88591 14.1078 0.558485 
10.2424 14.0061 0.553025 
9.41476 13.8884 0.551373 
8.71772 13.7591 0.55274 
8.71772 13.6361 0.552935 
8.71772 13.519 0.55217 
8.91773 13.412 0.549692 
8.51913 13.3008 0.548446 
8.51913 13.1946 0.546549 
8.16131 13.0852 0.545619 
7.25777 12.9612 0.548092 
5.98602 12.8159 0.555882 
5.98602 12.6765 0.561979 
5.98602 12.5427 0.56665 
5.98602 12.4141 0.570113 
6.05758 12.2919 0.57225 
6.05758 12.1742 0.573541 
8.07004 12.0982 0.567928 
8.2033 12.0274 0.561986 
8.79786 11.9697 0.554865 
8.79786 11.9141 0.547877 
8.87971 11.8618 0.540884 
8.87971 11.8112 0.534034 
10.1667 11.7838 0.525773 
8.90478 11.7366 0.519232 
8.90478 11.6909 0.512827 
7.46395 11.6239 0.509062 
6.83488 11.549 0.506601 
7.07944 11.4803 0.503464 
7.98518 11.4273 0.498598 
8.40094 11.3821 0.493172 
8.53861 11.3403 0.487662 
8.0591 11.2928 0.48289 
7.41542 11.2374 0.479154 
7.65714 11.187 0.475041 
7.76372 11.1394 0.470803 
8.20521 11.0992 0.466046 
8.87108 11.0691 0.46069 
9.83014 11.0526 0.454806 
9.69595 11.0347 0.449136 
8.54903 11.0024 0.444439 
8.82686 10.9746 0.43959 
8.71342 10.9459 0.434933 
8.71342 10.918 0.430367 
8.1488 10.8838 0.426394 
8.14451 10.8504 0.422484 
9.00803 10.8282 0.417953 
8.37538 10.799 0.413979 
8.55085 10.7726 0.409933 
8.55085 10.7468 0.405962 
8.33606 10.719 0.402224 
8.22747 10.6907 0.398634 
8.22747 10.6631 0.3951 
8.62723 10.6404 0.391339 
8.65069 10.6186 0.387632 
8.65069 10.5972 0.383992 
8.65069 10.5762 0.380417 
6.9992 10.5382 0.378267 
6.9992 10.5009 0.376113 
6.9992 10.4645 0.373958 
7.02318 10.429 0.371779 
8.14944 10.4057 0.368701 
7.94593 10.3809 0.365802 
7.23069 10.3494 0.363493 
6.12816 10.3076 0.362295 
6.87718 10.274 0.360299 
6.13857 10.2338 0.359035 
6.31925 10.1962 0.357553 
5.2413 10.149 0.357262 
5.89619 10.1089 0.356142 
4.64553 10.0578 0.356474 
4.64553 10.0077 0.356696 
3.87811 9.95145 0.357854 
3.87811 9.89623 0.358859 
3.87811 9.84202 0.35972 
3.87811 9.78877 0.360449 
4.57295 9.74261 0.360215 
4.57295 9.69726 0.359909 
4.36895 9.65093 0.359762 
3.91022 9.60144 0.360064 
5.84497 9.56933 0.358414 
6.78488 9.54574 0.356147 
6.78488 9.52254 0.353902 
6.78488 9.49972 0.351681 
6.78488 9.47729 0.349484 
5.24711 9.44261 0.348337 
3.77683 9.39655 0.348551 
3.77683 9.35123 0.348686 
4.20847 9.31009 0.348324 
3.70499 9.2656 0.3484 
3.70499 9.22182 0.348408 
4.60695 9.18576 0.34755 
4.432 9.14891 0.346809 
4.27489 9.11142 0.346167 
4.74064 9.07806 0.345131 
5.01822 9.0473 0.343885 
5.01822 9.01701 0.342631 
4.68624 8.98469 0.341597 
4.79218 8.95363 0.340476 
4.79218 8.92303 0.339346 
4.79218 8.89288 0.338207 
4.3612 8.86004 0.337349 
3.16076 8.81904 0.337414 
2.6312 8.77484 0.337898 
2.6503 8.7314 0.338293 
2.6503 8.68858 0.338622 
4.31887 8.65802 0.337631 
3.83244 8.62451 0.336949 
3.83244 8.59146 0.336245 
2.97406 8.55299 0.336143 
1.84182 8.50733 0.336956 
1.84182 8.4623 0.337688 
1.60627 8.41628 0.338555 
1.60627 8.37088 0.339342 
1.60627 8.32608 0.340051 
1.60627 8.28187 0.340687 
1.56079 8.23794 0.341292 
0.931428 8.1905 0.342371 
0.931428 8.14367 0.343364 
2.44611 8.10714 0.343106 
2.64643 8.07236 0.342683 
2.12803 8.03474 0.342579 
2.33178 7.99887 0.342302 
2.33178 7.96345 0.341995 
2.62651 7.9303 0.341477 
3.94889 7.90573 0.340251 
3.94889 7.88145 0.339028 
3.21949 7.85303 0.338151 
3.49139 7.82659 0.337133 
4.28611 7.80526 0.335774 
4.08962 7.78301 0.334498 
4.08962 7.76103 0.333227 
3.34368 7.73489 0.332279 
3.34368 7.70906 0.331327 
3.96966 7.68719 0.330109 
4.52186 7.66879 0.3287 
2.87513 7.64108 0.327967 
3.57344 7.6177 0.326914 
4.81276 7.60168 0.325435 
4.53237 7.58424 0.32405 
4.14308 7.5648 0.3228 
4.7806 7.54915 0.321363 
4.96359 7.53471 0.319889 
4.96359 7.52043 0.318427 
6.23703 7.51333 0.316742 
6.23703 7.50632 0.315075 
6.6122 7.50144 0.313387 
7.549 7.50169 0.311679 
8.19122 7.50542 0.310012 
9.94705 7.51855 0.30862 
9.94705 7.53154 0.30724 
9.22273 7.54053 0.305734 
10.529 7.55634 0.304523 
10.4665 7.57166 0.303303 
10.4665 7.58682 0.302091 
10.1194 7.60001 0.300803 
9.73831 7.61109 0.299445 
10.5075 7.62602 0.298272 
10.5075 7.64079 0.297106 
9.5791 7.65068 0.295751 
10.3583 7.66443 0.294567 
11.1943 7.68225 0.293617 
11.0798 7.69933 0.292637 
10.9703 7.71568 0.291629 
10.9703 7.73187 0.290626 
10.5686 7.74592 0.289524 
9.33624 7.75375 0.288201 
9.57253 7.76267 0.286923 
8.64318 7.76696 0.285552 
8.29349 7.76952 0.284174 
6.73984 7.76454 0.282842 
7.53202 7.76343 0.281481 
7.53202 7.76232 0.280133 
6.02762 7.75406 0.278918 
5.71268 7.74438 0.277762 
6.71733 7.73954 0.276491 
6.58313 7.73411 0.275243 
5.87311 7.72541 0.274092 
5.38294 7.71452 0.273032 
5.38294 7.70372 0.271979 
5.14264 7.69192 0.27098 
4.79795 7.67865 0.270061 
4.79795 7.66549 0.269146 
4.61948 7.65165 0.268278 
4.75863 7.63856 0.267381 
4.25442 7.62331 0.26661 
3.333 7.60407 0.266109 
3.333 7.58501 0.265603 
3.57508 7.56718 0.26502 
2.52465 7.54487 0.264787 
2.52465 7.52276 0.264544 
3.33189 7.50438 0.264021 
3.33189 7.48616 0.263497 
3.13323 7.46723 0.26303 
3.95116 7.45201 0.262331 
5.03788 7.4416 0.261405 
4.81578 7.43033 0.260525 
5.78972 7.42332 0.259504 
4.82205 7.41225 0.258634 
4.53 7.40004 0.257825 
4.53 7.38793 0.25702 
4.02851 7.37381 0.256327 
3.36366 7.35704 0.255803 
3.36366 7.3404 0.255278 
4.32222 7.32787 0.254525 
3.26536 7.31109 0.254026 
1.92509 7.28892 0.253948 
1.92509 7.26694 0.253858 
3.37178 7.25104 0.25332 
2.71597 7.2326 0.25296 
2.71597 7.21432 0.252597 
3.26926 7.19841 0.252079 
2.97488 7.18145 0.251637 
3.68316 7.16746 0.251018 
4.09078 7.1552 0.250317 
4.09078 7.14304 0.249618 
4.09078 7.13097 0.248922 
4.92892 7.1223 0.248091 
4.92892 7.1137 0.247266 
4.63829 7.10403 0.246488 
4.46487 7.09376 0.245742 
4.46487 7.08357 0.244999 
3.91458 7.07134 0.244358 
2.95993 7.05553 0.24393 
2.95993 7.03983 0.243499 
2.95993 7.02426 0.243067 
2.95993 7.00881 0.242634 
3.59672 6.99588 0.242059 
5.2985 6.98948 0.241229 
4.19619 6.97898 0.240549 
3.72697 6.9668 0.239956 
4.17906 6.9564 0.239285 
5.24117 6.95002 0.238479 
5.24117 6.94369 0.237679 
4.92162 6.93623 0.236917 
5.10595 6.9295 0.236141 
6.03924 6.92624 0.235297 
6.03924 6.923 0.234459 
6.51034 6.9215 0.233609 
6.51034 6.92001 0.232766 
5.71737 6.91567 0.231965 
5.65014 6.91112 0.231174 
5.65014 6.9066 0.230388 
6.75954 6.90607 0.229565 
8.08745 6.91028 0.228785 
8.98336 6.91763 0.228091 
9.29634 6.92603 0.227438 
9.92226 6.93658 0.226882 
9.92226 6.94706 0.226327 
9.94142 6.95753 0.225777 
9.97242 6.96803 0.225234 
10.2638 6.97948 0.224742 
9.66593 6.98877 0.224156 
9.66593 6.998 0.223572 
10.5477 7.0102 0.223136 
10.5477 7.02232 0.222701 
11.0848 7.03618 0.222372 
12.064 7.05328 0.222273 
11.0807 7.06694 0.221939 
10.4065 7.07822 0.221475 
11.3866 7.09272 0.221204 
11.3866 7.10713 0.220931 
11.8061 7.12285 0.220751 
11.2696 7.13667 0.220448 
11.7112 7.15187 0.220239 
11.8565 7.16745 0.220061 
11.2534 7.18093 0.219748 
9.87422 7.18979 0.219203 
8.93655 7.19552 0.218558 
8.0027 7.19816 0.217858 
9.81948 7.2067 0.217315 
9.81948 7.21518 0.216775 
9.81948 7.22361 0.216236 
10.5782 7.23443 0.215809 
10.9022 7.24622 0.215437 
10.9022 7.25794 0.215065 
10.3943 7.26796 0.214611 
10.3943 7.27792 0.214158 
10.671 7.28869 0.213748 
10.1487 7.29774 0.213263 
10.1487 7.30673 0.212779 
9.3319 7.3131 0.212205 
8.94181 7.31821 0.2116 
10.4079 7.32786 0.211159 
9.4803 7.33457 0.210607 
8.92452 7.33951 0.21001 
8.92452 7.34441 0.209416 
9.10718 7.34985 0.20884 
8.54937 7.35354 0.208229 
8.54937 7.35721 0.207621 
8.17775 7.35972 0.207001 
8.95164 7.36457 0.206426 
8.23077 7.36721 0.205814 
8.23077 7.36982 0.205206 
8.23077 7.37243 0.204602 
8.77682 7.37666 0.204028 
8.69512 7.38062 0.203453 
8.657 7.38444 0.202879 
9.14774 7.3897 0.202341 
8.80971 7.39393 0.201782 
8.80971 7.39813 0.201227 
8.80971 7.4023 0.200674 
8.80971 7.40646 0.200124 
8.80971 7.41058 0.199577 
8.6174 7.41412 0.199023 
7.64656 7.4148 0.198441 
6.37439 7.41177 0.197885 
5.75026 7.40694 0.197368 
6.91698 7.40552 0.1968 
7.07944 7.40458 0.196233 
7.07944 7.40364 0.195669 
7.20415 7.40307 0.195106 
7.09467 7.40218 0.194549 
7.37183 7.40209 0.193992 
8.27091 7.40457 0.193454 
7.32512 7.40434 0.192904 
7.86498 7.40565 0.192361 
7.63329 7.40629 0.191818 
7.63329 7.40693 0.191278 
7.63329 7.40757 0.190741 
8.91822 7.4118 0.190253 
8.73916 7.41551 0.189757 
7.76175 7.41647 0.18923 
7.29872 7.41614 0.188704 
7.29872 7.41582 0.188181 
7.29872 7.4155 0.187661 
7.42991 7.41554 0.187143 
8.29442 7.41795 0.186644 
8.56427 7.42109 0.186158 
8.56427 7.42421 0.185675 
8.24697 7.42646 0.185182 
7.89486 7.42773 0.184683 
9.2055 7.43255 0.184245 
9.25216 7.43746 0.183812 
9.19347 7.4422 0.183377 
8.57342 7.44524 0.182908 
6.90333 7.44379 0.182423 
6.90333 7.44234 0.18194 
6.90333 7.4409 0.18146 
7.9228 7.44218 0.180982 
7.80269 7.44314 0.180503 
6.4277 7.44045 0.180045 
6.60714 7.43826 0.179583 
6.60714 7.43607 0.179123 
6.85711 7.43455 0.178659 
6.00847 7.43082 0.17823 
6.39164 7.4281 0.177785 
6.81956 7.42652 0.177328 
6.81956 7.42494 0.176874 
6.52986 7.42262 0.17643 
6.52986 7.42032 0.175989 
5.48884 7.41534 0.175605 
5.48884 7.41039 0.175223 
4.99055 7.40418 0.174884 
4.78317 7.39748 0.174564 
4.78216 7.39081 0.174246 
3.34053 7.3805 0.174108 
2.9016 7.36913 0.174037 
1.62418 7.35459 0.174204 
1.62418 7.34012 0.174365 
2.58507 7.32814 0.174337 
2.58507 7.31622 0.174306 
2.58507 7.30436 0.174273 
1.68506 7.29032 0.174403 
