20 0 0 
19.0098 -0.506503 0.215504 
17.7678 0.709948 1.2252 
17.7678 0.709948 1.2252 
18.5317 -0.210173 1.99335 
18.5145 -0.992368 2.2481 
18.7559 -2.01459 3.01025 
19.3139 -1.55873 3.54539 
19.3139 -1.55873 3.54539 
18.4923 -0.302161 4.48525 
17.1527 -1.46683 4.18231 
16.4068 -2.12025 2.69997 
14.9604 -1.97469 1.6214 
13.8681 -0.979578 2.03874 
14.3929 -1.27984 3.49811 
14.2035 -0.242543 3.72618 
15.2477 1.06707 5.00182 
13.7811 2.15052 3.93614 
13.9245 2.41423 4.5499 
12.5428 1.55363 5.56541 
11.2762 2.82989 4.39208 
11.2762 2.82989 4.39208 
11.8069 3.26828 3.66836 
10.3457 2.22282 4.64026 
10.3457 2.22282 4.64026 
10.3457 2.22282 4.64026 
10.6507 2.66219 5.10981 
10.6507 2.66219 5.10981 
9.71875 1.91901 6.18349 
10.0732 2.03512 6.30395 
9.12158 1.81305 5.43017 
8.23945 1.72118 5.74 
8.44562 0.3245 6.0226 
7.29928 0.0789929 6.51029 
5.98927 0.244713 7.26462 
5.98927 0.244713 7.26462 
7.31047 0.564644 6.63094 
7.31047 0.564644 6.63094 
7.81221 -0.549701 6.60106 
7.83377 -0.884862 5.14653 
7.67033 -1.32355 3.92593 
7.67033 -1.32355 3.92593 
7.67033 -1.32355 3.92593 
7.08249 0.0448465 5.4187 
7.28393 -0.290254 4.40859 
7.28393 -0.290254 4.40859 
6.31192 -1.63972 4.90694 
4.91609 -0.242379 5.33372 
4.21391 0.979262 4.13721 
4.21391 0.979262 4.13721 
4.21391 0.979262 4.13721 
4.21391 0.979262 4.13721 
3.71345 0.854889 4.7089 
3.71345 0.854889 4.7089 
4.95585 2.20815 5.97405 
4.79807 2.8671 6.00437 
4.0048 2.40023 7.45673 
4.0048 2.40023 7.45673 
2.54637 2.95925 7.97547 
2.54637 2.95925 7.97547 
4.03905 2.26721 9.05025 
4.21259 1.01609 7.77925 
4.21259 1.01609 7.77925 
2.90064 0.996839 6.80464 
1.97876 0.90477 6.47931 
1.39831 1.51347 6.77293 
0.250154 0.45718 7.96815 
0.815539 0.404122 8.35149 
-0.487087 1.22075 8.43684 
-1.68144 0.212723 7.87887 
-1.09295 -0.577624 7.31165 
-0.752725 -1.62019 7.44582 
0.209574 -0.472737 7.74648 
1.5275 0.0172163 8.06176 
2.39559 0.878296 8.49623 
1.07104 0.994832 9.72084 
0.225487 0.0251264 9.69329 
1.64144 0.236624 8.38663 
0.302834 0.311781 8.81616 
0.75581 -0.961048 8.62721 
0.75581 -0.961048 8.62721 
-0.387303 -2.444 7.76401 
-0.388941 -1.55719 7.9848 
0.264429 -1.51392 8.87596 
-0.101214 -2.33124 8.04376 
0.0558244 -3.01313 8.00219 
0.0558244 -3.01313 8.00219 
0.193518 -3.66222 7.48603 
-0.445795 -2.84433 7.70729 
-0.445795 -2.84433 7.70729 
-1.77407 -1.89058 8.22846 
-1.30563 -1.37047 8.44106 
-1.30563 -1.37047 8.44106 
-1.30563 -1.37047 8.44106 
-0.356375 -0.229417 6.98636 
-0.356375 -0.229417 6.98636 
-0.356375 -0.229417 6.98636 
-1.48794 -0.443035 6.84944 
-0.550849 -0.751262 8.09602 
-1.55598 0.336627 7.78482 
-2.91216 -0.132525 6.617 
-2.88705 0.815551 5.34361 
-1.67059 -0.412407 6.65842 
-0.357077 -0.168791 6.12585 
-1.71731 1.2902 5.94299 
-0.591153 2.04558 4.78929 
0.10528 2.00439 5.54404 
-1.27883 1.71368 4.12417 
-1.27883 1.71368 4.12417 
-0.130209 2.67844 2.80157 
-0.130209 2.67844 2.80157 
-0.130209 2.67844 2.80157 
-0.130209 2.67844 2.80157 
1.05554 2.31856 3.79763 
1.05554 2.31856 3.79763 
1.65611 2.88339 2.83391 
0.686885 2.65404 2.7882 
0.90929 4.03516 4.1297 
1.77835 3.5972 5.47103 
1.77835 3.5972 5.47103 
1.77835 3.5972 5.47103 
1.77835 3.5972 5.47103 
0.66809 3.11379 4.17015 
-0.182495 2.46731 2.85369 
-0.182495 2.46731 2.85369 
0.482121 1.97973 3.68231 
0.564011 1.687 3.25006 
0.564011 1.687 3.25006 
-0.0996098 1.47011 4.36496 
0.9173 2.5676 3.49408 
0.527913 2.64119 3.31966 
1.95084 1.24379 4.13774 
1.64764 2.50195 4.02593 
1.64764 2.50195 4.02593 
0.640003 2.79433 3.70714 
1.27137 3.12079 3.40725 
1.27137 3.12079 3.40725 
1.27137 3.12079 3.40725 
1.65299 1.706 3.65749 
1.90702 1.15187 2.24207 
1.33778 0.378354 2.23392 
0.586887 -0.530643 2.52944 
0.586887 -0.530643 2.52944 
1.79812 -1.34893 3.68779 
0.543594 -0.246254 3.78569 
0.543594 -0.246254 3.78569 
-0.806395 -0.691371 2.77791 
-0.209798 -0.82979 1.63087 
-0.209798 -0.82979 1.63087 
-1.14042 -0.122706 1.12449 
-1.14042 -0.122706 1.12449 
-1.14042 -0.122706 1.12449 
-1.14042 -0.122706 1.12449 
-0.868153 0.967798 0.863557 
-0.0034627 0.697973 0.61675 
-0.0034627 0.697973 0.61675 
0.448884 1.91229 1.45777 
0.921777 1.46473 2.00212 
1.07627 0.34387 1.8033 
0.970002 -0.999364 1.87018 
0.970002 -0.999364 1.87018 
0.289021 0.335918 2.58886 
-0.409491 1.73265 3.52477 
-0.409491 1.73265 3.52477 
-0.668982 2.1462 2.30465 
0.585272 2.08842 2.73601 
-0.468944 2.47845 3.46527 
-0.749533 2.40076 3.22483 
-0.749533 2.40076 3.22483 
-1.50671 0.950005 2.82975 
-1.50671 0.950005 2.82975 
-1.40745 1.56903 3.36384 
-0.394495 1.81036 4.12482 
0.940993 0.55292 2.65993 
1.58025 0.767134 3.11188 
1.66243 0.845481 4.43668 
2.09156 -0.443532 3.99637 
1.60496 0.883047 3.71611 
1.85494 -0.00171936 4.40605 
0.771807 -0.591133 4.86746 
0.771807 -0.591133 4.86746 
0.35593 -0.549971 6.20253 
0.35593 -0.549971 6.20253 
-0.307692 -0.784701 6.55826 
0.803493 -1.62427 7.32827 
0.583327 -3.10812 7.55615 
1.81631 -4.02631 8.91256 
1.81631 -4.02631 8.91256 
0.67351 -3.88025 8.33959 
1.84047 -3.51869 9.75153 
1.11471 -4.98187 9.13711 
1.11471 -4.98187 9.13711 
0.319741 -4.35364 9.12944 
1.14349 -5.44268 7.99402 
-0.179173 -6.31329 8.3975 
-0.179173 -6.31329 8.3975 
0.790418 -6.56419 6.93151 
0.978999 -6.97494 7.59512 
-0.387339 -7.40646 8.38492 
0.390267 -7.47842 8.16592 
0.895703 -8.28244 7.13762 
0.895703 -8.28244 7.13762 
-0.199497 -8.20228 6.66165 
-0.954176 -7.51169 5.46164 
-0.337581 -6.94463 6.57963 
-0.779958 -6.29553 5.87048 
-0.957927 -5.15911 6.42246 
0.447496 -4.20442 5.24862 
1.4071 -5.13846 5.32425 
1.4071 -5.13846 5.32425 
1.34352 -4.36293 3.93599 
2.79261 -4.19546 2.68965 
2.27556 -5.2128 3.57366 
3.73149 -4.06195 3.59364 
2.36553 -4.02335 3.56515 
3.40394 -2.85033 3.04382 
3.40394 -2.85033 3.04382 
2.66129 -3.86861 2.09719 
2.72495 -3.63144 1.55166 
2.72495 -3.63144 1.55166 
1.56863 -3.73297 2.22349 
2.54959 -2.69338 2.98158 
1.08916 -3.25502 2.5137 
0.293046 -1.8407 2.76312 
0.293046 -1.8407 2.76312 
-0.574177 -1.97913 2.9214 
-0.651758 -1.37878 2.01197 
-0.651758 -1.37878 2.01197 
-0.712201 -0.217023 3.24764 
-0.712201 -0.217023 3.24764 
0.499 0.168205 3.08866 
0.827904 0.826558 3.774 
-0.623465 1.71207 4.69685 
-0.228832 2.71658 3.96983 
-0.211415 3.85474 4.31475 
-0.706305 2.78277 3.8742 
-0.0436195 1.96275 4.08247 
-0.0436195 1.96275 4.08247 
0.827699 1.95807 3.42196 
2.15084 0.730148 2.48093 
2.15084 0.730148 2.48093 
1.8436 -0.762002 3.83433 
0.496704 0.123975 3.22498 
-0.581169 0.623669 1.72605 
-0.581169 0.623669 1.72605 
-0.81428 -0.679514 3.20064 
0.230415 -1.08788 2.47788 
0.230415 -1.08788 2.47788 
-0.621772 -0.106377 3.20782 
-1.38231 0.0085219 2.63421 
-0.482475 0.926514 3.53192 
-0.701515 -0.070183 4.02957 
-0.701515 -0.070183 4.02957 
-0.701515 -0.070183 4.02957 
0.416666 1.25512 4.74819 
0.416666 1.25512 4.74819 
0.464331 0.880805 4.53015 
-0.660858 1.81337 4.02617 
-0.660858 1.81337 4.02617 
0.53022 2.63832 2.84289 
1.94429 1.23321 1.86014 
1.94429 1.23321 1.86014 
1.94429 1.23321 1.86014 
1.94429 1.23321 1.86014 
2.15069 0.431432 2.8504 
2.92943 0.826952 4.3369 
2.97288 0.466395 2.92446 
3.25064 0.579483 1.72854 
3.58919 -0.834349 1.97132 
3.73803 -2.07331 3.03288 
3.73803 -2.07331 3.03288 
3.30132 -3.23073 1.69884 
3.61719 -3.40711 1.17399 
3.84389 -4.11491 2.18274 
3.84389 -4.11491 2.18274 
4.25026 -4.07074 2.78367 
4.25026 -4.07074 2.78367 
3.54941 -2.88241 3.43245 
3.44028 -3.70746 2.5186 
3.44028 -3.70746 2.5186 
2.70421 -4.89911 3.79174 
3.39452 -5.83628 4.45218 
2.48868 -6.29678 5.90405 
1.45433 -7.20897 5.68661 
0.81936 -7.93185 5.90471 
0.81936 -7.93185 5.90471 
0.0384484 -8.33426 5.41945 
1.15461 -8.79256 4.56146 
1.13205 -9.40451 3.95208 
1.58598 -8.48017 4.35907 
1.58598 -8.48017 4.35907 
1.08199 -9.68131 4.04418 
1.08199 -9.68131 4.04418 
1.06977 -9.54394 5.53541 
1.26167 -10.0973 6.48015 
1.94725 -9.26877 5.75155 
3.14608 -8.73324 4.70399 
3.74913 -8.96013 5.94271 
3.74913 -8.96013 5.94271 
4.34407 -9.39016 5.68656 
3.50825 -8.92679 5.91678 
3.92283 -8.42624 7.12476 
4.68049 -6.95742 8.38237 
3.35796 -6.78259 8.32825 
2.06315 -5.53337 7.91362 
0.773438 -4.87728 7.44821 
-0.657918 -4.38446 6.66234 
-1.11083 -5.35133 8.15791 
-1.11083 -5.35133 8.15791 
-1.11083 -5.35133 8.15791 
-1.06025 -6.15179 8.53984 
-1.54719 -7.48352 7.77573 
-1.54719 -7.48352 7.77573 
-0.78199 -6.12906 8.35855 
-0.78199 -6.12906 8.35855 
-0.569541 -5.91822 8.86115 
0.823961 -4.48047 9.06881 
0.823961 -4.48047 9.06881 
1.52622 -3.9087 8.33529 
1.08186 -4.04948 7.89856 
1.80227 -4.20239 9.34962 
2.02712 -4.05525 8.32598 
1.47126 -3.95853 7.86209 
1.47126 -3.95853 7.86209 
2.88049 -4.08395 7.61346 
1.39735 -4.49297 7.13809 
1.39735 -4.49297 7.13809 
-0.0422745 -4.96971 6.49429 
0.476448 -4.15538 7.9144 
-0.0214677 -4.14193 7.11263 
-0.0214677 -4.14193 7.11263 
-0.0214677 -4.14193 7.11263 
1.36054 -2.84136 8.19195 
0.646702 -3.97092 7.70836 
1.8115 -4.39144 7.23722 
1.41015 -3.33002 8.40259 
0.902715 -3.00339 8.2326 
0.902715 -3.00339 8.2326 
0.902715 -3.00339 8.2326 
0.902715 -3.00339 8.2326 
0.902715 -3.00339 8.2326 
0.474409 -3.94948 7.64436 
1.07621 -3.71455 6.59649 
0.233782 -3.25037 5.47844 
-0.884445 -3.05489 4.79071 
0.133752 -4.53716 5.21928 
-0.0935371 -3.12198 6.35318 
-0.0935371 -3.12198 6.35318 
1.0044 -2.74931 6.58273 
0.307916 -3.02465 6.41022 
-0.782657 -2.55134 6.87183 
-2.00431 -3.25469 7.33469 
-1.87873 -2.67276 6.55623 
-1.25073 -1.73902 7.56765 
0.244223 -0.723095 7.59504 
0.244223 -0.723095 7.59504 
0.244223 -0.723095 7.59504 
0.801752 -0.00783779 8.8821 
0.672088 -1.08586 8.64536 
1.28369 -1.98194 7.39383 
1.77251 -1.53198 6.91249 
1.77251 -1.53198 6.91249 
1.77251 -1.53198 6.91249 
1.84567 -1.80015 6.96825 
2.77099 -2.04342 7.54609 
1.61235 -0.698755 8.38205 
1.61235 -0.698755 8.38205 
1.68294 0.360196 8.06539 
1.33482 -0.573203 7.76006 
2.49063 -1.72548 8.69257 
2.72862 -0.735969 8.80996 
3.39382 -1.1405 8.46765 
4.17069 -2.09229 7.19244 
3.41063 -0.957685 5.92506 
3.41063 -0.957685 5.92506 
3.41063 -0.957685 5.92506 
4.26578 -1.07975 6.58848 
2.89729 -2.51871 6.79292 
2.40938 -1.14565 5.84788 
2.19571 -1.3357 6.08679 
2.19571 -1.3357 6.08679 
0.883408 -0.68573 6.7653 
0.151152 -0.784402 5.95513 
1.5634 0.505682 6.17682 
2.79037 0.973777 6.14589 
2.79037 0.973777 6.14589 
2.80416 1.83658 5.60381 
2.80416 1.83658 5.60381 
1.99576 1.3807 4.9232 
1.99576 1.3807 4.9232 
2.07363 0.981146 4.43204 
0.782126 1.40049 4.50617 
-0.648693 0.503328 4.71115 
-0.253452 -0.289452 3.31831 
0.737936 0.698842 2.71778 
0.64639 -0.614333 1.35748 
0.64639 -0.614333 1.35748 
1.45125 -0.828684 1.97223 
1.45125 -0.828684 1.97223 
1.45125 -0.828684 1.97223 
