20 0 0 
18.8157 2.00992 0.7481 
18.8157 2.00992 0.7481 
17.7237 3.71824 -1.76407 
18.2144 3.39452 -2.23702 
18.2144 3.39452 -2.23702 
17.8399 4.43089 -1.49934 
16.2399 6.49903 -3.93182 
14.6111 5.9544 -1.4136 
14.6111 5.9544 -1.4136 
14.2882 8.81543 -0.842905 
15.7807 8.74142 -2.54162 
15.7807 8.74142 -2.54162 
14.1426 8.97166 -3.15929 
14.1331 7.54468 -1.71478 
15.0872 8.4301 -2.5439 
15.4561 8.5348 -3.5594 
17.3841 8.42987 -2.74475 
17.3841 8.42987 -2.74475 
17.3841 8.42987 -2.74475 
16.9784 5.90291 -3.49642 
15.2934 5.52231 -3.66081 
14.4255 3.64131 -3.43182 
14.4255 3.64131 -3.43182 
14.4255 3.64131 -3.43182 
12.2638 4.59642 -4.97328 
12.2638 4.59642 -4.97328 
12.2638 4.59642 -4.97328 
11.8589 0.931551 -7.1961 
8.73714 -0.0392879 -5.44554 
6.29542 -1.59244 -5.14226 
6.29542 -1.59244 -5.14226 
4.14657 -0.127298 -3.15075 
3.93841 0.272461 -2.44367 
3.99865 2.02553 -2.36005 
5.15244 0.370164 -3.55938 
4.81753 3.14881 -2.0257 
2.70245 0.723819 -3.48581 
2.70245 0.723819 -3.48581 
0.457485 1.36763 -5.7042 
-0.910485 1.93245 -6.91659 
-1.63583 3.05258 -6.44805 
-0.699971 3.57173 -6.99441 
-1.52432 1.66233 -7.3191 
-1.52432 1.66233 -7.3191 
-1.52432 1.66233 -7.3191 
-2.03576 1.34229 -7.48563 
-1.38407 1.28219 -6.20826 
-3.65724 1.18831 -4.71083 
-3.65724 1.18831 -4.71083 
-3.65724 1.18831 -4.71083 
-0.999984 1.11812 -3.51602 
-1.00672 -0.0716988 -1.78225 
-1.00672 -0.0716988 -1.78225 
0.0875882 -0.00398971 -2.09131 
0.0875882 -0.00398971 -2.09131 
0.0875882 -0.00398971 -2.09131 
0.0875882 -0.00398971 -2.09131 
0.0875882 -0.00398971 -2.09131 
0.0875882 -0.00398971 -2.09131 
-0.440367 1.75955 -1.91583 
-0.440367 1.75955 -1.91583 
-0.440367 1.75955 -1.91583 
1.54384 1.00448 -2.41648 
1.54384 1.00448 -2.41648 
0.0441978 -0.123829 -2.15255 
0.0441978 -0.123829 -2.15255 
-0.461542 1.05388 -1.5713 
-0.0981806 0.541505 -2.25848 
-0.0981806 0.541505 -2.25848 
-0.0981806 0.541505 -2.25848 
-0.0981806 0.541505 -2.25848 
-0.0981806 0.541505 -2.25848 
0.531692 -0.973582 -1.80939 
-0.0730988 -1.06678 -1.3468 
-0.0730988 -1.06678 -1.3468 
2.65734 -1.82844 -2.73929 
2.97424 -1.23397 -3.54652 
2.97424 -1.23397 -3.54652 
2.97424 -1.23397 -3.54652 
2.96156 -0.488638 -2.02781 
1.81681 -1.93678 0.9477 
2.13312 -2.50079 2.14853 
2.13312 -2.50079 2.14853 
2.13312 -2.50079 2.14853 
0.111716 0.0294462 0.923174 
0.111716 0.0294462 0.923174 
0.111716 0.0294462 0.923174 
0.111716 0.0294462 0.923174 
0.111716 0.0294462 0.923174 
0.111716 0.0294462 0.923174 
0.111716 0.0294462 0.923174 
0.745499 -0.501942 3.33478 
0.745499 -0.501942 3.33478 
0.745499 -0.501942 3.33478 
0.745499 -0.501942 3.33478 
0.745499 -0.501942 3.33478 
1.69663 1.1833 2.56132 
-0.0335589 2.37617 3.86507 
1.53126 1.19795 3.58208 
1.53126 1.19795 3.58208 
1.6316 2.83722 5.13704 
1.44594 1.42389 2.91703 
1.44594 1.42389 2.91703 
0.777436 0.240784 2.96861 
0.777436 0.240784 2.96861 
0.777436 0.240784 2.96861 
0.777436 0.240784 2.96861 
0.777436 0.240784 2.96861 
0.777436 0.240784 2.96861 
0.777436 0.240784 2.96861 
0.518096 -0.965933 2.08914 
0.518096 -0.965933 2.08914 
0.822883 -2.78188 2.75024 
-0.700756 -0.131619 4.17368 
-0.700756 -0.131619 4.17368 
-0.700756 -0.131619 4.17368 
-0.700756 -0.131619 4.17368 
-0.700756 -0.131619 4.17368 
-2.25618 -2.0292 2.58521 
-0.818835 -1.3285 1.29455 
-0.818835 -1.3285 1.29455 
-1.37036 -2.80512 1.17498 
-1.37036 -2.80512 1.17498 
-1.21758 -1.80184 2.621 
-1.21758 -1.80184 2.621 
1.43207 0.115348 2.14419 
2.27922 -0.743784 2.25305 
2.27922 -0.743784 2.25305 
2.27922 -0.743784 2.25305 
2.74956 0.82699 1.72885 
4.35933 1.80593 3.57477 
4.31975 -0.395399 3.19141 
4.85107 -0.737644 2.23397 
3.9094 -0.346579 3.65092 
3.9094 -0.346579 3.65092 
1.72837 0.691826 4.8792 
2.95066 0.912873 3.1548 
2.95066 0.912873 3.1548 
-0.0747474 -0.422797 3.8818 
-0.46015 -0.441486 1.43851 
-0.46015 -0.441486 1.43851 
-0.46015 -0.441486 1.43851 
-0.502541 -0.413484 0.569433 
-1.57094 -2.02845 0.901499 
-1.93401 -3.2874 3.88733 
-1.71435 -2.6252 4.46503 
-2.17046 -3.20313 2.86666 
-1.87151 -1.68763 1.39404 
-1.01312 -1.53106 2.10694 
-1.92512 0.516821 2.33379 
-1.14015 2.68376 2.39431 
-1.95357 3.56109 2.38451 
-1.44264 3.78303 3.17759 
-1.44264 3.78303 3.17759 
-2.10242 4.46745 1.62725 
-1.86803 4.01639 3.27433 
-1.86803 4.01639 3.27433 
-4.87512 4.4168 4.3077 
-5.24858 4.56808 3.56803 
-5.24858 4.56808 3.56803 
-7.26392 3.46792 3.07726 
-7.62533 0.154856 1.28517 
-7.62533 0.154856 1.28517 
-7.62533 0.154856 1.28517 
-7.62533 0.154856 1.28517 
-6.20382 -0.147644 -1.03453 
-6.05766 0.235809 2.59824 
-5.15175 -2.01723 2.21749 
-3.87984 -0.617864 1.07884 
-3.87984 -0.617864 1.07884 
-0.192873 -0.337913 2.38522 
-0.192873 -0.337913 2.38522 
-0.925784 0.200428 1.04386 
-0.925784 0.200428 1.04386 
-0.925784 0.200428 1.04386 
-0.517429 2.79715 3.23908 
1.21731 3.77906 4.67352 
1.21731 3.77906 4.67352 
-0.00489654 0.635638 3.53636 
-0.00489654 0.635638 3.53636 
-0.00489654 0.635638 3.53636 
-0.00489654 0.635638 3.53636 
-1.43756 -0.155733 2.2399 
-1.43756 -0.155733 2.2399 
-1.43756 -0.155733 2.2399 
-1.43756 -0.155733 2.2399 
-1.15619 1.46466 3.01887 
-1.15619 1.46466 3.01887 
-1.15619 1.46466 3.01887 
-1.00294 -0.557759 -0.481936 
-3.26446 1.47896 -2.21418 
-1.4067 2.49716 -1.90684 
-1.4067 2.49716 -1.90684 
-1.4067 2.49716 -1.90684 
0.470793 0.122261 -3.85922 
0.365134 -0.398667 -4.00862 
0.365134 -0.398667 -4.00862 
0.365134 -0.398667 -4.00862 
0.365134 -0.398667 -4.00862 
0.365134 -0.398667 -4.00862 
-0.136366 -0.147494 -4.64903 
-0.136366 -0.147494 -4.64903 
-0.136366 -0.147494 -4.64903 
-0.136366 -0.147494 -4.64903 
0.870818 1.01455 -4.95287 
1.3516 0.848199 -3.80041 
-0.298305 1.16755 -1.47494 
-0.298305 1.16755 -1.47494 
-0.298305 1.16755 -1.47494 
-1.57053 -1.11322 -2.53396 
-0.0821135 -3.21343 -2.33212 
-0.0821135 -3.21343 -2.33212 
-0.0821135 -3.21343 -2.33212 
-0.0821135 -3.21343 -2.33212 
0.991686 -2.41445 -4.21836 
0.991686 -2.41445 -4.21836 
0.463214 -3.18191 -3.31813 
0.0827364 -3.20593 -2.0031 
0.0827364 -3.20593 -2.0031 
0.547861 -0.153132 -2.17138 
0.547861 -0.153132 -2.17138 
0.547861 -0.153132 -2.17138 
0.547861 -0.153132 -2.17138 
2.14892 0.123938 -3.84963 
1.67127 0.505581 -1.88778 
1.67127 0.505581 -1.88778 
-1.27891 -1.39668 -1.98163 
-1.27891 -1.39668 -1.98163 
-0.0779081 -2.18732 -1.52343 
-0.736074 -1.8769 -2.76896 
-0.736074 -1.8769 -2.76896 
-0.736074 -1.8769 -2.76896 
-0.736074 -1.8769 -2.76896 
-0.736074 -1.8769 -2.76896 
-3.17428 -1.78887 -1.67206 
-3.17428 -1.78887 -1.67206 
-3.17428 -1.78887 -1.67206 
-3.17428 -1.78887 -1.67206 
-3.46011 -1.25266 -2.41896 
-1.07701 -0.589424 -2.30673 
-1.07701 -0.589424 -2.30673 
-1.07701 -0.589424 -2.30673 
-1.07701 -0.589424 -2.30673 
-1.07701 -0.589424 -2.30673 
-1.07701 -0.589424 -2.30673 
-0.999905 0.745113 -1.85948 
0.170945 -0.0408436 -4.09241 
-2.02598 -2.38772 -4.95454 
-1.6917 -3.47266 -5.63494 
-1.6917 -3.47266 -5.63494 
0.879096 -3.52771 -5.75645 
-0.695139 -3.76178 -5.61378 
-1.53522 -3.19258 -5.2097 
-1.53522 -3.19258 -5.2097 
-2.09172 -2.15009 -5.27768 
-2.09172 -2.15009 -5.27768 
-0.537249 -3.16585 -4.80645 
-0.537249 -3.16585 -4.80645 
1.06427 -4.18372 -3.92097 
1.60488 -2.13196 -6.76269 
1.98488 -1.07715 -5.80515 
4.74436 -0.451126 -6.25308 
4.74436 -0.451126 -6.25308 
3.19089 -1.91906 -5.06979 
3.19089 -1.91906 -5.06979 
2.22922 -3.03236 -4.10803 
2.22922 -3.03236 -4.10803 
2.22922 -3.03236 -4.10803 
2.22922 -3.03236 -4.10803 
2.22922 -3.03236 -4.10803 
0.741758 -1.64875 -4.37878 
0.167782 0.301304 -3.59455 
0.0694968 0.597401 -1.33725 
0.0694968 0.597401 -1.33725 
0.0694968 0.597401 -1.33725 
2.52672 0.661188 -3.43439 
2.52672 0.661188 -3.43439 
1.81085 1.37555 -3.79299 
1.81085 1.37555 -3.79299 
1.81085 1.37555 -3.79299 
1.81085 1.37555 -3.79299 
0.437588 -0.641674 -6.06786 
0.437588 -0.641674 -6.06786 
2.98329 -0.815934 -4.04049 
2.98329 -0.815934 -4.04049 
2.98329 -0.815934 -4.04049 
3.43486 -1.13892 -4.51184 
2.59944 1.79585 -4.09179 
3.20849 0.346731 -3.79207 
3.20849 0.346731 -3.79207 
2.91355 0.0333534 -3.51861 
1.88016 0.150149 -4.25549 
1.88016 0.150149 -4.25549 
1.23611 -1.81952 -5.51562 
1.23611 -1.81952 -5.51562 
2.18479 -1.02916 -5.23879 
3.28224 -2.10329 -4.43461 
4.4488 -2.16639 -3.60252 
4.4488 -2.16639 -3.60252 
3.46037 -0.693006 -3.67757 
3.46037 -0.693006 -3.67757 
3.46037 -0.693006 -3.67757 
3.46037 -0.693006 -3.67757 
1.54629 -4.44982 -4.15893 
0.986947 -4.34061 -5.26072 
0.520027 -1.63039 -4.01959 
1.20379 -2.55878 -2.58529 
1.20379 -2.55878 -2.58529 
0.500235 -0.878564 -2.04999 
0.500235 -0.878564 -2.04999 
1.11272 -1.1545 -2.64036 
2.30051 -3.89683 -3.6572 
1.35119 -4.28769 -4.29098 
1.99191 -3.63573 -5.41395 
1.99191 -3.63573 -5.41395 
-0.957306 -0.281601 -3.06664 
0.132378 -1.1018 -4.62242 
-0.0412888 -2.81168 -6.11729 
1.47493 -1.40478 -4.88143 
-0.806781 -2.93991 -4.41496 
0.0813427 -0.993837 -4.00142 
-0.802626 -1.72449 -3.1425 
-0.869084 0.70049 -2.81994 
-0.869084 0.70049 -2.81994 
-0.869084 0.70049 -2.81994 
1.7485 -0.962882 -2.84046 
1.7485 -0.962882 -2.84046 
3.18065 -1.43792 -2.23227 
3.99797 -1.82041 -3.46729 
2.77582 0.113118 -2.12134 
2.77582 0.113118 -2.12134 
2.4508 -0.412268 -3.34255 
2.4508 -0.412268 -3.34255 
2.4508 -0.412268 -3.34255 
3.65612 0.571193 -2.64302 
3.65612 0.571193 -2.64302 
3.19508 -0.330082 -1.42436 
2.67891 -0.00715507 -1.36633 
2.67891 -0.00715507 -1.36633 
0.694365 -1.58925 1.89187 
-0.153456 -0.425705 0.454064 
-0.739345 -0.0030148 -0.506242 
-0.739345 -0.0030148 -0.506242 
-0.739345 -0.0030148 -0.506242 
0.0136423 -1.60378 -1.34062 
-1.81099 -1.61632 -0.868801 
-1.19678 1.53207 -2.07601 
-1.10645 1.7194 -3.27754 
-0.935028 0.317377 -2.48502 
-0.935028 0.317377 -2.48502 
-0.153696 2.37965 -1.52216 
-0.413542 3.01562 -4.36274 
1.18006 2.89464 -2.62206 
1.18006 2.89464 -2.62206 
-0.591269 2.11914 -3.16903 
-1.32167 1.86339 -4.78825 
-1.32167 1.86339 -4.78825 
-1.32167 1.86339 -4.78825 
-4.04992 2.96513 -4.63241 
-4.04992 2.96513 -4.63241 
-4.04992 2.96513 -4.63241 
-3.48704 2.24208 -6.51525 
-3.48704 2.24208 -6.51525 
-2.32472 2.41531 -6.39622 
-0.867127 1.29029 -5.48275 
1.57492 0.966462 -4.50011 
0.30988 0.758214 -4.10936 
1.6315 -1.4306 -4.52418 
1.59028 1.04576 -4.16979 
1.32125 2.98269 -5.23816 
1.32125 2.98269 -5.23816 
-0.15614 0.786474 -6.98039 
1.54002 -0.97822 -8.65064 
1.54002 -0.97822 -8.65064 
0.918259 -0.190724 -8.69048 
0.918259 -0.190724 -8.69048 
0.349918 0.00669242 -9.60654 
0.349918 0.00669242 -9.60654 
0.349918 0.00669242 -9.60654 
0.349918 0.00669242 -9.60654 
0.349918 0.00669242 -9.60654 
0.879494 -2.11385 -8.80561 
-0.146541 -1.61118 -7.26259 
-1.36791 -1.19402 -6.30029 
-0.512409 0.378335 -6.03528 
2.22621 2.25449 -3.6859 
1.79636 1.2883 -3.30318 
1.1396 -0.491508 -2.38959 
1.1396 -0.491508 -2.38959 
-0.40145 -1.07264 -1.68551 
1.03046 -0.693124 -2.31531 
0.392719 1.26765 -3.24587 
0.392719 1.26765 -3.24587 
-0.437982 2.16313 -3.13983 
1.04416 2.02566 -2.98667 
0.0358993 1.77341 -2.60093 
-0.545405 1.94536 -1.62536 
-0.545405 1.94536 -1.62536 
-0.545405 1.94536 -1.62536 
