0 11.49
1 9.20324
2 9.3037
3 8.93008
4 9.73132
5 8.93512
6 8.70118
7 9.49296
8 8.76251
9 8.49856
10 8.48837
11 8.61112
12 8.45369
13 8.68904
14 8.71161
15 8.89335
16 9.36847
17 8.78943
18 9.3849
19 8.92985
20 9.3915
21 9.79503
22 9.85357
23 8.83773
24 8.5586
25 8.81861
26 9.65365
27 9.2273
28 8.51643
29 8.64444
30 8.68874
31 9.39633
32 8.82121
33 8.73235
34 8.50041
35 8.93525
36 8.49087
37 7.48003
38 7.73422
39 7.3061
40 7.1076
41 7.38093
42 7.31163
43 8.23175
44 7.06609
45 6.91358
46 6.74791
47 8.02281
48 7.4953
49 6.40883
50 6.40883
51 6.54461
52 7.32093
53 6.63171
54 6.9025
55 7.77285
56 7.40791
57 7.29336
58 6.89127
59 7.40848
60 7.71686
61 6.52911
62 7.71614
63 6.57358
64 6.61679
65 6.8054
66 7.00462
67 7.37585
68 6.92766
69 7.45215
70 6.62336
71 7.12783
72 6.96451
73 6.76215
74 6.86163
75 7.49981
76 7.25136
77 7.05364
78 7.27387
79 6.947
80 7.02332
81 6.83384
82 7.33959
83 7.14545
84 6.90929
85 7.43276
86 6.86889
87 7.63382
88 7.85242
89 6.53133
90 6.26044
91 6.27973
92 7.03592
93 8.10077
94 7.12729
95 6.48705
96 6.74063
97 6.90915
98 6.77143
99 7.13373
100 6.86066
101 6.51137
102 6.43585
103 7.07593
104 7.06052
105 6.6958
106 6.75305
107 6.39429
108 7.36811
109 6.86825
110 7.02274
111 7.4469
112 7.08964
113 6.75342
114 6.78076
115 6.95895
116 6.21268
117 6.78679
118 6.47012
119 6.59344
120 6.586
121 7.55294
122 6.60599
123 6.25214
124 7.27691
125 6.81714
126 6.49745
127 6.64339
128 6.79798
129 7.75792
130 7.53072
131 6.79051
132 7.55898
133 7.09299
134 6.53647
135 6.57575
136 6.57389
137 6.46956
138 6.57056
139 7.08985
140 7.12766
141 7.50207
142 7.21446
143 6.80477
144 6.92174
145 7.49549
146 7.09595
147 7.12286
148 7.36435
149 6.885
150 7.20871
151 6.94444
152 6.86237
153 6.22481
154 6.89263
155 6.5422
156 6.58825
157 6.40578
158 6.59703
159 6.58641
160 6.42709
161 6.88881
162 7.90879
163 6.63807
164 7.37225
165 7.09725
166 6.86122
167 6.94214
168 6.77249
169 6.53005
170 6.91041
171 6.77485
172 6.31569
173 6.40046
174 6.72059
175 6.64167
176 7.01572
177 6.67967
178 6.4191
179 6.84074
180 6.25227
181 6.42802
182 7.22225
183 6.65287
184 6.25227
185 7.1946
186 7.79866
187 7.57018
188 6.31074
189 7.59401
190 7.87344
191 7.39193
192 6.67649
193 6.86424
194 6.78132
195 7.13626
196 6.86963
197 6.70737
198 7.21031
199 6.71308
200 7.47467
201 7.17519
202 6.6097
203 7.29815
204 6.52341
205 6.67505
206 6.51921
207 6.53492
208 6.77484
209 6.7394
210 7.07266
211 7.46622
212 6.66437
213 6.86256
214 6.5126
215 6.63112
216 6.22481
217 7.11387
218 7.24528
219 7.11681
220 6.97569
221 7.12201
222 6.7986
223 6.5074
224 6.65381
225 6.65223
226 6.60336
227 7.89249
228 7.4895
229 6.60494
230 7.12989
231 6.35106
232 6.54384
233 6.92364
234 7.0666
235 7.14741
236 7.27328
237 6.90049
238 6.30165
239 6.8162
240 6.6552
241 6.5356
242 6.42919
243 6.7056
244 6.39188
245 6.56651
246 7.76544
247 6.66507
248 6.25227
249 7.25004
250 7.17824
251 7.13536
252 6.64377
253 6.7874
254 6.87929
255 6.5126
256 6.40233
257 7.02026
258 6.98856
259 6.4739
260 6.36567
261 6.35212
262 6.81105
263 6.92637
264 6.37955
265 6.34359
266 6.45725
267 6.6944
268 6.75835
269 6.70393
270 6.30365
271 6.69756
272 6.28308
273 6.7484
274 6.90985
275 7.10837
276 7.64093
277 6.74935
278 6.6258
279 6.31748
280 6.56405
281 6.74852
282 7.61432
283 6.55571
284 6.28628
285 7.37662
286 6.62528
287 6.53304
288 6.22481
289 7.24429
290 6.62765
291 6.99188
292 7.64226
293 6.78154
294 7.03666
295 6.99568
296 7.40328
297 6.51979
298 6.42919
299 7.01576
300 7.36634
301 7.82852
302 7.02974
303 6.90835
304 7.20798
305 6.90147
306 6.38506
307 6.59461
308 7.32965
309 7.17643
310 6.78612
311 6.77029
312 6.66313
313 6.50251
314 7.27217
315 7.22808
316 7.42858
317 6.49465
318 6.52355
319 6.68922
320 6.40962
321 6.93164
322 6.85908
323 7.2326
324 7.21186
325 6.33647
326 6.99744
327 6.32613
328 5.92821
329 5.84946
330 6.62303
331 6.6977
332 7.88523
333 6.94091
334 6.18541
335 6.12916
336 7.22181
337 7.13036
338 6.07908
339 6.09984
340 6.37988
341 6.46464
342 5.92464
343 5.83925
344 5.9835
345 6.2575
346 6.22886
347 6.36001
348 6.39769
349 5.8295
350 6.06163
351 7.34034
352 6.63564
353 6.92068
354 6.19629
355 6.64224
356 7.4125
357 6.86945
358 6.6194
359 6.91334
360 6.60589
361 6.48256
362 6.99844
363 7.22946
364 6.48456
365 6.25623
366 6.0893
367 6.2383
368 7.48187
369 6.50212
370 6.69392
371 6.19327
372 5.99142
373 5.70651
374 6.01253
375 6.66317
376 5.698
377 5.73397
378 7.21958
379 6.92182
380 7.03979
381 5.79413
382 6.22641
383 6.61975
384 6.11694
385 6.72569
386 7.148
387 6.32589
388 6.68517
389 6.58338
390 6.46169
391 6.2081
392 6.46571
393 6.43521
394 6.05625
395 6.21735
396 5.74248
397 6.36951
398 6.77324
399 5.698
400 6.1576
401 6.10237
402 6.06467
403 6.96011
404 7.10396
405 6.08821
406 5.87687
407 5.77296
408 6.14809
409 7.4152
410 6.95539
411 6.9086
412 6.00249
413 5.91858
414 6.12241
415 5.7767
416 6.19402
417 6.00236
418 6.43016
419 6.43764
420 6.83715
421 6.8252
422 6.67762
423 5.67054
424 5.96124
425 6.08704
426 6.76384
427 6.25639
428 6.1723
429 6.5905
430 6.0204
431 6.34987
432 5.94271
433 6.15453
434 5.99426
435 6.39033
436 5.72546
437 6.40608
438 6.47577
439 6.47684
440 6.05558
441 6.23469
442 6.0411
443 5.93569
444 5.81678
445 5.71014
446 6.36153
447 6.37741
448 6.24232
449 7.18284
450 6.47935
451 6.736
452 6.79251
453 6.75466
454 5.95234
455 6.71463
456 5.84759
457 6.77218
458 6.1447
459 6.40448
460 6.91777
461 5.95367
462 6.3392
463 6.2105
464 6.52128
465 6.34589
466 5.67054
467 6.98308
468 6.17022
469 6.94361
470 5.83533
471 6.55579
472 7.30853
473 6.25666
474 6.37129
475 6.71774
476 6.60841
477 6.07543
478 6.63753
479 5.98755
480 6.12891
481 6.13749
482 6.40754
483 7.22622
484 6.4617
485 5.71668
486 5.9031
487 6.90832
488 6.62358
489 5.97726
490 6.15557
491 6.07142
492 6.57418
493 5.99788
494 6.084
495 6.64322
496 6.17547
497 6.50943
498 5.94397
499 6.37509
