0.470078   0.490605   0.48911
-0.327699   -0.331416   -0.496284
0.475775   -0.357632   -0.342944
-0.322431   0.48881   -0.345605
-0.154855   -0.496264   0.499258
0.0007912   -0.339453   -0.487916
-0.165111   -0.335922   -0.349537
0.0116475   -0.498717   -0.34558
0.166702   0.490046   -0.499409
0.322328   -0.324828   -0.49912
0.168405   -0.338491   -0.352738
0.32315   0.490146   -0.322519
-0.494248   -0.171195   -0.483072
-0.343319   -0.00617755   0.486361
0.473703   0.0137053   -0.348237
-0.355857   -0.156538   -0.311089
-0.197511   -0.167916   -0.491361
-0.00815276   0.00643617   -0.48469
-0.175099   0.00409514   -0.346975
-0.0137636   -0.161601   -0.331141
0.175129   -0.128203   -0.485366
0.33872   0.0207867   0.485198
0.19755   0.0161371   -0.321671
0.338076   -0.173733   -0.322444
0.497247   0.178753   0.495197
-0.322058   0.342547   0.484065
-0.494015   0.330247   -0.344716
-0.342322   0.159242   -0.325456
-0.185411   0.166318   -0.489703
-0.0151432   0.317864   -0.494243
-0.168683   0.323745   -0.334288
-0.00538354   0.162109   -0.335262
0.150919   0.161219   0.493604
0.328437   0.320868   0.499284
0.163073   0.339338   -0.346052
0.332255   0.188874   -0.322647
-0.498907   0.498931   -0.162745
-0.346181   -0.324008   -0.161842
0.497843   -0.333975   0.00578053
-0.321144   0.485499   0.0235715
-0.160968   0.493857   -0.16587
-0.00634289   -0.339376   -0.183787
-0.166193   -0.340621   -0.011072
0.00479359   -0.488069   0.0119229
0.17416   -0.470229   -0.176412
0.318525   -0.320269   -0.176767
0.155771   -0.335698   -0.0036112
0.322321   -0.497078   -0.00440129
0.49426   -0.176809   -0.155195
-0.337801   0.0132814   -0.166322
-0.472919   0.00488113   0.0125522
-0.30513   -0.164547   0.00123071
-0.174174   -0.174099   -0.181375
0.00697924   0.00519266   -0.154191
-0.162068   0.0116138   -0.010953
-0.011685   -0.183393   -0.00204538
0.161913   -0.147503   -0.190237
0.344786   0.00457171   -0.143788
0.161572   -0.0118506   -0.00186816
0.335999   -0.184649   -0.0134866
-0.488422   0.173811   -0.167439
-0.336254   0.340784   -0.153069
-0.496481   0.347896   0.0150502
-0.31525   0.176195   0.0190054
-0.163235   0.162429   -0.184637
0.0215164   0.348978   -0.161796
-0.161538   0.32338   -0.0297424
-0.0114276   0.166246   0.0168295
0.157076   0.170634   -0.151341
0.3323   0.337334   -0.147986
0.163431   0.342184   0.0177676
0.372012   0.166615   0.0104896
0.487284   -0.499949   0.17111
-0.324818   -0.333433   0.152854
0.488151   -0.33012   0.320957
-0.331284   -0.483892   0.334574
-0.155068   -0.495712   0.170395
0.00521228   -0.329877   0.16252
-0.154602   -0.336168   0.350682
0.00223552   0.491513   0.351712
0.160586   -0.495875   0.174453
0.323399   -0.323714   0.173159
0.160906   -0.313407   0.341116
0.328203   0.481643   0.318502
-0.492397   -0.176859   0.144564
-0.308964   -0.028208   0.157385
0.480168   -0.0128389   0.297838
-0.34242   -0.176798   0.326813
-0.146888   -0.164483   0.190433
-0.0128338   -0.00959299   0.171038
-0.150826   0.00540604   0.349119
0.00413246   -0.16249   0.345939
0.145514   -0.162991   0.167225
0.319326   -0.0147985   0.167935
0.176066   0.0179248   0.320748
0.341157   -0.16862   0.355319
-0.483482   0.161603   0.164222
-0.332113   0.337948   0.175844
-0.494922   0.333058   0.31909
-0.338458   0.149204   0.326638
-0.169028   0.164029   0.182683
-0.0144393   0.320418   0.169779
-0.169513   0.319576   0.342871
0.00975856   0.15895   0.331159
0.176608   0.164728   0.146851
0.345931   0.325989   0.152308
0.177326   0.31388   0.311954
0.357932   0.168079   0.315844
