-0.386606   -0.287698   0.190809
0.581221   -1.66421   -1.30425
0.407066   0.362409   0.922399
0.272482   -0.117847   -0.3662
-0.974851   -0.387749   0.697097
-0.956951   0.0613243   0.470813
-0.999174   -0.518184   -0.0408764
-0.550579   0.923864   -0.66254
-0.855417   0.130576   0.0853154
0.422004   -0.496805   0.376389
-0.128462   -0.616901   1.31802
-0.802824   -0.43044   0.529193
1.44965   0.84897   -0.62701
1.13102   0.687494   0.799126
0.300366   -1.29244   1.00824
-1.99652   1.17389   0.478711
-0.28334   -0.0101285   -0.876239
0.758348   0.748425   -2.09579
0.641381   -1.19847   -1.05782
-0.366458   -0.516666   -1.11499
-0.188813   0.901534   -1.01649
-0.257359   1.08136   0.275971
-0.826527   -0.0695369   1.15578
-0.966953   0.757298   -1.43213
0.585745   1.26442   0.699589
-0.900059   -1.50045   0.242023
-1.23018   0.353465   -0.250812
1.02415   0.106994   -0.584956
0.502255   0.502157   1.01788
-0.366399   -0.618902   1.27966
-0.502076   0.890634   1.29144
-0.100321   0.571336   0.881599
0.651723   -0.750631   -0.268677
-1.19469   -0.479248   -2.4271
-0.488552   0.645144   0.960632
0.458631   -0.518167   0.964249
-0.113005   -0.3331   -0.693854
0.984984   1.54014   -0.24497
0.461031   -0.346409   -2.06043
-1.4491   0.536773   -0.241916
-0.0611611   -0.896522   0.242818
-0.667909   -0.644269   -0.347086
-1.03415   1.84019   0.859822
0.696705   0.177059   0.34957
0.319608   -0.729186   -0.571142
1.54769   0.709188   0.295566
-0.902078   -0.252572   0.687154
0.560165   -0.821182   0.0322744
1.27122   1.23497   0.201272
-0.247175   -0.113332   -0.293397
0.494878   0.105543   -0.932759
0.70262   -1.3274   0.281536
-1.32691   -0.487691   -0.385847
1.70428   -0.591514   -1.24133
-1.1861   0.945604   -1.04255
-1.21935   0.534975   0.939304
-0.00483865   -0.555669   0.393687
0.112194   -1.2407   0.136994
0.0747032   -0.0121008   -0.0593688
0.550187   -1.12883   0.344693
0.210235   -1.86002   -1.6774
-1.24015   -0.104514   -0.322795
0.575404   0.120697   -0.0466313
1.28874   1.60456   -0.791509
0.211937   0.223998   0.919926
-0.114543   1.14376   0.250148
-0.138024   -0.744541   -0.6785
-0.0367442   -0.00714816   0.57017
-0.976738   0.969556   -0.501869
-0.273312   0.493276   1.3194
0.210705   -0.238511   2.18429
0.301472   -0.410369   2.06328
-0.0830276   -1.38335   -1.81845
-0.47496   0.617754   -2.19379
-1.05091   0.232654   -0.703618
0.827878   -0.310027   0.564554
1.15459   -0.513093   -1.0615
1.51387   -0.139189   -0.45229
0.287091   -0.33531   1.46214
2.79442   1.0482   0.00124834
-2.01591   -1.03623   0.488402
-1.67519   -0.11413   -0.684009
-0.627083   -1.94339   -0.465666
-0.648638   0.753504   -0.438706
-0.368771   0.866509   1.5053
0.692846   -1.31157   -0.110297
-0.0386077   0.954825   0.803722
0.327066   -0.683721   -0.129832
-0.0696403   0.237602   0.900925
0.257365   0.733487   -0.963475
-0.180167   0.691811   1.30612
2.00371   0.188733   0.232649
-0.387781   -0.195058   1.17971
0.561892   0.397596   0.845319
0.97275   -1.03622   0.157021
-0.627327   -0.00252391   -0.997887
1.37648   0.255938   0.789689
0.70183   -0.332985   -0.565694
-0.965831   0.616704   0.243453
-0.641343   0.964191   -1.12239
1.28122   -0.820694   -0.124991
-0.887998   2.17132   0.225399
-0.310632   -0.264459   0.167152
0.115198   -0.842039   0.466269
0.523003   -0.589885   0.356614
0.581611   -0.267886   -0.572439
0.148332   -0.0371788   -0.684335
-0.217735   1.55659   -0.0639469
