-0.357818 -0.357818 0
-0.0381703 -0.197994 0.159824 
-0.157584 -0.184524 0.0932524 
-0.141548 -0.17378 0.066809 
0.033863 -0.132251 0.0663528 
-0.0439633 -0.117537 0.0561396 
0.0349553 -0.0957522 0.0522087 
0.00980948 -0.082557 0.0471001 
-0.178948 -0.0932671 0.0428969 
-0.00987589 -0.084928 0.039264 
-0.265661 -0.101358 0.039132 
-0.0973443 -0.101024 0.035724 
-0.117299 -0.102276 0.0328852 
0.0268477 -0.0930526 0.0318121 
-0.312984 -0.107715 0.0330462 
-0.0762339 -0.105747 0.0309744 
-0.200641 -0.111329 0.029626 
-0.19551 -0.116006 0.0283205 
-0.0641643 -0.113277 0.0269271 
-0.209425 -0.118085 0.0259937 
-0.378565 -0.130489 0.0276619 
-0.248939 -0.135873 0.0269185 
-0.227089 -0.139839 0.0260255 
-0.425396 -0.151737 0.0276125 
0.123366 -0.140733 0.02868 
-0.0626004 -0.137728 0.0277183 
-0.2309 -0.141179 0.0268942 
-0.141447 -0.141188 0.0259159 
-0.0951562 -0.139601 0.0250566 
-0.304216 -0.145088 0.0248211 
0.317199 -0.130175 0.0282617 
-0.190476 -0.13206 0.0274291 
-0.246238 -0.13552 0.0268091 
-0.0276437 -0.132347 0.0262015 
0.0388543 -0.127456 0.0259078 
0.111219 -0.120826 0.0260361 
-0.458053 -0.12994 0.0269129 
-0.158293 -0.130686 0.0262058 
-0.0247817 -0.127971 0.025669 
-0.277222 -0.131702 0.0252958 
-0.0066429 -0.128652 0.0248589 
-0.234382 -0.131169 0.0243901 
0.0134318 -0.127806 0.0240524 
-0.0223148 -0.125409 0.0236213 
0.0382505 -0.121772 0.0233751 
-0.312996 -0.125929 0.0232362 
-0.460603 -0.13305 0.0238254 
-0.237258 -0.135221 0.0234246 
-0.00251595 -0.132512 0.0231009 
0.122866 -0.127405 0.0232033 
0.0592368 -0.123745 0.0230363 
-0.123351 -0.123738 0.0225889 
-0.201418 -0.125203 0.0222071 
-0.0120329 -0.123107 0.0218925 
-0.154311 -0.123675 0.0214982 
-0.63449 -0.132796 0.0229972 
-0.300441 -0.135738 0.0227808 
-0.216446 -0.137129 0.0224278 
-0.0753536 -0.136082 0.0220693 
-0.166225 -0.136584 0.0217041 
-0.0379411 -0.134967 0.0214065 
-0.209216 -0.136165 0.0210925 
-0.0471483 -0.134752 0.020803 
0.0479242 -0.131898 0.0206734 
-0.184379 -0.132705 0.0203688 
0.0381396 -0.130116 0.0202242 
-0.558634 -0.136512 0.0209216 
-0.142642 -0.136602 0.0206119 
-0.00535293 -0.1347 0.0203998 
-0.0356533 -0.133285 0.020156 
-0.165854 -0.133744 0.0198754 
-0.0333831 -0.13235 0.0196469 
-0.0644958 -0.131421 0.0193982 
-0.142469 -0.13157 0.0191348 
0.0928568 -0.128578 0.0191137 
-0.251049 -0.130189 0.0189292 
-0.211359 -0.131243 0.0187115 
-0.0491241 -0.13019 0.0185 
0.00932193 -0.128424 0.0183495 
-0.177476 -0.129038 0.0181291 
-0.057572 -0.128155 0.0179256 
-0.480714 -0.132455 0.0182202 
-0.0419503 -0.131364 0.0180323 
-0.400015 -0.134563 0.0181011 
-0.134801 -0.134565 0.0178869 
-0.442682 -0.138148 0.0180371 
-0.280844 -0.139788 0.0179039 
-0.491546 -0.143786 0.018145 
-0.379687 -0.146436 0.0181347 
-0.25421 -0.147634 0.017972 
-0.301675 -0.149326 0.0178539 
0.198972 -0.145541 0.01806 
-0.197702 -0.146101 0.0178736 
-0.0287924 -0.144853 0.0177264 
-0.0404286 -0.143754 0.0175732 
0.0278001 -0.141967 0.0174808 
-0.0417251 -0.140934 0.0173304 
-0.202933 -0.141566 0.0171644 
0.175166 -0.138367 0.0172887 
-0.44543 -0.141438 0.0173882 
