-0.084928 -0.084928 0
-0.151241 -0.118085 0.0331567 
-0.199094 -0.145088 0.0331003 
-0.0915434 -0.131702 0.026963 
-0.110216 -0.127405 0.0213229 
-0.182483 -0.136584 0.0196819 
-0.11349 -0.133285 0.0169583 
-0.0993032 -0.129038 0.0152883 
-0.296402 -0.147634 0.0229697 
-0.0856747 -0.141438 0.0214586 
-0.248445 -0.151166 0.0217114 
-0.196945 -0.154981 0.0201835 
-0.225311 -0.160391 0.0193383 
-0.234425 -0.165679 0.0186684 
-0.131492 -0.1634 0.0175282 
-0.249393 -0.168774 0.0172545 
-0.190763 -0.170068 0.0162593 
-0.132871 -0.168001 0.0154681 
-0.0979014 -0.164312 0.0150894 
-0.0789237 -0.160042 0.0149381 
-0.0569554 -0.155134 0.0150331 
-0.092376 -0.152281 0.0146146 
-0.150603 -0.152208 0.0139649 
-0.093387 -0.149757 0.0135931 
0.000222157 -0.143758 0.0143521 
-0.356089 -0.151925 0.0160259 
-0.0949265 -0.149813 0.0155648 
-0.183399 -0.151013 0.0150465 
-0.161388 -0.151371 0.0145228 
-0.0950261 -0.149493 0.0141555 
-0.0658556 -0.146795 0.0139545 
-0.0220933 -0.142898 0.0140622 
-0.0971407 -0.141511 0.0136997 
-0.116332 -0.140771 0.0133113 
-0.0932146 -0.139412 0.0129966 
-0.048148 -0.136877 0.0128823 
-0.200361 -0.138592 0.0126463 
-0.178159 -0.139634 0.0123529 
-0.041852 -0.137126 0.0122905 
-0.213316 -0.139031 0.0121297 
-0.071617 -0.137387 0.0119439 
-0.19724 -0.138812 0.0117429 
-0.207914 -0.140419 0.0115786 
-0.0939099 -0.139362 0.0113617 
-0.117918 -0.138886 0.0111165 
-0.150711 -0.139143 0.0108752 
-0.0966235 -0.138238 0.0106797 
-0.0676495 -0.136767 0.0105578 
-0.13767 -0.136786 0.0103401 
-0.073446 -0.135519 0.01021 
-0.130677 -0.135424 0.0100083 
-0.208949 -0.136838 0.00991527 
-0.205238 -0.138129 0.00981164 
-0.143457 -0.138227 0.00962874 
-0.0937494 -0.137419 0.00948658 
-0.0504156 -0.135865 0.0094443 
-0.241447 -0.137717 0.00946024 
-0.120725 -0.137424 0.00930032 
-0.19519 -0.138403 0.00919361 
-0.244525 -0.140172 0.0092105 
-0.25101 -0.141989 0.0092387 
-0.0936016 -0.141209 0.00912191 
-0.218501 -0.142435 0.00905941 
-0.0879734 -0.141584 0.00895725 
-0.240516 -0.143107 0.00894875 
-0.133821 -0.142966 0.00881324 
-0.204606 -0.143886 0.00872932 
-0.117509 -0.143498 0.00860873 
-0.145168 -0.143522 0.00848309 
-0.2095 -0.144465 0.00841398 
-0.0982008 -0.143813 0.00832018 
-0.115116 -0.143414 0.00821349 
-0.317713 -0.145802 0.00844476 
-0.0589761 -0.144629 0.00841209 
-0.250628 -0.146042 0.00841865 
-0.0652052 -0.144979 0.00837496 
-0.15009 -0.145045 0.00826575 
-0.0578098 -0.143926 0.00823538 
-0.025341 -0.142425 0.00826788 
-0.115523 -0.142089 0.0081708 
-0.134135 -0.141991 0.00806989 
-0.0015847 -0.140279 0.00815271 
-0.222991 -0.141275 0.0081153 
-0.0820785 -0.14057 0.00804902 
-0.148433 -0.140663 0.0079543 
-0.0620042 -0.139748 0.00791429 
-0.13508 -0.139695 0.00782298 
-0.154018 -0.139857 0.00773528 
-0.146451 -0.139932 0.00764823 
-0.150332 -0.140047 0.00756366 
-0.169261 -0.140368 0.00748696 
-0.253688 -0.1416 0.00750688 
-0.0936775 -0.141085 0.00744358 
-0.19636 -0.141673 0.00738741 
-0.106021 -0.141297 0.00731886 
-0.160338 -0.141496 0.00724494 
-0.0658374 -0.140716 0.00721216 
-0.177127 -0.141087 0.00714785 
-0.142765 -0.141104 0.0070753 
-0.152881 -0.141222 0.00700518 
