-0.491045   -0.0162485   -0.196925
0.127439   -0.494137   -0.349991
0.0668704   0.483862   0.237028
-0.183221   0.291304   -0.155463
0.0204338   -0.23991   -0.0429683
-0.306959   0.198193   -0.0526941
-0.129419   0.26326   -0.0883612
-0.223786   0.379325   0.449326
-0.0383335   0.282054   0.283456
0.114144   -0.411079   -0.354236
-0.152829   -0.382983   0.252419
0.271694   0.46161   0.0573717
-0.0414327   -0.0958391   0.407719
-0.359077   -0.102722   -0.0680444
0.425072   0.270638   0.148042
-0.38924   -0.189897   -0.0618298
0.187077   -0.141836   -0.29468
0.100226   -0.0483294   -0.0475294
0.348846   -0.468969   -0.146388
-0.139535   -0.272785   0.100881
0.448411   0.139606   -0.123561
0.172093   -0.464746   -0.479674
-0.470321   -0.410549   -0.0596871
-0.0391653   0.441439   0.326368
0.104682   0.439083   -0.0383701
0.403048   -0.113427   -0.0933472
0.257128   -0.160073   -0.163817
0.167638   0.293665   0.367025
-0.183034   0.154283   0.199778
0.38869   0.314376   -0.10682
-0.254603   -0.20903   -0.114953
-0.0330457   -0.430464   -0.0643826
0.345241   0.00561154   0.379301
-0.0112037   0.474703   0.202668
0.363009   -0.182463   -0.298813
-0.0132829   0.46096   -0.332119
-0.163331   -0.219908   -0.344415
0.062866   0.287587   0.198277
0.476998   -0.498701   -0.139239
-0.131647   -0.119519   0.353402
-0.164409   -0.423624   0.390796
0.225477   0.480416   -0.433535
0.397827   -0.292882   0.497729
0.445774   0.201412   0.403893
-0.215584   -0.0786073   -0.0827747
-0.152946   0.289227   0.364568
-0.0943965   -0.208188   0.00975223
-0.194121   -0.0594953   0.462508
-0.0515293   -0.25365   -0.143437
0.326228   -0.484505   -0.287664
-0.44053   0.12369   -0.0978521
0.325655   -0.410878   -0.4783
0.0453316   -0.147464   -0.0603632
0.0893846   0.0329801   -0.0175353
0.473205   0.0290663   -0.152543
-0.127155   0.0271973   0.26211
0.442534   0.047131   -0.329033
0.479608   0.48261   0.035764
-0.0920389   0.352157   0.338707
-0.490331   0.237369   -0.269896
-0.328508   0.384423   -0.01565
-0.084331   0.130968   0.0770151
0.387926   0.49868   0.0670967
-0.367442   -0.130751   -0.356069
0.184434   -0.220341   -0.140485
-0.321166   -0.0842662   0.0756561
0.0999743   -0.496227   0.00850901
0.203961   -0.195545   0.089618
0.442925   -0.429144   0.182384
0.23927   0.145261   0.154686
-0.360099   -0.295874   0.0924249
0.164564   -0.176243   0.157157
0.255115   0.456008   -0.319777
-0.462249   -0.218074   -0.21318
0.213956   0.0819285   -0.227101
0.178516   -0.145878   0.267466
0.0792232   -0.257442   0.203819
0.123389   -0.0452071   0.155085
-0.264003   0.250029   0.164587
0.0331083   -0.245296   0.0845144
0.310063   -0.314623   -0.408363
0.209214   -0.400806   -0.127059
-0.167585   -0.0905561   0.239499
-0.355868   -0.310181   -0.356148
-0.314299   0.27049   0.313938
-0.235489   -0.139872   -0.443446
-0.0486626   0.185177   -0.461153
0.451064   -0.187106   -0.107163
0.146625   -0.273608   0.133561
0.0807128   0.472854   -0.442066
-0.313901   0.217178   -0.327344
0.0925857   -0.424099   0.242964
0.398965   -0.19739   -0.414085
-0.091266   0.216871   0.482415
-0.243722   -0.27559   0.352578
-0.206596   -0.2949   -0.316394
0.0939638   -0.456367   0.104278
-0.358775   0.228571   -0.395308
-0.0194115   -0.210666   -0.45847
0.0665309   -0.458448   -0.491246
-0.293352   0.409764   0.0657955
0.324299   -0.23152   -0.403788
-0.125421   -0.484372   0.115137
0.182813   0.3931   -0.0886549
-0.200348   0.357275   -0.0419034
0.356472   -0.382479   0.345558
-0.431135   0.0492288   0.115791
0.493356   0.347653   0.22343
