-0.44137   -0.415462   0.166749
0.130052   0.396428   -0.255996
-0.466587   -0.0762197   0.0135596
-0.141856   0.350035   0.0673593
0.131676   0.312748   0.0022991
-0.273184   0.309286   -0.352759
0.20836   0.033875   0.431127
0.00876347   -0.185901   0.127065
0.492983   -0.434612   -0.0702465
0.16332   0.149149   -0.463125
-0.366416   0.251998   0.250927
-0.40971   -0.458326   0.110861
-0.408634   0.116336   -0.494877
-0.477654   0.365358   -0.0591564
0.155114   0.396945   0.0215397
-0.47828   -0.326634   0.196796
0.287432   -0.128418   -0.0846511
-0.291619   -0.466132   -0.366286
-0.445642   -0.0350982   0.417457
0.318493   0.38633   0.0437294
0.137739   -0.104014   -0.0281053
0.333336   -0.075299   -0.170185
-0.346156   -0.419054   0.0869682
0.0187083   -0.161732   0.0392389
0.43142   -0.0688724   0.398527
-0.0637468   0.368295   -0.499475
-0.0203759   -0.410477   -0.497907
0.0927774   0.317867   0.110026
0.0550664   0.177884   -0.315329
0.106528   0.485505   -0.128669
0.349406   0.168574   -0.421733
-0.377069   0.296061   -0.0301988
0.0836235   -0.477749   0.219386
-0.088216   -0.160639   0.279291
0.0798755   -0.281969   -0.141442
0.308053   0.413027   0.477801
0.176663   0.257466   0.497988
-0.471607   -0.00214668   0.0450697
0.298324   -0.0271746   -0.390061
-0.357218   0.388634   0.225515
-0.0482783   -0.35212   0.0806028
-0.16948   0.233325   -0.457469
-0.19347   -0.180101   -0.328338
0.485831   -0.495735   -0.176567
0.286508   -0.177145   0.301796
-0.278552   -0.173622   -0.118386
0.385777   -0.46089   -0.423624
0.460164   0.218623   0.0235526
-0.0162038   0.320093   0.0586152
0.37458   -0.155331   0.287425
-0.163875   0.124474   -0.432733
-0.48425   0.149483   -0.157242
-0.249323   -0.463608   0.45246
0.0719021   0.0020005   -0.378201
-0.0109617   0.440733   -0.420618
0.300576   -0.0829413   0.240272
0.38099   -0.295374   -0.270396
0.46021   0.457242   0.0731191
-0.106526   0.35894   0.369269
0.172535   0.0330631   -0.309808
-0.409415   0.484066   0.237318
0.411948   0.186461   0.204847
-0.095376   -0.462423   0.214921
-0.271587   0.149742   0.267695
-0.408939   0.315547   0.208483
-0.422851   -0.409806   0.380144
0.0913636   0.408813   0.0836986
0.376095   0.10616   0.18258
-0.0893481   0.213422   -0.350366
-0.110191   -0.262099   -0.0232559
0.483207   0.0840045   0.382316
0.328644   0.210814   -0.490429
0.335835   0.462087   -0.455003
-0.383553   -0.196573   0.0602655
0.341445   0.420425   0.362307
0.413312   0.292607   -0.183713
-0.308142   -0.368959   0.432663
0.478683   0.211675   -0.0612117
-0.392951   -0.247118   -0.0745034
-0.31037   -0.356363   0.292431
0.478847   0.00290465   -0.0304956
-0.08177   -0.370465   0.443002
-0.390032   -0.230117   -0.498146
-0.45542   -0.00123209   0.258124
-0.00958137   -0.148103   -0.148507
0.154269   -0.322137   -0.333112
0.213415   0.170043   -0.355603
0.243537   -0.093217   -0.404239
0.123988   -0.16217   0.102166
-0.0205711   -0.416635   0.0212589
0.359661   0.00693713   0.189845
0.272199   0.15031   0.478921
0.0909584   -0.190138   -0.400489
-0.147367   0.335492   0.251863
-0.470117   -0.239188   0.340973
-0.111039   -0.339032   -0.200276
0.178945   0.309243   0.145421
-0.476392   0.276132   0.368234
0.491031   -0.0350022   0.496041
0.286731   -0.43634   0.270451
0.0881297   0.264367   -0.480979
0.276911   0.0546954   0.27956
-0.231252   0.202039   -0.338897
0.367669   -0.234676   -0.188471
-0.215255   -0.204047   -0.414699
-0.44671   -0.0856568   -0.0637815
-0.222181   -0.358652   -0.151044
-0.446916   0.437129   -0.229541
