0.364515   -0.118538   -0.462822
0.485437   -0.269867   0.312213
-0.00905846   0.00316971   -0.40993
-0.234975   0.155119   0.159617
0.00566173   -0.44295   0.221765
-0.0363714   -0.303031   0.298464
-0.46038   0.328008   0.393962
-0.359915   0.302033   0.42768
-0.260124   0.287527   -0.185991
0.162791   -0.106843   -0.00067381
0.400305   -0.0106275   -0.103335
0.263845   0.0992832   0.0402181
-0.490972   -0.195399   0.00169132
0.0938871   0.478634   -0.101884
-0.316585   0.408101   0.0303286
0.142166   -0.47727   -0.421108
0.132883   -0.249976   -0.469046
0.0778813   0.481558   -0.265909
-0.278298   0.471624   -0.202994
0.221046   0.430399   0.321834
-0.236359   0.202542   -0.39017
0.31827   0.469013   -0.305573
-0.469965   0.265219   -0.406269
-0.138625   0.415421   -0.273492
-0.123927   0.0173306   -0.445325
0.147378   0.451475   -0.198179
-0.297944   -0.27035   0.216632
-0.454983   0.0317682   0.112561
0.185011   -0.329462   -0.496213
-0.394486   -0.0102905   0.000404111
-0.276244   -0.466622   -0.0105579
0.248013   -0.240405   0.0540995
0.0456117   -0.114358   -0.29712
-0.204394   -0.415176   0.439629
-0.428183   0.436033   -0.246098
-0.3224   0.127325   -0.393653
-0.4239   0.311768   -0.0869054
0.346986   -0.0128924   0.166022
0.219028   0.351944   0.449419
-0.338296   0.338665   -0.0809324
0.357266   0.0560836   0.125534
0.115562   0.165868   0.269
-0.363031   0.45588   -0.41869
-0.448123   -0.212808   -0.246836
-0.2959   -0.0504504   0.0948198
-0.401583   0.186708   0.447641
0.49908   0.274298   0.102761
-0.151148   0.0687567   -0.249308
0.0764523   -0.167976   -0.495568
-0.153476   -0.0940692   0.415247
0.213069   -0.26665   -0.432511
-0.398827   0.0887363   -0.331081
-0.373169   0.411127   -0.159955
-0.460482   0.176321   -0.399921
-0.110915   0.123765   0.267118
-0.376668   -0.334816   -0.0582123
0.276985   0.362742   -0.265211
-0.236363   0.181985   0.233064
-0.297419   0.281763   -0.411081
-0.0460564   0.0825954   -0.352636
-0.33438   -0.128543   -0.200277
-0.457734   0.0970293   -0.483626
-0.0521086   -0.215972   0.245802
-0.266418   0.29275   0.137708
-0.0876207   0.125404   0.00373836
0.487637   -0.187576   0.297041
-0.213983   -0.0640213   0.0201404
-0.257997   0.426415   -0.0290502
0.163807   0.284044   -0.313542
-0.133483   -0.125194   0.046317
-0.0380938   -0.183679   -0.24176
-0.182457   0.482419   -0.243942
-0.203475   0.339928   -0.47555
0.397163   0.366577   -0.277469
-0.0240668   0.333497   -0.482666
-0.423999   -0.00518263   -0.309648
0.183827   0.391615   -0.408778
0.337586   -0.419593   -0.295086
-0.269209   0.449682   0.390468
-0.181286   0.435448   0.440075
0.207413   -0.406423   -0.207566
-0.0808903   -0.10542   -0.182673
0.232854   0.083129   -0.131571
-0.178052   -0.438392   -0.149533
0.43341   0.335905   0.362097
0.0637028   -0.446606   -0.0531309
-0.352986   -0.132301   -0.0146419
-0.0608944   0.46497   -0.497814
-0.108938   -0.15383   0.453162
-0.260912   0.380609   0.447636
-0.382439   -0.0283118   0.339228
0.353199   0.1077   -0.167434
-0.441254   0.152172   -0.135468
-0.420757   -0.297263   0.253306
-0.161311   0.264359   -0.0216914
0.475688   0.294288   -0.30423
-0.381845   0.258732   -0.360496
0.301202   -0.445443   -0.210239
-0.0828461   -0.11553   -0.0663701
-0.00806914   0.278266   -0.251757
-0.146314   0.345523   0.445199
-0.277369   -0.00370002   0.36938
0.105539   0.38377   -0.0458126
-0.399544   0.067554   -0.0594027
0.227927   -0.210871   0.34546
0.408734   0.104822   -0.434394
-0.374731   0.0177925   0.0777071
-0.397616   0.42048   -0.0439356
