0 27.9421
1 25.2518
2 22.9398
3 21.8414
4 21.0862
5 18.0909
6 17.9229
7 17.9229
8 16.5692
9 15.7728
10 16.0464
11 15.0701
12 14.9942
13 14.9075
14 14.6885
15 14.2506
16 13.9472
17 13.9171
18 13.4246
19 13.4793
20 12.5744
21 12.7198
22 12.7619
23 12.0222
24 12.2087
25 11.6579
26 11.4875
27 11.5234
28 11.2188
29 11.5044
30 11.3702
31 11.2547
32 11.2162
33 11.2162
34 11.2162
35 11.1807
36 11.3496
37 11.3496
38 11.3141
39 11.2054
40 11.3141
41 11.2111
42 11.2111
43 11.2111
44 11.1024
45 11.1024
46 11.1024
47 11.1024
48 11.1002
49 11.1002
50 10.9847
51 10.9847
52 10.9847
53 10.9847
54 10.9847
55 10.9847
56 10.9847
57 10.9847
58 10.9847
59 10.9847
60 10.9847
61 10.9847
62 10.9847
63 10.9847
64 10.9847
65 10.9847
66 10.9847
67 10.9847
68 10.9847
69 10.9847
70 10.9847
71 10.9847
72 10.9847
73 10.9847
74 10.9847
75 10.9847
76 10.9847
77 10.9847
78 10.9847
79 10.9847
80 10.9847
81 10.9847
82 10.9847
83 10.9847
84 10.9847
85 10.9847
86 10.9847
87 10.9847
88 10.9847
89 10.9847
90 10.9847
91 10.9847
92 10.9847
93 10.9847
94 10.9847
95 10.9847
96 10.9847
97 10.9847
98 10.9847
99 10.9847
100 10.9847
101 10.9847
102 10.9847
103 10.9847
104 10.9847
105 10.9847
106 10.9847
107 10.9847
108 10.9847
109 10.9847
110 10.9847
111 10.9847
112 10.9847
113 10.9847
114 10.9847
115 10.9847
116 10.9847
117 10.9847
118 10.9847
119 10.9847
120 10.9847
121 10.9847
122 10.9847
123 10.9847
124 10.7716
125 10.7716
126 10.7716
127 10.7716
128 10.7716
129 10.7716
130 10.7716
131 10.7716
132 10.7716
133 10.7716
134 10.7716
135 10.7716
136 10.7716
137 10.7716
138 10.7716
139 10.7716
140 10.7716
141 10.7716
142 10.7716
143 10.7716
144 10.7716
145 10.7716
146 10.7716
147 10.7716
148 10.7716
149 10.7716
150 10.7716
151 10.7716
152 10.7716
153 10.7716
154 10.7716
155 10.7716
156 10.7716
157 10.7716
158 10.7716
159 10.7716
160 10.7716
161 10.7716
162 10.7716
163 10.7716
164 10.7716
165 10.7716
166 10.7716
167 10.7716
168 10.7716
169 10.7716
170 10.7716
171 10.7716
172 10.7716
173 10.7716
174 10.7716
175 10.7716
176 10.7716
177 10.7716
178 10.7716
179 10.7716
180 10.7716
181 10.7716
182 10.7716
183 10.7716
184 10.7716
185 10.7716
186 10.7716
187 10.7716
188 10.7716
189 10.7716
190 10.7716
191 10.7716
192 10.7716
193 10.7716
194 10.7716
195 10.7716
196 10.7716
197 10.7716
198 10.7716
199 10.7716
200 10.7716
201 10.7716
202 10.7716
203 10.7716
204 10.7716
205 10.7716
206 10.7716
207 10.7716
208 10.7716
209 10.7716
210 10.7716
211 10.7716
212 10.7716
213 10.7716
214 10.7716
215 10.7716
216 10.7716
217 10.7716
218 10.7716
219 10.7716
220 10.7716
221 10.7716
222 10.7716
223 10.7716
224 10.7716
225 10.7716
226 10.7716
227 10.7716
228 10.7716
229 10.7716
230 10.7716
231 10.7716
232 10.7716
233 10.7716
234 10.7716
235 10.7716
236 10.7716
237 10.7716
238 10.7716
239 10.7716
240 10.7716
241 10.7716
242 10.7716
243 10.7716
244 10.7716
245 10.7716
246 10.7716
247 10.7716
248 10.7716
249 10.7716
250 10.7716
251 10.7716
252 10.7716
253 10.7716
254 10.7716
255 10.7716
256 10.7716
257 10.7716
258 10.7716
259 10.7716
260 10.7716
261 10.7716
262 10.7716
263 10.7716
264 10.7716
265 10.7716
266 10.7716
267 10.7716
268 10.7716
269 10.7716
270 10.7716
271 10.7716
272 10.7716
273 10.7716
274 10.7716
275 10.7716
276 10.7716
277 10.7716
278 10.7716
279 10.7716
280 10.7716
281 10.7716
282 10.7716
283 10.7716
284 10.7716
285 10.7716
286 10.7716
287 10.7716
288 10.7716
289 10.7716
290 10.7716
291 10.7716
292 10.7716
293 10.7716
294 10.7716
295 10.7716
296 10.7716
297 10.7716
298 10.7716
299 10.7716
300 10.7716
301 10.7716
302 10.7716
303 10.7716
304 10.7716
305 10.7716
306 10.7716
307 10.7716
308 10.7716
309 10.7716
310 10.7716
311 10.7716
312 10.7716
313 10.7716
314 10.7716
315 10.7716
316 10.7716
317 10.7716
318 10.7716
319 10.7716
320 10.7716
321 10.7716
322 10.7716
323 10.7716
324 10.7716
325 10.7716
326 10.7716
327 10.7716
328 10.7716
329 10.7716
330 10.7716
331 10.7716
332 10.7716
333 10.7716
334 10.7716
335 10.7716
336 10.7716
337 10.7716
338 10.7716
339 10.7716
340 10.7716
341 10.7716
342 10.7716
343 10.7716
344 10.7716
345 10.7716
346 10.7716
347 10.7716
348 10.7716
349 10.7716
350 10.7716
351 10.7716
352 10.7716
353 10.7716
354 10.7716
355 10.7716
356 10.7716
357 10.7716
358 10.7716
359 10.7716
360 10.7716
361 10.7716
362 10.7716
363 10.7716
364 10.7716
365 10.7716
366 10.7716
367 10.7716
368 10.7716
369 10.7716
370 10.7716
371 10.7716
372 10.7716
373 10.7716
374 10.7716
375 10.7716
376 10.7716
377 10.7716
378 10.7716
379 10.7716
380 10.7716
381 10.7716
382 10.7716
383 10.7716
384 10.7716
385 10.7716
386 10.7716
387 10.7716
388 10.7716
389 10.7716
390 10.7716
391 10.7716
392 10.7716
393 10.7716
394 10.7716
395 10.7716
396 10.7716
397 10.7716
398 10.7716
399 10.7716
400 10.7716
401 10.7716
402 10.7716
403 10.7716
404 10.7716
405 10.7716
406 10.7716
407 10.7716
408 10.7716
409 10.7716
410 10.7716
411 10.7716
412 10.7716
413 10.7716
414 10.7716
415 10.7716
416 10.7716
417 10.7716
418 10.7716
419 10.7716
420 10.7716
421 10.7716
422 10.7716
423 10.7716
424 10.7716
425 10.7716
426 10.7716
427 10.7716
428 10.7716
429 10.7716
430 10.7716
431 10.7716
432 10.7716
433 10.7716
434 10.7716
435 10.7716
436 10.7716
437 10.7716
438 10.7716
439 10.7716
440 10.7716
441 10.7716
442 10.7716
443 10.7716
444 10.7716
445 10.7716
446 10.7716
447 10.7716
448 10.7716
449 10.7716
450 10.7716
451 10.7716
452 10.7716
453 10.7716
454 10.7716
455 10.7716
456 10.7716
457 10.7716
458 10.7716
459 10.7716
460 10.7716
461 10.7716
462 10.7716
463 10.7716
464 10.7716
465 10.7716
466 10.7716
467 10.7716
468 10.7716
469 10.7716
470 10.7716
471 10.7716
472 10.7716
473 10.7716
474 10.7716
475 10.7716
476 10.7716
477 10.7716
478 10.7716
479 10.7716
480 10.7716
481 10.7716
482 10.7716
483 10.7716
484 10.7716
485 10.7716
486 10.7716
487 10.7716
488 10.7716
489 10.7716
490 10.7716
491 10.7716
492 10.7716
493 10.7716
494 10.7716
495 10.7716
496 10.7716
497 10.7716
498 10.7716
499 10.7716
