0 27.9421
1 27.2753
2 23.0104
3 23.5423
4 20.9165
5 20.8032
6 19.4592
7 18.4083
8 17.4098
9 16.5916
10 16.0228
11 15.9926
12 16.0016
13 15.8576
14 15.781
15 15.1759
16 15.139
17 14.973
18 13.7227
19 13.7227
20 13.0566
21 13.0566
22 13.2689
23 13.3159
24 13.1588
25 13.1588
26 12.9136
27 12.5306
28 12.5306
29 12.2586
30 12.203
31 11.8307
32 11.8307
33 12.023
34 11.9505
35 11.9053
36 11.2221
37 11.1931
38 11.0841
39 11.1931
40 11.1245
41 11.0764
42 11.052
43 11.052
44 11.0423
45 11.0423
46 11.0423
47 11.0423
48 11.0423
49 10.9806
50 10.9806
51 10.5515
52 10.4116
53 10.2414
54 10.2414
55 10.2414
56 10.2001
57 10.2001
58 10.2001
59 10.2001
60 10.2001
61 10.2001
62 10.2001
63 10.2001
64 10.2001
65 10.2001
66 10.2001
67 10.2001
68 10.2001
69 10.2001
70 10.2001
71 10.2001
72 10.2001
73 10.2001
74 10.2001
75 10.2001
76 10.2001
77 10.2001
78 10.2001
79 10.2001
80 10.2001
81 10.2001
82 10.2001
83 10.2001
84 10.2001
85 10.2001
86 10.2001
87 10.2001
88 10.2001
89 10.2001
90 10.2001
91 10.2001
92 10.2001
93 10.2001
94 10.2001
95 10.2001
96 10.2001
97 10.2001
98 10.2001
99 10.2001
100 10.2001
101 10.2001
102 10.2001
103 10.2001
104 10.2001
105 10.2001
106 10.2001
107 10.2001
108 10.2001
109 10.2001
110 10.2001
111 10.2001
112 10.2001
113 10.2001
114 10.2001
115 10.2001
116 10.2001
117 10.2001
118 10.2001
119 10.2001
120 10.2001
121 10.2001
122 10.2001
123 10.2001
124 10.2001
125 10.2001
126 10.2001
127 10.2001
128 10.2001
129 10.2001
130 10.2001
131 10.2001
132 10.2001
133 10.2001
134 10.2001
135 10.2001
136 10.2001
137 10.2001
138 10.2001
139 10.2001
140 10.2001
141 10.2001
142 10.2001
143 10.2001
144 10.2001
145 10.2001
146 10.2001
147 10.2001
148 10.2001
149 10.2001
150 10.2001
151 10.2001
152 10.2001
153 10.2001
154 10.2001
155 10.2001
156 10.2001
157 10.2001
158 10.2001
159 10.2001
160 10.2001
161 10.2001
162 10.2001
163 10.2001
164 10.2001
165 10.2001
166 10.2001
167 10.2001
168 10.2001
169 10.2001
170 10.2001
171 10.2001
172 10.2001
173 10.2001
174 10.2001
175 10.2001
176 10.2001
177 10.2001
178 10.2001
179 10.2001
180 10.2001
181 10.2001
182 10.2001
183 10.2001
184 10.2001
185 10.2001
186 10.2001
187 10.2001
188 10.2001
189 10.2001
190 10.2001
191 10.2001
192 10.2001
193 10.2001
194 10.2001
195 10.2001
196 10.2001
197 10.2001
198 10.2001
199 10.2001
200 10.2001
201 10.2001
202 10.2001
203 10.2001
204 10.2001
205 10.2001
206 10.2001
207 10.2001
208 10.2001
209 10.2001
210 10.2001
211 10.2001
212 10.2001
213 10.2001
214 10.2001
215 10.2001
216 10.2001
217 10.2001
218 10.2001
219 10.2001
220 10.2001
221 10.2001
222 10.2001
223 10.2001
224 10.2001
225 10.2001
226 10.2001
227 10.2001
228 10.2001
229 10.2001
230 10.2001
231 10.2001
232 10.2001
233 10.2001
234 10.2001
235 10.2001
236 10.2001
237 10.2001
238 10.2001
239 10.2001
240 10.2001
241 10.2001
242 10.2001
243 10.2001
244 10.2001
245 10.2001
246 10.2001
247 10.2001
248 10.2001
249 10.2001
250 10.2001
251 10.2001
252 10.2001
253 10.2001
254 10.2001
255 10.2001
256 10.2001
257 10.2001
258 10.2001
259 10.2001
260 10.2001
261 10.2001
262 10.2001
263 10.2001
264 10.2001
265 10.2001
266 10.2001
267 10.2001
268 10.2001
269 10.2001
270 10.2001
271 10.2001
272 10.2001
273 10.2001
274 10.2001
275 10.2001
276 10.2001
277 10.2001
278 10.2001
279 10.2001
280 10.2001
281 10.2001
282 10.2001
283 10.2001
284 10.2001
285 10.2001
286 10.2001
287 10.2001
288 10.2001
289 10.2001
290 10.2001
291 10.2001
292 10.2001
293 10.2001
294 10.2001
295 10.2001
296 10.2001
297 10.2001
298 10.2001
299 10.2001
300 10.2001
301 10.2001
302 10.2001
303 10.2001
304 10.2001
305 10.2001
306 10.2001
307 10.2001
308 10.2001
309 10.2001
310 10.2001
311 10.2001
312 10.2001
313 10.2001
314 10.2001
315 10.2001
316 10.2001
317 10.2001
318 10.2001
319 10.2001
320 10.2001
321 10.2001
322 10.2001
323 10.2001
324 10.2001
325 10.2001
326 10.2001
327 10.2001
328 10.2001
329 10.2001
330 10.2001
331 10.2001
332 10.2001
333 10.2001
334 10.2001
335 10.2001
336 10.2001
337 10.2001
338 10.2001
339 10.2001
340 10.2001
341 10.2001
342 10.2001
343 10.2001
344 10.2001
345 10.2001
346 10.2001
347 10.2001
348 10.2001
349 10.2001
350 10.2001
351 10.2001
352 10.2001
353 10.2001
354 10.2001
355 10.2001
356 10.2001
357 10.2001
358 10.2001
359 10.2001
360 10.2001
361 10.2001
362 10.2001
363 10.2001
364 10.2001
365 10.2001
366 10.2001
367 10.2001
368 10.2001
369 10.2001
370 10.2001
371 10.2001
372 10.2001
373 10.2001
374 10.2001
375 10.2001
376 10.2001
377 10.2001
378 10.2001
379 10.2001
380 10.2001
381 10.2001
382 10.2001
383 10.2001
384 10.2001
385 10.2001
386 10.2001
387 10.2001
388 10.2001
389 10.2001
390 10.2001
391 10.2001
392 10.2001
393 10.2001
394 10.2001
395 10.2001
396 10.2001
397 10.2001
398 10.2001
399 10.2001
400 10.2001
401 10.2001
402 10.2001
403 10.2001
404 10.2001
405 10.2001
406 10.2001
407 10.2001
408 10.2001
409 10.2001
410 10.2001
411 10.2001
412 10.2001
413 10.2001
414 10.2001
415 10.2001
416 10.2001
417 10.2001
418 10.2001
419 10.2001
420 10.2001
421 10.2001
422 10.2001
423 10.2001
424 10.2001
425 10.2001
426 10.2001
427 10.2001
428 10.2001
429 10.2001
430 10.2001
431 10.2001
432 10.2001
433 10.2001
434 10.2001
435 10.2001
436 10.2001
437 10.2001
438 10.2001
439 10.2001
440 10.2001
441 10.2001
442 10.2001
443 10.2001
444 10.2001
445 10.2001
446 10.2001
447 10.2001
448 10.2001
449 10.2001
450 10.2001
451 10.2001
452 10.2001
453 10.2001
454 10.2001
455 10.2001
456 10.2001
457 10.2001
458 10.2001
459 10.2001
460 10.2001
461 10.2001
462 10.2001
463 10.2001
464 10.2001
465 10.2001
466 10.2001
467 10.2001
468 10.2001
469 10.2001
470 10.2001
471 10.2001
472 10.2001
473 10.2001
474 10.2001
475 10.2001
476 10.2001
477 10.2001
478 10.2001
479 10.2001
480 10.2001
481 10.2001
482 10.2001
483 10.2001
484 10.2001
485 10.2001
486 10.2001
487 10.2001
488 10.2001
489 10.2001
490 10.2001
491 10.2001
492 10.2001
493 10.2001
494 10.2001
495 10.2001
496 10.2001
497 10.2001
498 10.2001
499 10.2001
