1.00094 0
1.00083 0.000103085
1.00162 0.000793287
1.00121 0.000698053
1.00077 0.000694467
1.00042 0.000669715
1.00046 0.000567977
1.00024 0.000540424
1.00024 0.000476623
1.00016 0.000433862
1.00019 0.000393528
1.00005 0.000387907
1.00006 0.00035726
1.00016 0.000344131
1.00025 0.000334357
1.00018 0.0003209
1.0001 0.000313089
1.00015 0.000300559
1.00014 0.000284727
1.00012 0.000271059
1.0001 0.000258378
0.999984 0.000271916
0.999996 0.000260102
0.999894 0.000269127
0.999906 0.000258411
0.999914 0.000248394
0.999889 0.000240236
0.99992 0.000233466
0.999936 0.000225895
0.999999 0.000226905
1.00003 0.000221113
1.00002 0.00021414
1.00001 0.000207952
0.999997 0.000202066
1.00005 0.000202977
1.00001 0.000201196
1.00001 0.000195761
0.999995 0.000191576
0.999996 0.000186606
0.999974 0.000183245
0.999969 0.000178784
0.999956 0.000174992
0.999954 0.000170887
0.99996 0.000167066
0.999948 0.000163699
1 0.000169527
1.00001 0.000165919
1.00003 0.000164649
1.00001 0.000162465
1 0.000159665
0.999956 0.000163224
0.999983 0.000162316
0.999926 0.000169069
0.999963 0.000169953
0.999942 0.000168119
0.999946 0.000165126
0.999965 0.000163362
0.999932 0.000163907
0.999959 0.000163374
0.999972 0.00016111
1.00001 0.000162609
1.00002 0.000160301
1.00002 0.000157848
0.999986 0.000160153
1.00001 0.000158979
1.00001 0.000156561
1 0.00015438
1.00001 0.000152277
1.00002 0.000150358
1.00002 0.000148195
1.00001 0.000146322
1 0.000144457
1.00001 0.00014263
1.00002 0.000141101
1.00002 0.000139247
1.00002 0.000137403
1.00002 0.000135618
1 0.000134481
0.99999 0.00013353
0.999993 0.00013188
1.00001 0.000131865
0.999981 0.000134175
0.999947 0.000136802
0.999936 0.000135686
0.999916 0.000135433
0.99992 0.000133886
0.999901 0.000133576
0.999929 0.000134821
0.999966 0.000138542
0.999978 0.000137462
0.999988 0.000136322
0.999966 0.00013652
0.999955 0.00013552
0.999976 0.000135701
1 0.000136317
1.00001 0.000135168
0.999983 0.000136176
0.999969 0.000135525
0.999988 0.000135497
0.999987 0.000134136
