0.994718 0
1.00058 0.00586133
0.998646 0.00389768
0.997135 0.00314284
0.997344 0.00244333
0.997691 0.00202498
0.997399 0.00173615
0.998299 0.00175264
0.99837 0.0015473
0.997298 0.00175057
0.997416 0.00158781
0.997434 0.00144959
0.997129 0.00136803
0.996065 0.00165391
0.99658 0.00162368
0.996827 0.0015387
0.99729 0.0015176
0.997715 0.00149264
0.997514 0.00142607
0.997316 0.0013674
0.997089 0.00132026
0.997193 0.0012631
0.996981 0.00122533
0.997496 0.00128102
0.9976 0.00123316
0.997842 0.00120918
0.99811 0.00119395
0.998004 0.00115537
0.998132 0.00112216
0.998397 0.00111587
0.998863 0.00117556
0.999082 0.0011592
0.999184 0.00112813
0.999085 0.00109887
0.999168 0.00107023
0.998927 0.00106773
0.998876 0.00103974
0.99881 0.00101416
0.998924 0.000994433
0.998935 0.000969318
0.999044 0.00095159
0.999235 0.000948123
0.999496 0.00096201
0.999413 0.00094358
0.999487 0.000925307
0.99944 0.000906186
0.999564 0.000895372
0.99942 0.000888306
0.999441 0.000870251
0.999495 0.000854373
0.999454 0.000838466
0.999524 0.000825145
0.999468 0.000811336
0.999581 0.000804099
0.999664 0.000793714
0.999738 0.000782909
0.999821 0.000773568
0.999852 0.00076074
0.999822 0.000748354
0.999781 0.000736893
0.999955 0.000745152
1.00011 0.000749104
1.00023 0.000747646
1.00031 0.000740155
1.00034 0.000729199
1.00019 0.000733963
1.00012 0.000725903
1.00012 0.000715175
1.00005 0.000708019
1.00006 0.000697939
1.00004 0.00068828
1.00011 0.000682073
1.00022 0.000681322
1.00012 0.000679302
1.00019 0.000673719
1.00025 0.000667402
1.00027 0.000659079
1.0003 0.000651384
1.00024 0.000646084
1.00021 0.000638866
1.00022 0.000630979
1.00025 0.00062433
1.00024 0.000616871
1.00022 0.000610015
1.00014 0.000607385
1.00013 0.000600356
1.00015 0.000593649
1.00015 0.000586865
1.0002 0.00058222
1.00032 0.000588853
1.00033 0.000582507
1.00028 0.00057824
1.00029 0.000571994
1.00031 0.00056652
1.0002 0.000572346
1.0003 0.00057612
1.00019 0.000581304
1.00023 0.000576844
1.00025 0.000571226
1.00023 0.000565679
