0.216247   -0.202741   0.366718
0.142847   -0.37004   -0.141716
-0.373844   0.293704   0.330606
0.278859   -0.305859   -0.151006
-0.468975   0.0483911   -0.351824
-0.0614273   0.227944   -0.0865959
0.0773296   -0.339811   -0.372976
-0.0825972   -0.336075   0.0552526
-0.0148271   0.480036   -0.460286
-0.372067   0.477675   -0.329034
0.292423   -0.164343   -0.319495
-0.353492   -0.129728   -0.290868
0.389343   0.182699   0.191861
0.0665414   -0.407765   0.0934711
0.015965   0.211233   -0.417335
-0.385406   -0.0138746   0.485534
0.0539082   0.32814   -0.302389
-0.138101   0.150984   -0.107293
-0.394172   0.344075   -0.0234512
0.438494   -0.0210012   -0.392695
0.0817024   -0.449089   0.398917
-0.298938   0.141557   0.45127
-0.189741   -0.10496   0.0552047
-0.368319   0.140768   0.223377
-0.161658   0.378544   -0.112227
0.0885471   0.36464   0.379784
-0.165111   0.376809   0.487658
-0.021122   -0.371441   0.489799
0.14449   0.0340985   -0.38105
-0.354412   -0.171696   0.0752734
-0.187417   0.319858   -0.347605
0.296625   -0.489642   0.421845
0.491871   0.346083   -0.190024
0.23323   0.287283   -0.360502
-0.286281   0.319856   -0.17226
0.433774   -0.487328   0.214562
-0.392227   -0.0307709   -0.360051
-0.369449   0.295815   0.0714414
-0.265302   0.480815   -0.170161
0.245223   0.370869   -0.366633
0.0390826   0.429695   -0.339926
0.248518   0.374774   -0.000514979
-0.46256   -0.35307   0.359298
0.486488   0.346252   0.435579
0.149633   0.438029   0.234429
0.302266   0.306575   0.294449
-0.324289   -0.439513   0.219071
-0.0155066   0.268717   -0.354805
0.00849632   0.119966   0.243785
0.409462   0.108604   0.0442049
0.151178   0.370898   -0.370206
-0.316929   -0.0900267   -0.0174679
-0.047223   -0.447282   -0.422184
0.1519   -0.180411   0.063234
-0.291978   -0.405054   -0.190677
-0.0439782   -0.290019   0.267934
-0.231666   0.30348   0.233546
0.108277   -0.486736   0.245883
-0.416931   0.144499   0.0496712
0.160471   0.385467   -0.250019
-0.155675   0.401687   0.40293
0.362361   -0.0346979   0.153812
0.145117   -0.438852   0.0378598
0.0750898   0.411889   0.283139
-0.469034   0.095521   0.199965
0.271988   0.380042   0.214477
0.309952   -0.247545   0.357256
-0.0132626   0.212398   0.408363
0.338468   0.0918157   0.348545
-0.0320817   0.220271   0.152165
-0.0783196   -0.152869   -0.176525
0.236604   -0.124468   -0.259926
0.0426271   0.156738   0.464645
0.0822929   0.491317   -0.378942
0.352401   -0.413096   -0.285162
-0.302101   -0.0279736   -0.486518
-0.0654743   -0.377347   0.270054
0.116283   0.283409   -0.329525
-0.0346342   0.493637   -0.345632
0.0681918   0.344693   -0.194946
-0.35271   0.489237   0.158748
-0.282351   0.402122   -0.0894535
0.255774   -0.487915   0.288209
-0.0656142   -0.311052   0.486665
0.324165   0.499435   -0.0441211
-0.198016   -0.109731   -0.368418
0.0964038   0.0226869   0.190375
-0.412217   -0.242085   0.0280818
-0.177207   -0.19818   0.245012
-0.0996804   0.0779909   -0.401217
-0.126543   0.462704   0.223964
-0.0310432   0.0273415   -0.108215
-0.155308   0.492657   -0.211136
0.373394   0.178542   -0.475574
-0.00643189   0.296451   -0.431289
0.20908   -0.28883   0.162618
0.469963   0.136663   0.180472
0.0887199   -0.0932828   -0.00929358
0.162499   0.359678   0.317031
0.448738   0.191268   0.25179
0.222952   0.0664293   -0.103389
-0.1537   -0.422939   0.304912
0.427999   0.392861   0.247099
0.452819   -0.118439   -0.467143
0.116131   0.492107   0.343357
0.111703   0.416352   -0.164405
-0.277218   -0.179921   0.252536
-0.0204039   -0.429315   0.0263498
