0.467335   -1.60625   1.1893
0.53506   0.06965   -1.07637
-0.71118   0.66122   0.521909
0.931077   1.3834   1.044
-0.378139   0.8339   1.14832
-0.18719   0.151023   -0.922112
-1.66331   0.248674   0.198851
0.0102282   1.13111   1.51135
0.517363   -1.61798   1.54095
-0.603154   0.475625   -0.916791
1.34688   0.37937   -2.04968
0.733451   1.31387   0.178264
-0.481441   -0.0489685   -0.263004
1.90286   0.238651   0.471644
-0.878514   -3.27847   -0.505102
0.114773   -1.50915   0.0150352
0.379939   -0.919956   -0.686361
-0.824541   -1.61043   -0.204757
-0.778798   1.82883   1.0523
0.901495   1.7844   -0.169577
-0.309866   -0.774687   1.44598
0.929066   -1.21592   1.31235
0.226138   2.14993   1.01736
-0.593859   1.56605   -0.222992
-0.796271   0.156298   -0.133069
-0.650287   1.66384   -1.93794
-0.245548   0.879551   1.88912
-0.128733   0.702654   -0.417565
0.297097   -0.041059   -1.6529
0.204278   -0.293703   0.0754137
1.29405   0.568452   0.0898383
-0.746814   -0.476957   -1.24292
-0.85003   -1.22456   -0.497396
0.0692951   -0.60758   -0.368253
0.087866   0.524187   -0.881983
0.477055   1.60065   0.186614
0.251673   0.988348   -1.34634
-1.22719   1.45329   0.828732
-1.42512   -0.416489   -0.95953
-0.637981   -0.315747   1.39033
-0.492269   -0.375994   0.701009
-1.79124   -1.3231   1.51173
-0.161346   0.496487   0.995437
0.338279   -1.18508   -1.34522
-0.135714   -1.97087   -1.15567
2.08378   -0.923995   -0.0826505
-1.96238   -2.52394   0.489147
-0.0344006   -1.03948   1.74235
1.24779   0.725896   -0.302774
0.82066   0.881861   -0.910856
0.129724   -0.462253   2.67815
-0.143745   -1.30262   2.34193
0.0640381   -0.396121   0.648751
-1.52328   0.162373   0.624284
-0.0447079   -1.46279   -1.68533
-2.85422   0.698189   -0.992413
1.65473   2.62916   1.46304
-0.702196   0.673279   1.96941
-0.399003   1.39541   0.844292
1.51302   0.37205   -1.15474
1.15953   -0.0794514   -0.131493
0.589224   -0.364178   1.06318
0.476414   0.608473   1.36403
-0.837689   -2.599   1.25583
1.46628   -0.111206   0.604791
0.74297   0.987899   0.276247
-0.560664   1.07896   -1.77968
-0.462172   1.10651   0.0971858
1.86888   -0.143186   -0.809502
-1.41158   1.1069   0.767686
0.832714   1.00935   0.198108
-0.8926   -0.247959   -0.998174
-1.7561   -1.31248   1.33433
-0.885689   0.165962   0.188544
0.0123718   -0.185834   0.64532
-1.55538   -0.97439   -1.31589
-0.468614   -2.54008   1.19038
-0.970021   0.830036   -0.636081
1.89997   1.33845   0.528746
-0.065495   0.215363   -1.16762
-0.326994   -1.68668   -2.11347
-0.233754   0.796874   0.209083
0.172045   -1.28006   -0.557235
0.915838   -0.425224   -0.807368
0.44355   0.310475   -1.98174
-0.130804   -0.0695146   -0.607889
1.28501   -0.435969   -2.04174
1.46586   -0.217615   0.930517
-0.537948   0.0650426   0.886843
-0.390107   1.182   -0.465032
-0.872299   -0.636047   -1.12672
0.75892   -0.98281   0.937692
-1.67617   -2.09099   -1.28126
-0.955343   0.524275   0.541102
0.370884   1.16014   -0.935924
1.87643   1.47358   0.214729
-0.47154   -1.33862   -0.769952
0.910506   2.5832   -0.037865
-0.999079   0.86061   1.43468
0.511899   -1.73447   -0.948682
1.76229   0.762399   -0.675989
-0.895505   -0.695749   -0.264124
-0.694954   0.697126   -2.68919
1.33381   0.697856   -0.707936
0.718155   -0.699995   0.596696
2.40876   -2.66594   0.582552
-0.384392   -0.272352   0.341258
-0.713985   2.36476   -0.371871
