-0.121281   -0.0318064   -0.264884
1.05838   -0.541418   -0.0232669
-1.72755   -0.665222   -0.0217987
0.725902   0.0499324   0.909674
-0.039972   -0.613837   0.891938
0.855073   -0.517728   0.394729
0.68501   2.01524   -0.503845
0.568364   -0.550368   -2.94948
-0.159103   0.427355   0.117193
-1.06304   2.1255   1.17712
-0.35765   0.415481   2.51699
0.0980096   1.02487   -0.652797
-0.738367   -1.48322   0.773356
1.28144   0.596556   -0.898663
0.616517   -4.55941   1.44596
0.386593   -0.0787896   -0.173638
0.376883   -0.696323   -1.16226
0.117477   -0.63023   0.216364
1.28911   -0.519046   0.323396
0.136154   0.418498   -0.581611
0.626115   0.465407   2.75454
0.0431567   -1.01064   -0.726425
0.141507   -1.03341   0.380115
-1.90209   0.538646   -1.08026
-1.3296   2.64912   -0.469435
0.441805   1.38151   -0.71681
-1.45791   0.362426   0.657612
-1.34295   0.193637   0.56035
2.28429   -0.622396   0.15388
1.05605   0.99222   1.62255
-0.599589   -1.61912   -0.793433
-1.09725   1.19866   -0.642839
-0.586392   0.249981   -2.13993
0.451168   1.13656   -2.00156
-1.27245   0.372291   0.884418
-1.19739   0.871636   1.18264
-0.246995   0.805042   -1.35268
0.634487   -1.14538   0.673582
-0.278041   0.00988486   -0.000986041
1.24061   -0.265476   1.50685
-0.597427   -0.707694   -0.614154
-0.154101   0.737301   -0.326354
-0.605016   -0.741541   -0.170758
0.882436   -0.173159   1.0695
1.2534   -0.117517   -0.190433
0.740719   -0.0143498   -0.757189
-0.903588   -0.504437   -1.65502
-1.53606   -0.93011   0.240283
1.05059   -2.079   -1.57664
1.20627   0.359723   2.25237
-0.197405   -2.22044   -1.62267
1.53643   -0.480565   2.69342
1.34328   -0.542084   0.261061
-0.0284896   1.66697   -1.63171
-0.512714   -0.307594   0.559265
-1.05713   0.373908   -1.24914
0.890056   -0.838482   0.0884068
0.707115   0.581531   0.125429
1.86243   0.416176   -0.828255
0.258366   -0.838392   -1.32864
0.0839212   -0.0168991   0.21798
-1.56278   -1.44444   0.561511
1.51811   -1.59031   0.606074
0.290472   -0.0962716   -0.470175
0.138379   0.253979   0.718574
0.239624   -0.710306   1.76195
0.918821   2.04949   0.0182791
0.309808   0.202875   2.03008
0.113546   -1.1767   0.626826
-0.964538   0.603927   -1.01634
-1.16892   -0.974056   -1.44457
-0.922947   1.90192   -1.10304
0.155418   -1.99652   -0.619457
0.929547   0.0774655   0.606
-2.57781   1.2183   -0.954382
-1.49938   1.62922   -0.83115
-1.0255   -0.872433   -0.469698
0.0358834   -0.31486   0.665188
1.50794   0.380574   -2.14191
1.54264   0.880354   -1.59449
0.662064   0.836463   -0.135699
-1.67071   -0.74108   -0.749407
-1.13313   -0.0566858   1.22346
0.457676   0.219519   1.25397
1.98285   0.00677622   1.00276
-2.48902   0.0150738   -0.849937
-1.35387   -0.881855   0.30065
-0.220739   1.27759   0.428305
-1.22418   -0.186062   1.24684
-1.42467   0.417672   -0.307413
2.41024   -0.311574   0.705506
-0.0933966   1.90626   -0.850987
0.21508   0.761817   0.153773
0.668372   -0.562066   -0.704364
1.1895   -2.11691   0.282277
-0.380146   -0.215132   0.0719524
-2.069   -0.935188   0.29507
0.396706   1.80547   -0.35859
-0.986894   0.738057   -1.35245
0.211589   -0.970332   0.821392
-0.2075   1.52962   0.967424
-0.363273   -0.531771   -0.466994
-0.0330789   -1.41802   0.525297
1.46593   0.781149   -0.134398
-0.618428   1.40517   0.433739
-0.945347   0.766538   2.72134
1.95191   -0.449696   -1.41981
-0.196428   1.547   0.403612
