-0.0256932   -0.245654   -0.197247
-0.365871   -0.152815   0.0505759
0.359925   -0.24064   -0.395653
0.278952   -0.312498   0.494405
-0.418933   -0.126792   -0.315572
-0.200604   -0.187086   -0.372907
-0.0681443   0.107555   0.219716
-0.221301   -0.467627   -0.413722
-0.00055833   0.0150776   -0.373483
0.344845   -0.196452   -0.226742
-0.0589985   -0.197044   -0.363334
0.0285262   0.403235   -0.24114
0.415835   0.103111   -0.447258
-0.360964   -0.362999   -0.164851
0.0520847   0.0656937   0.487515
-0.0620922   0.0159211   0.322234
-0.304906   -0.475935   -0.249038
-0.447963   0.00384476   0.0591126
0.170898   0.316071   0.21866
0.210371   0.495114   0.181228
-0.468424   -0.276245   -0.245179
0.143664   0.379281   -0.0100911
0.373151   0.0608444   -0.496477
-0.129404   -0.467719   -0.108858
0.388506   0.190247   -0.165211
-0.0670993   0.231475   0.130156
-0.417972   0.156617   0.422084
-0.353198   0.490178   0.115179
-0.24537   0.00208323   0.221086
-0.0994072   0.0590709   0.407764
0.442324   0.019547   -0.493575
0.231469   0.114586   0.440007
0.166495   -0.477149   -0.451171
-0.264055   0.294625   0.0469689
-0.473833   -0.4836   -0.338393
0.329242   0.114768   -0.0883689
0.00955728   -0.445607   -0.216858
0.317008   0.459193   -0.442813
-0.0161153   -0.14012   -0.0201951
-0.483268   -0.374155   -0.382674
0.360724   -0.362956   0.160738
-0.346967   0.186393   0.405564
0.432142   -0.250852   -0.19968
0.271683   -0.155985   -0.148505
0.420864   0.248176   -0.196038
-0.246626   0.394178   0.0830344
-0.491889   0.13773   0.341632
-0.429319   0.128454   -0.362104
0.0975259   -0.439513   -0.219703
0.287036   0.0244513   0.099986
0.476403   0.355525   0.206015
-0.260094   0.362866   -0.098089
-0.130005   0.225693   -0.031887
0.397657   -0.10685   -0.305602
-0.0559806   -0.314068   -0.0414626
0.00381289   0.267919   0.184281
0.487664   0.234456   0.338887
-0.182535   0.326759   0.464376
0.0539686   -0.0463111   0.148046
-0.0241127   -0.230469   -0.0994744
-0.0574819   -0.436798   -0.472468
0.205765   -0.277331   0.408039
0.359767   0.210113   0.0204429
0.25577   0.261477   -0.0254569
-0.0781556   0.136029   -0.261496
-0.183151   -0.0158233   -0.101223
-0.117442   -0.239357   -0.065188
-0.00978778   -0.455847   0.370395
0.435723   -0.337375   -0.434128
-0.498301   -0.157537   -0.272403
-0.455377   0.368181   -0.374364
0.0720386   -0.153655   0.319795
0.118474   0.129286   0.395519
-0.0260504   -0.485333   -0.0500648
0.315597   -0.0138277   0.00463156
-0.0424035   0.401389   0.22813
-0.40113   -0.401823   -0.0214163
-0.34194   -0.253285   0.312654
0.497893   0.125679   -0.494584
0.168743   0.0418802   0.452615
-0.380056   -0.0958501   -0.389776
0.361665   0.0782665   -0.00760635
0.361348   -0.309261   -0.2093
0.320602   -0.00552355   0.331665
-0.244324   -0.217796   0.107567
-0.301383   -0.1214   -0.194269
0.32942   -0.320948   -0.381302
0.489973   -0.374576   -0.470414
-0.184935   -0.253077   -0.117339
-0.113449   0.434664   0.0455946
0.374841   -0.418763   -0.207305
0.498671   0.269054   -0.0475651
-0.440393   0.412158   0.0351969
0.218762   -0.231636   -0.421194
-0.315712   -0.280949   -0.0725452
0.0867405   -0.359561   0.266047
-0.109947   -0.457144   0.054825
-0.20277   -0.373945   -0.451762
-0.181886   0.0706289   -0.0713656
-0.421583   0.0608955   0.425977
0.0786866   0.317967   0.456696
0.0923797   0.258354   0.0816322
0.0286731   0.475184   0.303949
-0.348736   -0.382688   -0.0775788
-0.339123   0.443046   0.289879
-0.163095   0.469643   -0.479197
0.0578993   -0.446519   0.321285
0.39855   0.460137   -0.38712
