15.9125 0 5.61667 0
14.406 1.50645 5.31473 0.301941 
15.4324 1.34535 4.83726 0.508296 
15.3744 0.953074 4.707 0.382298 
14.7418 0.972221 4.78691 0.306719 
14.659 0.798127 4.85139 0.258604 
14.866 0.705594 4.70001 0.265867 
15.1307 0.66594 4.66712 0.232584 
15.578 0.738248 4.63775 0.207213 
15.6277 0.662172 4.64898 0.185677 
15.5239 0.607877 4.77607 0.210622 
15.6748 0.575056 4.83438 0.200916 
15.6565 0.529292 4.92391 0.205362 
15.6687 0.490181 4.93733 0.1906 
15.5301 0.476899 4.95745 0.178577 
15.7101 0.481018 4.96896 0.167439 
15.4724 0.510508 5.03439 0.170349 
15.3478 0.497193 5.05797 0.162329 
15.1949 0.494508 5.10229 0.159815 
15.0867 0.48145 5.14707 0.158089 
15.0367 0.460674 5.15973 0.150904 
14.9021 0.459393 5.25285 0.17139 
14.9789 0.445635 5.23109 0.165209 
14.9618 0.427006 5.25008 0.159311 
14.9198 0.41172 5.30667 0.162949 
14.8922 0.396529 5.31766 0.156941 
14.8475 0.384169 5.34834 0.154102 
14.8699 0.37087 5.36766 0.149748 
14.8509 0.358357 5.37899 0.144936 
14.7212 0.369695 5.33756 0.146023 
14.763 0.36 5.32104 0.142196 
14.8253 0.354093 5.29318 0.140472 
14.7629 0.348819 5.31273 0.137544 
14.6755 0.349512 5.32709 0.134208 
14.719 0.342161 5.34409 0.131421 
14.6532 0.338966 5.37372 0.131111 
14.6441 0.329805 5.38683 0.12819 
14.6049 0.32339 5.41457 0.127818 
14.5367 0.322281 5.46471 0.134216 
14.5767 0.316657 5.48381 0.132205 
14.5995 0.309676 5.47075 0.129601 
14.6449 0.305601 5.46505 0.126606 
14.6071 0.300787 5.48694 0.12555 
14.5954 0.294104 5.47155 0.123624 
14.6192 0.288478 5.46272 0.121168 
14.6107 0.282267 5.46172 0.118509 
14.6086 0.276204 5.47465 0.116679 
14.5577 0.275134 5.4995 0.116894 
14.5832 0.270663 5.4724 0.117648 
14.6316 0.269575 5.47219 0.115271 
14.6608 0.265845 5.47743 0.11311 
14.6506 0.260882 5.52569 0.120959 
14.6965 0.260008 5.53677 0.119171 
14.757 0.262203 5.53314 0.116999 
14.7834 0.258749 5.5403 0.115075 
14.8205 0.256781 5.54074 0.113002 
14.76 0.259388 5.57488 0.116132 
14.6937 0.263362 5.58527 0.114584 
14.7493 0.264763 5.58208 0.112671 
14.7118 0.262998 5.57932 0.110811 
14.6958 0.259146 5.56887 0.10948 
14.7065 0.255156 5.55066 0.109228 
14.6788 0.252599 5.55024 0.107481 
14.6475 0.250583 5.55195 0.105802 
14.7083 0.25409 5.52727 0.107045 
14.6755 0.252362 5.53374 0.105609 
14.7048 0.250289 5.51024 0.106642 
14.7291 0.247779 5.50279 0.105326 
14.7399 0.244401 5.49823 0.103888 
14.7332 0.240977 5.50923 0.102983 
14.7771 0.241575 5.48693 0.103944 
14.7737 0.23822 5.49607 0.102897 
14.7976 0.236154 5.50034 0.101567 
14.7951 0.232954 5.50169 0.100194 
14.788 0.229939 5.49725 0.0989494 
14.7644 0.228116 5.5101 0.0984805 
14.7505 0.225563 5.4986 0.0978714 
14.7093 0.226435 5.50144 0.0966504 
14.7284 0.224372 5.48394 0.0970108 
14.7289 0.22155 5.47351 0.0963566 
14.7596 0.220935 5.46212 0.0958389 
14.7532 0.218318 5.46557 0.0947257 
14.7271 0.21724 5.47781 0.094375 
14.7082 0.215471 5.50253 0.0964658 
14.7816 0.225221 5.47356 0.0996303 
14.7563 0.224019 5.47699 0.0985247 
14.7704 0.221874 5.46508 0.0981109 
14.7599 0.219586 5.47677 0.0976915 
14.7227 0.220266 5.4677 0.0970128 
14.7044 0.218578 5.45799 0.096419 
14.6817 0.217352 5.45556 0.0953843 
14.6671 0.215471 5.44733 0.0947009 
14.666 0.213144 5.44921 0.093696 
14.6704 0.210909 5.45531 0.0928945 
14.6934 0.209946 5.45231 0.0919603 
14.7173 0.209119 5.45649 0.0910932 
14.7259 0.207129 5.44845 0.0905073 
14.7229 0.205026 5.46693 0.0914647 
14.7426 0.203892 5.46118 0.0907184 
14.7669 0.203308 5.44741 0.0908553 
