14.7442 0 5.51861 0
15.3376 0.59341 6.216 0.697388 
15.0414 0.452864 5.60605 0.730858 
14.4098 0.708146 5.16205 0.681331 
14.3464 0.552175 5.21179 0.530095 
14.3394 0.450903 5.4791 0.508713 
14.794 0.593159 5.35554 0.447345 
15.1962 0.652425 5.20477 0.415713 
14.6276 0.808936 5.27116 0.372587 
14.8212 0.748996 5.32794 0.338054 
15.048 0.714439 5.3063 0.306546 
15.2213 0.674814 5.41052 0.298614 
15.2597 0.621925 5.42063 0.274871 
15.2683 0.575855 5.34064 0.266758 
15.6164 0.639217 5.27663 0.256455 
15.3262 0.66463 5.40703 0.273044 
15.284 0.625737 5.33449 0.266541 
15.314 0.590713 5.35743 0.252343 
15.1111 0.594468 5.37007 0.239026 
15.0464 0.567656 5.34875 0.22776 
15.0317 0.540151 5.37413 0.218124 
15.0194 0.51516 5.40927 0.21092 
15.116 0.501647 5.46542 0.209216 
15.1318 0.48055 5.47097 0.200386 
15.2276 0.470786 5.4204 0.198745 
15.1646 0.456695 5.44963 0.193171 
15.0913 0.445518 5.4267 0.187287 
15.1755 0.437491 5.4947 0.19286 
15.2724 0.433113 5.44463 0.19271 
15.2503 0.419011 5.46273 0.187053 
15.3566 0.418977 5.45987 0.180941 
15.3055 0.408877 5.44027 0.176289 
15.2432 0.40116 5.43686 0.170897 
15.2845 0.391374 5.43406 0.165818 
15.2032 0.388638 5.4293 0.161081 
15.1424 0.382549 5.44287 0.15713 
15.2029 0.376954 5.44353 0.152825 
15.171 0.368287 5.42385 0.150045 
15.0788 0.370374 5.46993 0.153237 
15.0055 0.368355 5.47748 0.149548 
14.9807 0.360112 5.48103 0.145898 
14.983 0.35144 5.45074 0.145567 
15.0214 0.345312 5.46318 0.142685 
15.1255 0.353081 5.41861 0.146357 
15.0782 0.348377 5.44643 0.145746 
15.028 0.344397 5.46748 0.144089 
15.1009 0.344787 5.42062 0.148574 
15.1215 0.338157 5.39082 0.148468 
15.0663 0.335763 5.38525 0.145513 
15.0508 0.329344 5.41144 0.144957 
15.0523 0.322825 5.39925 0.142608 
15.0835 0.318092 5.38258 0.140829 
15.0574 0.313121 5.39841 0.13905 
15.0602 0.30728 5.41128 0.137057 
15.066 0.301697 5.42197 0.134966 
15.0696 0.296282 5.42829 0.132684 
15.1102 0.293863 5.43841 0.130728 
15.1284 0.289324 5.44774 0.128792 
15.201 0.293498 5.44943 0.126602 
15.226 0.289651 5.45129 0.124488 
15.1874 0.287469 5.43775 0.123177 
15.177 0.282985 5.41813 0.122752 
15.2452 0.286689 5.4314 0.121515 
15.2127 0.284047 5.42144 0.120015 
15.1855 0.280963 5.41504 0.118328 
15.1674 0.277265 5.41801 0.116559 
15.1909 0.274105 5.38896 0.118423 
15.1928 0.27005 5.39492 0.11682 
15.2448 0.271154 5.39272 0.115135 
15.2737 0.268804 5.40361 0.114 
15.3078 0.267183 5.39764 0.112541 
15.309 0.263449 5.38553 0.111626 
15.2904 0.260479 5.39679 0.110661 
15.2589 0.258857 5.40856 0.109787 
15.2439 0.255824 5.41497 0.108503 
15.2505 0.252524 5.40417 0.107609 
15.2849 0.251585 5.40772 0.106261 
15.2776 0.248448 5.42986 0.107202 
15.2867 0.245452 5.44007 0.106328 
15.2828 0.242395 5.44306 0.105033 
15.3343 0.244859 5.4324 0.104275 
15.3328 0.241859 5.42199 0.10352 
15.3088 0.240131 5.43352 0.102914 
15.2798 0.239025 5.42866 0.101798 
15.2798 0.236196 5.43475 0.100777 
15.2909 0.2337 5.42561 0.100016 
15.272 0.231776 5.43054 0.0989827 
15.2707 0.22913 5.42426 0.0980526 
15.2649 0.226616 5.41439 0.0974462 
15.3269 0.232513 5.40002 0.0974221 
15.3177 0.230129 5.40355 0.09641 
15.2789 0.230901 5.40427 0.095359 
15.2794 0.228405 5.41283 0.0947164 
15.2465 0.228341 5.40767 0.0938454 
15.2347 0.226233 5.41516 0.0931539 
15.2443 0.224069 5.41183 0.0922385 
15.2449 0.221748 5.40391 0.0916258 
15.2139 0.221646 5.41998 0.0920993 
15.2015 0.219747 5.44962 0.0958595 
15.1936 0.217683 5.44461 0.0950282 
