0 32.4274
1 32.0109
2 28.3977
3 28.4786
4 26.6515
5 26.4001
6 24.6417
7 22.8035
8 23.4465
9 23.4908
10 22.3346
11 23.1629
12 22.6698
13 22.3587
14 22.253
15 21.8787
16 20.2291
17 21.0122
18 18.8793
19 18.0366
20 17.8931
21 17.4243
22 16.8555
23 16.8555
24 17.1595
25 15.6294
26 16.1481
27 14.7751
28 15.4986
29 14.6894
30 14.1858
31 13.8675
32 13.8675
33 13.8675
34 13.8675
35 13.5406
36 13.8334
37 13.697
38 12.4076
39 13.2246
40 13.266
41 13.4009
42 13.2271
43 13.3248
44 13.3248
45 13.3248
46 13.3052
47 13.3248
48 13.3248
49 13.3248
50 13.2784
51 13.3248
52 13.3248
53 13.3248
54 13.3342
55 13.0359
56 13.3267
57 13.3361
58 13.3267
59 13.3191
60 13.3377
61 13.3744
62 13.3406
63 13.384
64 12.7821
65 13.0461
66 13.051
67 13.0461
68 13.0461
69 12.9826
70 13.0461
71 13.002
72 12.5649
73 12.9232
74 13.0391
75 12.7166
76 12.433
77 12.4475
78 12.4134
79 12.4134
80 12.4134
81 11.1047
82 12.4134
83 11.7324
84 11.7324
85 12.3429
86 12.3429
87 12.3429
88 12.3429
89 12.3429
90 12.3429
91 12.3429
92 12.3429
93 12.3429
94 12.3429
95 12.3429
96 12.3429
97 12.3429
98 12.3429
99 12.3429
100 12.3175
101 12.3429
102 12.3429
103 12.3429
104 12.3429
105 12.3429
106 12.6491
107 12.2278
108 12.3429
109 12.4222
110 12.3441
111 12.2953
112 12.2953
113 12.2547
114 12.2547
115 12.2547
116 12.261
117 12.261
118 12.2617
119 12.2672
120 12.2617
121 12.2617
122 12.2617
123 12.2617
124 12.2617
125 12.2617
126 12.2617
127 12.2617
128 12.2617
129 11.5286
130 12.2617
131 12.0373
132 12.2617
133 12.2617
134 12.2617
135 12.2617
136 12.2617
137 12.2617
138 12.2617
139 12.2617
140 12.2666
141 12.2617
142 12.2617
143 12.2617
144 12.2284
145 12.2761
146 12.2761
147 12.2821
148 12.2617
149 12.2617
150 12.2617
151 12.2617
152 12.2641
153 12.2617
154 11.783
155 12.2617
156 11.9896
157 12.2617
158 12.2617
159 11.5286
160 11.9968
161 11.9968
162 12.0057
163 11.9968
164 12.0761
165 11.9968
166 11.9968
167 11.9968
168 12.0116
169 11.9968
170 12.1338
171 11.9968
172 12.0879
173 12.0879
174 11.9968
175 11.9968
176 11.9968
177 11.9968
178 11.9968
179 11.9968
180 12.0761
181 11.9968
182 11.9968
183 11.9968
184 11.9968
185 11.9968
186 11.8846
187 12.0331
188 12.0804
189 11.9968
190 11.9968
191 11.9968
192 11.9968
193 11.9968
194 12.0016
195 11.9968
196 12.0761
197 12.0761
198 12.0761
199 12.0761
200 12.0761
201 12.0761
202 12.0761
203 12.0761
204 12.0761
205 12.0761
206 12.0761
207 12.0761
208 12.0929
209 12.085
210 11.6865
211 12.0781
212 12.0781
213 12.0781
214 12.0781
215 12.0781
216 12.0781
217 12.0875
218 12.095
219 12.0952
220 12.0952
221 12.0952
222 12.0954
223 12.0952
224 12.0952
225 12.0952
226 12.0969
227 12.0952
228 12.0974
229 12.0974
230 12.0953
231 12.0952
232 12.0952
233 12.0952
234 12.0952
235 12.0952
236 12.0969
237 12.0969
238 12.0952
239 12.0952
240 12.1296
241 12.0956
242 12.1296
243 12.1296
244 12.1296
245 12.1296
246 12.0957
247 12.1296
248 12.1312
249 12.1296
250 12.1296
251 12.1296
252 12.1296
253 12.1296
254 12.1296
255 12.1296
256 12.1296
257 12.1296
258 12.1296
259 12.1296
260 11.7533
261 12.1296
262 12.1297
263 12.1297
264 12.1296
265 12.1296
266 12.1296
267 12.1312
268 12.1296
269 12.1296
270 12.1296
271 12.1296
272 12.1296
273 12.1296
274 12.1296
275 12.1296
276 12.1296
277 12.1296
278 12.1317
279 12.1296
280 12.1296
281 12.1317
282 12.1312
283 12.1296
284 12.1317
285 12.1318
286 12.1318
287 12.1312
288 12.1312
289 12.1312
290 12.1312
291 12.1312
292 12.1312
293 12.1312
294 12.1312
295 12.1312
296 12.1312
297 12.0973
298 12.0973
299 12.0973
300 12.0995
301 12.0973
302 12.0973
303 12.0973
304 12.0973
305 12.0973
306 12.0973
307 12.0973
308 12.0973
309 12.0973
310 12.0973
311 12.0973
312 12.0973
313 12.0973
314 12.0973
315 12.0973
316 12.0973
317 12.0973
318 12.0996
319 12.0973
320 11.8752
321 11.8752
322 11.8752
323 12.0973
324 12.0992
325 12.0973
326 12.0994
327 12.0973
328 12.0973
329 12.0973
330 12.0973
331 12.0973
332 12.0973
333 12.0973
334 12.0973
335 12.0973
336 12.0973
337 12.0973
338 12.0973
339 12.0973
340 12.0955
341 12.0973
342 12.0973
343 12.0973
344 12.0973
345 12.0973
346 12.0973
347 12.0973
348 12.0973
349 12.0973
350 11.8802
351 12.0973
352 12.0973
353 12.0973
354 12.0973
355 12.0973
356 12.0973
357 12.0997
358 12.0973
359 12.0973
360 12.0973
361 12.0973
362 12.0995
363 12.0973
364 12.0973
365 12.0973
366 12.0973
367 12.0995
368 12.0973
369 12.0973
370 12.0973
371 12.0973
372 12.0973
373 12.0973
374 12.0973
375 12.0973
376 12.0973
377 12.0973
378 12.0973
379 12.0973
380 12.0973
381 12.0973
382 12.0995
383 12.0973
384 12.0973
385 12.0973
386 12.0973
387 12.0973
388 12.0973
389 12.0973
390 12.0973
391 12.0973
392 12.0973
393 12.0973
394 12.0973
395 12.0973
396 12.0973
397 12.0973
398 12.0992
399 12.0973
400 12.0995
401 12.0973
402 12.0973
403 12.0973
404 12.0973
405 12.0973
406 12.0973
407 12.0992
408 12.0994
409 12.0995
410 12.0995
411 12.0995
412 12.0995
413 12.0995
414 12.0995
415 12.1015
416 12.0995
417 12.0995
418 12.0995
419 12.0995
420 12.0995
421 12.0995
422 12.0994
423 12.0995
424 12.0995
425 12.0995
426 12.0995
427 11.9518
428 12.0995
429 12.0995
430 12.0995
431 12.0995
432 12.0995
433 12.0995
434 12.0995
435 12.0995
436 12.0995
437 12.0995
438 12.0995
439 12.0995
440 12.0995
441 12.0995
442 12.0994
443 12.0995
444 12.0995
445 12.0995
446 12.0995
447 12.0995
448 12.0995
449 12.0995
450 12.0995
451 12.0995
452 12.0995
453 12.0995
454 12.0995
455 12.0995
456 12.0995
457 12.1015
458 12.0995
459 12.0995
460 12.0995
461 12.0995
462 12.0995
463 12.0995
464 12.0995
465 12.0995
466 12.0995
467 12.0995
468 12.0995
469 12.0995
470 12.0995
471 12.0995
472 12.0995
473 12.0995
474 12.0995
475 12.0995
476 12.0995
477 12.0995
478 12.0995
479 12.1017
480 12.1014
481 12.1014
482 12.1014
483 12.1014
484 12.1014
485 12.1014
486 12.1014
487 12.1014
488 12.1014
489 12.1014
490 12.1014
491 12.1014
492 12.1017
493 12.1015
494 12.1014
495 12.1014
496 12.1014
497 12.1014
498 12.1014
499 12.1014
