0 39.9617
1 34.9474
2 32.8005
3 30.4801
4 29.9927
5 28.9885
6 27.7213
7 25.9719
8 25.5717
9 25.3636
10 25.1162
11 24.4681
12 23.7412
13 23.6781
14 23.2871
15 23.164
16 22.8703
17 22.2216
18 21.2785
19 20.6064
20 19.8651
21 19.0055
22 18.6811
23 18.4857
24 18.2554
25 17.698
26 17.469
27 17.5898
28 17.1623
29 16.5999
30 16.069
31 15.5978
32 15.5337
33 15.253
34 15.2313
35 15.0495
36 14.7137
37 15.1802
38 14.7128
39 14.7237
40 14.5074
41 14.3302
42 14.2671
43 14.5971
44 14.3908
45 14.3978
46 14.5778
47 14.7188
48 14.606
49 14.682
50 14.7822
51 14.6405
52 14.4579
53 14.6387
54 14.4084
55 14.4506
56 14.3879
57 14.6241
58 14.3621
59 14.3084
60 14.5115
61 14.362
62 14.609
63 14.2378
64 14.3022
65 14.3707
66 14.0157
67 14.4252
68 14.1099
69 14.1596
70 14.2195
71 13.7504
72 13.8374
73 14.2909
74 14.0149
75 14.0235
76 14.1693
77 13.963
78 13.6901
79 13.4502
80 13.7962
81 13.9535
82 13.6863
83 13.3968
84 13.5069
85 13.5499
86 13.3794
87 13.724
88 13.491
89 13.3427
90 13.4647
91 13.647
92 13.2701
93 13.5172
94 13.6171
95 13.3195
96 13.5578
97 13.4734
98 13.4795
99 13.5237
100 13.4195
101 13.551
102 13.7989
103 13.4408
104 13.303
105 13.5627
106 13.212
107 13.5271
108 13.6734
109 13.4907
110 13.7787
111 13.6378
112 13.3266
113 13.3435
114 13.4648
115 13.468
116 13.3678
117 13.5432
118 13.3705
119 13.3956
120 13.2165
121 13.158
122 13.4187
123 13.2252
124 13.8572
125 13.5225
126 13.5211
127 13.8298
128 13.1177
129 13.3961
130 13.1901
131 13.3651
132 13.4137
133 13.5541
134 13.3987
135 14.0416
136 13.4779
137 13.0358
138 13.3436
139 13.3003
140 13.2731
141 12.911
142 13.7803
143 13.3281
144 13.0604
145 13.7599
146 13.7396
147 13.2763
148 13.7038
149 13.5877
150 13.2844
151 13.2021
152 13.6353
153 13.7681
154 13.5854
155 13.4768
156 13.3626
157 13.2998
158 13.2422
159 13.0948
160 13.2302
161 13.7839
162 13.3484
163 12.9637
164 12.7091
165 13.0759
166 13.1504
167 13.306
168 13.1935
169 13.2264
170 12.924
171 13.1537
172 12.8043
173 12.9618
174 13.3776
175 13.2943
176 13.1413
177 13.3859
178 13.1132
179 13.4146
180 13.1183
181 13.0645
182 13.1128
183 12.9304
184 13.0812
185 13.1373
186 13.2426
187 13.1952
188 13.4285
189 13.2211
190 12.9633
191 13.2024
192 13.4045
193 12.8675
194 12.9095
195 13.2999
196 13.1295
197 13.0089
198 13.3843
199 13.6442
200 13.0688
201 13.1701
202 13.1979
203 13.6282
204 13.5817
205 12.9902
206 13.2315
207 12.9933
208 13.0482
209 13.3926
210 13.2018
211 13.2418
212 13.4054
213 13.4536
214 13.1111
215 13.4308
216 13.2238
217 13.2734
218 13.6682
219 13.1805
220 13.3213
221 13.298
222 13.2142
223 13.2682
224 13.2111
225 13.1044
226 13.3037
227 13.4829
228 13.3911
229 13.5072
230 13.2422
231 13.2582
232 12.8824
233 13.3569
234 13.2259
235 13.4018
236 13.3468
237 13.2369
238 13.0918
239 13.1009
240 13.433
241 13.6237
242 12.9702
243 13.0899
244 13.2428
245 13.7271
246 13.3134
247 13.5397
248 13.2784
249 13.3256
250 13.5519
251 13.3502
252 12.724
253 13.1346
254 13.0791
255 13.0743
256 13.5451
257 13.1415
258 13.5268
259 13.5124
260 13.8123
261 13.5429
262 13.719
263 13.1471
264 13.6794
265 13.4698
266 13.5688
267 13.3513
268 13.7699
269 13.6569
270 13.3734
271 13.0387
272 13.6165
273 13.502
274 12.9397
275 13.0862
276 13.2208
277 13.3724
278 13.2261
279 13.28
280 13.1474
281 13.3649
282 13.4613
283 13.5128
284 13.4198
285 13.5158
286 13.6119
287 13.2969
288 13.5878
289 13.5308
290 13.281
291 13.2022
292 13.1912
293 13.0369
294 13.109
295 13.3485
296 13.2807
297 13.4401
298 13.5841
299 13.6734
300 13.3681
301 13.1126
302 13.0478
303 13.1386
304 13.206
305 13.1831
306 13.327
307 13.5653
308 13.3999
309 13.1643
310 13.2831
311 12.947
312 13.3165
313 13.1999
314 12.9313
315 13.1059
316 13.6094
317 13.7234
318 13.4899
319 13.0819
320 13.1159
321 12.9058
322 13.4059
323 13.0241
324 13.1408
325 13.1244
326 13.3513
327 13.1245
328 13.1658
329 13.1313
330 13.2554
331 13.169
332 13.2221
333 13.5283
334 13.6437
335 13.0174
336 13.3445
337 13.4249
338 13.3487
339 13.3928
340 13.0255
341 13.2732
342 13.2712
343 13.5186
344 13.1487
345 13.2494
346 13.2822
347 13.4561
348 12.9439
349 13.3295
350 13.2135
351 13.3069
352 13.3075
353 13.2783
354 13.3106
355 13.5086
356 13.4419
357 13.5002
358 13.5053
359 13.282
360 13.622
361 13.5826
362 13.3032
363 13.3007
364 13.8556
365 13.7936
366 13.3989
367 13.1049
368 13.1318
369 13.6102
370 13.3199
371 13.4068
372 13.0284
373 13.3575
374 12.9025
375 13.0242
376 13.0387
377 13.3236
378 13.5565
379 13.6062
380 13.5031
381 13.4579
382 13.6267
383 13.3637
384 12.9647
385 13.3064
386 13.4568
387 13.3056
388 13.2917
389 13.3391
390 13.6794
391 13.395
392 13.5145
393 13.3785
394 13.2325
395 13.1031
396 13.322
397 13.3322
398 13.1888
399 13.2154
400 12.9592
401 12.8441
402 13.3006
403 13.4017
404 13.4436
405 13.1138
406 13.3432
407 13.2309
408 13.1907
409 13.3173
410 13.1878
411 13.2177
412 13.28
413 13.7608
414 13.6339
415 13.521
416 13.3813
417 13.1677
418 12.8637
419 13.1849
420 13.1604
421 13.0156
422 12.934
423 13.2668
424 13.3314
425 13.1337
426 13.2084
427 13.4236
428 12.8864
429 13.3144
430 13.0364
431 13.0809
432 13.0396
433 13.7223
434 13.3959
435 13.3318
436 13.1127
437 13.4214
438 13.3275
439 13.3373
440 13.2194
441 13.7894
442 13.0949
443 13.3581
444 13.2781
445 13.354
446 13.7275
447 13.8263
448 13.8262
449 13.3449
450 13.5809
451 13.1518
452 13.3138
453 12.9639
454 13.4906
455 13.3139
456 13.2922
457 13.3569
458 12.9821
459 13.3819
460 13.4546
461 13.4693
462 13.0479
463 13.192
464 13.2252
465 13.0732
466 13.2981
467 13.3437
468 13.1292
469 13.3392
470 12.9369
471 12.858
472 13.7443
473 13.3893
474 13.1994
475 13.0001
476 13.5202
477 13.3308
478 13.2878
479 13.2918
480 13.3406
481 13.6012
482 13.132
483 13.1851
484 13.1879
485 13.1502
486 13.5785
487 13.3756
488 13.108
489 13.5358
490 13.6961
491 12.9142
492 13.0018
493 13.0674
494 13.4198
495 13.0986
496 13.3941
497 13.2209
498 13.4778
499 13.1136
