0 9.26754
1 8.6674
2 9.40293
3 9.40293
4 9.40293
5 8.47506
6 9.02305
7 9.02305
8 9.02305
9 8.84114
10 8.54891
11 9.03607
12 9.03607
13 8.82912
14 9.12318
15 9.12594
16 9.03607
17 9.56824
18 9.03607
19 9.03607
20 9.7308
21 9.7308
22 8.76871
23 9.03607
24 9.03607
25 9.03607
26 9.03607
27 8.26484
28 9.03607
29 8.57758
30 9.70707
31 8.34812
32 8.84573
33 8.54891
34 8.54891
35 8.54891
36 6.93663
37 6.86661
38 7.40609
39 7.27849
40 6.86661
41 7.27849
42 7.27849
43 6.48746
44 6.86661
45 6.86661
46 6.93663
47 6.86661
48 6.86661
49 6.86661
50 6.86661
51 6.86661
52 6.86661
53 6.86661
54 6.86661
55 6.86661
56 6.86661
57 6.07558
58 6.93663
59 6.3558
60 6.3558
61 6.93663
62 6.93663
63 6.93663
64 6.93663
65 6.93663
66 6.93663
67 6.93663
68 6.93663
69 6.93663
70 6.93663
71 6.66944
72 6.93663
73 6.93663
74 6.93663
75 6.93663
76 6.93663
77 6.93663
78 6.93663
79 6.93663
80 6.93663
81 6.93663
82 6.93663
83 6.3558
84 6.93663
85 6.93663
86 6.93663
87 6.93663
88 6.93663
89 6.3558
90 6.66944
91 6.66944
92 6.07558
93 6.66944
94 6.66944
95 6.66944
96 6.66944
97 6.66944
98 6.66944
99 6.66944
100 6.66944
101 6.66944
102 6.66944
103 6.66944
104 6.66944
105 6.66944
106 6.66944
107 6.66944
108 6.66944
109 6.66944
110 6.66944
111 6.66944
112 6.66944
113 6.66944
114 6.66944
115 6.66944
116 6.07558
117 6.66944
118 6.66944
119 6.66944
120 6.07558
121 6.66944
122 6.66944
123 6.07558
124 6.66944
125 6.66944
126 6.66944
127 6.66944
128 6.66944
129 6.66944
130 6.66944
131 6.66944
132 6.66944
133 6.07558
134 6.66944
135 6.66944
136 6.66944
137 6.07558
138 6.66944
139 6.66944
140 6.66944
141 6.66944
142 6.66944
143 6.66944
144 6.66944
145 6.66944
146 6.66944
147 6.66944
148 6.66944
149 6.66944
150 6.66944
151 6.66944
152 6.66944
153 6.66944
154 6.66944
155 6.66944
156 6.66944
157 6.66944
158 6.66944
159 6.66944
160 6.66944
161 6.66944
162 6.66944
163 6.66944
164 6.66944
165 6.66944
166 6.07558
167 6.66944
168 6.66944
169 6.07558
170 6.07558
171 6.66944
172 6.66944
173 6.66944
174 6.07558
175 6.66944
176 6.66944
177 6.66944
178 6.66944
179 6.66944
180 6.66944
181 6.66944
182 6.66944
183 6.66944
184 6.66944
185 6.66944
186 6.66944
187 6.66944
188 6.66944
189 6.66944
190 6.07558
191 6.66944
192 6.66944
193 6.66944
194 6.66944
195 6.66944
196 6.66944
197 6.3558
198 6.66944
199 6.66944
200 6.66944
201 6.66944
202 6.66944
203 6.66944
204 6.66944
205 6.66944
206 6.66944
207 6.66944
208 6.07558
209 6.66944
210 6.66944
211 6.07558
212 6.66944
213 6.07558
214 6.66944
215 6.66944
216 6.66944
217 6.66944
218 6.66944
219 6.66944
220 6.66944
221 6.66944
222 6.66944
223 6.66944
224 6.66944
225 6.66944
226 6.66944
227 6.66944
228 6.66944
229 6.66944
230 6.66944
231 6.66944
232 6.66944
233 6.07558
234 6.66944
235 6.66944
236 6.66944
237 6.07558
238 6.66944
239 6.66944
240 6.66944
241 6.66944
242 6.66944
243 6.66944
244 6.66944
245 6.66944
246 6.66944
247 6.66944
248 6.66944
249 6.66944
250 6.66944
251 6.66944
252 6.66944
253 6.66944
254 6.66944
255 6.66944
256 6.66944
257 6.66944
258 6.66944
259 6.66944
260 6.66944
261 6.66944
262 6.3558
263 6.66944
264 6.66944
265 6.66944
266 6.66944
267 6.66944
268 6.66944
269 6.66944
270 6.66944
271 6.66944
272 6.07558
273 6.07558
274 6.66944
275 6.66944
276 6.66944
277 6.66944
278 6.66944
279 6.07558
280 6.66944
281 6.07558
282 6.66944
283 6.66944
284 6.66944
285 6.66944
286 6.66944
287 6.66944
288 6.66944
289 6.66944
290 6.66944
291 6.66944
292 6.66944
293 6.66944
294 6.66944
295 6.66944
296 6.66944
297 6.07558
298 6.66944
299 6.66944
300 6.66944
301 6.66944
302 6.66944
303 6.66944
304 6.66944
305 6.66944
306 6.66944
307 6.66944
308 6.66944
309 6.66944
310 6.66944
311 6.07558
312 6.66944
313 6.66944
314 6.66944
315 6.66944
316 6.66944
317 6.07558
318 6.66944
319 6.66944
320 6.66944
321 6.66944
322 6.66944
323 6.66944
324 6.07558
325 6.07558
326 6.07558
327 6.07558
328 6.07558
329 6.07558
330 6.07558
331 6.07558
332 6.07558
333 6.07558
334 6.07558
335 6.07558
336 6.07558
337 6.07558
338 6.07558
339 6.07558
340 6.07558
341 6.07558
342 6.07558
343 6.07558
344 6.07558
345 6.07558
346 6.07558
347 6.07558
348 6.07558
349 6.07558
350 6.07558
351 6.07558
352 6.07558
353 6.07558
354 6.07558
355 6.07558
356 6.07558
357 6.07558
358 6.07558
359 6.07558
360 6.07558
361 6.07558
362 6.07558
363 6.07558
364 6.07558
365 6.07558
366 6.07558
367 6.07558
368 6.07558
369 6.07558
370 6.07558
371 6.07558
372 6.07558
373 6.07558
374 6.07558
375 6.07558
376 6.07558
377 6.07558
378 6.07558
379 6.07558
380 6.07558
381 6.07558
382 6.07558
383 6.07558
384 6.07558
385 6.07558
386 6.07558
387 6.07558
388 6.07558
389 6.07558
390 6.07558
391 6.07558
392 6.07558
393 6.07558
394 6.07558
395 6.07558
396 6.07558
397 6.07558
398 6.07558
399 6.07558
400 6.07558
401 6.07558
402 6.07558
403 6.07558
404 6.07558
405 6.07558
406 6.07558
407 6.07558
408 6.07558
409 6.07558
410 6.07558
411 6.07558
412 6.07558
413 6.07558
414 6.07558
415 6.07558
416 6.07558
417 6.07558
418 6.07558
419 6.07558
420 6.07558
421 6.07558
422 6.07558
423 6.07558
424 6.07558
425 6.07558
426 6.07558
427 6.07558
428 6.07558
429 6.07558
430 6.07558
431 6.07558
432 6.07558
433 6.07558
434 6.07558
435 6.07558
436 6.07558
437 6.07558
438 6.07558
439 6.07558
440 6.07558
441 6.07558
442 6.07558
443 6.07558
444 6.07558
445 6.07558
446 6.07558
447 6.07558
448 6.07558
449 6.07558
450 6.07558
451 6.07558
452 6.07558
453 6.07558
454 6.07558
455 6.07558
456 6.07558
457 6.07558
458 6.07558
459 6.07558
460 6.07558
461 6.07558
462 6.07558
463 6.07558
464 6.07558
465 6.07558
466 6.07558
467 6.07558
468 6.07558
469 6.07558
470 6.07558
471 6.07558
472 6.07558
473 6.07558
474 6.07558
475 6.07558
476 6.07558
477 6.07558
478 6.07558
479 6.07558
480 6.07558
481 6.07558
482 6.07558
483 6.07558
484 6.07558
485 6.07558
486 6.07558
487 6.07558
488 6.07558
489 6.07558
490 6.07558
491 6.07558
492 6.07558
493 6.07558
494 6.07558
495 6.07558
496 6.07558
497 6.07558
498 6.07558
499 6.07558
