0 931.828
1 779.407
2 731.497
3 709.227
4 685.615
5 629.304
6 540.837
7 513.191
8 477.807
9 488.471
10 453.046
11 453.046
12 451.786
13 443.018
14 413.381
15 398.53
16 398.579
17 388.429
18 381.749
19 376.127
20 370.813
21 370.4
22 366.566
23 366.566
24 363.574
25 355.992
26 352.702
27 348.887
28 337.343
29 343.498
30 339.792
31 335.995
32 335.995
33 326.217
34 332.298
35 332.921
36 329.892
37 324.97
38 318.103
39 312.542
40 312.542
41 311.347
42 304.061
43 300.738
44 297.7
45 297.7
46 296.047
47 294.438
48 294.438
49 291.568
50 291.568
51 293.068
52 290.76
53 290.549
54 289.086
55 289.086
56 289.086
57 289.714
58 289.714
59 287.929
60 289.71
61 289.71
62 289.71
63 287.925
64 287.925
65 287.925
66 287.061
67 287.061
68 287.208
69 287.208
70 287.158
71 287.158
72 285.798
73 285.798
74 285.798
75 285.798
76 285.798
77 285.798
78 283.967
79 285.277
80 285.277
81 285.277
82 285.277
83 285.195
84 285.195
85 285.195
86 285.195
87 285.195
88 285.195
89 285.195
90 285.195
91 285.195
92 285.195
93 285.195
94 285.195
95 285.195
96 285.195
97 285.195
98 285.195
99 285.195
100 285.195
101 285.195
102 285.195
103 285.195
104 285.195
105 285.195
106 285.195
107 285.66
108 285.66
109 280.498
110 280.498
111 280.498
112 279.255
113 280.498
114 280.498
115 280.498
116 278.667
117 278.667
118 278.667
119 278.667
120 278.667
121 278.667
122 278.667
123 278.667
124 278.667
125 278.667
126 278.667
127 278.667
128 278.667
129 278.667
130 278.667
131 278.667
132 278.667
133 278.667
134 278.667
135 278.667
136 278.667
137 278.667
138 278.667
139 278.667
140 278.667
141 278.667
142 278.667
143 278.667
144 278.667
145 278.667
146 278.667
147 278.667
148 278.667
149 278.667
150 278.667
151 278.667
152 277.957
153 278.667
154 278.667
155 276.929
156 278.667
157 278.667
158 278.667
159 278.667
160 278.667
161 278.667
162 278.667
163 278.667
164 278.667
165 278.667
166 278.667
167 278.667
168 278.667
169 278.667
170 278.667
171 278.667
172 278.667
173 278.667
174 278.667
175 278.667
176 278.667
177 278.667
178 278.667
179 278.667
180 278.667
181 278.667
182 278.667
183 278.667
184 278.667
185 278.667
186 278.667
187 278.667
188 278.667
189 276.406
190 276.406
191 276.406
192 276.406
193 275.59
194 275.59
195 275.59
196 275.59
197 275.59
198 275.59
199 275.59
200 275.59
201 275.59
202 275.59
203 275.59
204 275.59
205 275.59
206 275.59
207 275.59
208 275.59
209 275.59
210 275.59
211 275.59
212 275.59
213 275.59
214 275.59
215 275.59
216 275.59
217 275.59
218 275.59
219 275.59
220 275.59
221 275.59
222 275.59
223 275.59
224 275.59
225 275.59
226 274.066
227 274.066
228 274.066
229 274.066
230 274.066
231 274.066
232 274.066
233 274.066
234 274.066
235 274.066
236 274.066
237 274.066
238 274.066
239 274.066
240 274.066
241 274.066
242 274.066
243 274.066
244 274.066
245 274.066
246 274.066
247 274.066
248 274.066
249 274.066
250 274.066
251 274.066
252 274.066
253 274.066
254 274.066
255 274.066
256 274.066
257 274.066
258 274.066
259 274.066
260 274.066
261 274.066
262 274.066
263 274.066
264 274.066
265 274.066
266 274.066
267 274.066
268 274.066
269 274.066
270 274.066
271 274.066
272 274.066
273 274.066
274 274.066
275 274.066
276 274.066
277 274.066
278 274.066
279 274.066
280 274.066
281 274.066
282 274.066
283 274.066
284 274.066
285 274.066
286 274.066
287 274.066
288 274.066
289 274.066
290 274.066
291 274.066
292 274.066
293 274.066
294 274.066
295 274.066
296 274.066
297 274.066
298 274.066
299 274.066
300 274.066
301 274.066
302 274.066
303 274.066
304 274.066
305 274.066
306 274.066
307 274.066
308 274.066
309 274.066
310 274.066
311 274.066
312 274.066
313 274.066
314 274.066
315 274.066
316 274.066
317 274.066
318 274.066
319 274.066
320 274.066
321 274.066
322 274.066
323 274.066
324 274.066
325 274.066
326 274.066
327 274.066
328 274.066
329 274.066
330 274.066
331 274.066
332 274.066
333 274.066
334 274.066
335 274.066
336 274.066
337 274.066
338 274.066
339 274.066
340 274.066
341 274.066
342 274.066
343 274.066
344 274.066
345 274.066
346 274.066
347 274.066
348 274.066
349 274.066
350 274.066
351 274.066
352 274.066
353 274.066
354 274.066
355 274.066
356 274.066
357 274.066
358 274.066
359 274.066
360 274.066
361 274.066
362 274.066
363 274.066
364 274.066
365 274.066
366 274.066
367 274.066
368 274.066
369 274.066
370 274.066
371 274.066
372 274.066
373 274.066
374 274.066
375 274.066
376 274.066
377 274.066
378 274.066
379 274.066
380 274.066
381 274.066
382 274.066
383 274.066
384 274.066
385 274.066
386 274.066
387 274.066
388 274.066
389 274.066
390 274.066
391 274.066
392 274.066
393 274.066
394 274.066
395 274.066
396 274.066
397 274.066
398 274.066
399 274.066
400 274.066
401 274.066
402 274.066
403 274.066
404 274.066
405 274.066
406 274.066
407 274.066
408 274.066
409 274.066
410 274.066
411 274.066
412 274.066
413 274.066
414 274.066
415 274.066
416 274.066
417 274.066
418 274.066
419 274.066
420 274.066
421 274.066
422 274.066
423 274.066
424 274.066
425 274.066
426 274.066
427 274.066
428 274.066
429 274.066
430 274.066
431 274.066
432 274.066
433 274.066
434 274.066
435 274.066
436 274.066
437 274.066
438 274.066
439 274.066
440 274.066
441 274.066
442 274.066
443 274.066
444 274.066
445 274.066
446 274.066
447 274.066
448 274.066
449 274.066
450 274.066
451 274.066
452 274.066
453 274.066
454 274.066
455 274.066
456 274.066
457 274.066
458 274.066
459 274.066
460 274.066
461 274.066
462 274.066
463 274.066
464 274.066
465 274.066
466 274.066
467 274.066
468 274.066
469 274.066
470 274.066
471 274.066
472 274.066
473 274.066
474 274.066
475 274.066
476 274.066
477 274.066
478 274.066
479 274.066
480 274.066
481 274.066
482 274.066
483 274.066
484 274.066
485 274.066
486 274.066
487 274.066
488 274.066
489 274.066
490 274.066
491 274.066
492 274.066
493 274.066
494 274.066
495 274.066
496 274.066
497 274.066
498 274.066
499 274.066
