0 931.828
1 783.887
2 723.181
3 700.989
4 622.442
5 580.934
6 580.934
7 543.373
8 531.905
9 517.826
10 499.089
11 489.899
12 475.487
13 448.404
14 448.404
15 435.776
16 433.855
17 418.009
18 409.762
19 404.357
20 396.381
21 393.693
22 383.403
23 373.69
24 380.212
25 360.75
26 359.241
27 354.672
28 345.844
29 345.844
30 337.586
31 334.354
32 333.702
33 329.77
34 327.356
35 326.641
36 319.758
37 325.425
38 319.941
39 319.941
40 316.086
41 316.086
42 316.756
43 308.823
44 308.823
45 302.914
46 302.914
47 299.613
48 299.922
49 299.354
50 298.592
51 298.592
52 297.504
53 295.589
54 295.589
55 295.589
56 295.589
57 292.376
58 292.376
59 294.217
60 289.687
61 289.687
62 289.687
63 289.687
64 289.687
65 289.175
66 289.478
67 289.478
68 288.39
69 288.39
70 288.142
71 288.142
72 288.142
73 282.98
74 282.134
75 283.58
76 283.58
77 283.58
78 283.58
79 283.58
80 283.58
81 283.58
82 283.58
83 283.58
84 283.58
85 283.58
86 283.58
87 283.207
88 283.58
89 283.58
90 283.58
91 283.58
92 283.58
93 283.58
94 283.58
95 283.58
96 283.58
97 283.58
98 283.58
99 283.58
100 283.58
101 283.58
102 283.58
103 283.58
104 283.58
105 283.58
106 282.43
107 283.58
108 283.58
109 283.58
110 283.58
111 283.58
112 283.58
113 283.58
114 283.58
115 283.58
116 283.58
117 283.58
118 283.58
119 283.58
120 283.58
121 282.951
122 282.951
123 282.951
124 282.951
125 282.951
126 282.951
127 282.951
128 282.951
129 282.951
130 282.951
131 282.578
132 282.578
133 282.578
134 282.578
135 282.578
136 281.8
137 281.8
138 281.8
139 281.8
140 281.8
141 281.8
142 281.8
143 281.8
144 281.8
145 281.8
146 281.8
147 281.8
148 281.021
149 281.8
150 281.8
151 281.8
152 281.8
153 281.8
154 281.8
155 281.8
156 281.8
157 281.8
158 281.8
159 281.8
160 281.8
161 281.8
162 281.8
163 281.8
164 281.8
165 281.8
166 281.8
167 281.8
168 281.8
169 281.8
170 281.8
171 281.8
172 281.8
173 281.8
174 281.8
175 281.8
176 275.644
177 281.8
178 281.8
179 281.8
180 281.8
181 281.8
182 279.174
183 279.174
184 275.644
185 275.644
186 275.644
187 275.644
188 275.644
189 275.644
190 275.644
191 275.644
192 275.644
193 275.644
194 275.644
195 275.644
196 275.644
197 275.644
198 275.644
199 275.644
200 275.644
201 275.644
202 275.644
203 275.644
204 275.644
205 275.644
206 275.644
207 275.644
208 275.644
209 275.644
210 275.644
211 275.644
212 275.644
213 275.644
214 275.644
215 275.644
216 275.644
217 275.644
218 275.644
219 275.644
220 275.644
221 275.644
222 275.644
223 275.644
224 275.644
225 275.644
226 275.644
227 275.644
228 275.644
229 275.644
230 275.644
231 275.644
232 275.644
233 275.644
234 275.644
235 275.644
236 275.644
237 275.644
238 275.644
239 275.644
240 275.644
241 275.644
242 275.644
243 275.644
244 275.644
245 275.644
246 275.644
247 275.644
248 275.644
249 275.644
250 275.644
251 274.873
252 275.644
253 275.644
254 275.644
255 275.644
256 275.644
257 275.644
258 275.644
259 275.644
260 275.644
261 275.644
262 275.644
263 275.644
264 275.644
265 275.644
266 275.644
267 275.644
268 275.644
269 275.644
270 275.644
271 275.644
272 275.644
273 274.805
274 274.805
275 274.805
276 274.805
277 273.596
278 273.596
279 273.596
280 271.945
281 270.918
282 270.918
283 270.918
284 269.268
285 269.268
286 269.268
287 269.268
288 269.268
289 269.268
290 269.268
291 269.268
292 269.268
293 269.268
294 269.268
295 269.268
296 269.268
297 269.268
298 269.268
299 269.268
300 269.268
301 269.268
302 269.268
303 269.268
304 269.268
305 269.268
306 269.268
307 269.268
308 269.268
309 269.268
310 269.268
311 269.268
312 269.268
313 269.268
314 269.268
315 269.268
316 269.268
317 269.268
318 269.268
319 269.268
320 269.268
321 269.268
322 269.268
323 269.268
324 269.268
325 269.268
326 269.186
327 269.186
328 269.268
329 269.268
330 269.268
331 269.268
332 269.268
333 269.268
334 269.268
335 269.268
336 269.268
337 269.268
338 269.268
339 268.497
340 268.497
341 269.268
342 269.268
343 269.268
344 269.268
345 269.268
346 269.268
347 268.497
348 269.268
349 269.268
350 269.268
351 269.268
352 269.268
353 269.268
354 269.268
355 269.268
356 269.268
357 269.268
358 269.268
359 269.268
360 269.268
361 269.268
362 269.268
363 269.268
364 269.268
365 269.268
366 269.268
367 269.268
368 269.268
369 269.268
370 269.268
371 269.268
372 269.268
373 269.268
374 269.268
375 269.268
376 269.268
377 269.268
378 269.268
379 269.268
380 269.268
381 269.268
382 269.268
383 269.268
384 269.268
385 269.268
386 269.268
387 269.268
388 269.268
389 269.268
390 269.268
391 269.268
392 269.268
393 269.268
394 269.268
395 269.268
396 269.268
397 269.268
398 269.268
399 269.268
400 269.268
401 269.268
402 269.268
403 269.268
404 269.268
405 269.268
406 269.268
407 269.268
408 268.497
409 269.268
410 269.268
411 269.268
412 269.268
413 269.268
414 269.268
415 269.268
416 269.268
417 269.268
418 269.268
419 269.268
420 269.268
421 269.268
422 269.268
423 269.268
424 269.268
425 269.268
426 269.268
427 269.268
428 269.268
429 269.268
430 269.268
431 269.268
432 269.268
433 269.268
434 269.268
435 269.268
436 269.268
437 269.268
438 269.268
439 269.268
440 269.268
441 269.268
442 269.268
443 269.268
444 269.268
445 269.268
446 269.268
447 269.268
448 269.268
449 269.268
450 269.268
451 269.268
452 269.268
453 269.268
454 269.268
455 269.268
456 269.268
457 269.268
458 269.268
459 269.268
460 269.268
461 269.268
462 269.268
463 269.268
464 269.268
465 269.268
466 269.268
467 269.268
468 269.268
469 269.268
470 269.268
471 269.268
472 269.268
473 269.268
474 268.497
475 268.497
476 268.497
477 268.497
478 268.497
479 268.497
480 268.497
481 268.497
482 268.497
483 268.497
484 268.497
485 268.497
486 268.497
487 268.497
488 268.497
489 268.497
490 268.497
491 268.497
492 268.497
493 268.497
494 268.497
495 268.497
496 268.497
497 268.497
498 268.497
499 268.497
