0 931.828
1 788.382
2 662.694
3 686.24
4 635.345
5 567.29
6 570.242
7 527.415
8 501.823
9 503.296
10 490.963
11 479.289
12 475.41
13 461.082
14 436.546
15 427.489
16 421.028
17 408.823
18 397.254
19 385.744
20 385.744
21 382.477
22 383.371
23 379.476
24 376.277
25 373.291
26 372.742
27 363.987
28 358.216
29 355.49
30 341.346
31 341.346
32 341.611
33 337.484
34 336.306
35 334.819
36 330.438
37 331.905
38 325.351
39 325.351
40 324.923
41 324.923
42 324.551
43 325.02
44 323.35
45 319.881
46 319.881
47 316.656
48 315.02
49 313.364
50 310.167
51 310.39
52 308.849
53 308.849
54 308.849
55 310.319
56 308.823
57 308.823
58 308.823
59 308.823
60 308.599
61 308.823
62 304.124
63 300.255
64 303.278
65 303.278
66 303.278
67 303.278
68 303.278
69 303.278
70 302.676
71 302.676
72 302.676
73 301.812
74 301.812
75 301.812
76 301.857
77 301.857
78 298.432
79 298.055
80 298.055
81 298.055
82 301.857
83 301.857
84 301.857
85 301.857
86 301.857
87 301.857
88 301.857
89 301.857
90 301.857
91 301.857
92 301.857
93 301.857
94 301.857
95 300.923
96 300.923
97 300.923
98 301.237
99 301.237
100 296.047
101 296.047
102 295.966
103 295.966
104 295.966
105 295.966
106 295.966
107 295.966
108 295.966
109 294.135
110 294.135
111 295.966
112 295.966
113 295.966
114 294.497
115 294.497
116 294.497
117 295.332
118 294.966
119 294.966
120 292.344
121 292.344
122 292.344
123 290.934
124 292.344
125 292.344
126 292.344
127 292.344
128 292.344
129 292.344
130 292.344
131 292.344
132 292.344
133 288.083
134 288.083
135 288.083
136 291.447
137 291.447
138 290.333
139 290.333
140 290.333
141 290.333
142 290.333
143 290.333
144 290.333
145 290.333
146 290.333
147 290.333
148 288.736
149 288.736
150 288.736
151 288.736
152 288.736
153 288.736
154 288.734
155 288.734
156 285.934
157 286.924
158 286.924
159 284.475
160 282.002
161 282.002
162 282.002
163 282.002
164 282.002
165 282.002
166 282.002
167 282.002
168 282.002
169 282.002
170 282.002
171 282.002
172 282.002
173 282.002
174 282.002
175 282.002
176 282.002
177 282.002
178 282.002
179 282.002
180 282.002
181 281.597
182 281.597
183 280.125
184 280.125
185 280.125
186 280.125
187 280.125
188 280.125
189 280.125
190 280.125
191 280.125
192 280.125
193 280.125
194 279.614
195 279.614
196 279.614
197 279.614
198 279.614
199 279.614
200 279.614
201 276.436
202 279.614
203 279.614
204 279.614
205 279.614
206 279.614
207 279.614
208 279.614
209 279.614
210 279.614
211 279.614
212 279.614
213 279.614
214 279.614
215 276.559
216 276.559
217 279.614
218 279.614
219 279.614
220 279.614
221 279.614
222 279.614
223 279.614
224 279.614
225 279.614
226 279.614
227 279.614
228 279.614
229 279.614
230 279.614
231 279.614
232 279.614
233 279.614
234 279.614
235 276.436
236 276.436
237 276.436
238 279.614
239 279.614
240 279.614
241 279.614
242 279.614
243 279.614
244 279.614
245 279.614
246 279.614
247 279.614
248 279.614
249 279.614
250 278.986
251 279.614
252 279.614
253 279.614
254 276.559
255 278.986
256 279.614
257 279.614
258 279.614
259 279.614
260 279.614
261 279.614
262 279.614
263 279.614
264 279.614
265 279.614
266 279.614
267 279.614
268 279.614
269 279.614
270 279.614
271 279.614
272 279.614
273 279.614
274 279.614
275 279.614
276 279.614
277 279.614
278 279.614
279 279.614
280 279.614
281 279.614
282 279.614
283 279.614
284 278.986
285 278.986
286 279.614
287 279.614
288 277.666
289 277.666
290 277.666
291 277.666
292 277.666
293 277.666
294 277.666
295 277.666
296 277.666
297 277.666
298 277.666
299 277.666
300 277.666
301 277.666
302 277.666
303 277.666
304 277.666
305 277.666
306 277.666
307 277.666
308 277.666
309 277.666
310 277.666
311 274.648
312 274.648
313 274.648
314 274.648
315 274.648
316 274.648
317 274.648
318 274.648
319 274.648
320 274.648
321 274.648
322 274.648
323 274.648
324 274.648
325 274.648
326 274.648
327 274.648
328 274.648
329 274.648
330 274.648
331 274.648
332 274.648
333 274.648
334 274.648
335 274.648
336 274.648
337 274.648
338 274.648
339 274.648
340 274.648
341 274.648
342 274.648
343 274.648
344 274.648
345 274.648
346 274.648
347 274.648
348 274.648
349 274.648
350 274.648
351 274.648
352 274.648
353 274.648
354 274.648
355 274.648
356 274.648
357 274.648
358 274.648
359 274.648
360 274.648
361 274.648
362 274.648
363 274.648
364 274.648
365 274.648
366 274.648
367 274.648
368 274.648
369 274.648
370 274.648
371 274.648
372 274.648
373 274.648
374 274.648
375 274.648
376 274.648
377 274.648
378 274.648
379 274.648
380 274.648
381 274.648
382 274.648
383 274.648
384 274.648
385 274.648
386 274.648
387 274.648
388 274.648
389 274.648
390 274.648
391 274.648
392 274.648
393 274.648
394 274.648
395 274.648
396 274.648
397 274.648
398 274.648
399 274.648
400 274.648
401 274.648
402 274.648
403 274.648
404 274.648
405 274.02
406 274.648
407 274.648
408 274.648
409 274.648
410 274.648
411 274.648
412 274.648
413 274.648
414 274.648
415 273.98
416 274.648
417 274.648
418 274.648
419 274.648
420 274.648
421 274.648
422 274.648
423 274.648
424 274.648
425 271.471
426 274.648
427 274.648
428 274.648
429 271.593
430 271.593
431 271.593
432 271.593
433 271.593
434 271.593
435 271.593
436 271.593
437 271.593
438 271.593
439 271.593
440 271.593
441 271.593
442 271.593
443 271.593
444 271.593
445 271.593
446 271.593
447 271.593
448 271.593
449 271.593
450 271.593
451 271.593
452 271.593
453 271.593
454 271.593
455 271.593
456 271.593
457 271.593
458 271.593
459 271.593
460 271.593
461 271.593
462 271.593
463 271.593
464 271.593
465 271.593
466 271.593
467 271.593
468 271.593
469 271.593
470 271.593
471 271.593
472 271.593
473 271.593
474 268.416
475 268.416
476 271.593
477 271.593
478 271.593
479 271.593
480 271.593
481 271.593
482 271.593
483 271.593
484 271.593
485 271.593
486 271.593
487 271.593
488 271.593
489 271.593
490 271.593
491 271.593
492 271.593
493 271.593
494 271.593
495 271.593
496 271.593
497 271.593
498 271.593
499 271.593
