0 1048.48
1 922.316
2 836.11
3 762.324
4 705.895
5 671.563
6 633.683
7 604.401
8 577.828
9 553.238
10 535.023
11 523.639
12 511.501
13 502.077
14 484.752
15 473.025
16 460.528
17 452.004
18 443.131
19 432.311
20 425.601
21 420.775
22 422.433
23 416.257
24 412.283
25 406.261
26 403.425
27 400.13
28 398.337
29 393.204
30 387.176
31 383.259
32 375.225
33 374.469
34 371.983
35 369.457
36 371.325
37 363.478
38 362.493
39 358.291
40 355.119
41 353.637
42 354.653
43 353.86
44 355.214
45 353.4
46 353.617
47 352.3
48 349.863
49 347.038
50 344.666
51 344.66
52 345.312
53 341.236
54 340.424
55 339.74
56 339.371
57 340.622
58 339.591
59 338.908
60 338.785
61 338.095
62 340.531
63 339.565
64 336.759
65 334.283
66 335.615
67 337.157
68 334.786
69 334.911
70 336.641
71 334.776
72 333.299
73 332.902
74 330.93
75 332.026
76 331.67
77 331.688
78 332.638
79 332.656
80 333.179
81 334.88
82 335.617
83 334.259
84 333.399
85 332.99
86 332.384
87 332.592
88 334.067
89 334.397
90 333.468
91 334.581
92 333.413
93 333.993
94 330.595
95 334.921
96 336.583
97 333.846
98 334.233
99 332.374
100 329.951
101 327.736
102 328.732
103 326.441
104 327.044
105 327.852
106 326.402
107 328.857
108 327.787
109 328.465
110 325.754
111 327.729
112 328.742
113 329.807
114 327.672
115 329.887
116 327.138
117 327.024
118 327.773
119 327.309
120 327.065
121 326.651
122 323.419
123 322.005
124 322.965
125 325.599
126 322.998
127 325.055
128 322.954
129 322.805
130 322.503
131 325.314
132 323.829
133 323.503
134 324.396
135 323.248
136 321.212
137 321.418
138 323.554
139 322.828
140 324.886
141 320.458
142 321.761
143 321.212
144 321.751
145 321.109
146 323.153
147 321.99
148 324.068
149 320.174
150 322.952
151 321.434
152 319.38
153 321.17
154 320.288
155 320.059
156 320.155
157 317.544
158 317.075
159 319.334
160 316.537
161 316.364
162 314.746
163 312.506
164 314.295
165 315.156
166 314.432
167 312.376
168 316.268
169 313.919
170 314.748
171 310.96
172 312.639
173 312.177
174 311.225
175 311.635
176 311.138
177 312.395
178 314.319
179 315.934
180 313.86
181 315.292
182 315.218
183 315.166
184 312.921
185 311.728
186 309.946
187 312.177
188 310.683
189 311.091
190 313.967
191 311.084
192 310.998
193 311.508
194 313.265
195 310.528
196 313.663
197 315.086
198 311.308
199 311.588
200 309.932
201 310.135
202 312.607
203 313.292
204 312.761
205 314.66
206 312.338
207 313.315
208 311.849
209 314.26
210 311.604
211 310.469
212 312.348
213 310.594
214 309.018
215 311.478
216 310.41
217 309.586
218 311.943
219 311.408
220 312.033
221 310.813
222 311.007
223 309.669
224 312.374
225 309.045
226 311.5
227 311.81
228 311.755
229 312.047
230 314.31
231 311.392
232 314.759
233 313.742
234 313.748
235 310.85
236 309.631
237 311.39
238 309.975
239 310.259
240 311.837
241 314.066
242 312.944
243 311.768
244 313.405
245 312.557
246 312.646
247 312.944
248 313.192
249 311.967
250 311.596
251 311.947
252 311.891
253 311.554
254 310.418
255 309.794
256 311.001
257 311.887
258 311.648
259 310.706
260 311.484
261 311.964
262 312.026
263 311.764
264 311.519
265 312.016
266 311.971
267 312.39
268 314.143
269 312.493
270 311.345
271 311.21
272 312.752
273 311.07
274 310.851
275 310.893
276 309.896
277 310.633
278 312.275
279 311.957
280 312.375
281 311.103
282 311.893
283 313.505
284 313.261
285 311.25
286 309.747
287 315.711
288 313.687
289 312.068
290 311.074
291 311.287
292 309.572
293 311.467
294 308.72
295 308.722
296 312.358
297 309.457
298 310.459
299 310.705
300 309.367
301 309.056
302 309.549
303 309.67
304 310.026
305 308.911
306 308.852
307 310.817
308 308.832
309 310.345
310 311.655
311 310.45
312 311.693
313 309.558
314 308.117
315 308.468
316 307.15
317 306.257
318 304.543
319 305.553
320 307.041
321 309.682
322 310.155
323 307.303
324 307.364
325 304.759
326 307.691
327 308.117
328 306.676
329 307.961
330 306.198
331 305.849
332 306.273
333 307.015
334 309.354
335 306.67
336 307.277
337 306.596
338 305.556
339 307.096
340 305.835
341 306.889
342 307.668
343 309.077
344 307.577
345 307.148
346 305.069
347 308.808
348 305.677
349 306.387
350 306.612
351 307.376
352 307.399
353 306.284
354 306.942
355 307.003
356 309.016
357 307.515
358 307.388
359 306.804
360 310.227
361 310.675
362 309.717
363 308.507
364 308.236
365 306.92
366 307.986
367 306.684
368 306.868
369 306.304
370 306.001
371 306.076
372 307.578
373 308.031
374 306.224
375 308.029
376 307.33
377 308.511
378 308.145
379 306.119
380 306.868
381 307.706
382 306.473
383 307.953
384 306.429
385 307.25
386 305.124
387 306.018
388 306.423
389 305.08
390 308.235
391 306.491
392 305.414
393 307.496
394 306.247
395 307.564
396 307.081
397 308.422
398 306.916
399 305.599
400 306.866
401 306.914
402 308.709
403 307.437
404 306.075
405 308.022
406 309.219
407 306.828
408 308.333
409 306.026
410 306.66
411 306.942
412 307.675
413 309.926
414 309.345
415 306.72
416 309.912
417 305.603
418 305.509
419 305.263
420 305.569
421 307.391
422 308.633
423 306.413
424 308.479
425 306.623
426 305.877
427 307.651
428 306.288
429 305.415
430 305.241
431 308.377
432 306.341
433 305.929
434 304.31
435 304.037
436 303.728
437 303.35
438 306.868
439 303.817
440 303.532
441 304.777
442 305.335
443 305.037
444 302.471
445 302.541
446 302.381
447 301.252
448 303.979
449 303.511
450 305.372
451 303.841
452 304.403
453 306.143
454 306.36
455 303.069
456 306.308
457 303.921
458 304.834
459 306.642
460 305.791
461 304.075
462 303.907
463 304.537
464 303.352
465 304.437
466 304.918
467 303.595
468 304.206
469 303.185
470 303.839
471 304.988
472 305.878
473 304.567
474 304.134
475 306.347
476 305.724
477 304.721
478 304.381
479 303.489
480 304.423
481 303.724
482 304.721
483 303.288
484 302.974
485 305.45
486 306.373
487 303.49
488 304.291
489 303.606
490 303.144
491 303.91
492 303.02
493 303.918
494 304.889
495 304.575
496 303.313
497 304.634
498 304.966
499 304.964
