0 1048.48
1 918.985
2 827.167
3 787.499
4 739.295
5 676.555
6 630.211
7 606.978
8 585.48
9 568.089
10 553.507
11 533.725
12 520.996
13 510.599
14 497.924
15 483.089
16 472.168
17 461.397
18 454.403
19 444.921
20 438.965
21 428.518
22 421.294
23 416.31
24 411.442
25 404.534
26 398.326
27 390.325
28 385.677
29 381.773
30 375.059
31 372.903
32 371.286
33 366.845
34 363.194
35 361.284
36 356.315
37 355.894
38 356.179
39 355.112
40 352.26
41 353.687
42 347.359
43 345.792
44 346.219
45 343.926
46 339.314
47 336.977
48 334.007
49 331.378
50 330.505
51 330.391
52 329.06
53 328.823
54 328.432
55 327.009
56 328.338
57 327.721
58 327.563
59 327.182
60 326.207
61 325.007
62 322.267
63 323.379
64 324.239
65 326.465
66 326.454
67 325.509
68 322.179
69 320.12
70 321.48
71 319.199
72 320.688
73 319.287
74 320.667
75 318.589
76 315.344
77 316.808
78 314.565
79 312.535
80 314.626
81 313.911
82 314.515
83 314.953
84 313.067
85 315.93
86 313.187
87 312.151
88 314.369
89 317.142
90 314.368
91 314.718
92 315.844
93 315.478
94 313.414
95 315.626
96 313.672
97 312.812
98 316.55
99 315.134
100 315.674
101 314.546
102 315.177
103 315.661
104 314.785
105 312.73
106 311.295
107 311.691
108 313.97
109 314.423
110 318.035
111 316.963
112 315.481
113 315.831
114 316.774
115 314.456
116 315.771
117 316.393
118 315.125
119 314.373
120 313.704
121 313.89
122 313.803
123 313.362
124 314.746
125 314.822
126 314.656
127 316.442
128 314.549
129 315.934
130 312.973
131 314.002
132 315.435
133 315.356
134 314.564
135 313.099
136 314.479
137 311.994
138 314.58
139 315.925
140 318.21
141 315.63
142 313.293
143 313.69
144 314.23
145 313.202
146 315.341
147 312.78
148 312.274
149 313.204
150 313.525
151 311.619
152 312.44
153 312.909
154 314.477
155 312.386
156 309.382
157 312.604
158 312.907
159 309.524
160 312.204
161 315.17
162 313.767
163 313.534
164 311.433
165 315.277
166 312.338
167 313.134
168 312.037
169 315.803
170 313.912
171 313.992
172 313.659
173 315.048
174 314.299
175 313.533
176 313.535
177 316.056
178 314.066
179 314.729
180 311.721
181 314.634
182 313.644
183 313.895
184 312.661
185 309.39
186 307.681
187 308.288
188 307.306
189 308.556
190 306.495
191 305.976
192 303.452
193 306.627
194 307.113
195 306.12
196 308.404
197 304.67
198 306.904
199 307.437
200 304.374
201 305.385
202 305.959
203 305.958
204 304.837
205 306.86
206 306.349
207 307.997
208 307.78
209 306.68
210 307.75
211 305.876
212 306.939
213 307.17
214 306.943
215 308.101
216 307.101
217 306.787
218 308.074
219 307.562
220 306.468
221 308.767
222 308.737
223 308.094
224 307.273
225 307.5
226 305.671
227 307.226
228 308.714
229 306.07
230 307.579
231 303.718
232 308.538
233 306.322
234 305.546
235 306.794
236 305.576
237 308.066
238 306.843
239 308.987
240 306.398
241 307.524
242 308.739
243 305.198
244 309.047
245 308.341
246 309.155
247 306.625
248 304.911
249 306.082
250 309.697
251 307.86
252 306.881
253 305.1
254 308.103
255 307.632
256 309.035
257 308.834
258 305.693
259 306.47
260 307.263
261 309.326
262 308.588
263 307.789
264 306.116
265 306.699
266 308.639
267 306.643
268 309.518
269 309.354
270 306.083
271 308.526
272 307.339
273 309.221
274 308.47
275 308.138
276 305.521
277 307.481
278 305.837
279 308.887
280 312.231
281 308.777
282 304.75
283 303.884
284 306.563
285 302.229
286 302.007
287 300.932
288 300.147
289 301.487
290 302.683
291 300.78
292 302.171
293 301.205
294 301.025
295 298.376
296 298.165
297 299.301
298 302.342
299 302.578
300 301.336
301 301.577
302 300.465
303 301.758
304 300.301
305 300.468
306 299.888
307 301.446
308 300.756
309 301.784
310 299.675
311 300.632
312 298.57
313 301.869
314 300.401
315 301.009
316 300.131
317 300.477
318 299.202
319 300.029
320 301.361
321 302.744
322 301.08
323 301.379
324 302.29
325 302.808
326 301.234
327 300.555
328 307.049
329 303.444
330 302.88
331 301.445
332 301.72
333 302.752
334 301.8
335 303.318
336 300.861
337 300.986
338 300.456
339 301.723
340 302.407
341 303.37
342 300.315
343 299.968
344 301.553
345 302.466
346 301.772
347 303.486
348 301.268
349 301.362
350 301.307
351 301.684
352 300.147
353 299.174
354 301.651
355 302.015
356 300.661
357 302.148
358 299.876
359 300.034
360 302.277
361 303.418
362 300.439
363 301.579
364 303.292
365 303.054
366 300.524
367 300.427
368 303.243
369 301.571
370 301.633
371 302.223
372 300.673
373 301.362
374 301.987
375 302.956
376 298.969
377 298.159
378 298.94
379 300.643
380 302.425
381 303.482
382 303.859
383 303.201
384 301.617
385 303.427
386 301.169
387 301.208
388 302.115
389 302.475
390 305.424
391 301.919
392 300.979
393 299.636
394 302.597
395 304.046
396 301.546
397 302.357
398 302.335
399 302.062
400 302.176
401 302.736
402 302.77
403 301.602
404 300.474
405 298.939
406 301.943
407 301.809
408 300.938
409 301.739
410 302.742
411 301.924
412 301.832
413 300.175
414 301.071
415 300.545
416 300.81
417 302.847
418 303.076
419 302.483
420 301.087
421 299.023
422 300.689
423 301.014
424 301.005
425 301.673
426 301.723
427 304.645
428 303.306
429 302.027
430 302.384
431 302.317
432 300.16
433 300.551
434 302.324
435 299.655
436 303.335
437 300.429
438 301.74
439 301.045
440 300.673
441 301.979
442 303.628
443 302.715
444 305.453
445 302.918
446 302.202
447 300.802
448 301.598
449 301.847
450 300.388
451 298.588
452 299.972
453 299.136
454 301.445
455 300.673
456 304.564
457 301.539
458 302.161
459 303.328
460 301.68
461 302.612
462 303.956
463 304.28
464 300.726
465 303.178
466 303.733
467 301.285
468 301.467
469 302.758
470 301.985
471 301.631
472 299.955
473 302.192
474 304.156
475 302.364
476 302.276
477 299.577
478 301.596
479 301.944
480 299.756
481 298.157
482 299.837
483 300.469
484 302.73
485 297.889
486 300.158
487 302.945
488 300.806
489 301.366
490 300.324
491 300.401
492 300.635
493 299.823
494 299.022
495 301.435
496 303.491
497 299.854
498 302.012
499 301.6
