0 1048.48
1 918.076
2 841.233
3 783.952
4 736.118
5 696.856
6 660.37
7 609.034
8 561.193
9 533.629
10 519.413
11 501.089
12 487.249
13 475.038
14 466.909
15 454.446
16 443.918
17 437.344
18 427.641
19 416.584
20 410.776
21 406.284
22 401.162
23 397.273
24 393.919
25 393.613
26 388.407
27 383.465
28 381.156
29 379.504
30 378.384
31 373.236
32 370.372
33 368.949
34 368.915
35 371.477
36 366.967
37 360.479
38 357.689
39 352.423
40 349.153
41 343.992
42 342.506
43 338.385
44 333.779
45 331.497
46 330.065
47 329.534
48 325.864
49 328.407
50 326.423
51 325.642
52 326.22
53 324.541
54 322.194
55 324.686
56 323.711
57 320.664
58 321.341
59 322.226
60 321.137
61 321.998
62 321.056
63 320.214
64 321.447
65 320.24
66 320.772
67 318.107
68 318.458
69 318.574
70 321.401
71 322.804
72 321.936
73 319.075
74 318.033
75 316.363
76 320.756
77 320.653
78 319.263
79 319.526
80 317.377
81 315.306
82 316.768
83 318.785
84 317.687
85 317.541
86 318.192
87 318.06
88 318.62
89 315.694
90 319.126
91 317.112
92 315.56
93 316.481
94 315.271
95 317.073
96 316.184
97 315.109
98 317.803
99 314.528
100 316.609
101 315.866
102 314.845
103 318.222
104 314.209
105 314.76
106 316.221
107 315.647
108 314.409
109 314.276
110 311.529
111 310.479
112 312.159
113 312.497
114 311.404
115 310.494
116 312.665
117 311.463
118 311.07
119 311.163
120 308.727
121 309.384
122 309.757
123 310.606
124 309.78
125 310.632
126 312.6
127 309.273
128 308.685
129 311.035
130 309.649
131 310.963
132 310.597
133 310.706
134 312.29
135 309.334
136 310.29
137 310.296
138 309.33
139 307.996
140 310.405
141 310.379
142 309.48
143 308.917
144 311.616
145 312.228
146 309.693
147 310.137
148 311.281
149 310.165
150 311.427
151 311.11
152 310.876
153 309.515
154 309.87
155 308.925
156 310.808
157 310.559
158 312.299
159 311.574
160 311.28
161 311.171
162 311.841
163 309.449
164 309.621
165 309.162
166 309.003
167 313.347
168 312.388
169 309.801
170 306.944
171 309.242
172 308.141
173 310.033
174 310.306
175 309.21
176 311.045
177 310.151
178 308.618
179 311.79
180 309.474
181 308.594
182 310.861
183 309.442
184 310.341
185 309.279
186 310.756
187 309.888
188 308.978
189 309.653
190 310.743
191 310.035
192 307.839
193 309.266
194 308.712
195 307.69
196 308.969
197 309.435
198 307.837
199 307.947
200 304.965
201 305.261
202 304.846
203 307.336
204 306.484
205 308.087
206 305.775
207 306.094
208 308.147
209 308.691
210 307.893
211 306.704
212 307.998
213 306.686
214 308.731
215 309.171
216 307.519
217 308.092
218 305.637
219 307.815
220 305.958
221 310.058
222 308.33
223 308.57
224 305.424
225 307.385
226 307.564
227 306.829
228 306.285
229 304.935
230 308
231 305.383
232 307.544
233 307.57
234 307.678
235 307.121
236 304.541
237 304.231
238 303.254
239 306.647
240 305.107
241 303.798
242 307.26
243 305.862
244 305.804
245 307.579
246 307.137
247 304.147
248 308.686
249 306.729
250 305.736
251 306.257
252 307.646
253 306.846
254 306.192
255 304.57
256 305.564
257 305.136
258 303.571
259 306.721
260 305.745
261 304.83
262 303.852
263 304.657
264 308.945
265 307.334
266 309.145
267 304.871
268 307.499
269 308.245
270 309.444
271 308.86
272 307.98
273 307.674
274 306.162
275 304.708
276 308.477
277 305.073
278 304.751
279 307.989
280 304.948
281 306.401
282 303.948
283 303.555
284 303.878
285 306.74
286 302.965
287 306.627
288 308.465
289 307.348
290 304.927
291 307.268
292 308.147
293 306.473
294 304.569
295 304.208
296 305.116
297 307.486
298 305.709
299 303.563
300 305.95
301 305.633
302 304.662
303 307.037
304 305.339
305 305.322
306 303.952
307 304.468
308 304.414
309 305.356
310 303.651
311 306.695
312 307.32
313 305.093
314 306.103
315 305.335
316 304.755
317 303.594
318 305.267
319 305.499
320 304.826
321 303.96
322 305.14
323 305.639
324 305.6
325 304.599
326 308.736
327 306.611
328 307.009
329 306.183
330 305.17
331 306.889
332 306.156
333 305.505
334 305.819
335 307.163
336 307.304
337 305.149
338 305.387
339 308.103
340 307.06
341 306.235
342 307.282
343 306.176
344 306.588
345 305.098
346 305.497
347 308.857
348 307.291
349 306.17
350 303.604
351 304.998
352 304.539
353 306.18
354 305.844
355 303.799
356 305.892
357 306.256
358 304.005
359 307.185
360 304.562
361 307.812
362 306.139
363 306.625
364 306.482
365 307.588
366 308.112
367 307.618
368 306.646
369 306.55
370 307.891
371 306.23
372 307.695
373 305.494
374 303.888
375 306.062
376 305.277
377 308.561
378 307.148
379 308.558
380 306.633
381 305.6
382 307.005
383 304.191
384 305.502
385 307.002
386 305.941
387 306.267
388 303.045
389 306.579
390 304.342
391 304.835
392 304.704
393 306.709
394 305.992
395 307.702
396 308.271
397 306.452
398 306.359
399 307.617
400 307.716
401 305.232
402 305.236
403 306.854
404 308.863
405 305.594
406 304.885
407 305.986
408 306.515
409 305.045
410 304.854
411 305.992
412 305.989
413 303.992
414 305.641
415 304.091
416 305.882
417 306.037
418 307.272
419 307.482
420 304.272
421 304.307
422 304.26
423 307.528
424 305.791
425 306.076
426 306.091
427 304.608
428 306.145
429 307.268
430 305.81
431 303.631
432 305.512
433 304.617
434 308.084
435 308.215
436 308
437 307.857
438 304.224
439 303.753
440 303.423
441 303.737
442 304.44
443 303.285
444 305.465
445 305.178
446 305.565
447 305.276
448 307.43
449 306.257
450 307.347
451 305.936
452 306.906
453 308.746
454 305.617
455 304.471
456 304.831
457 304.508
458 304.948
459 305.457
460 306.845
461 306.458
462 305.496
463 305.919
464 305.589
465 306.508
466 305.999
467 304.73
468 307.533
469 305.877
470 304.607
471 305.541
472 305.543
473 304.056
474 304.26
475 305.248
476 306.772
477 306.599
478 304.646
479 304.697
480 305.128
481 306.373
482 307.441
483 306.455
484 305.718
485 304.811
486 304.729
487 306.669
488 305.871
489 306.22
490 306.003
491 304.247
492 304.855
493 306.507
494 306.238
495 306.752
496 305.372
497 303.971
498 304.496
499 306.981
