0.494157   -0.177383   -0.2238
0.299662   -0.283387   -0.205194
0.413383   -0.0302312   -0.0022494
0.233416   0.44018   0.361396
0.114899   0.48816   0.122306
-0.394952   0.130934   -0.221127
-0.102497   0.182621   -0.0414872
0.228118   -0.406854   -0.413258
0.189502   -0.0134983   0.17025
-0.135965   -0.0707295   0.446438
-0.480493   -0.174889   0.362096
0.0162469   -0.262652   0.152816
0.315805   0.457488   0.150607
-0.356214   0.318913   -0.100296
-0.493244   0.216059   -0.437758
0.23519   -0.357796   0.12801
0.180311   0.387203   -0.433511
-0.451571   -0.141159   0.106757
-0.118062   -0.451581   0.436962
-0.0709439   -0.366782   -0.24514
-0.156655   -0.188247   -0.228799
0.0928497   -0.255636   0.468281
-0.0425689   -0.31062   0.332664
0.434368   0.0613195   -0.313712
-0.338019   0.292905   0.490791
-0.114297   0.464722   -0.375244
-0.0622568   0.125055   0.448515
0.23182   -0.406431   -0.0541287
-0.260116   -0.28904   0.404192
-0.339584   -0.150295   -0.139201
-0.358524   -0.178187   -0.447505
0.269516   0.27347   -0.232021
-0.294157   -0.138132   0.293458
-0.0278334   -0.056124   0.247479
-0.0931152   0.0357572   -0.367627
-0.356556   0.320086   -0.301082
-0.00265201   -0.042885   -0.216919
-0.194357   -0.241958   -0.0188478
0.147765   -0.197315   0.277767
0.43851   -0.235577   -0.457475
0.300867   -0.0952229   -0.155146
0.467797   0.405097   0.398665
0.482992   0.465034   -0.193909
-0.18042   -0.0332427   -0.107626
-0.373843   0.0310726   -0.0495585
-0.389958   0.498805   -0.39839
0.447848   -0.253713   -0.0160677
0.398061   0.377209   -0.364363
-0.226962   -0.484171   -0.199996
0.186037   0.0209989   -0.284991
0.340009   0.0400404   0.288171
0.393177   -0.446836   -0.499699
-0.0355567   0.327327   0.102211
0.024948   0.375705   0.301581
0.459615   0.190267   -0.12435
-0.433279   -0.346603   -0.154909
-0.252882   0.148562   -0.406099
0.308867   0.226996   0.48396
0.126315   0.0126742   -0.030192
0.477452   0.04204   0.437071
0.099698   0.364415   -0.0712668
0.0370766   -0.403227   -0.404172
-0.173155   -0.438636   0.195387
-0.0131659   -0.452999   -0.0319252
-0.352568   -0.468328   0.0124481
-0.29743   -0.013167   -0.305329
0.143918   0.208047   0.0342738
-0.00881174   0.277846   -0.359625
-0.453717   0.0219063   0.220587
-0.297625   -0.343183   -0.328645
0.320266   0.369112   -0.0479825
-0.187679   0.197344   -0.216937
0.312768   0.26049   0.288773
0.435006   -0.389944   -0.316472
0.10895   0.0130506   0.378209
-0.192276   0.342188   0.226043
0.255956   -0.181922   -0.376916
-0.410604   0.40312   0.182315
0.474894   0.273843   0.0752361
0.0153091   0.156503   -0.207678
-0.284866   0.469767   0.351205
-0.00306937   -0.214794   -0.10921
-0.247368   0.163631   0.304931
0.331359   -0.302241   0.361036
-0.357628   -0.303117   0.167828
0.0516515   -0.0572745   -0.440549
-0.182289   0.430807   -0.0137197
0.449803   -0.386884   0.193965
0.0823313   -0.219347   -0.292303
0.193822   0.4795   -0.232892
0.338398   0.136972   0.0952858
-0.0630376   0.383872   -0.187416
-0.114712   -0.23185   -0.442239
0.456835   0.498545   0.0319848
0.206978   -0.184976   -0.0159134
0.345081   -0.185171   0.165452
-0.327741   0.0293238   0.430851
-0.309402   0.167717   0.10905
0.316027   -0.094733   0.441787
-0.231122   0.00482641   0.160359
0.26497   0.120814   -0.107104
-0.0427777   -0.0884043   0.0433722
-0.451654   0.191921   0.31983
-0.437984   -0.373596   0.395917
-0.137628   0.355767   0.451751
0.101509   0.226843   0.438285
-0.0515386   0.126215   0.158466
0.120324   0.177087   0.240481
