2.9484 0
2.86955 0.0788526
3.01193 0.149485
3.05471 0.114028
3.04678 0.0886807
3.08394 0.0813873
3.0957 0.069782
3.11857 0.064617
3.10962 0.0576862
3.08642 0.0565687
3.08343 0.0512561
3.08288 0.0467934
3.07033 0.0448364
3.0708 0.0415132
3.07942 0.0395948
3.07683 0.037128
3.07099 0.0353601
3.07045 0.0333422
3.07549 0.0319389
3.07878 0.0304784
3.07503 0.0292325
3.0811 0.0285252
3.08231 0.0272834
3.08477 0.0262375
3.09434 0.0269255
3.08901 0.0264133
3.09125 0.0255151
3.09699 0.0252486
3.09603 0.0243814
3.09159 0.0239687
3.09734 0.0238844
3.09157 0.0238355
3.09383 0.0232124
3.09572 0.0225981
3.09151 0.0223429
3.09244 0.0217333
3.09035 0.021241
3.09301 0.0208451
3.09199 0.0203289
3.09084 0.0198479
3.0935 0.01954
3.09543 0.0191666
3.09786 0.0188729
3.10177 0.0188483
3.1055 0.0187991
3.10774 0.0185219
3.10776 0.0181235
3.11384 0.0187536
3.11245 0.0184195
3.1165 0.0184961
3.11635 0.0181304
3.11947 0.0180504
3.1175 0.0178157
3.11589 0.0175571
3.11561 0.0172371
3.11681 0.0169693
3.1153 0.0167379
3.1145 0.0164661
3.11759 0.0164766
3.11826 0.0162136
3.11784 0.015951
3.12044 0.0159046
3.11852 0.0157665
3.1202 0.0156084
3.11978 0.0153722
3.1174 0.0153229
3.1209 0.0154931
3.12133 0.0152694
3.12322 0.0151653
3.12469 0.0150187
3.12293 0.0149095
3.12229 0.0147148
3.12531 0.0148224
3.12519 0.0146211
3.12455 0.0144392
3.12331 0.0143018
3.12533 0.0142584
3.128 0.0143248
3.12775 0.0141444
3.12772 0.0139665
3.12438 0.0141918
3.12704 0.014268
3.13021 0.0144463
3.12967 0.0142835
3.1299 0.0141164
3.12984 0.0139514
3.12861 0.0138451
3.12885 0.0136889
3.13014 0.0135951
3.12911 0.0134822
3.12898 0.0133339
3.12876 0.0131899
3.13116 0.0132662
3.13109 0.0131245
3.13274 0.0130898
3.13362 0.0129826
3.13345 0.0128492
3.13577 0.0129283
3.13558 0.0127984
3.13321 0.0128896
