0 27.9421
1 25.0351
2 24.8187
3 22.3115
4 22.0738
5 20.0636
6 19.0717
7 18.8919
8 18.2319
9 17.0815
10 16.7322
11 16.0735
12 16.0735
13 15.7254
14 15.2479
15 14.9193
16 13.8021
17 13.3599
18 13.0658
19 12.7292
20 12.4089
21 12.4133
22 12.5621
23 12.1403
24 12.3772
25 11.9711
26 11.8681
27 11.5325
28 11.7479
29 11.3957
30 11.4193
31 11.4309
32 11.4212
33 11.3279
34 11.3584
35 11.2502
36 11.2434
37 11.2434
38 11.2434
39 11.2434
40 11.3192
41 11.2411
42 11.2411
43 11.3169
44 11.2715
45 11.2618
46 11.2618
47 11.2618
48 11.2618
49 11.2618
50 11.0457
51 11.0457
52 11.0457
53 10.937
54 10.937
55 10.937
56 10.937
57 10.937
58 10.937
59 10.937
60 10.937
61 10.937
62 10.937
63 10.937
64 10.937
65 10.937
66 10.937
67 10.937
68 10.937
69 10.937
70 10.937
71 10.937
72 10.937
73 10.937
74 10.937
75 10.937
76 10.937
77 10.937
78 10.937
79 10.937
80 10.937
81 10.937
82 10.937
83 10.937
84 10.937
85 10.937
86 10.5928
87 10.5928
88 10.5928
89 10.5928
90 10.5928
91 10.2359
92 10.2359
93 10.2359
94 10.5572
95 10.5572
96 10.5572
97 10.5572
98 10.5572
99 10.2004
100 10.2004
101 10.2004
102 10.2004
103 10.2004
104 10.2004
105 10.2004
106 10.2004
107 10.2004
108 10.2004
109 10.2004
110 10.2004
111 10.2004
112 10.2004
113 10.2004
114 10.2004
115 10.2004
116 10.2004
117 10.2004
118 10.2004
119 10.2004
120 10.2004
121 10.2004
122 10.2004
123 10.2004
124 10.2004
125 10.2004
126 10.2004
127 10.2004
128 10.2004
129 10.2004
130 10.2004
131 10.2004
132 10.2004
133 10.2004
134 10.2004
135 10.2004
136 10.2004
137 10.2004
138 10.2004
139 10.2004
140 10.2004
141 10.2004
142 10.2004
143 10.2004
144 10.2004
145 10.2004
146 10.2004
147 10.2004
148 10.2004
149 10.2004
150 10.2004
151 10.2004
152 10.2004
153 10.2004
154 10.2004
155 10.2004
156 10.2004
157 10.2004
158 10.2004
159 10.2004
160 10.2004
161 10.2004
162 10.2004
163 10.2004
164 10.2004
165 10.2004
166 10.2004
167 10.2004
168 10.2004
169 10.2004
170 10.2004
171 10.2004
172 10.2004
173 10.2004
174 10.2004
175 10.2004
176 10.2004
177 10.2004
178 10.2004
179 10.2004
180 10.2004
181 10.2004
182 10.2004
183 10.2004
184 10.2004
185 10.2004
186 10.2004
187 10.2004
188 10.2004
189 10.2004
190 10.2004
191 10.2004
192 10.2004
193 10.2004
194 10.2004
195 10.2004
196 10.2004
197 10.2004
198 10.2004
199 10.2004
200 10.2004
201 10.2004
202 10.2004
203 10.2004
204 10.2004
205 10.2004
206 10.2004
207 10.2004
208 10.2004
209 10.2004
210 10.2004
211 10.2004
212 10.2004
213 10.2004
214 10.2004
215 10.2004
216 10.2004
217 10.2004
218 10.2004
219 10.2004
220 10.2004
221 10.2004
222 10.2004
223 10.2004
224 10.2004
225 10.2004
226 10.2004
227 10.2004
228 10.2004
229 10.2004
230 10.2004
231 10.2004
232 10.2004
233 10.2004
234 10.2004
235 10.2004
236 10.2004
237 10.2004
238 10.2004
239 10.2004
240 10.2004
241 10.2004
242 10.2004
243 10.2004
244 10.2004
245 10.2004
246 10.2004
247 10.2004
248 10.2004
249 10.2004
250 10.2004
251 10.2004
252 10.2004
253 10.2004
254 10.2004
255 10.2004
256 10.2004
257 10.2004
258 10.2004
259 10.2004
260 10.2004
261 10.2004
262 10.2004
263 10.2004
264 10.2004
265 10.2004
266 10.2004
267 10.2004
268 10.2004
269 10.2004
270 10.2004
271 10.2004
272 10.2004
273 10.2004
274 10.2004
275 10.2004
276 10.2004
277 10.2004
278 10.2004
279 10.2004
280 10.2004
281 10.2004
282 10.2004
283 10.2004
284 10.2004
285 10.2004
286 10.2004
287 10.2004
288 10.2004
289 10.2004
290 10.2004
291 10.2004
292 10.2004
293 10.2004
294 10.2004
295 10.2004
296 10.2004
297 10.2004
298 10.2004
299 10.2004
300 10.2004
301 10.2004
302 10.2004
303 10.2004
304 10.2004
305 10.2004
306 10.2004
307 10.2004
308 10.2004
309 10.2004
310 10.2004
311 10.2004
312 10.2004
313 10.2004
314 10.2004
315 10.2004
316 10.2004
317 10.2004
318 10.2004
319 10.2004
320 10.2004
321 10.2004
322 10.2004
323 10.2004
324 10.2004
325 10.2004
326 10.2004
327 10.2004
328 10.2004
329 10.2004
330 10.2004
331 10.2004
332 10.2004
333 10.2004
334 10.2004
335 10.2004
336 10.2004
337 10.2004
338 10.2004
339 10.2004
340 10.2004
341 10.2004
342 10.2004
343 10.2004
344 10.2004
345 10.2004
346 10.2004
347 10.2004
348 10.2004
349 10.2004
350 10.2004
351 10.2004
352 10.2004
353 10.2004
354 10.2004
355 10.2004
356 10.2004
357 10.2004
358 10.2004
359 10.2004
360 10.2004
361 10.2004
362 10.2004
363 10.2004
364 10.2004
365 10.2004
366 10.2004
367 10.2004
368 10.2004
369 10.2004
370 10.2004
371 10.2004
372 10.2004
373 10.2004
374 10.2004
375 10.2004
376 10.2004
377 10.2004
378 10.2004
379 10.2004
380 10.2004
381 10.2004
382 10.2004
383 10.2004
384 10.2004
385 10.2004
386 10.2004
387 10.2004
388 10.2004
389 10.2004
390 10.2004
391 10.2004
392 10.2004
393 10.2004
394 10.2004
395 10.2004
396 10.2004
397 10.2004
398 10.2004
399 10.2004
400 10.2004
401 10.2004
402 10.2004
403 10.2004
404 10.2004
405 10.2004
406 10.2004
407 10.2004
408 10.2004
409 10.2004
410 10.2004
411 10.2004
412 10.2004
413 10.2004
414 10.2004
415 10.2004
416 10.2004
417 10.2004
418 10.2004
419 10.2004
420 10.2004
421 10.2004
422 10.2004
423 10.2004
424 10.2004
425 10.2004
426 10.2004
427 10.2004
428 10.2004
429 10.2004
430 10.2004
431 10.2004
432 10.2004
433 10.2004
434 10.2004
435 10.2004
436 10.2004
437 10.2004
438 10.2004
439 10.2004
440 10.2004
441 10.2004
442 10.2004
443 10.2004
444 10.2004
445 10.2004
446 10.2004
447 10.2004
448 10.2004
449 10.2004
450 10.2004
451 10.2004
452 10.2004
453 10.2004
454 10.2004
455 10.2004
456 10.2004
457 10.2004
458 10.2004
459 10.2004
460 10.2004
461 10.2004
462 10.2004
463 10.2004
464 10.2004
465 10.2004
466 10.2004
467 10.2004
468 10.2004
469 10.2004
470 10.2004
471 10.2004
472 10.2004
473 10.2004
474 10.2004
475 10.2004
476 10.2004
477 10.2004
478 10.2004
479 10.2004
480 10.2004
481 10.2004
482 10.2004
483 10.2004
484 10.2004
485 10.2004
486 10.2004
487 10.2004
488 10.2004
489 10.2004
490 10.2004
491 10.2004
492 10.2004
493 10.2004
494 10.2004
495 10.2004
496 10.2004
497 10.2004
498 10.2004
499 10.2004
