0 35.156
1 30.5057
2 27.9797
3 25.9275
4 24.0571
5 22.5312
6 21.4996
7 20.0803
8 18.7481
9 17.7521
10 17.4892
11 17.1541
12 16.7077
13 16.1639
14 15.9183
15 15.6146
16 15.3633
17 15.0177
18 14.8532
19 14.6569
20 14.4317
21 14.201
22 14.0225
23 13.8266
24 13.6436
25 13.4116
26 12.9584
27 12.7743
28 12.5812
29 12.591
30 12.5237
31 12.4399
32 12.4389
33 12.3696
34 12.2804
35 12.4037
36 12.1527
37 12.2194
38 12.2755
39 12.3962
40 12.3769
41 12.3332
42 12.333
43 12.2915
44 12.2436
45 12.392
46 12.2586
47 12.1069
48 12.1381
49 12.1362
50 12.1568
51 12.0015
52 12.0231
53 11.9532
54 12.0192
55 11.9998
56 11.9766
57 11.966
58 12.0173
59 12.1307
60 12.081
61 12.037
62 11.9886
63 12.0094
64 12.0169
65 12.0157
66 12.0315
67 12.0076
68 12.0849
69 11.9237
70 11.9672
71 12.0399
72 12.1016
73 12.1185
74 11.977
75 12.0492
76 12.0043
77 12.0241
78 11.9831
79 11.9501
80 11.9463
81 11.9304
82 12.0289
83 12.0507
84 12.0713
85 12.11
86 11.9685
87 11.9291
88 12.0377
89 12.1265
90 12.0296
91 12.0698
92 11.997
93 12.1
94 12.0797
95 12.0723
96 12.0945
97 12.0723
98 12.0368
99 11.9832
100 11.9806
101 11.9856
102 12.0499
103 12.0401
104 12.0888
105 12.0414
106 12.0565
107 11.9534
108 11.9091
109 12.1657
110 11.9617
111 11.9995
112 11.9317
113 12.0686
114 12.0236
115 11.9884
116 12.0036
117 12.0473
118 12.0017
119 12.0368
120 12.1024
121 12.0188
122 12.0799
123 12.0429
124 12.0185
125 12.0848
126 11.9864
127 11.8971
128 11.876
129 11.8564
130 11.8052
131 11.7459
132 11.8265
133 11.9143
134 11.8361
135 11.9005
136 11.8791
137 11.8513
138 11.8728
139 11.8767
140 11.7705
141 11.762
142 11.7588
143 11.8206
144 11.7282
145 11.8055
146 11.7733
147 11.7968
148 11.7932
149 11.8451
150 11.7588
151 11.8439
152 11.8466
153 11.8072
154 11.8799
155 11.7859
156 11.8779
157 11.8521
158 11.8457
159 11.8323
160 11.8574
161 11.8298
162 11.8334
163 11.9324
164 11.8597
165 11.8981
166 11.902
167 11.8064
168 11.8893
169 11.9027
170 11.8631
171 11.9181
172 11.8819
173 11.8253
174 11.8824
175 11.8986
176 11.8682
177 11.8899
178 11.8077
179 11.8562
180 11.8225
181 11.8057
182 11.9698
183 11.9379
184 11.8498
185 11.897
186 11.821
187 11.8303
188 11.8276
189 11.7654
190 11.8192
191 11.8057
192 11.7978
193 11.8416
194 11.8245
195 11.7809
196 11.8814
197 11.8404
198 11.8176
199 11.7732
200 11.7781
201 11.837
202 11.8025
203 11.851
204 11.8334
205 11.7319
206 11.8695
207 11.8386
208 11.8614
209 11.8867
210 11.9118
211 11.9578
212 11.8833
213 11.8213
214 11.7815
215 11.7433
216 11.7757
217 11.8344
218 11.8841
219 11.8722
220 11.7718
221 11.8518
222 11.8646
223 11.8055
224 11.8118
225 11.9087
226 11.8784
227 11.8754
228 11.8873
229 11.8303
230 11.8313
231 11.7861
232 11.7931
233 11.801
234 11.8516
235 11.9124
236 11.8184
237 11.7895
238 11.7421
239 11.8023
240 11.8308
241 11.7088
242 11.8931
243 11.8455
244 11.8808
245 11.878
246 11.9012
247 11.9013
248 11.8844
249 11.8312
250 11.917
251 11.892
252 11.8187
253 11.9162
254 11.8126
255 11.7849
256 11.7959
257 11.8612
258 11.9145
259 11.7315
260 11.8618
261 11.9058
262 11.7488
263 11.8625
264 11.8133
265 11.9582
266 11.8416
267 11.8246
268 11.8924
269 11.8092
270 11.9088
271 11.8463
272 11.7953
273 11.881
274 11.817
275 11.8384
276 11.888
277 11.8418
278 11.8816
279 11.9019
280 11.8706
281 11.7302
282 11.7729
283 11.8285
284 11.89
285 11.8193
286 11.7235
287 11.8174
288 11.868
289 11.8624
290 11.8403
291 11.8307
292 11.9189
293 11.9593
294 11.9444
295 11.8875
296 11.8567
297 11.8068
298 11.7931
299 11.8178
300 11.8969
301 11.8542
302 11.9648
303 11.8113
304 11.7889
305 11.763
306 11.8181
307 11.8233
308 11.8247
309 11.8306
310 11.882
311 11.9043
312 11.7718
313 11.8433
314 11.764
315 11.8177
316 11.8332
317 11.8764
318 11.8157
319 11.7752
320 11.7512
321 11.7753
322 11.8501
323 11.8208
324 11.8524
325 11.8678
326 11.9108
327 11.8582
328 11.9151
329 11.8514
330 11.8257
331 11.8607
332 11.7207
333 11.8228
334 11.8756
335 11.8606
336 11.8475
337 11.8412
338 11.8191
339 11.89
340 11.8792
341 11.8909
342 11.8376
343 11.851
344 11.8346
345 11.8485
346 11.8803
347 11.7958
348 11.8561
349 11.772
350 11.8548
351 11.906
352 11.879
353 11.849
354 11.8455
355 11.8165
356 11.8559
357 11.9138
358 11.8721
359 11.7863
360 11.8192
361 11.7837
362 11.7832
363 11.6889
364 11.8848
365 11.9035
366 11.8663
367 11.8302
368 11.8634
369 11.8836
370 11.8105
371 11.7673
372 11.7809
373 11.8218
374 11.8097
375 11.8265
376 11.8029
377 11.8947
378 11.8283
379 11.775
380 11.7423
381 11.8089
382 11.8617
383 11.7766
384 11.8183
385 11.8417
386 11.8993
387 11.9337
388 11.838
389 11.7909
390 11.6933
391 11.7918
392 11.8789
393 11.8012
394 11.8455
395 11.9208
396 11.8086
397 11.9033
398 11.8085
399 11.8395
400 11.9372
401 11.8709
402 11.7581
403 11.7949
404 11.9124
405 11.8569
406 11.8408
407 11.8237
408 11.8541
409 11.7478
410 11.786
411 11.8577
412 11.9471
413 11.9383
414 11.8743
415 11.7711
416 11.8962
417 11.8609
418 11.8521
419 11.939
420 11.8731
421 11.8029
422 11.7704
423 11.8159
424 11.8417
425 11.6839
426 11.8967
427 11.9027
428 11.861
429 11.8724
430 11.8711
431 11.8312
432 11.8204
433 11.8093
434 11.8231
435 11.877
436 11.8288
437 11.8204
438 11.7778
439 11.8415
440 11.8429
441 11.937
442 11.8371
443 11.862
444 11.8015
445 11.854
446 11.8439
447 11.8428
448 11.8432
449 11.8275
450 11.7542
451 11.878
452 11.8276
453 11.8107
454 11.8907
455 11.8628
456 11.7727
457 11.8076
458 11.7494
459 11.7736
460 11.7548
461 11.8838
462 11.8427
463 11.8081
464 11.8063
465 11.8241
466 11.8741
467 11.8646
468 11.9043
469 11.8856
470 11.8224
471 11.7926
472 11.7642
473 11.7855
474 11.8156
475 11.7928
476 11.8502
477 11.8328
478 11.7149
479 11.8421
480 11.8385
481 11.8907
482 11.8071
483 11.9808
484 11.8156
485 11.8303
486 11.792
487 11.7909
488 11.9014
489 11.8177
490 11.8566
491 11.9588
492 11.8864
493 11.871
494 11.8117
495 11.954
496 11.8627
497 11.8592
498 11.7891
499 11.9803
