0 35.156
1 30.7176
2 28.36
3 26.6986
4 24.6489
5 23.1324
6 22.0577
7 21.3017
8 20.3776
9 19.0343
10 18.2958
11 17.9108
12 17.6762
13 17.5031
14 17.3864
15 16.9467
16 16.5339
17 16.1903
18 15.9846
19 15.8391
20 15.3531
21 14.9666
22 14.8501
23 14.7022
24 14.5124
25 14.3814
26 14.1983
27 14.1024
28 13.9626
29 13.869
30 13.5668
31 13.3572
32 13.3745
33 13.2537
34 13.1412
35 13.0509
36 13.0862
37 12.993
38 12.5707
39 12.3139
40 12.2877
41 12.2006
42 12.1093
43 12.1272
44 12.1138
45 11.9429
46 12.0364
47 12.0408
48 12.0616
49 12.073
50 12.1034
51 12.123
52 12.1603
53 11.9395
54 11.5337
55 11.2925
56 11.2685
57 11.3002
58 11.252
59 11.2221
60 11.4113
61 11.4114
62 11.2695
63 11.3007
64 11.2562
65 11.3091
66 11.2246
67 11.248
68 11.2604
69 11.2677
70 11.2087
71 11.2589
72 11.2643
73 11.2515
74 11.2396
75 11.2505
76 11.2407
77 11.257
78 11.2194
79 11.2949
80 11.2827
81 11.2596
82 11.2919
83 11.2685
84 11.2252
85 11.2454
86 11.1972
87 11.2564
88 11.2562
89 11.2605
90 11.1977
91 11.2407
92 11.247
93 11.2061
94 11.2582
95 11.3011
96 11.29
97 11.3121
98 11.3094
99 11.1872
100 11.2358
101 11.2472
102 11.269
103 11.2995
104 11.1237
105 11.2146
106 11.1806
107 11.2926
108 11.2722
109 11.2432
110 11.1574
111 11.2629
112 11.2885
113 11.2251
114 11.2933
115 11.2622
116 11.2449
117 11.1989
118 11.2784
119 11.2366
120 11.2229
121 11.2533
122 11.2571
123 11.1907
124 11.2257
125 11.3215
126 11.1557
127 11.2613
128 11.2609
129 11.2344
130 11.2029
131 11.2883
132 11.2322
133 11.2269
134 11.2151
135 11.2295
136 11.1856
137 11.2196
138 11.2057
139 11.2111
140 11.225
141 11.2895
142 11.2376
143 11.1784
144 11.1581
145 11.2304
146 11.1859
147 11.2911
148 11.2827
149 11.3289
150 11.2145
151 11.132
152 11.2242
153 11.2599
154 11.2118
155 11.345
156 11.2401
157 11.2139
158 11.2469
159 11.2465
160 11.2376
161 11.2578
162 11.3057
163 11.2647
164 11.178
165 11.2715
166 11.2434
167 11.2767
168 11.2007
169 11.4133
170 11.2712
171 11.2265
172 11.1906
173 11.262
174 11.2977
175 11.1361
176 11.2647
177 11.2011
178 11.2851
179 11.1662
180 11.2505
181 11.2779
182 11.3139
183 11.247
184 11.2047
185 11.2091
186 11.213
187 11.2961
188 11.2414
189 11.1936
190 11.2771
191 11.3161
192 11.1929
193 11.1958
194 11.2529
195 11.1587
196 11.2089
197 11.2275
198 11.2287
199 11.2108
200 11.1621
201 11.1708
202 11.227
203 11.2357
204 11.2235
205 11.1995
206 11.2193
207 11.2422
208 11.1747
209 11.1811
210 11.2212
211 11.2724
212 11.3154
213 11.2381
214 11.2839
215 11.3229
216 11.2816
217 11.2187
218 11.1724
219 11.1993
220 11.2688
221 11.2694
222 11.3189
223 11.2987
224 11.2597
225 11.267
226 11.2425
227 11.2038
228 11.2312
229 11.1532
230 11.2966
231 11.273
232 11.2746
233 11.2682
234 11.2338
235 11.3213
236 11.264
237 11.1635
238 11.1021
239 11.2661
240 11.2738
241 11.2309
242 11.2617
243 11.2237
244 11.2167
245 11.2586
246 11.2329
247 11.263
248 11.2487
249 11.2583
250 11.3113
251 11.2562
252 11.2047
253 11.1915
254 11.2416
255 11.3494
256 11.3445
257 11.2107
258 11.2802
259 11.3813
260 11.3074
261 11.3378
262 11.27
263 11.2496
264 11.3355
265 11.2285
266 11.3144
267 11.2526
268 11.2498
269 11.1939
270 11.175
271 11.3031
272 11.2685
273 11.169
274 11.188
275 11.2595
276 11.2573
277 11.2873
278 11.3171
279 11.2492
280 11.1654
281 11.2527
282 11.2666
283 11.2084
284 11.2055
285 11.2619
286 11.1908
287 11.1261
288 11.1704
289 11.1904
290 11.1858
291 11.2985
292 11.2301
293 11.1613
294 11.2743
295 11.408
296 11.3116
297 11.261
298 11.2541
299 11.2299
300 11.1837
301 11.2268
302 11.1554
303 11.2511
304 11.3121
305 11.25
306 11.2986
307 11.1955
308 11.2445
309 11.3371
310 11.2443
311 11.2606
312 11.2784
313 11.2908
314 11.2939
315 11.4186
316 11.3442
317 11.2223
318 11.2228
319 11.2403
320 11.2445
321 11.236
322 11.2254
323 11.2573
324 11.253
325 11.2579
326 11.3135
327 11.2271
328 11.3121
329 11.2228
330 11.3292
331 11.261
332 11.2708
333 11.2297
334 11.2887
335 11.2929
336 11.2006
337 11.2742
338 11.2555
339 11.2486
340 11.3418
341 11.3369
342 11.2941
343 11.2207
344 11.2195
345 11.2657
346 11.3916
347 11.2723
348 11.2295
349 11.27
350 11.2822
351 11.3118
352 11.1953
353 11.1716
354 11.1003
355 11.3114
356 11.2056
357 11.1134
358 11.2519
359 11.3787
360 11.2677
361 11.2845
362 11.2035
363 11.2388
364 11.2763
365 11.2209
366 11.2448
367 11.2303
368 11.2323
369 11.299
370 11.2953
371 11.2645
372 11.217
373 11.135
374 11.1202
375 11.2118
376 11.2745
377 11.2874
378 11.2888
379 11.3309
380 11.325
381 11.2157
382 11.2762
383 11.2616
384 11.231
385 11.339
386 11.2166
387 11.2323
388 11.2722
389 11.2065
390 11.2836
391 11.2637
392 11.2449
393 11.1801
394 11.2374
395 11.2182
396 11.274
397 11.3176
398 11.2415
399 11.2436
400 11.2335
401 11.2212
402 11.2798
403 11.2144
404 11.1483
405 11.2644
406 11.2707
407 11.3302
408 11.2567
409 11.1977
410 11.2423
411 11.1919
412 11.1649
413 11.3145
414 11.2354
415 11.2773
416 11.2666
417 11.3117
418 11.2489
419 11.1826
420 11.2142
421 11.2803
422 11.349
423 11.2462
424 11.171
425 11.2815
426 11.3099
427 11.2546
428 11.2689
429 11.2778
430 11.2237
431 11.175
432 11.2012
433 11.2122
434 11.1765
435 11.2067
436 11.2096
437 11.2696
438 11.1936
439 11.23
440 11.221
441 11.2142
442 11.2492
443 11.2733
444 11.1611
445 11.2927
446 11.2865
447 11.2851
448 11.2147
449 11.3292
450 11.171
451 11.1404
452 11.2876
453 11.2187
454 11.2767
455 11.2798
456 11.3572
457 11.2221
458 11.2035
459 11.2114
460 11.335
461 11.211
462 11.1824
463 11.2707
464 11.2226
465 11.2841
466 11.2197
467 11.2016
468 11.2261
469 11.2819
470 11.3278
471 11.289
472 11.2891
473 11.234
474 11.3686
475 11.2397
476 11.2808
477 11.1871
478 11.2251
479 11.2451
480 11.1917
481 11.2445
482 11.2186
483 11.3725
484 11.4283
485 11.3478
486 11.2333
487 11.2203
488 11.2437
489 11.3237
490 11.2422
491 11.2602
492 11.2202
493 11.3196
494 11.2178
495 11.1921
496 11.2508
497 11.1828
498 11.3251
499 11.2053
