0 35.156
1 30.6036
2 28.2738
3 26.8345
4 25.3933
5 23.5656
6 21.607
7 20.7682
8 20.0242
9 19.4368
10 18.6996
11 18.1857
12 17.7723
13 17.3188
14 16.8579
15 16.5541
16 15.949
17 15.4116
18 14.8282
19 14.4955
20 14.0692
21 13.7163
22 13.5433
23 13.3987
24 13.4148
25 13.1715
26 13.0987
27 13.1257
28 13.0447
29 12.8834
30 12.7113
31 12.4949
32 12.3932
33 12.4289
34 12.4342
35 12.3614
36 12.374
37 12.2964
38 12.3956
39 12.361
40 12.3169
41 12.2293
42 12.32
43 12.31
44 12.1776
45 12.1938
46 12.283
47 12.1949
48 12.2275
49 12.2385
50 12.2408
51 12.3366
52 12.2382
53 12.1645
54 12.095
55 12.0718
56 12.0864
57 11.9494
58 11.9088
59 11.9616
60 11.9379
61 11.9405
62 11.8875
63 11.9828
64 11.9607
65 11.9899
66 11.8736
67 11.9619
68 11.9152
69 11.9393
70 12.0116
71 11.9624
72 11.9156
73 11.9331
74 11.8221
75 11.9519
76 11.899
77 11.9543
78 11.9434
79 11.9628
80 12.0004
81 12.0035
82 11.9195
83 11.8867
84 12.0094
85 11.9765
86 12.0089
87 11.9983
88 11.9725
89 11.8974
90 11.881
91 11.8266
92 11.6407
93 11.7458
94 11.6927
95 11.8076
96 11.6343
97 11.5604
98 11.6159
99 11.6084
100 11.5293
101 11.601
102 11.358
103 11.2387
104 11.1862
105 11.2125
106 11.2544
107 11.3722
108 11.2783
109 11.3183
110 11.3208
111 11.2723
112 11.1545
113 11.3352
114 11.3072
115 11.1885
116 11.2392
117 11.2527
118 11.2814
119 11.2216
120 11.2955
121 11.3067
122 11.2374
123 11.272
124 11.3297
125 11.2407
126 11.2221
127 11.2481
128 11.2318
129 11.2459
130 11.2441
131 11.3074
132 11.2869
133 11.3068
134 11.2708
135 11.2496
136 11.196
137 11.2109
138 11.2093
139 11.2743
140 11.2285
141 11.1952
142 11.3305
143 11.2124
144 11.3209
145 11.3305
146 11.1692
147 11.187
148 11.1539
149 11.2336
150 11.2861
151 11.1915
152 11.244
153 11.2637
154 11.2542
155 11.1739
156 11.3185
157 11.3052
158 11.2758
159 11.2794
160 11.1894
161 11.2254
162 11.3274
163 11.1852
164 11.2442
165 11.23
166 11.1951
167 11.1766
168 11.2749
169 11.2037
170 11.2121
171 11.1638
172 11.195
173 11.2155
174 11.2307
175 11.2535
176 11.2312
177 11.2204
178 11.1913
179 11.2573
180 11.2187
181 11.2432
182 11.1382
183 11.0964
184 11.1988
185 11.2184
186 11.1846
187 11.1772
188 11.2163
189 11.2523
190 11.1843
191 11.1903
192 11.2332
193 11.2616
194 11.3072
195 11.3125
196 11.2776
197 11.3178
198 11.2506
199 11.3444
200 11.2123
201 11.3055
202 11.2185
203 11.1919
204 11.257
205 11.2382
206 11.1324
207 11.285
208 11.2083
209 11.242
210 11.2871
211 11.1662
212 11.1701
213 11.1259
214 11.2074
215 11.2717
216 11.288
217 11.2268
218 11.1683
219 11.2306
220 11.2027
221 11.2037
222 11.3265
223 11.2472
224 11.2873
225 11.1876
226 11.2644
227 11.2407
228 11.3304
229 11.305
230 11.2339
231 11.2867
232 11.2938
233 11.1474
234 11.2388
235 11.2425
236 11.1946
237 11.2194
238 11.2099
239 11.212
240 11.2468
241 11.2859
242 11.2205
243 11.2301
244 11.2495
245 11.2752
246 11.24
247 11.3262
248 11.2789
249 11.2409
250 11.2235
251 11.2591
252 11.1723
253 11.1697
254 11.1833
255 11.2226
256 11.2404
257 11.3225
258 11.2779
259 11.1231
260 11.1645
261 11.2065
262 11.2255
263 11.1978
264 11.1396
265 11.2922
266 11.2993
267 11.1896
268 11.1624
269 11.186
270 11.1606
271 11.194
272 11.1951
273 11.3016
274 11.322
275 11.2949
276 11.3136
277 11.2191
278 11.1659
279 11.2685
280 11.2496
281 11.219
282 11.2127
283 11.2178
284 11.3182
285 11.2397
286 11.3146
287 11.2471
288 11.1828
289 11.299
290 11.1524
291 11.1912
292 11.1449
293 11.1574
294 11.2172
295 11.295
296 11.2396
297 11.2549
298 11.183
299 11.1228
300 11.2948
301 11.2523
302 11.3337
303 11.2382
304 11.1781
305 11.246
306 11.2599
307 11.345
308 11.2859
309 11.2926
310 11.2884
311 11.2673
312 11.2485
313 11.2705
314 11.2671
315 11.1878
316 11.1886
317 11.1634
318 11.2375
319 11.3349
320 11.1369
321 11.2596
322 11.2273
323 11.275
324 11.2301
325 11.2843
326 11.1282
327 11.2968
328 11.3131
329 11.2275
330 11.2185
331 11.2903
332 11.2496
333 11.1857
334 11.2429
335 11.2378
336 11.3089
337 11.2468
338 11.2691
339 11.2509
340 11.2305
341 11.2415
342 11.224
343 11.2346
344 11.2049
345 11.2805
346 11.1778
347 11.2759
348 11.2075
349 11.263
350 11.2026
351 11.1836
352 11.2356
353 11.2224
354 11.2458
355 11.1663
356 11.2735
357 11.278
358 11.1674
359 11.1381
360 11.2112
361 11.3317
362 11.2256
363 11.2151
364 11.2957
365 11.2008
366 11.2755
367 11.2246
368 11.2366
369 11.2389
370 11.2904
371 11.2807
372 11.255
373 11.2946
374 11.229
375 11.1619
376 11.2141
377 11.2108
378 11.2739
379 11.214
380 11.2933
381 11.2034
382 11.227
383 11.1714
384 11.2255
385 11.278
386 11.2484
387 11.1967
388 11.138
389 11.2777
390 11.1924
391 11.2422
392 11.3379
393 11.2089
394 11.1937
395 11.2974
396 11.2704
397 11.246
398 11.2844
399 11.1174
400 11.3352
401 11.3278
402 11.2632
403 11.2369
404 11.2782
405 11.2639
406 11.3286
407 11.1643
408 11.1914
409 11.2408
410 11.255
411 11.2043
412 11.1882
413 11.1896
414 11.1716
415 11.3052
416 11.1978
417 11.2199
418 11.3099
419 11.3312
420 11.2473
421 11.2865
422 11.2378
423 11.2225
424 11.2543
425 11.2543
426 11.2423
427 11.1592
428 11.2433
429 11.3823
430 11.3454
431 11.1768
432 11.1566
433 11.2652
434 11.1681
435 11.2554
436 11.2756
437 11.2022
438 11.293
439 11.3291
440 11.155
441 11.1946
442 11.2399
443 11.1956
444 11.1875
445 11.2241
446 11.1715
447 11.2681
448 11.2598
449 11.2306
450 11.271
451 11.2067
452 11.1508
453 11.2075
454 11.2395
455 11.2674
456 11.1028
457 11.2336
458 11.2546
459 11.2155
460 11.2655
461 11.1823
462 11.2601
463 11.2844
464 11.2481
465 11.2955
466 11.1921
467 11.2795
468 11.3829
469 11.2059
470 11.1879
471 11.2636
472 11.1839
473 11.1725
474 11.2152
475 11.1794
476 11.2293
477 11.2004
478 11.3526
479 11.2557
480 11.2652
481 11.2348
482 11.1719
483 11.234
484 11.2335
485 11.3008
486 11.2153
487 11.2061
488 11.2525
489 11.2286
490 11.2169
491 11.2043
492 11.274
493 11.2373
494 11.1933
495 11.0875
496 11.1901
497 11.3146
498 11.3792
499 11.2225
