0 27.9421
1 26.9603
2 24.0633
3 22.0314
4 20.2298
5 19.5358
6 18.6983
7 17.6757
8 17.5902
9 17.2018
10 16.5965
11 16.1417
12 15.6629
13 15.3786
14 14.9212
15 14.8969
16 14.6592
17 14.2718
18 14.2404
19 14.0157
20 13.6591
21 13.3902
22 13.183
23 13.183
24 13.1096
25 12.6739
26 12.6219
27 12.6219
28 12.6681
29 12.703
30 12.6404
31 12.5253
32 12.4463
33 12.4463
34 12.3781
35 12.263
36 12.2301
37 12.2301
38 12.0477
39 12.0477
40 12.0868
41 12.0587
42 11.3101
43 11.3144
44 11.3144
45 11.3144
46 11.3144
47 11.2955
48 11.2955
49 11.2955
50 11.2932
51 11.2932
52 10.7945
53 10.7594
54 10.7594
55 10.7579
56 10.7579
57 10.7594
58 10.7594
59 10.7579
60 10.7594
61 10.7594
62 10.7594
63 10.7594
64 10.7594
65 10.7594
66 10.7594
67 10.7594
68 10.7594
69 10.7594
70 10.7579
71 10.7579
72 10.7579
73 10.6402
74 10.6402
75 10.6402
76 10.6402
77 10.6402
78 10.6402
79 10.6402
80 10.6402
81 10.6402
82 10.6402
83 10.6402
84 10.6402
85 10.6402
86 10.6402
87 10.6402
88 10.6402
89 10.6402
90 10.6402
91 10.6402
92 10.6402
93 10.6402
94 10.6402
95 10.6474
96 10.6474
97 10.6307
98 10.6307
99 10.2739
100 10.1817
101 10.1817
102 10.1817
103 10.1817
104 10.1817
105 10.1817
106 10.1817
107 9.96852
108 9.96852
109 9.96852
110 9.96852
111 9.96852
112 9.96852
113 9.96852
114 9.96852
115 9.96852
116 9.96852
117 9.96852
118 9.96852
119 9.96852
120 9.96852
121 9.96852
122 9.96852
123 9.96852
124 9.96852
125 9.96852
126 9.96852
127 9.96852
128 9.96852
129 9.96852
130 9.96852
131 9.96852
132 9.96852
133 9.96852
134 9.96852
135 9.96852
136 9.96852
137 9.96852
138 9.96852
139 9.96852
140 9.96852
141 9.96852
142 9.96852
143 9.96852
144 9.96852
145 9.96852
146 9.96852
147 9.96852
148 9.96852
149 9.96852
150 9.96852
151 9.96852
152 9.96852
153 9.96852
154 9.96852
155 9.96852
156 9.96852
157 9.96852
158 9.96852
159 9.96852
160 9.96852
161 9.96852
162 9.96852
163 9.96852
164 9.96852
165 9.96852
166 9.96852
167 9.96852
168 9.96852
169 9.96852
170 9.96852
171 9.96852
172 9.96852
173 9.96852
174 9.96852
175 9.96852
176 9.96852
177 9.96852
178 9.96852
179 9.96852
180 9.96852
181 9.96852
182 9.96852
183 9.96852
184 9.96852
185 9.96852
186 9.96852
187 9.96852
188 9.96852
189 9.96852
190 9.96852
191 9.96852
192 9.96852
193 9.96852
194 9.96852
195 9.96852
196 9.96852
197 9.96852
198 9.96852
199 9.96852
200 9.96852
201 9.96852
202 9.96852
203 9.96852
204 9.96852
205 9.96852
206 9.96852
207 9.96852
208 9.96852
209 9.96852
210 9.96852
211 9.96852
212 9.96852
213 9.96852
214 9.96852
215 9.96852
216 9.96852
217 9.96852
218 9.96852
219 9.96852
220 9.96852
221 9.96852
222 9.96852
223 9.96852
224 9.96852
225 9.96852
226 9.96852
227 9.96852
228 9.96852
229 9.96852
230 9.96852
231 9.96852
232 9.96852
233 9.96852
234 9.96852
235 9.96852
236 9.96852
237 9.96852
238 9.96852
239 9.96852
240 9.96852
241 9.96852
242 9.96852
243 9.96852
244 9.96852
245 9.96852
246 9.96852
247 9.96852
248 9.96852
249 9.96852
250 9.96852
251 9.96852
252 9.96852
253 9.96852
254 9.96852
255 9.96852
256 9.96852
257 9.96852
258 9.96852
259 9.96852
260 9.96852
261 9.96852
262 9.96852
263 9.96852
264 9.96852
265 9.96852
266 9.96852
267 9.96852
268 9.96852
269 9.96852
270 9.96852
271 9.96852
272 9.96852
273 9.96852
274 9.96852
275 9.96852
276 9.96852
277 9.96852
278 9.96852
279 9.96852
280 9.96852
281 9.96852
282 9.96852
283 9.96852
284 9.96852
285 9.96852
286 9.96852
287 9.96852
288 9.96852
289 9.96852
290 9.96852
291 9.96852
292 9.96852
293 9.96852
294 9.96852
295 9.96852
296 9.96852
297 9.96852
298 9.96852
299 9.96852
300 9.96852
301 9.96852
302 9.96852
303 9.96852
304 9.96852
305 9.96852
306 9.96852
307 9.96852
308 9.96852
309 9.96852
310 9.96852
311 9.96852
312 9.96852
313 9.96852
314 9.96852
315 9.96852
316 9.96852
317 9.96852
318 9.96852
319 9.96852
320 9.96852
321 9.96852
322 9.96852
323 9.96852
324 9.96852
325 9.96852
326 9.96852
327 9.96852
328 9.96852
329 9.96852
330 9.96852
331 9.96852
332 9.96852
333 9.96852
334 9.96852
335 9.96852
336 9.96852
337 9.96852
338 9.96852
339 9.96852
340 9.96852
341 9.96852
342 9.96852
343 9.96852
344 9.96852
345 9.96852
346 9.96852
347 9.96852
348 9.96852
349 9.96852
350 9.96852
351 9.96852
352 9.96852
353 9.96852
354 9.96852
355 9.96852
356 9.96852
357 9.96852
358 9.96852
359 9.96852
360 9.96852
361 9.96852
362 9.96852
363 9.96852
364 9.96852
365 9.96852
366 9.96852
367 9.96852
368 9.96852
369 9.96852
370 9.96852
371 9.96852
372 9.96852
373 9.96852
374 9.96852
375 9.96852
376 9.96852
377 9.96852
378 9.96852
379 9.96852
380 9.96852
381 9.96852
382 9.96852
383 9.96852
384 9.96852
385 9.96852
386 9.96852
387 9.96852
388 9.96852
389 9.96852
390 9.96852
391 9.96852
392 9.96852
393 9.96852
394 9.96852
395 9.96852
396 9.96852
397 9.96852
398 9.96852
399 9.96852
400 9.96852
401 9.96852
402 9.96852
403 9.96852
404 9.96852
405 9.96852
406 9.96852
407 9.96852
408 9.96852
409 9.96852
410 9.96852
411 9.96852
412 9.96852
413 9.96852
414 9.96852
415 9.96852
416 9.96852
417 9.96852
418 9.96852
419 9.96852
420 9.96852
421 9.96852
422 9.96852
423 9.96852
424 9.96852
425 9.96852
426 9.96852
427 9.96852
428 9.96852
429 9.96852
430 9.96852
431 9.96852
432 9.96852
433 9.96852
434 9.96852
435 9.96852
436 9.96852
437 9.96852
438 9.96852
439 9.96852
440 9.96852
441 9.96852
442 9.96852
443 9.96852
444 9.96852
445 9.96852
446 9.96852
447 9.96852
448 9.96852
449 9.96852
450 9.96852
451 9.96852
452 9.96852
453 9.96852
454 9.96852
455 9.96852
456 9.96852
457 9.96852
458 9.96852
459 9.96852
460 9.96852
461 9.96852
462 9.96852
463 9.96852
464 9.96852
465 9.96852
466 9.96852
467 9.96852
468 9.96852
469 9.96852
470 9.96852
471 9.96852
472 9.96852
473 9.96852
474 9.96852
475 9.96852
476 9.96852
477 9.96852
478 9.96852
479 9.96852
480 9.96852
481 9.96852
482 9.96852
483 9.96852
484 9.96852
485 9.96852
486 9.96852
487 9.96852
488 9.96852
489 9.96852
490 9.96852
491 9.96852
492 9.96852
493 9.96852
494 9.96852
495 9.96852
496 9.96852
497 9.96852
498 9.96852
499 9.96852
