0 35.156
1 30.6609
2 28.1794
3 26.0182
4 23.9224
5 22.4255
6 21.354
7 20.4087
8 19.4729
9 18.7184
10 18.2724
11 17.7612
12 17.2321
13 16.9056
14 16.5122
15 16.3406
16 16.0173
17 15.9096
18 15.5464
19 15.4655
20 15.1672
21 14.9018
22 14.7723
23 14.5839
24 14.2784
25 14.3395
26 14.3072
27 14.041
28 13.8627
29 13.8161
30 13.6119
31 13.6584
32 13.7279
33 13.6642
34 13.6018
35 13.4535
36 13.3693
37 13.2727
38 13.1542
39 13.1485
40 13.2071
41 13.2046
42 13.2331
43 13.1311
44 13.0509
45 12.6389
46 12.4404
47 12.3038
48 12.3186
49 12.351
50 12.3002
51 12.3883
52 12.3386
53 12.0495
54 11.9233
55 11.8102
56 11.805
57 11.8587
58 11.811
59 11.7684
60 11.8344
61 11.8317
62 11.7885
63 11.8085
64 11.8119
65 11.8479
66 11.8326
67 11.8101
68 11.8817
69 11.8802
70 11.7836
71 11.807
72 11.8731
73 11.8446
74 11.9832
75 11.9456
76 11.8775
77 11.7235
78 11.8382
79 11.7078
80 11.7024
81 11.7093
82 11.7164
83 11.6605
84 11.6577
85 11.7421
86 11.6231
87 11.677
88 11.7574
89 11.7197
90 11.6814
91 11.7306
92 11.674
93 11.711
94 11.7134
95 11.6661
96 11.7744
97 11.8514
98 11.8137
99 11.8853
100 11.8429
101 11.5688
102 11.4575
103 11.3771
104 11.2865
105 11.2617
106 11.2981
107 11.198
108 11.3069
109 11.2009
110 11.1359
111 11.1254
112 11.0347
113 11.0066
114 11.0618
115 11.1727
116 11.0061
117 11.0384
118 11.1823
119 11.1571
120 11.1336
121 11.2001
122 10.9894
123 11.0498
124 11.0573
125 11.1146
126 11.151
127 11.0964
128 11.1101
129 11.0489
130 11.1546
131 11.1366
132 11.1791
133 11.0708
134 11.1052
135 11.069
136 11.0908
137 11.0498
138 10.971
139 10.9486
140 11.0823
141 10.9655
142 11.0859
143 11.1799
144 11.0637
145 11.1
146 11.1742
147 11.0752
148 11.1133
149 11.1233
150 11.0582
151 10.9778
152 11.0727
153 11.1534
154 11.1499
155 11.0244
156 11.1523
157 11.0225
158 11.158
159 11.1548
160 11.1777
161 11.0921
162 11.0342
163 11.0867
164 11.1731
165 11.1207
166 11.0653
167 11.0255
168 10.9566
169 11.0342
170 11.0934
171 11.024
172 11.1113
173 11.1542
174 11.1155
175 11.0438
176 11.0933
177 11.0578
178 11.0504
179 11.1654
180 11.0602
181 11.0999
182 11.0799
183 11.1017
184 11.1084
185 11.154
186 10.995
187 11.0638
188 11.1376
189 11.1253
190 11.1494
191 11.0783
192 11.0135
193 11.0421
194 11.1118
195 11.0356
196 11.0561
197 10.9968
198 11.1148
199 10.9994
200 10.9176
201 10.9899
202 11.0449
203 10.9438
204 11.0428
205 11.0381
206 11.0639
207 11.0746
208 11.0463
209 11.0875
210 10.99
211 11.1048
212 11.1816
213 11.009
214 11.0794
215 10.9936
216 11.1086
217 11.1409
218 11.0771
219 11.0063
220 11.0195
221 11.0561
222 11.0058
223 11.1035
224 10.9961
225 11.0667
226 11.0468
227 11.0141
228 11.0733
229 11.1329
230 11.1144
231 11.1289
232 11.0767
233 11.0446
234 11.1071
235 11.1737
236 11.1392
237 11.0376
238 11.1221
239 11.0186
240 11.1317
241 11.1498
242 11.157
243 11.1864
244 11.0933
245 11.1833
246 11.0481
247 11.1033
248 11.0484
249 11.114
250 11.0998
251 10.9525
252 10.9963
253 11.1335
254 11.0174
255 11.0541
256 11.0908
257 11.1342
258 11.0962
259 11.0465
260 11.0422
261 11.1109
262 11.1
263 11.0911
264 11.0769
265 11.1043
266 11.0742
267 11.1427
268 11.1583
269 11.0772
270 11.1308
271 11.0861
272 10.9499
273 10.9962
274 11.0255
275 11.174
276 11.0941
277 11.1076
278 11.0222
279 10.9914
280 11.0724
281 10.9538
282 11.0925
283 11.1467
284 11.0767
285 11.1335
286 11.1226
287 11.0496
288 11.0479
289 11.0483
290 10.9908
291 11.1229
292 10.9949
293 11.1294
294 11.0827
295 11.0663
296 11.1171
297 11.0683
298 11.1083
299 11.0939
300 11.0853
301 11.1376
302 11.033
303 10.94
304 11.0867
305 11.0004
306 11.0505
307 10.994
308 11.0826
309 11.1154
310 11.1473
311 11.0002
312 11.0337
313 11.099
314 11.1401
315 11.0719
316 11.0911
317 11.1885
318 11.0401
319 11.0256
320 10.9953
321 11.1008
322 11.0732
323 11.0848
324 10.9837
325 11.0641
326 11.0766
327 11.1393
328 11.0686
329 10.9868
330 11.1442
331 11.0273
332 11.0519
333 11.0807
334 11.0183
335 11.0763
336 11.1674
337 11.1137
338 11.019
339 11.0836
340 11.0989
341 11.0238
342 10.9679
343 10.9835
344 10.9163
345 11.0332
346 11.1831
347 10.9995
348 11.0023
349 11.1616
350 11.1264
351 10.9971
352 10.9526
353 10.9512
354 11.1089
355 11.0133
356 10.9771
357 10.9379
358 11.0645
359 11.0638
360 11.0066
361 10.9719
362 11.0147
363 11.2
364 11.0222
365 11.0732
366 11.0151
367 11.074
368 11.0973
369 10.9919
370 11.143
371 11.0864
372 10.9633
373 11.0093
374 11.0522
375 11.0361
376 11.1229
377 11.0596
378 11.0998
379 11.0147
380 10.9992
381 10.9428
382 11.0877
383 11.1186
384 11.1361
385 11.0514
386 11.0398
387 11.1148
388 11.1801
389 10.9958
390 11.1131
391 11.1735
392 11.1503
393 11.0746
394 11.1238
395 11.0496
396 11.1355
397 11.0213
398 11.1253
399 11.1097
400 11.0194
401 11.0751
402 11.187
403 11.0133
404 11.0587
405 11.2045
406 11.004
407 10.9821
408 11.0324
409 11.1035
410 11.1689
411 11.1708
412 11.1318
413 11.083
414 11.0366
415 11.0934
416 11.1593
417 11.1352
418 11.097
419 11.1036
420 11.0934
421 11.0575
422 10.9063
423 11
424 11.1515
425 11.1154
426 11.1984
427 11.1511
428 11.0956
429 11.0563
430 11.1919
431 11.1678
432 11.0397
433 11.0289
434 11.0779
435 11.173
436 11.0676
437 11.0184
438 11.0538
439 11.0692
440 11.0591
441 11.1258
442 11.0195
443 11.0724
444 11.0556
445 10.9726
446 11.0347
447 11.0477
448 11.0899
449 11.0748
450 11.0019
451 10.9992
452 11.0169
453 11.1362
454 11.1101
455 11.0501
456 10.9856
457 11.1146
458 11.1252
459 10.9389
460 11.1029
461 11.1328
462 11.0776
463 11.0976
464 10.9914
465 11.1088
466 11.0812
467 11.031
468 11.1642
469 11.0651
470 11.1341
471 11.0667
472 11.0074
473 10.9735
474 11.1424
475 11.0918
476 11.128
477 11.0518
478 11.0541
479 11.0077
480 11.1703
481 11.0999
482 11.1122
483 11.1615
484 11.1775
485 11.1571
486 11.062
487 10.9736
488 11.1295
489 11.1797
490 11.1108
491 11.0792
492 10.9733
493 11.1062
494 11.0384
495 11.0498
496 11.0579
497 10.9539
498 11.0088
499 11.0582
