-0.494648   -0.490161   0.483531
-0.33081   -0.351443   -0.49123
-0.49579   -0.338462   -0.327149
-0.332539   0.49256   -0.330125
-0.1641   -0.493315   -0.49748
-0.00996541   -0.330194   -0.490835
-0.158414   -0.336715   -0.330644
-0.0195237   0.496853   -0.341837
0.144636   0.490886   0.495458
0.346292   -0.330926   0.491485
0.157092   -0.358645   -0.341219
0.328538   -0.488985   -0.349134
-0.493275   -0.179671   -0.494505
-0.332926   0.00705304   -0.493578
0.496264   -0.00852588   -0.339456
-0.320713   -0.175596   -0.333428
-0.188861   -0.159721   0.496292
0.0311361   0.000349762   -0.498842
-0.150623   -0.00658436   -0.324131
0.00217283   -0.175979   -0.359276
0.185105   -0.181592   -0.498996
0.339448   -0.00108751   0.496017
0.189444   -0.0077478   -0.346769
0.332222   -0.191177   -0.327578
0.477724   0.185951   0.498756
-0.323715   0.356607   0.484717
0.489905   0.363875   -0.329987
-0.342083   0.175127   -0.320253
-0.171811   0.171604   -0.49451
0.00118025   0.315229   0.49981
-0.167118   0.338447   -0.341493
0.0173739   0.14559   -0.33322
0.18643   0.166912   0.485963
0.310216   0.339643   0.499793
0.161581   0.347644   -0.330978
0.335974   0.158432   -0.323197
-0.482277   -0.493074   -0.149856
-0.331724   -0.333698   -0.163711
-0.49673   -0.329732   0.00848965
-0.33447   -0.499955   0.0126489
-0.16873   -0.493795   -0.181009
0.00485056   -0.319065   -0.188736
-0.176334   -0.322146   -0.00703527
-0.00789456   -0.472792   -0.0202068
0.160346   0.489958   -0.15657
0.34044   -0.36092   -0.158795
0.162141   -0.311106   -0.0132782
0.32104   -0.48838   0.00509433
0.499899   -0.183181   -0.158277
-0.312339   -0.00124517   -0.17191
-0.495988   -0.0106852   -0.00838265
-0.332836   -0.153548   0.00961904
-0.17379   -0.168174   -0.173228
0.0191125   -0.0248868   -0.169883
-0.160912   0.010844   -0.0159938
-0.000946511   -0.16811   0.00475229
0.183432   -0.187364   -0.17751
0.344278   -0.019383   -0.154996
0.15254   -0.0211469   0.0170083
0.338797   -0.176109   0.000332811
0.485745   0.164564   -0.167443
-0.33035   0.329939   -0.141142
0.474477   0.349513   0.00595423
-0.337849   0.161273   -0.00622135
-0.138448   0.165144   -0.180261
0.00172187   0.333196   -0.171591
-0.144016   0.346255   -0.00971672
0.0110134   0.15425   -0.00208237
0.182314   0.180433   -0.170389
0.328292   0.354868   -0.166874
0.158367   0.33727   0.0103326
0.332069   0.147578   0.0101802
0.481665   0.494735   0.161986
-0.33448   -0.324998   0.163042
-0.474034   -0.337574   0.329891
-0.362128   0.481022   0.299244
-0.135591   -0.491066   0.171119
0.00709149   -0.31536   0.176129
-0.181711   -0.313451   0.333229
-0.00517729   -0.490505   0.339542
0.159761   -0.492328   0.170905
0.331198   -0.31955   0.183642
0.166217   -0.333167   0.342436
0.326992   0.497128   0.321776
-0.494294   -0.173029   0.181379
-0.334715   0.0185807   0.188093
0.487158   0.0200752   0.34223
-0.343271   -0.158945   0.337684
-0.153784   -0.16186   0.175995
0.00171202   -0.0104127   0.162332
-0.164761   -0.000634249   0.323334
0.0105574   -0.160035   0.335026
0.165148   -0.169644   0.177021
0.344199   -0.0109358   0.147873
0.156188   -0.00688523   0.326504
0.350782   -0.156355   0.342133
0.485123   0.188243   0.171788
-0.339168   0.327496   0.154539
0.4663   0.326724   0.333131
-0.335478   0.172379   0.349478
-0.166389   0.187096   0.170417
-0.00348831   0.327588   0.179178
-0.155534   0.321732   0.338141
-0.00128472   0.145963   0.332504
0.159554   0.165325   0.163422
0.30684   0.331274   0.168513
0.145304   0.318817   0.341503
0.322437   0.169734   0.323551
