-86.3006 32.3777
-78.6391 35.7804
-82.9991 39.9613
-96.6997 40.8081
-84.2813 30.4381
-86.1626 39.7686
-93.6037 41.5911
-84.8754 38.1867
-76.8836 40.2644
-69.7817 44.3072
-72.5805 44.2624
-73.7579 42.6528
-71.415 41.8309
-71.538 43.2069
-75.5197 39.1573
-74.7699 40.2206
-84.5553 42.7336
-89.3844 43.0747
-84.3882 33.749
-81.6123 38.3362
-77.4336 37.5389
-86.7842 36.1658
-92.1729 38.5792
-76.4909 38.9788
-71.0637 42.3582
-72.6822 41.764
-90.1821 32.3038
-89.655 39.7984
-104.82 41.1403
-112.097 33.4481
-104.985 39.7392
-95.678 39.0482
-105.94 35.6822
-100.783 46.8209
-112.018 46.5857
-119.766 39.1639
-157.857 21.3074
-134.42 58.3016
-123.03 44.9385
-121.494 38.5767
-122.905 47.0358
-116.2 43.6178
-111.888 40.7775
-100.346 44.367
-93.1022 44.9551
-92.289 34.7466
-97.5033 35.4922
-97.7403 30.2747
-91.1874 30.4571
-81.0332 34.0003
