-0.553553   0.128654   1.15423
-1.59292   0.075061   -1.14732
0.127512   0.586268   0.0643609
0.805802   1.44535   -1.23124
-0.0867291   -0.522896   -0.546498
1.48013   -1.04059   -1.94282
0.820654   0.279024   0.48808
-0.752963   0.609855   -0.796305
-1.41279   0.181033   0.113137
0.155047   -0.441076   0.689626
-0.0170371   -0.801528   -0.00868969
0.330705   -0.45738   -1.05252
-0.579116   0.64037   -0.495563
-0.219735   0.467993   1.84567
-0.297612   -0.0428048   1.43504
0.877545   0.921322   -0.658362
-0.538204   -0.578317   -0.14953
0.376378   0.037192   -0.457797
-0.748176   0.589174   0.0594515
-1.49648   0.716969   -1.94431
0.933374   0.113379   0.750448
0.0838088   0.012709   0.385776
0.216299   -0.69178   1.76628
-0.0657255   -0.834347   0.414986
0.640089   0.324187   1.00612
-0.360406   -0.165786   0.124432
-1.66169   -0.503735   -1.37294
-2.26543   -0.416004   0.344257
-0.884183   1.06961   0.410406
-0.564968   -0.35456   0.318074
0.125222   1.07105   1.48504
0.150021   1.42758   -0.0977115
0.132377   -0.0613265   1.5225
-0.736114   0.591862   -0.412925
0.0881927   0.720413   1.49429
0.263263   0.107243   0.475979
1.33187   0.923782   -0.800407
-0.171397   -1.46521   -0.806278
1.03662   -1.99052   -0.856464
1.02005   -1.83196   1.74397
1.26033   -0.917361   -0.0683523
-0.350384   1.87744   -1.21415
-0.699574   -0.321733   1.78358
-0.109213   -0.185972   -1.00836
0.106705   -0.995249   0.3984
0.91086   1.51196   0.342068
-0.826448   0.35253   -0.43133
0.649675   1.34767   -0.739818
2.3053   -0.347721   -0.189326
1.74117   -0.227021   -1.34292
1.24884   0.185496   -0.927449
-0.603286   -0.686815   -0.701436
-0.922922   -0.05095   0.315083
0.889762   0.967099   0.0617902
-0.379591   0.310071   0.0471059
0.394083   -0.162333   -1.55952
-0.63758   -0.328294   0.137653
-0.169106   0.223378   0.381432
-0.285308   -1.56268   0.187206
-1.02145   0.311048   0.478202
0.00273032   -0.613328   0.994402
-0.482507   0.0696741   0.259512
0.505742   1.18412   0.230315
0.924613   -0.243078   -0.167511
0.768193   0.984806   -0.0790749
-0.169396   -0.774046   -0.687972
1.21896   0.635935   -0.492646
1.67234   -1.12241   -0.209158
-0.155838   3.44545   0.330259
0.672481   -0.00748331   -0.137729
0.135087   -0.610592   1.18131
-0.780279   -1.3539   -2.3018
0.747386   -0.0128918   1.01819
0.04388   0.407083   0.0460739
-0.598112   -0.402939   0.342752
0.376116   -0.592687   0.983052
-1.28169   0.0711235   0.452673
1.79183   -0.0325379   0.172773
-0.225027   1.85928   1.20301
0.823761   -2.99036   -0.890124
0.710849   0.173641   -1.82993
0.786311   -0.244686   -0.943182
-0.570757   0.755035   0.75961
0.123613   -0.865734   -0.351825
-0.64854   -1.5692   0.757349
-0.804668   0.632204   0.339338
-0.883447   1.18294   -0.684391
1.48978   -0.04273   -0.195452
0.0754779   -0.566791   -1.43391
0.801721   0.792639   0.908399
-1.89573   0.00269064   -0.066723
-0.295678   0.89076   -0.252493
-1.45565   -1.02426   1.23337
-0.480292   1.2196   0.941701
-1.63344   -0.0459625   -1.49923
0.0732548   0.680093   0.875346
-0.622864   -0.848678   -0.288355
0.741749   -1.18665   0.799126
-0.918336   -0.301316   0.0214986
0.382856   -1.72588   0.938664
-0.128656   -0.392738   -0.428935
-0.219294   0.301988   0.34592
0.494858   -0.00873575   -0.0753763
0.619672   -0.0285529   0.902436
-0.855537   -0.570262   -1.14427
-0.214761   -0.0419023   -1.58213
-0.315835   0.912862   0.994901
0.16147   -0.122409   -0.554107
