10 10 0
10 10 0 
10.0548 10.0183 0.0182601 
8.56903 9.65595 0.362537 
8.56903 9.43857 0.355128 
8.56903 9.29365 0.32416 
8.56903 9.19013 0.29287 
8.56903 9.11249 0.265249 
8.56903 9.05211 0.241596 
8.56903 9.0038 0.221423 
8.56903 8.96428 0.204148 
8.56903 8.93134 0.189249 
8.56903 8.90347 0.1763 
7.19073 8.78113 0.203981 
7.19073 8.6751 0.21749 
6.42652 8.53457 0.247265 
5.08786 8.33182 0.308308 
4.47123 8.11734 0.361238 
3.75379 7.88768 0.411704 
2.44744 7.61567 0.475963 
1.4877 7.32386 0.538626 
1.4877 7.05858 0.578028 
1.4877 6.81637 0.6031 
1.35107 6.58865 0.620706 
1.35107 6.37915 0.631146 
1.79416 6.2028 0.631507 
1.79416 6.03952 0.629223 
1.79416 5.8879 0.625004 
1.79416 5.74673 0.619368 
1.79416 5.61498 0.6127 
1.79416 5.49173 0.605288 
1.79416 5.37618 0.59735 
1.79416 5.26763 0.589053 
1.79416 5.16547 0.580525 
1.79416 5.06915 0.571865 
1.79416 4.97818 0.563149 
0.962843 4.86966 0.558365 
0.962843 4.76684 0.553112 
0.962843 4.66931 0.547501 
0.962843 4.57664 0.541623 
3.00836 4.53839 0.529631 
3.00836 4.50196 0.518149 
3.00836 4.46723 0.507147 
3.94047 4.45526 0.495631 
1.3655 4.3866 0.489333 
1.3655 4.32092 0.483062 
1.63139 4.2637 0.476124 
1.63139 4.20886 0.469314 
1.63139 4.15626 0.462637 
1.63139 4.10576 0.456094 
1.63139 4.05724 0.449686 
1.65289 4.011 0.443371 
1.65289 3.96651 0.437195 
1.5961 3.92261 0.431262 
1.61417 3.88064 0.425424 
1.61417 3.84017 0.419714 
1.61417 3.80112 0.41413 
1.61417 3.76341 0.408671 
1.61417 3.72698 0.403333 
1.61417 3.69177 0.398114 
1.61417 3.65771 0.393012 
1.61417 3.62475 0.388023 
0.549284 3.57593 0.384923 
0.549284 3.52864 0.381801 
0.549284 3.48281 0.378665 
0.549284 3.43836 0.375524 
0.549284 3.39524 0.372381 
0.549284 3.35339 0.369244 
0.549284 3.31275 0.366116 
0.549284 3.27327 0.363001 
0.549284 3.2349 0.359902 
0.549284 3.1976 0.356823 
0.549284 3.16132 0.353766 
0.549284 3.12603 0.350734 
0.549284 3.09167 0.347727 
0.504477 3.05763 0.344806 
0.504477 3.02447 0.34191 
0.504477 2.99216 0.339041 
0.504477 2.96067 0.3362 
0.504477 2.92997 0.333387 
0.504477 2.90003 0.330605 
0.504477 2.87081 0.327852 
0.504477 2.8423 0.32513 
0.504477 2.81447 0.32244 
0.504477 2.78729 0.319781 
0.504477 2.76075 0.317153 
0.504477 2.73482 0.314557 
0.504477 2.70947 0.311994 
0.504477 2.6847 0.309461 
0.504477 2.66047 0.306961 
0.504477 2.63678 0.304492 
0.504477 2.6136 0.302055 
0.504477 2.59092 0.299649 
0.504477 2.56873 0.297274 
0.504477 2.547 0.294929 
0.504477 2.52572 0.292616 
0.504477 2.50488 0.290332 
0.504477 2.48447 0.288078 
0.504477 2.46447 0.285854 
0.504477 2.44487 0.283659 
0.504477 2.42566 0.281493 
0.504477 2.40682 0.279355 
2.05528 2.40341 0.276651 
2.05528 2.40006 0.273998 
2.05528 2.39678 0.271396 
2.05528 2.39356 0.268843 
2.05528 2.3904 0.266337 
2.35084 2.39003 0.26386 
2.35084 2.38967 0.261428 
2.08798 2.38693 0.259055 
2.08798 2.38424 0.256725 
1.17002 2.37339 0.254653 
1.25133 2.36346 0.252585 
1.25133 2.35371 0.250549 
1.25133 2.34412 0.248546 
1.25133 2.3347 0.246574 
1.25133 2.32544 0.244633 
1.25133 2.31634 0.242721 
1.25133 2.30739 0.240839 
1.25133 2.29859 0.238986 
1.48238 2.29184 0.237099 
1.48238 2.28521 0.235241 
1.48238 2.27868 0.233412 
1.48238 2.27226 0.231611 
1.48489 2.26596 0.229837 
1.48489 2.25976 0.22809 
1.6658 2.25509 0.226335 
0.279902 2.23965 0.225089 
0.279902 2.22446 0.223854 
0.279902 2.2095 0.222628 
0.279902 2.19478 0.221413 
0.279902 2.18027 0.220207 
0.279902 2.16598 0.219012 
0.279902 2.1519 0.217826 
0.279902 2.13804 0.216651 
0.279902 2.12438 0.215486 
0.279902 2.11091 0.21433 
0.279902 2.09764 0.213185 
0.279902 2.08457 0.212049 
0.279902 2.07168 0.210923 
0.279902 2.05897 0.209807 
0.279902 2.04644 0.208701 
0.279902 2.03409 0.207604 
0.279902 2.0219 0.206517 
0.279902 2.00989 0.20544 
0.279902 1.99804 0.204371 
0.279902 1.98635 0.203313 
0.279902 1.97482 0.202263 
0.279902 1.96345 0.201223 
0.279902 1.95222 0.200192 
0.279902 1.94115 0.19917 
0.279902 1.93022 0.198157 
0.279902 1.91943 0.197152 
0.279902 1.90879 0.196157 
0.279902 1.89828 0.195171 
0.279902 1.8879 0.194193 
0.279902 1.87766 0.193224 
0.279902 1.86755 0.192263 
0.279902 1.85756 0.191311 
0.279902 1.8477 0.190367 
0.279902 1.83797 0.189431 
0.279902 1.82835 0.188504 
0.279902 1.81885 0.187584 
0.279902 1.80947 0.186673 
0.279902 1.8002 0.18577 
0.279902 1.79104 0.184874 
0.279902 1.78199 0.183986 
0.279902 1.77305 0.183106 
1.33029 1.77043 0.182039 
0.957465 1.76564 0.181028 
0.957465 1.76092 0.180028 
0.957465 1.75625 0.179039 
0.867639 1.75111 0.178075 
1.07745 1.74724 0.177091 
1.07745 1.74341 0.176118 
1.07745 1.73963 0.175155 
1.07745 1.73589 0.174203 
1.07745 1.73219 0.173261 
1.07745 1.72853 0.17233 
1.07745 1.72491 0.171408 
1.39718 1.7231 0.170468 
3.21401 1.73129 0.169726 
3.21401 1.7394 0.168991 
3.21401 1.74741 0.168261 
3.67716 1.75784 0.167673 
2.70822 1.76295 0.166848 
2.70822 1.76801 0.16603 
2.70822 1.77301 0.16522 
3.32633 1.78123 0.164549 
2.83631 1.78678 0.163775 
2.83631 1.79227 0.163008 
2.73429 1.79718 0.162231 
2.73429 1.80204 0.161461 
2.73429 1.80684 0.160699 
1.53595 1.80545 0.159878 
1.64821 1.80465 0.159063 
1.64821 1.80386 0.158255 
2.25316 1.80613 0.15747 
2.35521 1.80888 0.156701 
2.35521 1.81162 0.15594 
2.35521 1.81432 0.155185 
2.35521 1.817 0.154438 
2.35521 1.81965 0.153699 
2.35521 1.82227 0.152966 
2.35521 1.82487 0.15224 
2.35521 1.82745 0.151521 
2.35521 1.83 0.150809 
2.35521 1.83252 0.150103 
2.35521 1.83502 0.149404 
2.35521 1.8375 0.148712 
1.15109 1.83425 0.148041 
1.15109 1.83103 0.147376 
1.15109 1.82783 0.146718 
1.15109 1.82467 0.146065 
1.15109 1.82154 0.145417 
1.15109 1.81843 0.144776 
0.829724 1.81388 0.144179 
0.829724 1.80936 0.143587 
0.829724 1.80489 0.143 
0.829724 1.80046 0.142418 
0.829724 1.79607 0.14184 
0.829724 1.79171 0.141266 
0.829724 1.7874 0.140698 
0.829724 1.78312 0.140133 
1.64365 1.7825 0.139511 
1.64365 1.78189 0.138893 
1.73368 1.78168 0.13828 
1.73368 1.78147 0.137673 
1.73368 1.78126 0.13707 
1.73368 1.78105 0.136473 
1.08531 1.77804 0.135914 
1.08531 1.77505 0.13536 
1.08531 1.77209 0.134811 
1.08531 1.76916 0.134265 
1.08531 1.76625 0.133724 
1.08531 1.76336 0.133188 
1.08531 1.7605 0.132656 
1.08531 1.75766 0.132127 
1.08531 1.75485 0.131603 
1.57758 1.75411 0.131056 
1.11667 1.75147 0.130538 
1.11667 1.74884 0.130024 
1.11667 1.74624 0.129514 
1.11667 1.74366 0.129008 
1.11667 1.7411 0.128506 
1.11667 1.73856 0.128007 
1.11667 1.73605 0.127513 
1.11667 1.73355 0.127022 
1.11667 1.73107 0.126535 
1.11667 1.72861 0.126052 
1.11667 1.72618 0.125573 
1.11667 1.72376 0.125097 
1.11667 1.72136 0.124624 
1.47008 1.72037 0.124137 
1.47008 1.71939 0.123653 
1.47008 1.71841 0.123173 
1.53667 1.71771 0.122694 
1.53667 1.717 0.12222 
1.19918 1.71501 0.121764 
0.5265 1.71043 0.121381 
0.5265 1.7059 0.121 
0.5265 1.7014 0.120621 
0.5265 1.69693 0.120244 
0.5265 1.6925 0.11987 
1.05312 1.69008 0.119441 
1.05312 1.68769 0.119016 
1.15739 1.6857 0.118586 
1.15739 1.68373 0.118159 
1.75596 1.684 0.117719 
1.75596 1.68427 0.117282 
1.75596 1.68453 0.116849 
1.75596 1.68479 0.116419 
1.84292 1.68537 0.115993 
1.84292 1.68595 0.115571 
1.84292 1.68652 0.115151 
1.84292 1.68708 0.114734 
1.07531 1.68488 0.114341 
1.07531 1.68268 0.11395 
1.07531 1.68051 0.113562 
1.07531 1.67835 0.113176 
0.967037 1.67581 0.112801 
1.12525 1.67386 0.112417 
1.12525 1.67192 0.112036 
1.12525 1.67 0.111657 
1.77202 1.67036 0.111265 
1.77202 1.67071 0.110876 
1.98675 1.67181 0.110495 
2.13075 1.67341 0.110122 
2.13075 1.67499 0.109752 
3.28231 1.68053 0.109513 
2.84047 1.68452 0.109209 
2.84047 1.68848 0.108906 
2.84047 1.69241 0.108605 
3.79402 1.69956 0.108471 
3.79402 1.70666 0.108335 
3.79402 1.71371 0.108199 
3.79402 1.72071 0.108061 
3.31462 1.72606 0.10783 
3.31462 1.73137 0.1076 
3.22259 1.73634 0.107356 
2.63944 1.73934 0.107041 
2.63944 1.74233 0.106728 
2.63944 1.74529 0.106416 
2.63944 1.74823 0.106106 
1.4819 1.74735 0.105761 
1.4819 1.74649 0.105419 
1.4819 1.74562 0.105078 
1.4819 1.74477 0.10474 
1.4819 1.74392 0.104404 
1.51764 1.74319 0.104069 
1.84588 1.74352 0.103735 
1.84588 1.74385 0.103402 
1.84588 1.74417 0.103072 
1.27672 1.74268 0.102754 
1.16414 1.74085 0.102444 
1.16414 1.73902 0.102135 
1.16414 1.73721 0.101829 
2.52749 1.73969 0.101538 
2.32901 1.74154 0.101236 
2.47213 1.74382 0.100945 
1.55942 1.74325 0.100632 
1.75749 1.74329 0.100319 
1.40393 1.74224 0.100013 
1.40393 1.7412 0.0997097 
1.40393 1.74016 0.0994079 
1.40393 1.73913 0.0991079 
1.84757 1.73946 0.0988049 
3.24635 1.74406 0.0986102 
3.21444 1.74852 0.0984116 
3.21444 1.75297 0.0982134 
3.21444 1.75738 0.0980158 
3.35405 1.76219 0.0978384 
2.18883 1.76347 0.0975525 
2.18883 1.76475 0.0972684 
2.18883 1.76601 0.0969858 
2.18883 1.76727 0.0967049 
2.18883 1.76852 0.0964257 
2.18883 1.76977 0.096148 
2.19266 1.77101 0.0958721 
2.19266 1.77225 0.0955977 
2.19266 1.77349 0.0953249 
2.26909 1.77493 0.0950569 
1.80634 1.77503 0.0947794 
1.90609 1.77541 0.0945042 
1.90609 1.77579 0.0942306 
1.49981 1.77499 0.0939613 
1.49981 1.7742 0.0936935 
1.49981 1.77341 0.0934272 
1.49981 1.77262 0.0931624 
1.49981 1.77184 0.0928991 
1.49981 1.77107 0.0926373 
1.35724 1.76989 0.0923812 
1.32835 1.76864 0.0921276 
1.32835 1.7674 0.0918754 
1.32835 1.76616 0.0916246 
2.11318 1.76714 0.0913721 
1.59568 1.76666 0.0911171 
0.834836 1.76405 0.0908995 
0.834836 1.76146 0.0906828 
0.834836 1.75889 0.0904672 
0.834836 1.75633 0.0902526 
0.834836 1.75379 0.0900389 
0.834836 1.75125 0.0898262 
0.834836 1.74874 0.0896145 
0.834836 1.74623 0.0894037 
3.97242 1.75232 0.0893663 
3.65737 1.75751 0.0892735 
1.8399 1.75773 0.0890309 
1.8399 1.75795 0.0887895 
1.8399 1.75817 0.0885495 
0.850207 1.75573 0.0883444 
0.850207 1.75329 0.0881402 
0.850207 1.75087 0.087937 
0.711238 1.74809 0.0877456 
0.711238 1.74533 0.0875549 
0.711238 1.74258 0.0873651 
0.711238 1.73984 0.0871759 
0.711238 1.73712 0.0869876 
0.711238 1.73441 0.0868 
0.68202 1.73164 0.0866155 
0.68202 1.72889 0.0864318 
0.68202 1.72615 0.0862488 
0.862063 1.72389 0.0860529 
1.85564 1.72423 0.0858292 
1.85564 1.72458 0.0856067 
1.85564 1.72492 0.0853853 
1.85564 1.72525 0.085165 
1.85564 1.72559 0.0849459 
1.85564 1.72592 0.0847279 
1.85564 1.72626 0.084511 
1.85564 1.72659 0.0842953 
1.85564 1.72692 0.0840806 
2.8027 1.72965 0.083911 
2.8027 1.73238 0.0837421 
2.8027 1.73509 0.0835738 
3.78289 1.74026 0.0835227 
3.78289 1.7454 0.0834708 
3.78289 1.75052 0.083418 
3.45622 1.7548 0.0833184 
3.45622 1.75905 0.0832186 
