8.89493 8.89493 0
8.89493 8.89493 0 
7.48673 8.42553 0.4694 
6.12639 7.85075 0.663736 
6.09449 7.4995 0.62266 
6.09449 7.26533 0.559737 
4.82842 6.9172 0.587353 
4.22481 6.58065 0.60992 
5.04331 6.40984 0.56437 
4.07641 6.17649 0.556111 
3.48568 5.93187 0.559347 
2.30521 5.62965 0.593348 
2.30521 5.37393 0.602739 
1.77519 5.11687 0.614387 
1.77519 4.8941 0.613818 
1.77519 4.69916 0.606361 
2.09661 4.54607 0.589792 
2.09661 4.40999 0.572471 
2.09661 4.28823 0.555023 
1.69209 4.15843 0.542305 
2.54745 4.08171 0.521508 
1.95276 3.98494 0.506568 
1.95276 3.89659 0.49204 
1.95276 3.8156 0.478004 
1.95276 3.74108 0.464501 
2.15302 3.68 0.450439 
2.15302 3.62345 0.437109 
2.15302 3.57093 0.42447 
2.15302 3.52204 0.41248 
2.38772 3.48423 0.400283 
2.1276 3.44047 0.389621 
2.42699 3.40879 0.378576 
2.42699 3.37904 0.368129 
3.21083 3.3741 0.357172 
2.85979 3.3594 0.347128 
2.85979 3.34552 0.337633 
2.85979 3.33239 0.328643 
2.85979 3.31996 0.320119 
3.10899 3.31455 0.31185 
3.10899 3.30941 0.303997 
3.10899 3.30452 0.29653 
3.62787 3.31222 0.289486 
3.86292 3.32503 0.282964 
3.87609 3.33755 0.276742 
3.87609 3.34952 0.270787 
2.86305 3.33894 0.265046 
2.86305 3.32882 0.259543 
2.86305 3.31911 0.254263 
2.86305 3.30981 0.249194 
2.86305 3.30087 0.244323 
1.94576 3.2743 0.240954 
1.8899 3.24768 0.23777 
1.74571 3.21934 0.234956 
1.56865 3.18877 0.232581 
1.56865 3.15931 0.230206 
1.56865 3.13091 0.227835 
1.56865 3.1035 0.225474 
1.92046 3.0831 0.22249 
1.41326 3.0548 0.22051 
2.53174 3.04608 0.216979 
2.53174 3.03765 0.213559 
2.08656 3.02231 0.210645 
2.08656 3.00746 0.207806 
2.04213 2.99238 0.205089 
1.81379 2.97424 0.202721 
1.81379 2.95666 0.200399 
1.81379 2.9396 0.198121 
1.81379 2.92305 0.195887 
1.55471 2.90322 0.194043 
1.55471 2.88395 0.192219 
1.94802 2.87077 0.18995 
1.68066 2.85424 0.188021 
1.357 2.83373 0.186558 
1.357 2.81377 0.185099 
1.357 2.79435 0.183644 
2.642 2.79235 0.181223 
2.642 2.79039 0.178865 
2.642 2.78849 0.176567 
2.04631 2.7791 0.17457 
2.92209 2.78088 0.172384 
2.92209 2.78263 0.170251 
2.92209 2.78433 0.168171 
2.89195 2.78562 0.166137 
2.89195 2.78689 0.164152 
1.68118 2.77388 0.162731 
0.947366 2.75264 0.162223 
0.947366 2.73189 0.161685 
1.18999 2.71437 0.160795 
0.609765 2.69072 0.160727 
0.609765 2.6676 0.160604 
0.609765 2.64499 0.160431 
0.609765 2.62287 0.160212 
0.609765 2.60122 0.159952 
0.609765 2.58003 0.159653 
0.609765 2.55929 0.159319 
0.609765 2.53899 0.158953 
0.609765 2.5191 0.158558 
0.609765 2.49962 0.158137 
0.609765 2.48053 0.157691 
1.2234 2.46795 0.156612 
1.2234 2.45563 0.155542 
1.13838 2.44272 0.15455 
0.682506 2.42563 0.153994 
0.440214 2.40654 0.153696 
0.440214 2.38781 0.153373 
0.440214 2.36944 0.153026 
0.440214 2.35141 0.152657 
0.440214 2.33371 0.152269 
0.440214 2.31634 0.151863 
0.691814 2.30157 0.151199 
0.691814 2.28707 0.150531 
0.691814 2.27283 0.149859 
0.691814 2.25883 0.149184 
0.691814 2.24509 0.148507 
0.747178 2.23206 0.147785 
0.747178 2.21926 0.147064 
0.747178 2.20668 0.146344 
0.747178 2.19431 0.145624 
0.747178 2.18215 0.144907 
0.747178 2.17019 0.144191 
0.747178 2.15843 0.143477 
0.546392 2.14522 0.142908 
0.546392 2.13222 0.142336 
0.546392 2.11943 0.141762 
0.546392 2.10685 0.141185 
0.546392 2.09446 0.140607 
0.546392 2.08227 0.140027 
0.546392 2.07027 0.139446 
0.546392 2.05846 0.138864 
0.546392 2.04683 0.138281 
0.546392 2.03538 0.137699 
0.546392 2.0241 0.137117 
0.546392 2.01299 0.136535 
1.628 2.01011 0.135542 
1.64642 2.00742 0.134561 
1.79182 2.00583 0.133578 
1.35691 2.0011 0.132684 
0.575766 1.99077 0.132123 
0.575766 1.98059 0.131564 
0.575766 1.97055 0.131005 
0.575766 1.96066 0.130448 
0.575766 1.95091 0.129893 
0.575766 1.94129 0.12934 
0.575766 1.93181 0.128788 
0.982694 1.92526 0.128064 
1.74332 1.92402 0.12719 
1.6984 1.92248 0.126331 
1.6984 1.92097 0.125484 
1.03932 1.91505 0.124779 
0.854902 1.90798 0.124146 
0.890623 1.90125 0.123505 
0.890623 1.8946 0.12287 
0.890623 1.88804 0.12224 
0.890623 1.88156 0.121616 
0.736587 1.87417 0.121055 
0.736587 1.86688 0.120497 
0.606502 1.85885 0.119996 
0.606502 1.85093 0.119497 
0.606502 1.8431 0.119001 
0.606502 1.83537 0.118507 
0.606502 1.82774 0.118016 
0.606502 1.8202 0.117527 
0.606502 1.81275 0.117041 
0.606502 1.8054 0.116557 
0.606502 1.79813 0.116077 
1.0547 1.79365 0.115462 
1.13273 1.7897 0.114837 
1.13273 1.78579 0.114218 
1.13273 1.78192 0.113606 
1.13273 1.7781 0.113 
1.13273 1.77433 0.112401 
1.13273 1.7706 0.111808 
1.13273 1.76691 0.111221 
1.19127 1.7636 0.110629 
1.62709 1.76282 0.109998 
1.62709 1.76205 0.109374 
1.62709 1.76129 0.108757 
1.62709 1.76054 0.108147 
1.62709 1.75979 0.107544 
1.62709 1.75905 0.106947 
1.6896 1.75867 0.106355 
1.07817 1.75493 0.105835 
1.07817 1.75123 0.10532 
1.07817 1.74757 0.10481 
0.699104 1.74191 0.104396 
0.699104 1.7363 0.103984 
1.20627 1.73347 0.103466 
1.20627 1.73066 0.102952 
0.908398 1.72631 0.102498 
0.845155 1.72167 0.102063 
0.845155 1.71708 0.101631 
0.845155 1.71254 0.101202 
0.845155 1.70805 0.100776 
1.83799 1.70872 0.100258 
1.83799 1.70938 0.0997446 
1.03171 1.70592 0.0992947 
1.03171 1.7025 0.0988486 
1.02294 1.69907 0.098408 
2.01744 1.70067 0.0979253 
0.836295 1.69635 0.0975302 
0.781524 1.6918 0.0971505 
0.781524 1.68729 0.0967733 
0.781524 1.68283 0.0963987 
0.781524 1.67841 0.0960267 
0.781524 1.67403 0.0956572 
0.781524 1.6697 0.0952903 
2.25632 1.67254 0.0948712 
1.82574 1.67327 0.0944168 
1.04759 1.67028 0.0940117 
1.04759 1.66731 0.0936099 
1.04759 1.66438 0.0932115 
0.853927 1.66055 0.0928495 
0.853927 1.65677 0.0924901 
0.853927 1.65301 0.0921333 
0.853927 1.6493 0.0917791 
0.458567 1.64379 0.0915193 
0.458567 1.63832 0.0912602 
0.458567 1.63291 0.0910017 
0.722295 1.62875 0.0906806 
0.788217 1.62493 0.0903483 
0.788217 1.62115 0.0900182 
2.21113 1.6238 0.0896512 
2.21113 1.62644 0.0892871 
1.16492 1.62438 0.0889115 
0.963015 1.62144 0.0885642 
1.60209 1.62135 0.0881715 
1.60209 1.62127 0.0877823 
1.60209 1.62118 0.0873965 
1.60209 1.6211 0.087014 
1.60209 1.62102 0.0866349 
1.27345 1.61951 0.0862722 
1.27345 1.61802 0.0859125 
0.494486 1.6132 0.0856787 
0.494486 1.60842 0.0854457 
0.914997 1.60547 0.0851324 
0.914997 1.60254 0.0848214 
0.914997 1.59964 0.0845126 
0.914997 1.59676 0.0842059 
0.914997 1.59391 0.0839013 
0.914997 1.59108 0.0835989 
0.914997 1.58828 0.0832985 
0.914997 1.5855 0.0830002 
0.914997 1.58274 0.082704 
1.11594 1.58082 0.0823866 
1.19041 1.57923 0.0820651 
1.3286 1.57821 0.0817371 
1.44593 1.57768 0.0814073 
1.44593 1.57714 0.0810801 
1.44593 1.57662 0.0807556 
1.74717 1.5773 0.0804348 
1.74717 1.57798 0.0801166 
1.78494 1.5788 0.0798022 
1.17725 1.57721 0.079502 
1.17725 1.57564 0.0792041 
1.41058 1.57499 0.0788955 
1.44134 1.57447 0.0785884 
1.44134 1.57395 0.0782838 
1.44134 1.57343 0.0779814 
1.44134 1.57292 0.0776815 
1.44134 1.57242 0.0773838 
1.44134 1.57192 0.0770883 
1.44134 1.57142 0.0767952 
1.33213 1.57051 0.076508 
1.33213 1.56961 0.076223 
1.33213 1.56871 0.0759401 
1.33213 1.56782 0.0756593 
1.33213 1.56694 0.0753806 
1.33213 1.56606 0.0751039 
1.33213 1.56519 0.0748292 
1.33213 1.56433 0.0745566 
0.943413 1.56204 0.0743163 
1.20512 1.56072 0.0740542 
1.20512 1.55942 0.0737939 
1.20512 1.55813 0.0735355 
1.20512 1.55685 0.0732788 
1.88527 1.55804 0.0730225 
1.88527 1.55922 0.072768 
1.88527 1.56039 0.0725153 
1.88527 1.56155 0.0722643 
1.17216 1.56016 0.0720192 
0.440398 1.55618 0.071873 
0.440398 1.55222 0.0717269 
0.440398 1.54829 0.0715808 
0.440398 1.54439 0.071435 
0.440398 1.54052 0.0712892 
0.440398 1.53667 0.0711435 
0.440398 1.53285 0.0709981 
0.440398 1.52906 0.0708527 
0.440398 1.52529 0.0707075 
0.440398 1.52155 0.0705625 
0.440398 1.51784 0.0704177 
1.53387 1.51789 0.0701762 
0.674973 1.51501 0.0699954 
0.674973 1.51216 0.0698154 
0.674973 1.50932 0.0696362 
0.674973 1.5065 0.0694578 
0.674973 1.5037 0.0692801 
0.674973 1.50092 0.0691032 
1.20764 1.49994 0.0688787 
1.20764 1.49896 0.0686556 
1.08013 1.49757 0.0684413 
1.08013 1.49619 0.0682283 
1.08013 1.49482 0.0680166 
1.7621 1.4957 0.0677982 
1.7621 1.49657 0.0675812 
1.76446 1.49744 0.0673657 
1.40353 1.49714 0.0671466 
1.40353 1.49683 0.0669289 
0.641705 1.49407 0.0667693 
1.41269 1.49381 0.0665541 
1.41269 1.49354 0.0663403 
1.89183 1.49482 0.0661396 
1.14712 1.49371 0.0659373 
2.28413 1.49623 0.0657752 
2.28413 1.49873 0.0656137 
0.906034 1.49685 0.0654327 
1.40971 1.49658 0.0652265 
1.40971 1.4963 0.0650216 
1.0045 1.49476 0.0648358 
1.40454 1.49448 0.0646335 
1.40454 1.4942 0.0644324 
1.40454 1.49392 0.0642326 
1.59286 1.49423 0.0640342 
1.54242 1.49438 0.0638364 
1.54242 1.49453 0.0636399 
0.375147 1.49109 0.0635372 
0.375147 1.48768 0.0634345 
0.375147 1.48429 0.0633317 
0.375147 1.48092 0.0632288 
0.461004 1.47783 0.0631126 
0.461004 1.47475 0.0629966 
0.461004 1.4717 0.0628808 
0.461004 1.46866 0.0627651 
0.461004 1.46565 0.0626496 
0.461004 1.46265 0.0625342 
0.461004 1.45967 0.0624191 
1.21526 1.45894 0.0622378 
2.14699 1.46098 0.0620868 
2.14699 1.463 0.0619364 
2.14699 1.46501 0.0617867 
1.59663 1.4654 0.0616065 
1.59663 1.46578 0.0614273 
1.59663 1.46616 0.0612491 
0.554184 1.46351 0.0611283 
0.554184 1.46088 0.0610079 
0.554184 1.45826 0.0608877 
0.554184 1.45565 0.0607678 
0.554184 1.45306 0.0606483 
0.554184 1.45049 0.0605291 
0.554184 1.44793 0.0604102 
0.554184 1.44538 0.0602917 
0.554184 1.44285 0.0601734 
1.11751 1.44193 0.0600098 
1.45116 1.44195 0.05984 
1.4824 1.44207 0.0596714 
1.40477 1.44196 0.0595036 
1.40477 1.44186 0.0593368 
1.40477 1.44175 0.0591709 
0.500218 1.43913 0.0590641 
1.29478 1.43873 0.0589012 
1.29478 1.43833 0.0587391 
1.29478 1.43793 0.058578 
2.64442 1.44126 0.0585109 
2.73148 1.4448 0.0584575 
2.38887 1.44739 0.0583544 
3.31339 1.45249 0.0584177 
3.47309 1.45799 0.0585179 
3.16801 1.46264 0.0585433 
3.16801 1.46726 0.0585671 
2.36845 1.4697 0.0584594 
2.0297 1.47121 0.0583211 
2.0297 1.47271 0.0581835 
1.45776 1.47267 0.0580273 
1.45776 1.47263 0.057872 
1.45776 1.47259 0.0577174 
1.45776 1.47255 0.0575638 
1.45776 1.47251 0.0574109 
2.02858 1.47398 0.0572777 
2.02858 1.47544 0.0571451 
2.02989 1.4769 0.0570132 
1.92074 1.47807 0.0568753 
1.92074 1.47923 0.056738 
1.0114 1.47801 0.0566029 
1.69095 1.47856 0.056458 
1.78636 1.47936 0.0563169 
1.78636 1.48015 0.0561764 
1.78636 1.48095 0.0560366 
1.78636 1.48173 0.0558976 
1.78636 1.48252 0.0557592 
1.78636 1.4833 0.0556215 
1.0935 1.4823 0.055488 
0.850745 1.48069 0.0553697 
0.850745 1.47908 0.0552519 
0.850745 1.47749 0.0551346 
1.47538 1.47748 0.0549948 
1.47832 1.47749 0.0548557 
2.02684 1.47887 0.0547349 
1.13452 1.478 0.0546041 
1.13452 1.47714 0.0544738 
1.13452 1.47629 0.0543442 
