10 0 0 
8.86795 0.688948 -0.0686559 
8.86795 0.688948 -0.0686559 
7.43136 0.906264 0.0689178 
6.12529 0.105735 0.0485967 
6.0627 -0.620585 -0.0360135 
6.0627 -0.620585 -0.0360135 
4.63556 -1.01253 -0.894459 
3.49843 -0.780725 -2.23618 
4.90924 0.703106 -0.91655 
3.81065 1.34337 0.539876 
3.1289 1.45783 0.484464 
2.27306 0.300592 -0.238452 
2.27306 0.300592 -0.238452 
1.25035 -1.00676 -0.757877 
1.25035 -1.00676 -0.757877 
1.25035 -1.00676 -0.757877 
2.09612 -0.016078 -0.0420442 
2.09612 -0.016078 -0.0420442 
2.09612 -0.016078 -0.0420442 
0.765831 -1.25535 0.837129 
0.304832 -1.43072 2.08557 
1.51196 -0.457884 1.14787 
1.51196 -0.457884 1.14787 
1.51196 -0.457884 1.14787 
1.51196 -0.457884 1.14787 
2.10688 0.269594 -0.351935 
2.10688 0.269594 -0.351935 
2.10688 0.269594 -0.351935 
2.10688 0.269594 -0.351935 
1.10124 -1.20469 -1.74276 
0.580314 -1.16676 -1.68184 
-0.760996 0.0445175 -2.30417 
-0.760996 0.0445175 -2.30417 
-1.65731 -1.38785 -2.37416 
-1.98616 -1.49493 -1.41377 
-1.98616 -1.49493 -1.41377 
-1.98616 -1.49493 -1.41377 
-1.98616 -1.49493 -1.41377 
-1.50047 -0.847552 -2.58767 
-1.50047 -0.847552 -2.58767 
-1.50047 -0.847552 -2.58767 
-2.63142 -0.503877 -2.44606 
-3.33218 -0.23055 -1.94051 
-2.48186 -0.518666 -2.9318 
-2.48186 -0.518666 -2.9318 
-2.07649 -0.794246 -1.804 
-2.07649 -0.794246 -1.804 
-2.07649 -0.794246 -1.804 
-2.07649 -0.794246 -1.804 
-2.07649 -0.794246 -1.804 
-1.2243 -1.45458 -0.413884 
-1.54944 -0.880117 0.629589 
-1.51911 -0.683002 -0.522782 
-0.10468 -0.600673 -1.44531 
-0.10468 -0.600673 -1.44531 
-0.10468 -0.600673 -1.44531 
-0.10468 -0.600673 -1.44531 
0.0872352 -1.04254 -1.61049 
-0.0654543 0.403939 -1.35272 
-0.032896 0.348079 -2.50748 
-0.032896 0.348079 -2.50748 
-0.444265 -0.344891 -2.00933 
-0.444265 -0.344891 -2.00933 
0.779192 -0.997343 -1.60265 
0.81568 0.432672 -1.56118 
0.81568 0.432672 -1.56118 
0.81568 0.432672 -1.56118 
0.81568 0.432672 -1.56118 
0.982698 0.422502 -1.12824 
0.982698 0.422502 -1.12824 
1.84486 -0.347795 -0.519908 
1.52134 0.579333 0.417757 
1.03841 -0.203163 0.849633 
1.03841 -0.203163 0.849633 
1.03841 -0.203163 0.849633 
2.33789 -1.0457 -0.648808 
2.33789 -1.0457 -0.648808 
2.33789 -1.0457 -0.648808 
1.91484 -0.652972 -0.307206 
2.02111 -2.07618 0.378376 
2.02111 -2.07618 0.378376 
2.02111 -2.07618 0.378376 
1.69699 -2.04238 1.14555 
1.69699 -2.04238 1.14555 
0.726834 -1.51518 -0.0478452 
0.0269846 -0.791962 -0.519202 
0.0269846 -0.791962 -0.519202 
-1.01387 0.563143 0.266472 
-0.386825 0.357075 0.307696 
-0.386825 0.357075 0.307696 
-0.386825 0.357075 0.307696 
-0.386825 0.357075 0.307696 
-0.386825 0.357075 0.307696 
-0.386825 0.357075 0.307696 
-0.386825 0.357075 0.307696 
-0.386825 0.357075 0.307696 
-0.386825 0.357075 0.307696 
-0.386825 0.357075 0.307696 
-0.386825 0.357075 0.307696 
0.392298 -1.10957 -0.334173 
0.392298 -1.10957 -0.334173 
0.993298 -0.53079 -0.165935 
0.425898 0.399641 0.353146 
-0.342183 0.2271 -0.158507 
-0.342183 0.2271 -0.158507 
-0.342183 0.2271 -0.158507 
-0.342183 0.2271 -0.158507 
-0.342183 0.2271 -0.158507 
-0.342183 0.2271 -0.158507 
-0.441818 -0.125269 0.517408 
-0.441818 -0.125269 0.517408 
-0.441818 -0.125269 0.517408 
-0.441818 -0.125269 0.517408 
-0.441818 -0.125269 0.517408 
-0.602723 0.0619452 0.437222 
-0.602723 0.0619452 0.437222 
-0.602723 0.0619452 0.437222 
-0.602723 0.0619452 0.437222 
-0.602723 0.0619452 0.437222 
-0.602723 0.0619452 0.437222 
-0.602723 0.0619452 0.437222 
-0.33208 0.401595 0.164283 
-0.33208 0.401595 0.164283 
-0.33208 0.401595 0.164283 
-0.33208 0.401595 0.164283 
-0.33208 0.401595 0.164283 
-0.33208 0.401595 0.164283 
-0.33208 0.401595 0.164283 
-0.33208 0.401595 0.164283 
-0.33208 0.401595 0.164283 
-0.33208 0.401595 0.164283 
-0.33208 0.401595 0.164283 
-0.33208 0.401595 0.164283 
0.116418 0.501153 1.54456 
-1.11539 0.0926624 1.20748 
-1.59583 0.805682 -0.121778 
-0.813208 1.00844 0.403664 
-0.333893 -0.393012 -0.256054 
-0.333893 -0.393012 -0.256054 
-0.333893 -0.393012 -0.256054 
-0.333893 -0.393012 -0.256054 
-0.333893 -0.393012 -0.256054 
-0.333893 -0.393012 -0.256054 
-0.333893 -0.393012 -0.256054 
-0.0683115 0.812714 0.548194 
0.829294 -0.293056 1.50518 
-0.669632 -1.43576 0.61216 
-0.669632 -1.43576 0.61216 
-1.00593 -0.203052 0.164532 
0.103535 -0.155741 -0.834195 
-0.697057 -0.527174 -0.171493 
-0.697057 -0.527174 -0.171493 
-0.697057 -0.527174 -0.171493 
-0.697057 -0.527174 -0.171493 
0.472276 0.0622643 0.561817 
0.472276 0.0622643 0.561817 
-0.112975 0.404764 0.437319 
-0.112975 0.404764 0.437319 
-0.112975 0.404764 0.437319 
-0.112975 0.404764 0.437319 
-0.112975 0.404764 0.437319 
-0.112975 0.404764 0.437319 
-0.112975 0.404764 0.437319 
-0.112975 0.404764 0.437319 
-0.112975 0.404764 0.437319 
0.44532 -0.110243 -0.949698 
-0.782489 0.592746 -0.565196 
-0.782489 0.592746 -0.565196 
-0.782489 0.592746 -0.565196 
-0.782489 0.592746 -0.565196 
-0.782489 0.592746 -0.565196 
-0.782489 0.592746 -0.565196 
-0.782489 0.592746 -0.565196 
0.287872 -0.860285 0.772116 
-0.436802 -0.162247 1.55894 
-0.436802 -0.162247 1.55894 
-0.436802 -0.162247 1.55894 
-0.436802 -0.162247 1.55894 
-0.436802 -0.162247 1.55894 
-0.436802 -0.162247 1.55894 
0.974872 1.14278 0.773587 
-0.402477 0.357599 0.934122 
-0.402477 0.357599 0.934122 
-0.402477 0.357599 0.934122 
0.0544475 0.680699 -0.149769 
0.0544475 0.680699 -0.149769 
-0.937189 0.139572 0.746519 
-0.937189 0.139572 0.746519 
0.0320702 0.452851 0.786819 
-0.264185 -0.0278171 0.802322 
-0.264185 -0.0278171 0.802322 
-0.264185 -0.0278171 0.802322 
-0.264185 -0.0278171 0.802322 
-1.71624 -0.16269 -0.637407 
-1.71624 -0.16269 -0.637407 
-0.838949 0.329118 -0.50226 
-0.838949 0.329118 -0.50226 
0.00178573 -0.441346 0.922836 
-0.830932 -0.770121 1.66929 
0.326852 0.560611 0.527516 
0.716401 -0.202075 0.238149 
0.716401 -0.202075 0.238149 
0.716401 -0.202075 0.238149 
0.716401 -0.202075 0.238149 
0.716401 -0.202075 0.238149 
0.716401 -0.202075 0.238149 
1.50024 0.402708 1.63649 
0.324195 0.514389 1.72152 
0.592137 -0.412742 0.759255 
0.592137 -0.412742 0.759255 
0.592137 -0.412742 0.759255 
0.689193 0.463505 -0.198409 
0.689193 0.463505 -0.198409 
0.689193 0.463505 -0.198409 
0.689193 0.463505 -0.198409 
0.0175373 0.44335 0.115835 
0.0175373 0.44335 0.115835 
0.0175373 0.44335 0.115835 
0.565196 -0.314548 0.321439 
0.610447 0.134075 0.480276 
0.610447 0.134075 0.480276 
2.0104 -0.816338 0.425424 
2.0104 -0.816338 0.425424 
0.806926 -0.206721 0.814351 
0.327291 0.274213 0.863183 
1.06306 -1.12718 0.407479 
1.06306 -1.12718 0.407479 
1.06306 -1.12718 0.407479 
1.06306 -1.12718 0.407479 
1.06306 -1.12718 0.407479 
0.024583 -1.26579 -0.137237 
0.024583 -1.26579 -0.137237 
-0.19073 0.0238142 0.4556 
-0.19073 0.0238142 0.4556 
-0.300295 -0.78713 -0.357028 
-0.300295 -0.78713 -0.357028 
-0.300295 -0.78713 -0.357028 
-0.300295 -0.78713 -0.357028 
-0.300295 -0.78713 -0.357028 
-0.300295 -0.78713 -0.357028 
-0.300295 -0.78713 -0.357028 
-0.300295 -0.78713 -0.357028 
-0.300295 -0.78713 -0.357028 
-0.369597 0.0958789 -1.04858 
0.335531 1.09683 0.318503 
0.0931843 1.32289 -0.080255 
-1.03463 0.467855 0.89519 
-1.03463 0.467855 0.89519 
-1.03463 0.467855 0.89519 
-1.57493 0.566185 -0.501639 
-1.57493 0.566185 -0.501639 
-1.49636 -0.0430367 -0.972133 
-0.58591 0.463144 -0.910011 
-0.58591 0.463144 -0.910011 
-1.36305 0.0262812 0.362148 
-1.32946 0.0036789 0.556776 
-1.32946 0.0036789 0.556776 
-1.32946 0.0036789 0.556776 
-1.32946 0.0036789 0.556776 
-1.32946 0.0036789 0.556776 
-1.32946 0.0036789 0.556776 
-1.32946 0.0036789 0.556776 
-0.585661 -1.18013 -0.197196 
-0.585661 -1.18013 -0.197196 
-0.585661 -1.18013 -0.197196 
-0.585661 -1.18013 -0.197196 
-0.585661 -1.18013 -0.197196 
-0.585661 -1.18013 -0.197196 
-0.585661 -1.18013 -0.197196 
-0.585661 -1.18013 -0.197196 
0.261713 0.127793 0.897331 
-0.848202 -0.739334 -0.431571 
-0.848202 -0.739334 -0.431571 
-0.848202 -0.739334 -0.431571 
-0.848202 -0.739334 -0.431571 
0.521394 -1.26789 -1.29416 
0.521394 -1.26789 -1.29416 
0.521394 -1.26789 -1.29416 
0.521394 -1.26789 -1.29416 
-0.904371 -0.253768 -0.701187 
0.112639 0.394788 0.159391 
0.112639 0.394788 0.159391 
0.112639 0.394788 0.159391 
0.112639 0.394788 0.159391 
0.112639 0.394788 0.159391 
0.112639 0.394788 0.159391 
0.112639 0.394788 0.159391 
0.112639 0.394788 0.159391 
0.112639 0.394788 0.159391 
0.112639 0.394788 0.159391 
0.112639 0.394788 0.159391 
1.22279 -0.758922 0.530645 
0.365347 -0.2392 0.514678 
0.365347 -0.2392 0.514678 
0.365347 -0.2392 0.514678 
0.365347 -0.2392 0.514678 
0.365347 -0.2392 0.514678 
0.365347 -0.2392 0.514678 
0.87681 -0.184142 -0.809741 
0.87681 -0.184142 -0.809741 
0.536825 0.348431 -0.870111 
0.536825 0.348431 -0.870111 
0.536825 0.348431 -0.870111 
1.28066 1.04703 -0.607149 
1.28066 1.04703 -0.607149 
1.70425 -0.223488 -0.39862 
0.716984 -1.10695 -0.480116 
0.716984 -1.10695 -0.480116 
0.532139 -0.348517 0.0845562 
-0.194319 0.773715 1.16589 
-0.194319 0.773715 1.16589 
-0.39231 0.848324 1.64482 
0.587033 0.971736 0.164355 
1.35555 1.83841 0.00180958 
1.35555 1.83841 0.00180958 
-0.0115423 0.901912 -0.0855536 
-0.949976 -0.256357 1.00952 
-0.949976 -0.256357 1.00952 
0.284668 -0.961578 -0.0579586 
-1.1862 -0.263849 -0.704315 
-1.1862 -0.263849 -0.704315 
-1.1862 -0.263849 -0.704315 
-1.45488 -0.621832 0.183992 
-0.943017 0.400325 1.15305 
-0.943017 0.400325 1.15305 
-0.0339502 0.187538 -0.323128 
-0.0339502 0.187538 -0.323128 
-0.0339502 0.187538 -0.323128 
-0.0339502 0.187538 -0.323128 
-0.359938 -0.241553 -0.156911 
-0.359938 -0.241553 -0.156911 
-0.359938 -0.241553 -0.156911 
-0.359938 -0.241553 -0.156911 
-0.359938 -0.241553 -0.156911 
-0.359938 -0.241553 -0.156911 
-0.359938 -0.241553 -0.156911 
-0.221111 1.17902 -0.19458 
0.418717 2.10236 0.119712 
0.418717 2.10236 0.119712 
0.418717 2.10236 0.119712 
0.602244 1.42706 0.387339 
0.602244 1.42706 0.387339 
0.602244 1.42706 0.387339 
-0.157263 -0.0267445 0.530729 
-0.157263 -0.0267445 0.530729 
-0.157263 -0.0267445 0.530729 
-0.157263 -0.0267445 0.530729 
-0.157263 -0.0267445 0.530729 
-0.157263 -0.0267445 0.530729 
-0.157263 -0.0267445 0.530729 
-0.157263 -0.0267445 0.530729 
-0.157263 -0.0267445 0.530729 
0.0838795 -1.11155 -0.0790341 
-0.00944951 -1.26561 -0.709918 
-1.28403 -0.0772069 0.736774 
0.0832832 0.66916 1.23234 
0.0832832 0.66916 1.23234 
0.0832832 0.66916 1.23234 
0.197315 -0.0592751 0.455819 
-0.0807474 0.542283 1.17297 
-0.0807474 0.542283 1.17297 
-0.0807474 0.542283 1.17297 
-0.412593 -0.63948 2.53254 
-0.958943 -1.97074 1.63021 
-1.817 -0.893276 1.26777 
-2.13867 -0.57327 2.46495 
-2.01016 -0.175082 2.82682 
-2.66905 -0.654112 1.57625 
-2.66905 -0.654112 1.57625 
-1.37147 0.390097 1.89115 
-1.67927 -1.06656 0.402714 
-1.67927 -1.06656 0.402714 
-0.678363 -0.664283 1.10618 
-0.678363 -0.664283 1.10618 
-0.678363 -0.664283 1.10618 
-0.678363 -0.664283 1.10618 
-0.678363 -0.664283 1.10618 
-0.271358 -2.00324 0.168895 
-0.271358 -2.00324 0.168895 
-0.368861 -1.97781 -0.269574 
0.39754 -1.4377 1.21005 
0.39754 -1.4377 1.21005 
-0.675266 -0.749782 -0.0690305 
0.409651 -1.62581 0.219636 
-0.586122 -0.518005 1.606 
-0.586122 -0.518005 1.606 
-0.586122 -0.518005 1.606 
-0.586122 -0.518005 1.606 
-0.586122 -0.518005 1.606 
-0.586122 -0.518005 1.606 
-0.365447 -0.16118 1.01794 
-0.412004 -0.567055 0.482151 
-0.412004 -0.567055 0.482151 
-0.412004 -0.567055 0.482151 
0.683954 -1.28986 -0.212663 
-0.213601 -0.54856 -1.35605 
0.90966 -0.443167 -1.75619 
-0.0437057 -0.628267 -0.943669 
-0.0437057 -0.628267 -0.943669 
