10 0 0 
10 0 0 
10 0 0 
9.91317 -1.47704 0.803795 
8.35706 0.365611 1.85857 
8.35706 0.365611 1.85857 
8.35706 0.365611 1.85857 
8.35706 0.365611 1.85857 
8.35706 0.365611 1.85857 
8.35706 0.365611 1.85857 
8.35706 0.365611 1.85857 
8.35706 0.365611 1.85857 
8.35706 0.365611 1.85857 
8.35706 0.365611 1.85857 
6.86058 -0.315339 2.13066 
6.86058 -0.315339 2.13066 
6.10303 -0.491265 1.95238 
4.42807 1.10915 2.24682 
4.18759 1.52574 0.357849 
0.351679 2.9309 -2.31886 
-0.956176 1.56481 -1.62083 
-1.21367 0.722447 -0.467238 
-1.21367 0.722447 -0.467238 
-1.21367 0.722447 -0.467238 
1.01515 -0.8759 0.166357 
1.01515 -0.8759 0.166357 
1.39964 -0.0782807 1.11978 
1.39964 -0.0782807 1.11978 
1.39964 -0.0782807 1.11978 
1.39964 -0.0782807 1.11978 
1.39964 -0.0782807 1.11978 
1.39964 -0.0782807 1.11978 
1.39964 -0.0782807 1.11978 
1.39964 -0.0782807 1.11978 
1.39964 -0.0782807 1.11978 
1.39964 -0.0782807 1.11978 
1.39964 -0.0782807 1.11978 
-0.282575 0.193372 0.899903 
-0.282575 0.193372 0.899903 
-0.282575 0.193372 0.899903 
-0.282575 0.193372 0.899903 
0.495162 2.50312 1.59356 
0.495162 2.50312 1.59356 
0.495162 2.50312 1.59356 
2.18234 3.21241 0.667205 
1.05527 0.832394 -0.241092 
1.05527 0.832394 -0.241092 
0.801996 -1.14278 -0.843975 
0.801996 -1.14278 -0.843975 
0.801996 -1.14278 -0.843975 
0.801996 -1.14278 -0.843975 
0.801996 -1.14278 -0.843975 
-1.22883 -0.616698 -0.917446 
-1.22883 -0.616698 -0.917446 
-0.864963 -1.26424 -0.448407 
-0.297627 -1.06495 -1.17594 
-0.297627 -1.06495 -1.17594 
-0.297627 -1.06495 -1.17594 
-0.297627 -1.06495 -1.17594 
-0.297627 -1.06495 -1.17594 
-0.297627 -1.06495 -1.17594 
-0.297627 -1.06495 -1.17594 
-0.297627 -1.06495 -1.17594 
0.105749 -0.464228 0.273902 
0.105749 -0.464228 0.273902 
0.105749 -0.464228 0.273902 
0.105749 -0.464228 0.273902 
0.105749 -0.464228 0.273902 
0.105749 -0.464228 0.273902 
0.105749 -0.464228 0.273902 
0.105749 -0.464228 0.273902 
0.105749 -0.464228 0.273902 
0.105749 -0.464228 0.273902 
0.105749 -0.464228 0.273902 
0.105749 -0.464228 0.273902 
0.105749 -0.464228 0.273902 
-0.226778 0.0772264 0.443965 
-0.226778 0.0772264 0.443965 
-0.226778 0.0772264 0.443965 
-0.226778 0.0772264 0.443965 
-0.226778 0.0772264 0.443965 
-0.226778 0.0772264 0.443965 
-0.226778 0.0772264 0.443965 
-0.226778 0.0772264 0.443965 
-0.226778 0.0772264 0.443965 
-0.226778 0.0772264 0.443965 
-0.226778 0.0772264 0.443965 
-0.226778 0.0772264 0.443965 
-0.226778 0.0772264 0.443965 
-0.226778 0.0772264 0.443965 
-0.226778 0.0772264 0.443965 
-0.226778 0.0772264 0.443965 
-0.226778 0.0772264 0.443965 
-0.226778 0.0772264 0.443965 
-0.226778 0.0772264 0.443965 
-0.226778 0.0772264 0.443965 
-0.226778 0.0772264 0.443965 
-0.226778 0.0772264 0.443965 
-0.226778 0.0772264 0.443965 
-0.226778 0.0772264 0.443965 
-0.226778 0.0772264 0.443965 
-0.226778 0.0772264 0.443965 
-0.226778 0.0772264 0.443965 
-1.4554 -1.40737 -0.353974 
-1.4554 -1.40737 -0.353974 
-1.4554 -1.40737 -0.353974 
-1.4554 -1.40737 -0.353974 
-1.4554 -1.40737 -0.353974 
-1.436 -0.342521 -1.82949 
-1.436 -0.342521 -1.82949 
-0.897446 -0.21994 -1.87239 
-0.897446 -0.21994 -1.87239 
0.438217 -0.892407 0.616869 
1.12496 -0.192315 -0.513139 
1.12496 -0.192315 -0.513139 
1.12496 -0.192315 -0.513139 
1.12496 -0.192315 -0.513139 
1.12496 -0.192315 -0.513139 
1.12496 -0.192315 -0.513139 
1.12496 -0.192315 -0.513139 
1.12496 -0.192315 -0.513139 
0.939674 0.879067 -0.736013 
0.939674 0.879067 -0.736013 
0.939674 0.879067 -0.736013 
0.939674 0.879067 -0.736013 
1.15183 0.209757 -0.913336 
1.15183 0.209757 -0.913336 
0.622247 1.35604 -0.740848 
0.182058 0.209387 0.0368406 
0.182058 0.209387 0.0368406 
0.182058 0.209387 0.0368406 
0.182058 0.209387 0.0368406 
0.182058 0.209387 0.0368406 
0.182058 0.209387 0.0368406 
0.182058 0.209387 0.0368406 
0.182058 0.209387 0.0368406 
0.182058 0.209387 0.0368406 
0.182058 0.209387 0.0368406 
0.182058 0.209387 0.0368406 
0.182058 0.209387 0.0368406 
0.182058 0.209387 0.0368406 
0.182058 0.209387 0.0368406 
0.182058 0.209387 0.0368406 
0.182058 0.209387 0.0368406 
0.182058 0.209387 0.0368406 
0.182058 0.209387 0.0368406 
0.182058 0.209387 0.0368406 
0.182058 0.209387 0.0368406 
0.182058 0.209387 0.0368406 
0.182058 0.209387 0.0368406 
0.182058 0.209387 0.0368406 
0.182058 0.209387 0.0368406 
0.182058 0.209387 0.0368406 
0.182058 0.209387 0.0368406 
0.182058 0.209387 0.0368406 
0.182058 0.209387 0.0368406 
0.182058 0.209387 0.0368406 
0.182058 0.209387 0.0368406 
0.182058 0.209387 0.0368406 
0.182058 0.209387 0.0368406 
0.182058 0.209387 0.0368406 
0.182058 0.209387 0.0368406 
0.182058 0.209387 0.0368406 
0.182058 0.209387 0.0368406 
0.182058 0.209387 0.0368406 
0.182058 0.209387 0.0368406 
0.182058 0.209387 0.0368406 
0.182058 0.209387 0.0368406 
0.182058 0.209387 0.0368406 
0.040634 0.908479 0.970918 
0.104293 -0.680992 -0.664915 
0.104293 -0.680992 -0.664915 
0.104293 -0.680992 -0.664915 
0.0118231 0.500501 -0.70863 
-0.498823 -0.625587 -0.72161 
-0.498823 -0.625587 -0.72161 
-0.498823 -0.625587 -0.72161 
-0.498823 -0.625587 -0.72161 
-0.498823 -0.625587 -0.72161 
-0.498823 -0.625587 -0.72161 
-0.498823 -0.625587 -0.72161 
1.0651 -0.104093 -0.89824 
1.84293 -2.03008 1.67698 
1.84293 -2.03008 1.67698 
1.84293 -2.03008 1.67698 
1.64117 -3.13872 0.9882 
-0.435721 -2.65855 0.276989 
-0.435721 -2.65855 0.276989 
-0.435721 -2.65855 0.276989 
2.22159 -2.25657 -1.01826 
-0.175248 -2.55248 -1.22425 
-0.175248 -2.55248 -1.22425 
0.698595 -2.00416 -1.72385 
0.698595 -2.00416 -1.72385 
0.698595 -2.00416 -1.72385 
0.541 1.41316 0.26355 
-0.622846 1.46899 -0.413178 
-0.622846 1.46899 -0.413178 
2.00392 0.867755 -0.555022 
1.65116 1.65377 -0.292753 
1.65116 1.65377 -0.292753 
1.65116 1.65377 -0.292753 
1.65116 1.65377 -0.292753 
1.65116 1.65377 -0.292753 
1.65116 1.65377 -0.292753 
1.65116 1.65377 -0.292753 
1.65116 1.65377 -0.292753 
1.65116 1.65377 -0.292753 
1.65116 1.65377 -0.292753 
1.65116 1.65377 -0.292753 
1.65116 1.65377 -0.292753 
0.651151 0.945086 -0.0883914 
0.651151 0.945086 -0.0883914 
0.651151 0.945086 -0.0883914 
0.651151 0.945086 -0.0883914 
0.651151 0.945086 -0.0883914 
0.651151 0.945086 -0.0883914 
0.754984 0.23901 0.24762 
0.754984 0.23901 0.24762 
0.754984 0.23901 0.24762 
0.754984 0.23901 0.24762 
0.754984 0.23901 0.24762 
0.754984 0.23901 0.24762 
0.754984 0.23901 0.24762 
0.754984 0.23901 0.24762 
1.3128 -0.678414 0.719658 
1.3128 -0.678414 0.719658 
0.644762 -1.20409 1.06774 
0.644762 -1.20409 1.06774 
0.644762 -1.20409 1.06774 
0.644762 -1.20409 1.06774 
0.240704 -0.265101 1.02454 
0.240704 -0.265101 1.02454 
0.240704 -0.265101 1.02454 
0.240704 -0.265101 1.02454 
0.240704 -0.265101 1.02454 
0.240704 -0.265101 1.02454 
0.240704 -0.265101 1.02454 
0.240704 -0.265101 1.02454 
0.240704 -0.265101 1.02454 
1.1759 -0.659545 0.819155 
-0.356632 0.104325 1.05304 
-0.356632 0.104325 1.05304 
-0.356632 0.104325 1.05304 
-0.356632 0.104325 1.05304 
-0.356632 0.104325 1.05304 
-0.356632 0.104325 1.05304 
-0.356632 0.104325 1.05304 
-0.356632 0.104325 1.05304 
-0.356632 0.104325 1.05304 
-0.356632 0.104325 1.05304 
-0.356632 0.104325 1.05304 
-0.356632 0.104325 1.05304 
-0.356632 0.104325 1.05304 
1.01085 1.03596 0.257102 
1.01085 1.03596 0.257102 
1.01085 1.03596 0.257102 
-1.35825 0.701818 0.154843 
-1.35825 0.701818 0.154843 
-1.04454 0.0929814 -0.581656 
-0.317312 0.23044 -0.351301 
-0.317312 0.23044 -0.351301 
-0.317312 0.23044 -0.351301 
-0.317312 0.23044 -0.351301 
-0.317312 0.23044 -0.351301 
0.0387943 0.820603 -0.658911 
0.0387943 0.820603 -0.658911 
-0.850526 -0.411088 0.668698 
-0.850526 -0.411088 0.668698 
-0.209261 -1.50806 -0.874855 
-0.209261 -1.50806 -0.874855 
-0.209261 -1.50806 -0.874855 
-0.209261 -1.50806 -0.874855 
-0.32154 -0.213238 -1.80208 
-0.32154 -0.213238 -1.80208 
-0.32154 -0.213238 -1.80208 
-0.32154 -0.213238 -1.80208 
0.305538 1.01635 0.173112 
0.305538 1.01635 0.173112 
0.305538 1.01635 0.173112 
0.305538 1.01635 0.173112 
0.0244498 0.864738 0.432193 
-0.852386 -0.66659 0.308695 
-0.852386 -0.66659 0.308695 
-0.852386 -0.66659 0.308695 
-0.589832 -1.59731 -0.490678 
-0.589832 -1.59731 -0.490678 
-1.75657 0.4845 0.79176 
-1.54307 -0.133891 1.46325 
-1.54307 -0.133891 1.46325 
-2.0083 0.363844 2.57058 
0.661544 0.760336 2.65566 
0.661544 0.760336 2.65566 
0.661544 0.760336 2.65566 
2.66223 1.18489 2.42964 
2.66223 1.18489 2.42964 
2.66223 1.18489 2.42964 
2.66223 1.18489 2.42964 
1.43364 2.4307 1.7387 
1.43364 2.4307 1.7387 
0.92686 1.51694 2.68791 
-0.105775 0.210303 2.62892 
-0.105775 0.210303 2.62892 
-0.105775 0.210303 2.62892 
-0.105775 0.210303 2.62892 
1.15328 0.727151 0.580705 
1.15328 0.727151 0.580705 
1.15328 0.727151 0.580705 
1.15328 0.727151 0.580705 
1.15328 0.727151 0.580705 
0.98394 -1.15044 0.107532 
1.12545 -1.22833 -0.794878 
1.12545 -1.22833 -0.794878 
1.12545 -1.22833 -0.794878 
-1.03936 0.0238354 0.741067 
1.07363 -0.450002 0.00634477 
1.07363 -0.450002 0.00634477 
1.07363 -0.450002 0.00634477 
0.923872 0.692653 -2.24831 
1.02873 -1.2086 1.70449 
0.324456 -2.02072 1.38667 
1.05794 -1.14558 -0.0145862 
0.296613 -0.239485 1.71565 
-0.299982 -0.394481 -1.31355 
-0.299982 -0.394481 -1.31355 
-0.299982 -0.394481 -1.31355 
-0.299982 -0.394481 -1.31355 
-0.545265 0.322385 -1.73558 
-0.532891 2.1424 -2.38012 
-0.775432 2.3484 -2.05339 
-0.775432 2.3484 -2.05339 
-0.775432 2.3484 -2.05339 
3.15149 0.343396 -1.09537 
-0.401581 -1.4018 -1.63238 
-0.401581 -1.4018 -1.63238 
-0.401581 -1.4018 -1.63238 
-0.401581 -1.4018 -1.63238 
-0.401581 -1.4018 -1.63238 
-0.401581 -1.4018 -1.63238 
-1.52571 -0.910705 -1.28475 
-1.52571 -0.910705 -1.28475 
-1.52571 -0.910705 -1.28475 
-0.0249759 -1.89012 -1.25522 
0.0042939 1.79515 -0.200671 
-0.715372 1.66047 0.60354 
-0.715372 1.66047 0.60354 
-1.12947 0.961995 0.219763 
-1.12947 0.961995 0.219763 
-1.12947 0.961995 0.219763 
-1.12947 0.961995 0.219763 
-1.12947 0.961995 0.219763 
-1.12947 0.961995 0.219763 
0.641159 1.08121 0.511867 
-0.437677 0.336397 1.20822 
-0.437677 0.336397 1.20822 
-0.437677 0.336397 1.20822 
-1.15093 -0.477275 1.70678 
-0.0935732 -1.27914 0.949334 
-0.00761508 0.737263 -0.391582 
-0.00761508 0.737263 -0.391582 
-0.00761508 0.737263 -0.391582 
-0.00761508 0.737263 -0.391582 
-0.00761508 0.737263 -0.391582 
-0.00761508 0.737263 -0.391582 
-0.00761508 0.737263 -0.391582 
-0.00761508 0.737263 -0.391582 
1.76427 1.16604 -3.36272 
3.08608 0.0555508 -1.96198 
0.568216 -0.33555 1.71749 
0.568216 -0.33555 1.71749 
0.568216 -0.33555 1.71749 
0.0216742 0.295942 0.796743 
0.0216742 0.295942 0.796743 
0.0216742 0.295942 0.796743 
-0.580988 -0.111533 -0.394808 
-0.580988 -0.111533 -0.394808 
-0.580988 -0.111533 -0.394808 
-0.580988 -0.111533 -0.394808 
-0.580988 -0.111533 -0.394808 
-0.580988 -0.111533 -0.394808 
-0.222928 -0.644272 -0.0191708 
-0.222928 -0.644272 -0.0191708 
-0.222928 -0.644272 -0.0191708 
0.781731 0.138115 0.336115 
1.77946 0.379244 0.364842 
1.77946 0.379244 0.364842 
1.77946 0.379244 0.364842 
1.77946 0.379244 0.364842 
1.77946 0.379244 0.364842 
1.77946 0.379244 0.364842 
1.77946 0.379244 0.364842 
1.77946 0.379244 0.364842 
1.77946 0.379244 0.364842 
2.57558 -0.884282 -0.662994 
2.57558 -0.884282 -0.662994 
2.57558 -0.884282 -0.662994 
3.49852 0.317146 1.40357 
3.49852 0.317146 1.40357 
3.49852 0.317146 1.40357 
3.44238 0.0846851 0.297202 
