0.419222   -0.402011   0.476315
-0.405172   -0.234329   0.497354
0.420427   -0.240525   -0.339922
-0.407249   -0.407807   -0.364061
-0.232034   -0.413344   0.477106
-0.0722286   -0.226042   0.490609
-0.232649   -0.253767   -0.346193
-0.0846479   -0.409011   -0.351213
0.0936212   -0.403632   0.484047
0.259339   -0.236096   0.486999
0.111733   -0.23098   -0.33807
0.252211   -0.41895   -0.352074
0.431253   -0.0785705   0.49886
-0.410825   0.072   -0.486179
0.430912   0.090996   -0.326043
-0.39414   -0.0930815   -0.343605
-0.233215   -0.0796   0.488988
-0.0781402   0.100512   0.48454
-0.244306   0.089559   -0.340855
-0.0798398   -0.068608   -0.331049
0.101936   -0.0756581   0.490653
0.260273   0.0855829   0.473372
0.0908452   0.0936743   -0.341079
0.272098   -0.0713434   -0.329574
0.440333   0.235742   0.485753
-0.430248   0.423125   0.497148
0.422813   0.420231   -0.343131
-0.41907   0.248134   -0.347282
-0.263091   0.278263   0.495535
-0.0768735   0.426812   0.475
-0.253345   0.420654   -0.347342
-0.068528   0.271251   -0.359675
0.0982905   0.236245   0.468574
0.251829   0.419584   0.478109
0.0864329   0.440146   -0.341089
0.262804   0.245414   -0.349953
0.42495   -0.411236   -0.179107
-0.400632   -0.251549   -0.188613
0.440319   -0.250379   -0.00279349
-0.405439   -0.39411   -0.0184969
-0.244427   -0.398544   -0.160991
-0.0684112   -0.234053   -0.181219
-0.24465   -0.222861   0.0121465
-0.0957382   -0.414552   0.0154374
0.119841   -0.404449   -0.186515
0.267183   -0.254458   -0.177919
0.0904534   -0.253016   -0.0257597
0.262721   -0.421277   -0.00797412
0.429635   -0.0943993   -0.16482
-0.411163   0.0925391   -0.189818
0.399821   0.0857247   -0.0221821
-0.414704   -0.0629529   -0.00687688
-0.241169   -0.0893769   -0.178193
-0.0614601   0.0995912   -0.186383
-0.233491   0.0961095   0.000277984
-0.0836599   -0.061848   -0.00894642
0.100212   -0.0616269   -0.171386
0.257737   0.107011   -0.183126
0.0883958   0.111919   -0.000241731
0.272508   -0.087774   -0.00980592
0.439739   0.263425   -0.172093
-0.406641   0.432421   -0.190171
0.422727   0.429395   -0.00337287
-0.410198   0.260538   -0.0230629
-0.220322   0.257572   -0.187845
-0.0591635   0.437087   -0.187889
-0.255776   0.419253   -0.0107457
-0.0803596   0.262441   -0.0173474
0.102249   0.260732   -0.200439
0.271591   0.424842   -0.182828
0.0868983   0.41176   -0.029125
0.253505   0.260503   -0.014844
0.4367   -0.407513   0.150124
-0.404337   -0.227924   0.168359
0.41505   -0.237629   0.310966
-0.41209   -0.406275   0.321805
-0.241645   -0.412624   0.170489
-0.0677161   -0.245262   0.16025
-0.236192   -0.218835   0.336943
-0.0672582   -0.42463   0.305393
0.104603   -0.431865   0.142142
0.251104   -0.254646   0.157995
0.0923739   -0.255439   0.312033
0.2581   -0.424077   0.332826
0.422128   -0.0667174   0.156172
-0.414919   0.0976111   0.153958
0.431661   0.0851957   0.321128
-0.421875   -0.0693986   0.32354
-0.231531   -0.0733687   0.163856
-0.0708353   0.104631   0.154659
-0.254004   0.0717016   0.337295
-0.0421243   -0.0897596   0.322501
0.107528   -0.0620121   0.121977
0.263519   0.120006   0.15435
0.0978567   0.0877785   0.303613
0.2572   -0.0803398   0.312092
0.430864   0.257194   0.142653
-0.410486   0.426898   0.161129
0.436089   0.427417   0.315887
-0.421692   0.251093   0.313556
-0.248981   0.242187   0.176861
-0.0743505   0.40207   0.167034
-0.266433   0.421136   0.309458
-0.0709195   0.24597   0.330148
0.0956074   0.26646   0.162823
0.261317   0.427392   0.142242
0.0839553   0.422067   0.328304
0.286923   0.250624   0.338105
