-0.466242 -0.466242 0
-0.404931 -0.435587 0.0306554 
-0.427821 -0.432998 0.0178872 
-0.429586 -0.432145 0.0126769 
-0.445373 -0.434791 0.0101697 
-0.472396 -0.441058 0.0104034 
-0.460085 -0.443776 0.00920302 
-0.457424 -0.445482 0.00815059 
-0.423556 -0.443046 0.00758977 
-0.458586 -0.4446 0.00696409 
-0.426046 -0.442913 0.00652117 
-0.437442 -0.442457 0.00597042 
-0.445813 -0.442716 0.00549805 
-0.410151 -0.44039 0.00559647 
-0.398103 -0.43757 0.00592382 
-0.415705 -0.436204 0.00570725 
-0.452214 -0.437146 0.00544312 
-0.420828 -0.436239 0.00521128 
-0.448172 -0.436867 0.00496923 
-0.432814 -0.436665 0.00471858 
-0.399119 -0.434877 0.00483125 
-0.415002 -0.433973 0.00469417 
-0.444316 -0.434423 0.00450792 
-0.47973 -0.436311 0.0047108 
-0.453994 -0.437018 0.00457347 
-0.474151 -0.438446 0.00462033 
-0.425528 -0.437968 0.00447158 
-0.402007 -0.436683 0.00449626 
-0.474551 -0.437989 0.00453069 
-0.400974 -0.436755 0.00454764 
-0.413984 -0.436021 0.00445941 
-0.416402 -0.435408 0.00436112 
-0.478674 -0.436719 0.00442557 
-0.452496 -0.437183 0.00431843 
-0.462107 -0.437895 0.00425327 
-0.428566 -0.437636 0.00414155 
-0.406868 -0.436804 0.004113 
-0.426503 -0.436533 0.00401247 
-0.429403 -0.43635 0.0039125 
-0.421075 -0.435968 0.00383251 
-0.429521 -0.435811 0.00374117 
-0.43236 -0.435729 0.00365194 
-0.390852 -0.434685 0.00371558 
-0.474676 -0.435594 0.0037422 
-0.435756 -0.435598 0.0036581 
-0.448862 -0.435886 0.00358929 
-0.457709 -0.436351 0.00354265 
-0.433108 -0.436283 0.00346872 
-0.497567 -0.437534 0.0036201 
-0.43781 -0.437539 0.00354697 
-0.417105 -0.437139 0.00349973 
-0.449247 -0.437371 0.00343966 
-0.442549 -0.437469 0.00337555 
-0.451961 -0.437737 0.00332331 
-0.432091 -0.437635 0.00326394 
-0.438529 -0.437651 0.00320516 
-0.453593 -0.43793 0.00316083 
-0.450574 -0.438148 0.0031135 
-0.465211 -0.438607 0.00309445 
-0.419664 -0.438291 0.00305878 
-0.450639 -0.438494 0.00301502 
-0.459044 -0.438825 0.00298446 
-0.434038 -0.438749 0.00293768 
-0.454575 -0.438997 0.00290197 
-0.417242 -0.438662 0.00287652 
-0.449784 -0.43883 0.00283761 
-0.468468 -0.439273 0.00282972 
-0.415711 -0.438926 0.00280925 
-0.453803 -0.439142 0.00277662 
-0.429576 -0.439005 0.00274007 
-0.451626 -0.439183 0.00270705 
-0.452644 -0.43937 0.00267573 
-0.468471 -0.439769 0.00266876 
-0.44025 -0.439775 0.00263246 
-0.414921 -0.439444 0.00261818 
-0.488983 -0.440095 0.00266446 
-0.415507 -0.439776 0.00264895 
-0.440397 -0.439784 0.00261478 
-0.441501 -0.439806 0.00258156 
-0.450939 -0.439945 0.00255288 
-0.432129 -0.439849 0.00252301 
-0.449859 -0.439971 0.00249504 
-0.459375 -0.440204 0.00247586 
-0.46558 -0.440506 0.00246479 
-0.460823 -0.440745 0.00244732 
-0.470963 -0.441097 0.00244408 
-0.429367 -0.440962 0.00241959 
-0.439054 -0.44094 0.00239203 
-0.438386 -0.440912 0.00236518 
-0.447487 -0.440985 0.00233989 
-0.479515 -0.441408 0.00235245 
-0.411627 -0.441084 0.00234915 
-0.453155 -0.441214 0.00232737 
-0.433528 -0.441132 0.00230393 
-0.467919 -0.441414 0.00229692 
-0.478611 -0.441802 0.00230566 
-0.480891 -0.442205 0.00231708 
-0.457489 -0.442361 0.00229861 
-0.443244 -0.44237 0.00227529 
-0.452364 -0.44247 0.00225464 
