1 -0.645421 0.714294 -0.34546 0.135982
2.5 0.466673 0.735267 -0.238139 0.0166734
4 0.79662 0.598846 -0.439352 0.00754096
5.5 0.62314 0.582153 -0.33174 0.0130232
7 0.94022 0.713128 -0.288615 0.0569705
8.5 0.893755 0.837942 -0.111229 0.0479099
10 0.696535 0.673231 -0.413208 0.00892317
11.5 0.465645 0.528507 -0.0641127 0.0213975
13 0.792613 0.863913 -0.123722 0.0536799
14.5 0.450718 0.853014 -0.279608 0.0170484
16 0.400954 1.16011 0.002544 0.0563938
17.5 0.0960976 1.00843 -0.278167 0.0209046
19 0.13594 0.803675 -0.109934 0.0210302
20.5 0.245845 0.853867 -0.2286 0.0214369
22 0.131154 0.956993 -0.264978 0.0188398
23.5 0.193945 1.03893 -0.300886 0.022629
25 -0.168852 0.99295 -0.248811 0.0286725
26.5 -0.246338 0.86717 -0.224446 0.0215544
28 -0.288467 1.09082 -0.219908 0.0645277
29.5 -0.378485 0.984848 -0.275009 0.0295814
31 -0.360833 0.919485 -0.264561 0.0226463
32.5 -0.340639 0.91501 -0.264785 0.0193643
34 -0.360138 0.99949 -0.24636 0.0334963
35.5 -0.393396 0.985638 -0.26868 0.0228078
37 -0.296681 0.953696 -0.279364 0.0182779
38.5 -0.428059 0.942684 -0.267514 0.0280451
40 -0.448153 1.00168 -0.222094 0.0315147
41.5 -0.434253 0.989074 -0.226351 0.0253797
43 -0.301823 1.05778 -0.210706 0.0282227
44.5 -0.427859 0.941744 -0.288741 0.016691
46 -0.38251 0.975214 -0.232475 0.0274264
47.5 -0.424088 0.834225 -0.275524 0.0169913
49 -0.490637 0.836406 -0.26236 0.0171366
50.5 -0.459277 0.807139 -0.260993 0.0162716
52 -0.488076 0.830312 -0.307071 0.0186888
53.5 -0.565859 0.789527 -0.287739 0.0242269
55 -0.611812 0.735183 -0.357999 0.0147669
56.5 -0.591811 0.704387 -0.307666 0.0155846
58 -0.692893 0.722779 -0.379711 0.010531
59.5 -0.719882 0.718931 -0.375499 0.0213053
61 -0.679431 0.793631 -0.327388 0.019779
62.5 -0.676855 0.77895 -0.358008 0.0168672
64 -0.689095 0.721741 -0.387892 0.010786
65.5 -0.682734 0.756807 -0.362118 0.0176949
67 -0.634921 0.708459 -0.357133 0.0132532
68.5 -0.680611 0.635134 -0.389545 0.0101798
70 -0.686039 0.614397 -0.40232 0.00915264
71.5 -0.713798 0.622126 -0.427486 0.00860149
73 -0.754057 0.575288 -0.421382 0.0108412
74.5 -0.784431 0.614325 -0.449073 0.00718547
76 -0.790858 0.579614 -0.456456 0.0104496
77.5 -0.813829 0.548068 -0.43045 0.0142765
79 -0.805009 0.596676 -0.456495 0.0082022
80.5 -0.83525 0.585456 -0.416456 0.0103494
82 -0.811995 0.616565 -0.443569 0.0096534
83.5 -0.836071 0.624611 -0.441693 0.00739614
85 -0.866629 0.619446 -0.433864 0.00953051
86.5 -0.844459 0.635156 -0.442653 0.0120361
88 -0.847721 0.616898 -0.446767 0.00832749
89.5 -0.837155 0.579099 -0.41547 0.0113778
91 -0.824743 0.626195 -0.444989 0.00801138
92.5 -0.754593 0.558518 -0.405448 0.011848
94 -0.75083 0.519217 -0.345509 0.020269
95.5 -0.774596 0.572287 -0.415188 0.009667
97 -0.798111 0.580824 -0.436009 0.00989718
98.5 -0.775406 0.567473 -0.425619 0.010077
100 -0.816844 0.603537 -0.450031 0.00900486
101.5 -0.807418 0.602975 -0.447099 0.00756748
103 -0.83828 0.598017 -0.443796 0.00754384
104.5 -0.812248 0.607304 -0.452023 0.00827239
106 -0.804582 0.575694 -0.441095 0.00979128
107.5 -0.786323 0.563698 -0.417834 0.0118932
109 -0.79628 0.573028 -0.431505 0.00973758
110.5 -0.775231 0.601133 -0.436592 0.00726909
112 -0.797079 0.591424 -0.435732 0.0086583
113.5 -0.793933 0.601799 -0.445635 0.00815156
115 -0.810976 0.61655 -0.44445 0.00908512
116.5 -0.810144 0.622478 -0.44599 0.00687636
118 -0.766889 0.632405 -0.431008 0.00851073
119.5 -0.757781 0.628333 -0.437667 0.00910767
121 -0.730232 0.631545 -0.442368 0.00716259
122.5 -0.760669 0.663385 -0.422171 0.00989311
124 -0.750621 0.670066 -0.415697 0.0101593
125.5 -0.744877 0.691616 -0.405877 0.0136981
127 -0.738828 0.691293 -0.406268 0.0103995
128.5 -0.717917 0.70188 -0.402757 0.0123859
130 -0.734142 0.693185 -0.417055 0.0101893
131.5 -0.752649 0.70093 -0.397654 0.018322
133 -0.741463 0.705135 -0.412971 0.0109066
134.5 -0.766514 0.690995 -0.430484 0.0101356
136 -0.746767 0.667242 -0.431401 0.009409
137.5 -0.765595 0.648817 -0.434085 0.00885191
139 -0.759001 0.63852 -0.444974 0.00680455
140.5 -0.728919 0.611558 -0.437669 0.00928234
142 -0.692919 0.597841 -0.40999 0.00869719
143.5 -0.671795 0.61809 -0.403744 0.00968137
145 -0.688217 0.633786 -0.401457 0.00765167
146.5 -0.67736 0.6437 -0.392075 0.00979888
148 -0.696109 0.653085 -0.408665 0.00912426
149.5 -0.682991 0.628145 -0.396613 0.00896667
151 -0.718217 0.648425 -0.419013 0.00846994
152.5 -0.757504 0.634286 -0.44044 0.00648087
154 -0.770614 0.61451 -0.438277 0.00769892
155.5 -0.748384 0.620576 -0.430016 0.00802742
157 -0.748489 0.616847 -0.432564 0.00836431
158.5 -0.765934 0.611395 -0.445808 0.012737
160 -0.747457 0.601474 -0.447136 0.00682952
161.5 -0.763536 0.572037 -0.430418 0.00989985
163 -0.780667 0.57927 -0.42791 0.00914127
164.5 -0.78041 0.610766 -0.437134 0.00717063
166 -0.774686 0.606938 -0.459906 0.00709159
167.5 -0.759522 0.598258 -0.443601 0.00746814
169 -0.739431 0.598516 -0.434998 0.00844229
170.5 -0.742266 0.621293 -0.435981 0.00726297
172 -0.763694 0.606803 -0.446773 0.00693059
173.5 -0.73459 0.608708 -0.446654 0.00844847
175 -0.745579 0.611212 -0.43169 0.00718303
176.5 -0.741338 0.607897 -0.435286 0.00797169
178 -0.726504 0.617047 -0.427843 0.00785292
179.5 -0.730897 0.625808 -0.438833 0.00768787
181 -0.735074 0.6228 -0.432657 0.0086665
182.5 -0.742337 0.644072 -0.42979 0.00769945
184 -0.745458 0.671715 -0.42051 0.00947153
185.5 -0.742597 0.685785 -0.423062 0.0144252
187 -0.754877 0.664149 -0.429273 0.0103701
188.5 -0.758002 0.651929 -0.426943 0.0101848
190 -0.743848 0.651084 -0.432364 0.00858068
191.5 -0.719449 0.64641 -0.436068 0.00705211
193 -0.728891 0.648438 -0.420189 0.00981633
194.5 -0.727274 0.647346 -0.418705 0.00881468
196 -0.718355 0.639349 -0.433403 0.00945875
197.5 -0.717591 0.621664 -0.43289 0.00722297
199 -0.743328 0.634785 -0.447218 0.00892596
