0.451561   -0.459291   -0.499125
-0.369272   -0.302711   -0.486392
0.456767   -0.28078   -0.331726
-0.365182   -0.451486   -0.32756
-0.213258   -0.440569   -0.476279
-0.0363105   -0.296394   -0.491869
-0.210064   -0.290494   -0.314319
-0.0485435   -0.435902   -0.327233
0.111013   -0.446638   -0.484165
0.286435   -0.267852   -0.495168
0.117419   -0.27054   -0.323376
0.28484   -0.440075   -0.326057
0.464523   -0.111251   -0.470492
-0.391317   0.0679772   -0.496552
0.452757   0.0527553   -0.318976
-0.374459   -0.101572   -0.33194
-0.213502   -0.108847   -0.485685
-0.0546693   0.0424436   -0.476074
-0.226475   0.0662181   -0.313128
-0.0532205   -0.109567   -0.323387
0.119616   -0.10436   0.497436
0.282214   0.0565349   0.487026
0.117077   0.0555296   -0.349724
0.27963   -0.114523   -0.326752
0.435593   0.223266   -0.476839
-0.395199   0.379884   -0.482091
0.438056   0.386722   -0.323837
-0.384077   0.219371   -0.342574
-0.209968   0.221352   0.485652
-0.0505923   0.405893   -0.491692
-0.210084   0.379566   -0.338782
-0.0348294   0.221077   -0.321612
0.108506   0.232917   -0.490323
0.274291   0.37727   0.489364
0.132211   0.402269   -0.326425
0.288091   0.211607   -0.340278
0.441612   -0.444969   -0.172139
-0.379429   -0.275289   -0.177819
0.459722   -0.269531   0.0182464
-0.40241   -0.454119   0.0101101
-0.214113   -0.440023   -0.135117
-0.0503915   -0.255547   -0.157899
-0.221128   -0.258324   -0.00386442
-0.0467595   -0.457553   0.00274425
0.116438   -0.427353   -0.149981
0.282406   -0.277288   -0.14829
0.119553   -0.275742   0.0107524
0.302835   -0.433106   -0.00465105
0.456187   -0.0975225   -0.15569
-0.395266   0.0802843   -0.153177
0.441123   0.0612605   0.00486877
-0.395833   -0.104036   0.00228549
-0.241684   -0.110625   -0.167835
-0.0595999   0.0422625   -0.158154
-0.230049   0.0591902   0.00154932
-0.0598393   -0.119965   0.0136927
0.111402   -0.10031   -0.174841
0.287918   0.0562404   -0.178631
0.108668   0.0396904   0.00249467
0.293815   -0.126623   0.00759267
0.443294   0.226495   -0.171803
-0.359343   0.365169   -0.173839
0.461563   0.391751   -0.0126569
-0.382165   0.225162   0.0149561
-0.211527   0.212232   -0.159242
-0.0541074   0.399258   -0.174026
-0.214746   0.383829   0.00150415
-0.0474173   0.242516   0.00227622
0.130658   0.209129   -0.177018
0.294895   0.370513   -0.172785
0.124584   0.37623   -0.0432095
0.274643   0.219497   -0.000820969
0.44577   -0.443103   0.183555
-0.366608   -0.259421   0.160553
0.463378   -0.277149   0.346085
-0.377823   -0.463041   0.348257
-0.233619   -0.450344   0.162879
-0.0668388   -0.290214   0.17132
-0.238133   -0.27772   0.336962
-0.0628671   -0.4299   0.344097
0.147429   -0.450508   0.159625
0.286088   -0.282145   0.178127
0.132299   -0.29867   0.329626
0.289145   -0.441925   0.343435
0.458007   -0.107778   0.173053
-0.377011   0.0539442   0.173219
0.461157   0.0483412   0.329375
-0.375892   -0.0964985   0.340215
-0.204749   -0.095767   0.176405
-0.0496666   0.0596542   0.173512
-0.197455   0.0486379   0.339184
-0.0441441   -0.102485   0.336914
0.114347   -0.137172   0.178397
0.275602   0.0542399   0.171767
0.106489   0.058576   0.34066
0.291066   -0.112127   0.338225
0.465119   0.204621   0.172393
-0.392225   0.3835   0.173413
0.462659   0.347337   0.341952
-0.366999   0.211053   0.324196
-0.215374   0.235667   0.168377
-0.0475916   0.404857   0.182945
-0.221542   0.3979   0.330521
-0.0492127   0.235878   0.327538
0.111048   0.244026   0.158361
0.301667   0.356833   0.168044
0.11275   0.398787   0.34992
0.270799   0.206322   0.345614
