0.399182   -0.395557   -0.480923
-0.405639   -0.234989   -0.45418
0.434285   -0.22486   -0.324327
-0.413153   -0.406381   -0.292199
-0.218293   -0.402241   -0.467182
-0.0759426   -0.239207   -0.468834
-0.229216   -0.243901   -0.295421
-0.0756162   -0.429151   -0.308046
0.094998   -0.407048   -0.471679
0.249609   -0.228507   -0.4801
0.0723475   -0.253929   -0.312845
0.26705   -0.396162   -0.293657
0.413997   -0.0868139   0.497425
-0.423011   0.0924598   -0.489332
0.403866   0.0844034   -0.3231
-0.415586   -0.0526214   -0.314682
-0.239996   -0.0647986   -0.47024
-0.0882726   0.126681   -0.457264
-0.246509   0.107876   -0.296158
-0.0860592   -0.0519457   -0.308639
0.081781   -0.0725972   -0.474456
0.250472   0.0944236   -0.475106
0.0964612   0.119844   -0.275815
0.243199   -0.0787558   -0.320881
0.423085   0.26809   -0.486199
-0.424408   0.431627   -0.466053
0.424481   0.443452   -0.301483
-0.432038   0.268845   -0.283122
-0.27237   0.253274   -0.456749
-0.0931875   0.391381   -0.459103
-0.265666   0.422855   -0.288919
-0.0844676   0.270568   -0.296186
0.0969733   0.245897   -0.461858
0.269587   0.438757   -0.468358
0.0988414   0.433196   -0.314228
0.278878   0.274099   -0.301064
0.4377   -0.369792   -0.128812
-0.392929   -0.227963   -0.155666
0.42516   -0.240542   0.0411415
-0.411171   -0.392918   0.0318786
-0.252687   -0.434347   -0.141054
-0.0790037   -0.241971   -0.131671
-0.237652   -0.243095   0.00516992
-0.0829167   -0.409097   0.0386261
0.0897591   -0.395033   -0.140086
0.270307   -0.235103   -0.139987
0.089151   -0.244033   0.0210484
0.246945   -0.408868   0.0367927
0.427199   -0.0749323   -0.142783
-0.432429   0.0913126   -0.153373
0.43008   0.0977282   0.0261824
-0.417117   -0.0761395   0.013831
-0.239168   -0.0498565   -0.130098
-0.0946265   0.109561   -0.130682
-0.279318   0.0933487   0.0326156
-0.0686568   -0.0659026   0.036977
0.0911634   -0.0796891   -0.142318
0.255263   0.104324   -0.127437
0.0666   0.0968764   0.00742819
0.250273   -0.0699562   0.0348937
0.422209   0.2725   -0.120234
-0.427647   0.451296   -0.120586
0.435927   0.433905   0.0552724
-0.43326   0.256492   0.0412233
-0.258598   0.276327   -0.110188
-0.0782195   0.425907   -0.112108
-0.265302   0.428185   0.0497452
-0.0853805   0.263808   0.0436113
0.0969753   0.290961   -0.119998
0.261753   0.442128   -0.117597
0.0998613   0.43219   0.0369487
0.263205   0.247322   0.0423695
0.413075   -0.405849   0.198429
-0.407523   -0.23146   0.197845
0.426022   -0.261874   0.349771
-0.39393   -0.406177   0.364848
-0.260786   -0.400478   0.19401
-0.091855   -0.249029   0.182998
-0.251487   -0.229599   0.367521
-0.073049   -0.403751   0.376524
0.0615719   -0.392344   0.202941
0.238193   -0.249271   0.189221
0.080662   -0.238275   0.367268
0.244267   -0.398897   0.353846
0.42056   -0.0681129   0.205286
-0.412528   0.0832241   0.21147
0.410617   0.0928745   0.359357
-0.423947   -0.0826814   0.374036
-0.265174   -0.0699532   0.197738
-0.0865113   0.102817   0.193916
-0.248307   0.0918744   0.367433
-0.087224   -0.0661402   0.348217
0.0937342   -0.0674679   0.187401
0.243303   0.102891   0.197815
0.0766303   0.101545   0.375947
0.232153   -0.0558017   0.351256
0.417481   0.273575   0.215342
-0.414034   0.418673   0.213592
0.431401   0.444663   0.373181
-0.422231   0.25747   0.35819
-0.264837   0.244456   0.195676
-0.073729   0.424351   0.190699
-0.240308   0.411785   0.388829
-0.106179   0.251361   0.353126
0.075508   0.241871   0.189494
0.238747   0.406908   0.206735
0.0701651   0.410514   0.391726
0.254146   0.25178   0.371205
