1.4588 1.4588 0
1.50203 1.48041 0.0216121 
1.45182 1.47088 0.0157022 
1.50827 1.48023 0.0145136 
1.44406 1.473 0.0133677 
1.56727 1.48871 0.0191314 
1.4438 1.48229 0.0173949 
1.53303 1.48863 0.0163449 
1.49056 1.48885 0.0144164 
1.46746 1.48671 0.0130705 
1.49147 1.48714 0.0118307 
1.50264 1.48843 0.0108768 
1.51602 1.49056 0.0102278 
1.37847 1.48255 0.0123999 
1.41196 1.47784 0.0124661 
1.51116 1.47993 0.0118455 
1.51956 1.48226 0.0113685 
1.52447 1.4846 0.0109719 
1.44477 1.48251 0.010588 
1.518 1.48428 0.0102002 
1.51996 1.48598 0.00984994 
1.51514 1.48731 0.00948462 
1.49846 1.48779 0.00907583 
1.53056 1.48957 0.00887029 
1.56041 1.49241 0.00896749 
1.52746 1.49375 0.00872051 
1.5475 1.49574 0.0086242 
1.59109 1.49915 0.00898105 
1.48021 1.4985 0.0086904 
1.4693 1.49752 0.00845195 
1.45869 1.49627 0.00827018 
1.48572 1.49594 0.00801435 
1.49483 1.49591 0.00776777 
1.44961 1.49455 0.00765787 
1.44037 1.493 0.00759524 
1.453 1.49189 0.00746438 
1.56531 1.49387 0.00752618 
1.58966 1.49639 0.00774699 
1.47107 1.49574 0.00757361 
1.51482 1.49622 0.00739724 
1.58894 1.49848 0.00756068 
1.45485 1.49744 0.00745123 
1.48003 1.49704 0.00728714 
1.55608 1.49838 0.00724497 
1.51014 1.49864 0.00708696 
1.36869 1.49582 0.00748481 
1.4908 1.49571 0.00732461 
1.54031 1.49664 0.00723035 
1.46865 1.49607 0.00710426 
1.47468 1.49564 0.00697385 
1.45232 1.49479 0.00688831 
1.46032 1.49413 0.00678699 
1.54517 1.49509 0.006727 
1.48114 1.49483 0.0066063 
1.43453 1.49374 0.00657712 
1.53594 1.49449 0.00650243 
1.56996 1.49581 0.00652311 
1.51453 1.49614 0.00641777 
1.48651 1.49597 0.00631017 
1.51249 1.49625 0.00621021 
1.52957 1.49679 0.00613194 
1.51843 1.49714 0.00604231 
1.47217 1.49675 0.00595882 
1.51688 1.49706 0.00587341 
1.54829 1.49785 0.00583581 
1.48866 1.49771 0.00574839 
1.52235 1.49808 0.00567387 
1.44888 1.49735 0.00563643 
1.42048 1.49624 0.00566479 
1.49395 1.49621 0.00558338 
1.54913 1.49695 0.00555442 
1.56997 1.49797 0.00556984 
1.56272 1.49885 0.00556417 
1.53765 1.49938 0.00551344 
1.53142 1.49981 0.00545619 
1.50546 1.49988 0.00538443 
1.49787 1.49985 0.00531411 
1.51561 1.50006 0.00524943 
1.56885 1.50093 0.00525521 
1.45182 1.50031 0.00522528 
1.4183 1.4993 0.00525877 
1.50217 1.49934 0.00519436 
1.43373 1.49855 0.00519191 
1.48307 1.49836 0.00513304 
1.46979 1.49802 0.00508341 
1.4503 1.49747 0.00505451 
1.54283 1.49799 0.0050232 
1.50829 1.49811 0.00496717 
1.53088 1.49848 0.00492482 
1.48849 1.49837 0.00487106 
1.59361 1.49941 0.00492963 
1.55033 1.49997 0.00490706 
1.46494 1.49959 0.00486859 
1.51801 1.49978 0.00482051 
1.48464 1.49963 0.00477216 
1.55362 1.50019 0.00475557 
1.42412 1.4994 0.00477117 
1.53939 1.49981 0.00473982 
1.50968 1.49991 0.00469276 
1.50759 1.49999 0.00464623 
