1.47839 1.47839 0
1.5373 1.50785 0.0294563 
1.49245 1.50271 0.0177643 
1.52569 1.50846 0.0138128 
1.50983 1.50873 0.0107029 
1.53089 1.51243 0.0094872 
1.49941 1.51057 0.00823106 
1.54843 1.5153 0.00855655 
1.57491 1.52192 0.010041 
1.47453 1.51718 0.0101548 
1.44028 1.51019 0.0115435 
1.49399 1.50884 0.0106239 
1.48476 1.50699 0.00994651 
1.50892 1.50713 0.00920971 
1.51122 1.5074 0.00857811 
1.48913 1.50626 0.00810489 
1.51283 1.50664 0.00762301 
1.45973 1.50404 0.00764514 
1.46332 1.5019 0.00754241 
1.5193 1.50277 0.00720808 
1.48239 1.5018 0.00692454 
1.4832 1.50095 0.00665619 
1.47376 1.49977 0.00646911 
1.49342 1.4995 0.00619934 
1.4947 1.49931 0.0059493 
1.39829 1.49543 0.00691141 
1.55075 1.49748 0.00695905 
1.6016 1.50119 0.00766808 
1.50718 1.5014 0.00740182 
1.47365 1.50048 0.00721041 
1.49391 1.50026 0.00697715 
1.50328 1.50036 0.00675625 
1.48413 1.49987 0.00656676 
1.52379 1.50057 0.00640942 
1.55203 1.50204 0.00639491 
1.55529 1.50352 0.00638836 
1.47224 1.50267 0.00627054 
1.50125 1.50264 0.00610341 
1.53358 1.50343 0.00599755 
1.48554 1.50298 0.00586278 
1.5113 1.50319 0.00572159 
1.4761 1.50254 0.00562081 
1.52837 1.50314 0.00552132 
1.49791 1.50302 0.00539568 
1.49773 1.5029 0.00527573 
1.51548 1.50318 0.005167 
1.47709 1.50262 0.00508625 
1.48529 1.50226 0.00499224 
1.53946 1.50302 0.00494786 
1.4439 1.50184 0.00499002 
1.5428 1.50264 0.0049567 
1.4901 1.5024 0.00486643 
1.49581 1.50228 0.00477534 
1.50224 1.50228 0.00468608 
1.45126 1.50135 0.00469266 
1.52266 1.50173 0.00462379 
1.40967 1.50011 0.00482055 
1.5941 1.50173 0.00500621 
1.45962 1.50102 0.00497213 
1.49928 1.50099 0.00488865 
1.52778 1.50143 0.00482786 
1.5061 1.50151 0.00474995 
1.53935 1.50211 0.00471239 
1.50052 1.50208 0.00463824 
1.548 1.50279 0.00462064 
1.50067 1.50276 0.00455021 
1.50651 1.50281 0.00448213 
1.43067 1.50175 0.0045414 
1.52602 1.5021 0.0044889 
1.50672 1.50217 0.0044248 
1.47374 1.50177 0.00438038 
1.48366 1.50152 0.00432642 
1.54356 1.50209 0.00430544 
1.58453 1.50321 0.00439053 
1.48658 1.50299 0.00433727 
1.52055 1.50322 0.00428605 
1.55166 1.50385 0.00427655 
1.47218 1.50344 0.00424084 
1.51209 1.50355 0.00418825 
1.44546 1.50282 0.00419882 
1.5145 1.50297 0.00414917 
1.48604 1.50276 0.00410345 
1.49473 1.50266 0.00405487 
1.51812 1.50285 0.00401053 
1.46032 1.50235 0.00399452 
1.53316 1.50271 0.00396402 
1.50521 1.50273 0.0039183 
1.48658 1.50255 0.00387787 
1.49777 1.5025 0.00383442 
1.51503 1.50264 0.00379413 
1.44105 1.50196 0.00381275 
1.52566 1.50222 0.00377987 
1.47282 1.5019 0.00375234 
1.44955 1.50134 0.00375374 
1.60748 1.50246 0.00387842 
1.42403 1.50164 0.0039238 
1.51902 1.50182 0.00388727 
1.4965 1.50177 0.00384778 
1.47284 1.50148 0.00381991 
1.48875 1.50135 0.00378366 
