0.401475   -0.334726   -0.377119
-0.413237   -0.131974   -0.389629
0.419979   -0.136047   -0.20872
-0.427096   -0.304087   -0.221364
-0.238987   -0.315325   -0.391511
-0.0783637   -0.131389   -0.405419
-0.230424   -0.133924   -0.226118
-0.0741688   -0.296435   -0.211776
0.0787938   -0.298536   -0.384411
0.255326   -0.149268   -0.382139
0.0875287   -0.140623   -0.206992
0.251553   -0.314705   -0.216214
0.414671   0.0360273   -0.37213
-0.407347   0.182725   -0.375555
0.417349   0.187258   -0.218515
-0.415889   0.000644476   -0.221704
-0.236877   0.0261708   -0.39078
-0.0877687   0.207463   -0.389327
-0.238562   0.180288   -0.219292
-0.0674245   0.0266769   -0.222395
0.0771841   0.0249561   -0.392865
0.241055   0.184361   -0.385316
0.070734   0.201928   -0.218153
0.232332   0.0296381   -0.219547
0.424767   0.356422   -0.354423
-0.410917   -0.474248   -0.365983
0.397956   -0.491716   -0.210562
-0.405735   0.359948   -0.215073
-0.256846   0.340124   -0.390901
-0.0812895   -0.481466   -0.369016
-0.255778   -0.469506   -0.198768
-0.0974196   0.36107   -0.19748
0.0790725   0.354702   -0.396037
0.241301   -0.486714   -0.370318
0.069253   -0.487604   -0.196428
0.225272   0.351651   -0.216128
0.407041   -0.311692   -0.046687
-0.434553   -0.146834   -0.0368512
0.425277   -0.133832   0.139751
-0.421169   -0.290496   0.128695
-0.241922   -0.278758   -0.0495048
-0.0656373   -0.146017   -0.0353398
-0.235165   -0.136866   0.134001
-0.076958   -0.307602   0.123081
0.0883832   -0.311604   -0.0606742
0.246508   -0.144433   -0.0410465
0.0935737   -0.131993   0.128915
0.253992   -0.30422   0.107596
0.397035   0.0273108   -0.0738871
-0.412848   0.196524   -0.0595029
0.444895   0.185756   0.0981887
-0.411775   0.00170695   0.127134
-0.237198   0.00829613   -0.0490226
-0.100108   0.197093   -0.0332527
-0.27451   0.184103   0.116514
-0.0762575   0.0181116   0.126713
0.0643024   0.0489192   -0.047538
0.238363   0.198409   -0.0422424
0.0805087   0.219755   0.13623
0.281676   0.0371146   0.107139
0.4107   0.360811   -0.0436772
-0.430065   -0.463351   -0.0465654
0.424103   -0.462645   0.121085
-0.424531   0.349191   0.109647
-0.265152   0.355954   -0.0377919
-0.0977333   -0.472308   -0.0310659
-0.27034   -0.464367   0.115366
-0.103351   0.372327   0.119316
0.0587293   0.364525   -0.0372304
0.240903   -0.477512   -0.0533694
0.0769946   -0.464793   0.132874
0.250582   0.369793   0.113218
0.412488   -0.299004   0.276106
-0.404751   -0.145876   0.294951
0.416065   -0.165913   0.462377
-0.412187   -0.322712   0.481938
-0.266988   -0.313249   0.295448
-0.0776803   -0.127784   0.287342
-0.248895   -0.120246   0.456409
-0.0880028   -0.327673   0.451614
0.0714851   -0.315262   0.300151
0.255585   -0.134453   0.288037
0.0930273   -0.122246   0.44013
0.233964   -0.314327   0.456402
0.429338   0.0234477   0.279765
-0.430044   0.199063   0.288728
0.414533   0.196083   0.453383
-0.393544   0.0399531   0.435523
-0.244968   0.0174259   0.282685
-0.0982838   0.20763   0.27184
-0.261363   0.201446   0.437761
-0.0627603   0.0484756   0.433977
0.113864   0.0386916   0.276924
0.271805   0.195755   0.273524
0.0937482   0.195381   0.436293
0.269612   0.0275436   0.445955
0.428627   0.368836   0.271816
-0.427301   -0.473419   0.306458
0.427624   -0.487845   0.480926
-0.427227   0.350097   0.468855
-0.276412   0.359705   0.270014
-0.0976871   -0.493766   0.294448
-0.251424   -0.491536   0.445674
-0.0853321   0.358568   0.454697
0.0803457   0.38751   0.294133
0.26154   -0.471373   0.292865
0.0769237   -0.474071   0.469743
0.260857   0.350801   0.463759
