0.428038   0.0449704   -0.34047
-0.115653   -0.342441   0.092968
-0.151392   -0.343217   0.297552
-0.422544   0.257884   -0.264949
-0.295376   0.201528   -0.429895
0.418396   0.418967   0.326477
-0.191823   0.370722   -0.481779
0.167718   -0.46087   0.459496
0.291052   -0.095512   -0.462915
0.280296   -0.281727   -0.366128
0.195398   0.4948   -0.290777
-0.484774   -0.372572   -0.489018
-0.280157   -0.192666   -0.00944874
-0.319157   0.0883978   -0.24953
0.257673   0.332386   -0.379269
-0.400428   0.321796   0.431803
-0.351061   -0.243598   -0.361606
-0.186396   -0.0421   0.488222
-0.140599   0.239129   -0.314233
-0.00926992   -0.151517   -0.282472
0.436998   -0.0455887   0.410109
0.322561   -0.12068   -0.266583
-0.38626   -0.0426752   -0.383568
-0.302655   -0.392872   0.0375855
-0.409375   0.11638   0.182696
0.460224   0.231391   -0.42631
0.0941051   0.223104   0.444431
0.286737   0.18128   -0.24815
-0.454704   0.324263   0.208344
0.120652   0.200442   0.108154
0.0776867   -0.0331207   0.394688
0.169277   -0.0196018   -0.151057
0.10033   0.180337   -0.283256
0.0596818   0.375432   0.220578
0.0107374   0.352384   -0.4039
0.1087   -0.183959   -0.43804
0.456093   -0.488252   -0.309099
0.410545   -0.304797   -0.15838
-0.396053   0.42905   0.0606721
-0.23477   0.186453   -0.0982129
-0.168997   0.490221   -0.0605675
-0.164007   -0.340397   -0.298167
0.365744   -0.26555   0.431748
0.0467238   -0.388977   0.209945
0.220995   -0.387625   0.051511
-0.381703   -0.349   -0.187365
0.272301   -0.10529   0.311275
0.458018   -0.430012   -0.00664801
-0.423012   -0.117669   -0.154079
-0.279651   -0.0355741   0.110536
0.359323   -0.0422395   -0.0533826
-0.238952   0.469502   -0.276657
-0.11025   -0.308134   -0.115884
-0.228237   -0.0942366   -0.264746
0.078741   -0.178227   0.216547
-0.0208311   0.0495229   0.0561089
-0.0791145   0.0878443   -0.204115
0.354579   -0.0440293   0.138923
-0.467451   -0.153679   0.037722
0.176713   -0.247686   -0.192073
0.163621   0.335998   -0.181885
0.440528   0.416123   -0.484335
0.0169303   -0.154233   -0.0633665
-0.470196   0.0899704   -0.120886
-0.40565   0.450752   -0.128475
-0.368443   0.464892   -0.425971
-0.0916253   -0.1454   0.0927237
-0.148752   0.479506   0.176613
-0.00139384   0.427   -0.229816
0.40326   0.342586   -0.198414
0.195688   -0.192885   0.0283825
0.294544   0.25234   -0.02156
-0.484875   -0.208077   0.239936
-0.273436   -0.212216   0.193034
-0.414376   0.256209   -0.0215089
-0.244757   -0.337158   -0.48714
0.221998   -0.336653   0.298825
0.0424196   -0.30623   0.414351
-0.0965908   -0.461558   -0.41452
-0.140834   0.311461   0.28934
0.035245   -0.372867   -0.274515
-0.265167   0.470957   0.366421
0.277994   0.498986   0.197362
0.367128   0.156711   0.400567
-0.345487   -0.0635707   0.341132
-0.158599   -0.0350471   -0.0488349
0.450908   -0.196932   -0.394308
-0.421232   -0.213591   0.441515
-0.129435   -0.129286   0.330998
0.165331   0.409923   0.03073
-0.0910424   -0.201319   -0.459801
0.247809   0.376392   0.414986
0.195091   0.105595   0.284725
0.258716   0.123772   -0.428229
-0.0950112   0.167418   -0.498653
-0.0269887   0.0084185   -0.39931
0.289046   -0.487372   -0.111225
-0.20959   0.148839   0.132404
-0.268407   0.109827   0.323655
-0.421604   0.0800733   0.473474
0.147994   -0.000205142   0.137145
-0.0565164   0.300657   -0.0917585
0.054456   -0.430787   -0.041276
-0.445683   -0.410792   0.215832
0.101276   0.171088   -0.0903418
-0.0357418   0.4488   0.395561
-0.0424635   0.0977327   0.293085
0.392534   0.372059   0.0779756
