0 34.8577
1 30.6551
2 28.793
3 27.554
4 26.2711
5 24.8753
6 24.3604
7 23.4905
8 23.0045
9 22.0848
10 21.5136
11 20.9915
12 20.602
13 20.5449
14 20.3209
15 20.5186
16 20.3988
17 20.2981
18 19.4665
19 18.3219
20 18.2221
21 17.9915
22 18.1547
23 17.9202
24 18.0229
25 17.746
26 17.721
27 17.8065
28 17.7755
29 17.5948
30 17.7254
31 17.5562
32 17.6892
33 17.5136
34 17.4871
35 17.5393
36 17.0582
37 17.1703
38 16.8413
39 16.5947
40 16.5519
41 16.3043
42 16.2396
43 16.3751
44 16.4325
45 16.4836
46 16.4893
47 16.4738
48 16.3825
49 16.3942
50 16.5117
51 16.2674
52 16.167
53 16.2047
54 16.0359
55 15.8976
56 15.7474
57 15.878
58 15.9465
59 15.7323
60 15.8801
61 15.6671
62 15.7243
63 15.2891
64 15.5413
65 15.348
66 15.0031
67 15.3343
68 14.9884
69 14.9428
70 15.1768
71 14.8622
72 15.0639
73 15.3597
74 15.031
75 15.0001
76 15.2117
77 15.0719
78 14.7719
79 14.5645
80 15.0578
81 14.96
82 14.849
83 14.5434
84 14.6812
85 14.8595
86 14.6442
87 14.845
88 14.8449
89 14.6445
90 14.7531
91 14.8629
92 14.6378
93 14.7124
94 14.7661
95 14.606
96 14.8147
97 14.7157
98 14.7009
99 14.7503
100 14.9149
101 14.9932
102 15.2597
103 14.7401
104 14.6968
105 14.931
106 14.6842
107 14.9024
108 14.8318
109 14.9677
110 15.1755
111 14.7921
112 14.6094
113 14.6698
114 14.7885
115 14.704
116 14.5509
117 14.3805
118 14.2796
119 14.2516
120 13.6646
121 13.5368
122 13.7845
123 13.6511
124 14.0347
125 13.735
126 13.8067
127 13.8886
128 13.5187
129 13.796
130 13.7089
131 13.8606
132 13.9232
133 13.7534
134 13.7473
135 14.2631
136 13.7647
137 13.608
138 13.751
139 13.684
140 13.5796
141 13.3636
142 13.9058
143 13.6922
144 13.5466
145 13.8969
146 13.9698
147 13.4945
148 13.93
149 13.9183
150 13.8089
151 13.672
152 13.9128
153 13.9214
154 13.8908
155 13.7367
156 13.7368
157 13.7183
158 13.6143
159 13.5636
160 13.7677
161 13.9044
162 13.8958
163 13.5126
164 13.4017
165 13.6461
166 13.655
167 13.8367
168 13.8645
169 13.7969
170 13.5583
171 13.4977
172 13.4192
173 13.522
174 13.8944
175 13.8748
176 13.8267
177 13.9421
178 13.6513
179 13.584
180 13.409
181 13.1986
182 13.2228
183 13.1131
184 13.4756
185 13.3781
186 13.4346
187 13.3598
188 13.5922
189 13.3961
190 13.2776
191 13.2287
192 13.5512
193 13.0837
194 13.1595
195 13.5937
196 13.432
197 13.281
198 13.3312
199 13.5452
200 13.2747
201 13.2868
202 13.3786
203 13.5902
204 13.4829
205 13.1197
206 13.5647
207 13.1321
208 13.1595
209 13.5453
210 13.3945
211 13.3581
212 13.4034
213 13.594
214 13.1949
215 13.3671
216 13.3483
217 13.516
218 13.7812
219 13.2356
220 13.27
221 13.2884
222 13.2837
223 13.3918
224 13.2081
225 13.231
226 13.2729
227 13.4599
228 13.5351
229 13.7118
230 13.4618
231 13.5387
232 13.2207
233 13.3478
234 13.4064
235 13.4754
236 13.2313
237 12.7968
238 12.6515
239 12.6665
240 12.7672
241 12.8594
242 12.6555
243 12.5949
244 12.5738
245 13.011
246 12.8082
247 13.1193
248 12.7433
249 12.8096
250 13.0478
251 12.7744
252 12.3823
253 12.6324
254 12.6328
255 12.6838
256 12.8971
257 12.5922
258 12.8835
259 12.8694
260 13.2106
261 13.0624
262 13.2645
263 12.7516
264 12.9503
265 12.8186
266 12.8613
267 12.8818
268 13.1986
269 13.0692
270 12.9894
271 12.5183
272 13.0968
273 12.7943
274 12.5717
275 12.6406
276 12.657
277 12.7641
278 12.9335
279 12.7216
280 12.6042
281 12.8518
282 12.844
283 12.91
284 12.8407
285 12.9193
286 13.0655
287 12.6878
288 12.9744
289 13.122
290 12.6905
291 12.7138
292 12.7054
293 12.5567
294 12.6843
295 12.7899
296 12.7171
297 12.89
298 12.8548
299 12.9708
300 12.6805
301 12.6242
302 12.6127
303 12.7077
304 12.674
305 12.7009
306 12.8781
307 12.8615
308 12.8192
309 12.8864
310 12.975
311 12.6292
312 12.878
313 12.9112
314 12.5088
315 12.7763
316 12.9659
317 13.1694
318 12.7866
319 12.5652
320 12.6178
321 12.4596
322 12.7938
323 12.4818
324 12.7315
325 12.7225
326 12.9075
327 12.6654
328 12.7788
329 12.6075
330 12.8481
331 12.7962
332 12.6451
333 12.7663
334 13.1232
335 12.5334
336 12.794
337 12.7981
338 12.7565
339 12.8582
340 12.6415
341 12.9018
342 12.8846
343 12.8874
344 12.6273
345 12.5387
346 12.7532
347 12.7585
348 12.511
349 12.7598
350 12.6413
351 12.9102
352 12.7284
353 12.7836
354 12.5689
355 12.8885
356 12.8819
357 12.8874
358 12.8942
359 12.7125
360 12.8794
361 13.0721
362 12.7923
363 12.7667
364 13.1614
365 13.1244
366 12.8318
367 12.5513
368 12.4514
369 12.93
370 12.7201
371 12.7501
372 12.4468
373 12.9249
374 12.5189
375 12.5734
376 12.4738
377 12.6539
378 12.823
379 12.9429
380 12.9333
381 13.0107
382 12.9919
383 12.9418
384 12.4624
385 12.5996
386 12.8675
387 12.7448
388 12.8104
389 12.7742
390 12.8183
391 12.6789
392 12.784
393 12.8999
394 12.66
395 12.6481
396 12.6332
397 12.6506
398 12.6643
399 12.6901
400 12.6395
401 12.457
402 12.8124
403 12.8563
404 12.8325
405 12.5994
406 12.7616
407 12.6165
408 12.6028
409 12.6448
410 12.6741
411 12.7003
412 12.8327
413 13.1885
414 13.0029
415 13.0193
416 12.767
417 12.7352
418 12.5415
419 12.6764
420 12.5788
421 12.6177
422 12.4543
423 12.7285
424 12.8104
425 12.5264
426 12.6248
427 12.7679
428 12.3996
429 12.873
430 12.5621
431 12.563
432 12.4452
433 12.9094
434 12.7751
435 12.8038
436 12.6791
437 12.8348
438 12.7528
439 12.7867
440 12.6735
441 13.0594
442 12.6031
443 12.6878
444 12.6457
445 12.7087
446 13.0495
447 13.0235
448 13.0259
449 12.7219
450 12.9573
451 12.7116
452 12.6933
453 12.5276
454 13.0108
455 12.7164
456 12.7779
457 12.8106
458 12.3497
459 12.8925
460 12.7616
461 12.7934
462 12.6436
463 12.6342
464 12.7126
465 12.6158
466 12.7882
467 12.6928
468 12.6961
469 12.63
470 12.3817
471 12.4651
472 13.0019
473 12.7283
474 12.6614
475 12.5234
476 12.8954
477 12.729
478 12.8935
479 12.8908
480 12.7346
481 12.891
482 12.4781
483 12.6961
484 12.681
485 12.6739
486 13.0093
487 12.803
488 12.577
489 12.8427
490 12.829
491 12.3924
492 12.4649
493 12.6259
494 12.8543
495 12.569
496 12.7355
497 12.6322
498 12.8811
499 12.4132
