0 30.9871
1 27.7507
2 27.0148
3 25.2357
4 24.2736
5 22.7034
6 23.0813
7 21.9924
8 20.8284
9 20.2634
10 19.2546
11 20.0111
12 19.6019
13 19.6903
14 19.8151
15 19.1274
16 18.9625
17 18.4237
18 17.1881
19 17.0476
20 17.0476
21 16.9453
22 17.2359
23 17.2359
24 17.0718
25 16.2585
26 16.9323
27 16.9761
28 16.8331
29 16.8317
30 16.6454
31 16.3015
32 16.3617
33 16.478
34 16.5364
35 16.4168
36 15.6027
37 16.0039
38 15.7686
39 15.2667
40 15.7686
41 15.7686
42 15.6355
43 15.7633
44 15.6607
45 15.5071
46 14.991
47 15.1764
48 15.0766
49 15.4525
50 15.5071
51 13.8608
52 13.8608
53 14.703
54 15.1689
55 15.1523
56 13.5848
57 15.1523
58 15.1523
59 15.1523
60 14.7352
61 14.8182
62 14.7967
63 14.2972
64 14.4177
65 14.4177
66 14.2888
67 14.2888
68 14.2888
69 14.2888
70 14.2888
71 14.2888
72 14.2888
73 14.2888
74 14.2888
75 14.0255
76 14.0255
77 13.7621
78 14.0255
79 13.7007
80 13.412
81 13.5182
82 13.409
83 14.131
84 14.131
85 14.0513
86 14.0513
87 14.0513
88 14.0513
89 13.6602
90 13.6602
91 13.9967
92 13.9759
93 13.9662
94 13.9759
95 13.9759
96 13.4798
97 13.5084
98 13.8995
99 13.8572
100 13.5084
101 14.0255
102 13.5619
103 14.0255
104 13.3695
105 14.0255
106 14.0255
107 14.0255
108 14.0255
109 14.0255
110 14.0255
111 14.0255
112 14.0159
113 13.9469
114 13.9469
115 13.6345
116 13.6345
117 12.9784
118 12.8678
119 12.8678
120 12.8678
121 12.8678
122 12.8678
123 12.8678
124 12.8678
125 12.8678
126 12.8678
127 12.8678
128 12.8678
129 12.8678
130 12.8678
131 12.8678
132 12.7196
133 12.7951
134 12.4768
135 12.8678
136 12.8581
137 12.4768
138 12.4768
139 12.8582
140 12.8678
141 12.8678
142 12.8678
143 12.8678
144 12.8678
145 12.8678
146 12.8678
147 12.2117
148 12.8678
149 12.8678
150 12.8678
151 12.8678
152 12.8678
153 12.8678
154 11.9195
155 12.8581
156 12.8678
157 12.432
158 12.8678
159 12.3914
160 12.6329
161 12.6144
162 12.6144
163 12.8581
164 12.8581
165 12.6232
166 12.8581
167 12.525
168 12.8581
169 12.8581
170 12.8581
171 12.4672
172 12.8581
173 12.1913
174 12.8581
175 12.8581
176 12.8581
177 12.202
178 12.4672
179 12.4672
180 11.8757
181 12.4649
182 12.4672
183 12.4672
184 12.4672
185 12.4672
186 12.4672
187 12.4672
188 12.4672
189 12.4672
190 12.4672
191 12.4577
192 12.4672
193 12.4672
194 12.4672
195 12.4672
196 12.4672
197 12.4672
198 12.4672
199 12.4672
200 12.4672
201 12.4672
202 12.4672
203 12.4672
204 12.4672
205 12.4672
206 12.4672
207 12.4672
208 12.4672
209 12.4672
210 12.4095
211 12.4672
212 12.4672
213 11.8757
214 11.8757
215 12.4672
216 12.4672
217 12.4672
218 12.5424
219 12.4672
220 12.4672
221 12.4672
222 12.4672
223 12.4672
224 12.4672
225 12.3855
226 12.4672
227 12.4672
228 12.4672
229 12.4672
230 12.4649
231 12.2868
232 12.4672
233 12.4672
234 12.4672
235 11.8757
236 11.8757
237 11.8757
238 11.8757
239 11.8757
240 11.3754
241 11.8757
242 11.8757
243 11.8757
244 11.8757
245 11.8757
246 11.8757
247 11.8757
248 11.8757
249 11.8757
250 11.8757
251 11.8757
252 11.8757
253 11.8757
254 11.8757
255 11.8757
256 11.648
257 11.8757
258 11.8757
259 11.8757
260 11.8757
261 11.8757
262 11.8757
263 11.8757
264 11.8757
265 11.7717
266 11.8757
267 11.8757
268 11.8757
269 11.8757
270 11.8757
271 11.8757
272 11.6358
273 11.8757
274 11.8757
275 11.8757
276 11.8757
277 11.8757
278 11.8757
279 11.8757
280 11.8757
281 11.8757
282 11.8757
283 11.8757
284 10.9089
285 11.8757
286 11.8757
287 11.8757
288 11.8757
289 11.8757
290 11.8757
291 11.8757
292 11.8757
293 11.8757
294 11.8757
295 11.8757
296 11.8757
297 12.0056
298 11.8757
299 11.8757
300 11.8757
301 11.8757
302 11.8757
303 11.8757
304 11.8757
305 11.8757
306 11.8757
307 11.8757
308 11.8757
309 11.8757
310 11.8734
311 11.8757
312 11.8757
313 11.8734
314 11.8183
315 10.9274
316 11.8183
317 11.8183
318 11.8183
319 11.8183
320 11.8183
321 11.8183
322 11.8183
323 11.8183
324 11.8183
325 11.8183
326 11.8183
327 11.8183
328 11.8183
329 11.8183
330 11.8183
331 11.8183
332 11.8183
333 11.8183
334 11.8183
335 11.8183
336 11.8183
337 11.8183
338 11.8183
339 11.8183
340 11.8183
341 11.8183
342 11.8183
343 11.8183
344 11.8183
345 11.8183
346 11.8183
347 11.8183
348 11.8183
349 11.8183
350 11.8183
351 11.8183
352 11.8183
353 11.8183
354 11.8183
355 11.8183
356 11.8183
357 11.8183
358 11.8183
359 11.8183
360 11.8183
361 11.605
362 11.8183
363 11.8183
364 11.8183
365 11.8183
366 11.8183
367 11.8183
368 11.8183
369 11.8183
370 11.8183
371 11.8183
372 11.8183
373 11.8183
374 11.8088
375 11.8088
376 11.8183
377 11.8183
378 11.8183
379 11.8183
380 11.8183
381 11.8183
382 11.8183
383 11.8183
384 11.8183
385 11.8183
386 11.8183
387 11.8183
388 11.8183
389 11.8183
390 11.8183
391 11.8183
392 11.8183
393 11.8183
394 11.8183
395 11.638
396 11.8183
397 11.8183
398 11.8183
399 11.8183
400 11.8183
401 11.8183
402 11.8183
403 11.8183
404 11.8183
405 11.8183
406 11.1824
407 11.8183
408 11.8183
409 11.8183
410 11.8183
411 11.8183
412 11.8183
413 11.8183
414 11.8183
415 11.8183
416 11.8183
417 11.8183
418 11.8183
419 11.8183
420 11.8183
421 11.8183
422 11.8183
423 11.8183
424 11.8183
425 11.8183
426 11.8183
427 11.8183
428 11.8183
429 11.8183
430 11.8183
431 11.8183
432 11.8183
433 11.8183
434 11.8183
435 11.3826
436 11.3826
437 11.8183
438 11.8183
439 11.8183
440 11.8183
441 11.8183
442 11.8183
443 11.8183
444 11.8183
445 11.8183
446 11.8183
447 11.8183
448 11.8183
449 11.8183
450 11.8183
451 11.8183
452 11.8183
453 11.4672
454 11.8183
455 11.8183
456 11.8183
457 11.8183
458 11.8183
459 11.8183
460 11.8183
461 11.8183
462 11.8183
463 11.8183
464 11.8183
465 11.8183
466 11.8183
467 11.8183
468 11.8183
469 11.8183
470 11.8183
471 11.8183
472 11.8183
473 11.8183
474 11.8183
475 11.8183
476 11.8183
477 11.8183
478 11.8183
479 11.8183
480 11.8183
481 11.8183
482 11.8183
483 11.8183
484 11.8183
485 11.8183
486 11.8183
487 11.8183
488 11.8183
489 11.8183
490 11.8183
491 11.8183
492 11.7457
493 11.8183
494 11.8183
495 11.8183
496 11.8183
497 11.8183
498 11.8183
499 11.8183
