0.420412   -0.493034   -0.460506
-0.411082   -0.307302   -0.460664
0.410065   -0.32502   -0.292914
-0.409615   -0.483394   -0.30303
-0.244548   -0.489978   -0.451629
-0.0839275   -0.311209   -0.454208
-0.254128   -0.319135   -0.29811
-0.0959125   -0.492606   -0.281763
0.0708343   -0.473817   -0.459412
0.250106   -0.352736   -0.460813
0.0858502   -0.346525   -0.282084
0.23926   0.489769   -0.272024
0.418534   -0.147683   -0.476362
-0.417576   0.0092893   -0.440655
0.402512   -0.00146326   -0.289387
-0.420428   -0.169181   -0.307093
-0.251323   -0.149277   -0.446712
-0.0994737   -0.00616038   -0.478433
-0.261453   0.000951044   -0.27453
-0.0965735   -0.144015   -0.280202
0.0808845   -0.15571   -0.465078
0.237701   0.0273153   -0.462888
0.0745202   0.00590434   -0.300926
0.245139   -0.162307   -0.316902
0.391948   0.194918   -0.450872
-0.420466   0.334246   -0.432917
0.393083   0.346251   -0.286173
-0.451466   0.162882   -0.283778
-0.255729   0.167547   -0.46891
-0.108583   0.347799   -0.433726
-0.260859   0.33996   -0.28453
-0.0771025   0.176527   -0.287584
0.0588273   0.185502   -0.468435
0.241555   0.372744   -0.466794
0.0725047   0.339177   -0.292695
0.244714   0.180732   -0.284939
0.408049   -0.491387   -0.127145
-0.431387   -0.336007   -0.124938
0.411746   -0.334583   0.057553
-0.404272   -0.496419   0.0508312
-0.262788   -0.480765   -0.131195
-0.0977528   -0.328028   -0.127349
-0.248743   -0.338844   0.04509
-0.0939899   -0.497324   0.0415326
0.0721715   0.496971   -0.131306
0.247273   -0.320201   -0.141777
0.0736849   -0.311926   0.0234603
0.227004   -0.491531   0.0467088
0.413024   -0.162928   -0.124642
-0.420225   -0.00297809   -0.129007
0.407117   0.0183714   0.0560252
-0.438416   -0.153554   0.0440059
-0.265704   -0.166531   -0.101391
-0.0884078   0.0148602   -0.118829
-0.241905   -0.00237671   0.0434727
-0.0974326   -0.164259   0.0375058
0.0724759   -0.136372   -0.11939
0.260343   0.0136958   -0.123176
0.0903947   -0.000708829   0.0474125
0.246952   -0.151575   0.0210923
0.404078   0.18183   -0.105378
-0.436582   0.346182   -0.130152
0.406879   0.351241   0.0416054
-0.399182   0.162955   0.0442415
-0.262747   0.170592   -0.151331
-0.0974783   0.34622   -0.135008
-0.260648   0.338444   0.0294716
-0.0752663   0.189708   0.0443083
0.074317   0.158055   -0.119261
0.225541   0.322215   -0.125622
0.0741039   0.346906   0.033016
0.226767   0.173026   0.0742591
0.395044   -0.47888   0.21529
-0.413595   -0.313203   0.197526
0.398611   -0.303778   0.365016
-0.423755   -0.478606   0.38347
-0.244111   -0.496505   0.216253
-0.100465   -0.3219   0.210773
-0.267809   -0.315969   0.392124
-0.0863986   -0.496967   0.381311
0.0677481   -0.472257   0.195256
0.241076   -0.324302   0.205329
0.0766898   -0.327346   0.376037
0.224881   -0.489641   0.369208
0.406246   -0.170573   0.201271
-0.422044   0.016918   0.209513
0.417665   0.0297754   0.3736
-0.429341   -0.141255   0.363652
-0.264126   -0.163261   0.201102
-0.0876019   0.0104732   0.190882
-0.259996   0.0152306   0.356866
-0.083464   -0.174159   0.358942
0.0876054   -0.158604   0.203472
0.253761   0.00231152   0.221188
0.082908   0.0127585   0.360451
0.246942   -0.147617   0.383848
0.403635   0.178836   0.219964
-0.413993   0.34892   0.221878
0.409523   0.341657   0.34675
-0.425149   0.17361   0.394386
-0.263369   0.186234   0.218009
-0.0902898   0.344615   0.20922
-0.257994   0.34751   0.376959
-0.0847717   0.188402   0.368119
0.0657619   0.192655   0.207876
0.239446   0.354188   0.218149
0.0722197   0.354939   0.384021
0.22467   0.210321   0.379951
