-0.586256 -0.586256 0
-0.263382 -0.424819 0.161437 
-0.467379 -0.439006 0.0942794 
-0.386748 -0.425941 0.0679336 
-0.565484 -0.45385 0.0595641 
-0.515674 -0.464154 0.0497134 
-0.552351 -0.476753 0.043864 
-0.518208 -0.481935 0.0383391 
-0.448453 -0.478215 0.034016 
-0.358485 -0.466242 0.0326959 
-0.385908 -0.458939 0.0304629 
-0.341817 -0.449179 0.0294718 
-0.36344 -0.442584 0.0279008 
-0.51436 -0.44771 0.026335 
-0.479705 -0.449843 0.0246092 
-0.317977 -0.441602 0.0244507 
-0.419434 -0.440298 0.0230044 
-0.467402 -0.441804 0.0217409 
-0.472092 -0.443398 0.0206266 
-0.287177 -0.435587 0.0210695 
-0.394682 -0.433639 0.0201355 
-0.629018 -0.44252 0.021153 
-0.308294 -0.436684 0.021038 
-0.391174 -0.434787 0.0202314 
-0.283706 -0.428744 0.0203246 
-0.54572 -0.433243 0.0200388 
-0.469579 -0.434589 0.0193292 
-0.433544 -0.434552 0.0186262 
-0.439585 -0.434725 0.0179732 
-0.382906 -0.432998 0.0174495 
-0.573525 -0.437531 0.0174754 
-0.424511 -0.437124 0.0169254 
-0.352563 -0.434562 0.0166034 
-0.480194 -0.435904 0.0161635 
-0.355993 -0.433621 0.0158601 
-0.436825 -0.43371 0.0154135 
-0.369519 -0.431975 0.0150912 
-0.473072 -0.433056 0.0147284 
-0.460758 -0.433767 0.0143634 
-0.368898 -0.432145 0.0140933 
-0.44357 -0.432424 0.0137481 
-0.483872 -0.433649 0.0134726 
-0.396554 -0.432786 0.0131838 
-0.563215 -0.43575 0.0132174 
-0.330017 -0.433401 0.0131322 
-0.553302 -0.436007 0.0131054 
-0.430395 -0.435888 0.0128241 
-0.408217 -0.435311 0.0125673 
-0.328089 -0.433123 0.0125012 
-0.516502 -0.434791 0.0123616 
-0.56354 -0.437315 0.012377 
-0.426053 -0.437099 0.0121385 
-0.485387 -0.43801 0.0119421 
-0.468566 -0.438576 0.0117325 
-0.446636 -0.438722 0.0115182 
-0.505136 -0.439908 0.0113726 
-0.491186 -0.440808 0.0112075 
-0.560675 -0.442874 0.0112048 
-0.366592 -0.441581 0.0110889 
-0.41019 -0.441058 0.010915 
-0.544223 -0.442749 0.010867 
-0.362558 -0.441456 0.0107683 
-0.517302 -0.44266 0.0106642 
-0.552356 -0.444374 0.0106352 
-0.295625 -0.442085 0.0107175 
-0.429818 -0.4419 0.0105555 
-0.486772 -0.442569 0.0104183 
-0.472056 -0.443003 0.0102731 
-0.500516 -0.443837 0.0101574 
-0.439623 -0.443776 0.0100114 
-0.320923 -0.442046 0.0100199 
-0.584365 -0.444023 0.0100756 
-0.404217 -0.443477 0.00995156 
-0.487398 -0.444071 0.00983408 
-0.421434 -0.443769 0.00970677 
-0.522616 -0.444807 0.00963422 
-0.566619 -0.446388 0.00963898 
-0.363902 -0.445331 0.00957319 
-0.458695 -0.4455 0.00945275 
-0.444075 -0.445482 0.00933386 
-0.357155 -0.444392 0.00928218 
-0.389685 -0.443725 0.00919253 
-0.450769 -0.44381 0.00908149 
-0.488168 -0.444338 0.00898826 
-0.38172 -0.443601 0.00891238 
-0.398188 -0.443073 0.00882395 
-0.424998 -0.442865 0.00872441 
-0.434249 -0.442767 0.00862526 
-0.472898 -0.443106 0.00853451 
-0.437731 -0.443046 0.00843936 
-0.360841 -0.442143 0.00839485 
-0.522795 -0.443019 0.00834925 
-0.525849 -0.44391 0.00830687 
-0.389415 -0.44333 0.00823845 
-0.450676 -0.443408 0.00815163 
-0.25365 -0.441431 0.00830493 
-0.610092 -0.44317 0.00840078 
-0.47058 -0.443449 0.00831932 
-0.593927 -0.444969 0.00837396 
-0.408033 -0.4446 0.00829802 
