0.0462225   -0.336389   -0.245945
-0.245213   -0.405009   0.307185
0.0513582   -0.250975   0.355383
-0.0788929   0.42001   0.198195
-0.00828979   0.282206   -0.192854
-0.302487   -0.238429   -0.296857
-0.021793   0.354962   -0.392596
-0.138677   -0.146762   -0.143332
-0.113896   0.449204   -0.111961
-0.445446   -0.164784   0.385799
0.248606   0.0972259   -0.466319
-0.468258   0.0797706   0.436789
0.23364   0.173691   -0.257729
0.0405178   0.245989   0.189855
0.185885   0.212434   0.296277
-0.206351   0.342784   -0.265459
0.369433   -0.0830006   0.47788
-0.101963   0.0528913   -0.0654342
0.103971   0.115695   0.0117412
-0.458626   0.450322   0.258183
0.308453   -0.146613   -0.121493
0.0680321   -0.230006   -0.450959
0.28426   0.363086   0.403421
-0.154994   0.239358   0.196814
0.490491   -0.376757   0.392253
0.455496   -0.053168   0.249045
-0.0405516   -0.280057   -0.0141691
0.0484274   0.104776   -0.31523
0.195925   0.353462   -0.155916
0.23781   -0.230035   -0.320111
-0.22576   0.48787   0.0376532
-0.375967   0.45869   -0.158964
0.0577922   0.475026   -0.254855
0.126548   0.0370283   0.225331
0.475929   -0.0337364   -0.0150045
0.376682   0.298022   0.247029
0.030657   0.370215   0.374902
-0.282877   0.161831   0.337959
0.0683001   -0.169352   0.124738
0.391786   0.0458975   -0.304682
-0.440349   0.277983   0.413029
-0.372255   -0.102344   0.151203
-0.442732   -0.473009   0.0647479
-0.0230175   -0.437167   0.345961
-0.395566   0.476703   0.460385
-0.330254   -0.113228   -0.0514628
-0.49751   -0.223124   0.0547592
0.161331   -0.266432   -0.0543482
0.148283   0.416356   0.208613
-0.45535   0.361702   -0.391414
0.271454   -0.2825   0.101338
-0.489969   -0.379103   -0.196438
0.336597   0.133093   0.144161
-0.324042   0.0943005   -0.153766
0.305845   0.128972   -0.0498294
-0.148646   0.196436   -0.497299
-0.112469   -0.225942   -0.341729
0.0573893   0.358727   -0.0160286
0.0924789   -0.396514   0.182937
0.189183   -0.44614   0.357831
0.131027   -0.478988   -0.447673
-0.333314   -0.469748   -0.335974
0.32875   0.0901417   0.364444
-0.0716139   -0.300715   0.212758
0.412576   0.206616   -0.431132
-0.422106   -0.290024   0.233293
0.376265   0.45146   -0.198533
-0.477533   -0.117639   -0.207843
-0.273557   -0.318043   -0.496518
-0.0588467   -0.378738   -0.467982
-0.410283   0.295333   0.170131
0.155903   -0.475462   -0.0472981
-0.27514   0.397749   0.314545
-0.134475   -0.118547   0.0802632
-0.459699   -0.310264   -0.397081
-0.44533   0.115062   0.213258
-0.220774   -0.192638   0.286464
-0.280872   -0.31702   -0.118955
0.199949   -0.122497   0.312827
-0.0621352   0.120461   0.336124
-0.0856837   -0.0110587   -0.411397
-0.320962   0.182378   -0.421826
0.182214   -0.0264456   -0.304688
0.226901   0.283471   0.0328339
0.258842   0.351191   -0.375383
0.0734325   0.00250527   0.473673
-0.272669   -0.0148378   0.435328
0.0509033   -0.0807543   -0.112431
0.478752   0.224293   -0.196334
-0.163674   -0.408697   -0.243843
-0.129995   -0.175293   0.457958
0.0636103   0.199779   0.498354
-0.138544   0.115454   -0.251839
-0.409702   -0.0950194   -0.410122
0.272534   -0.0471934   0.0705078
0.263593   -0.321514   0.499395
0.483592   0.184028   0.00320452
0.394337   -0.454836   -0.386941
0.408862   0.367575   0.0148859
-0.211925   0.250586   -0.0779621
0.39202   -0.414595   -0.0128573
0.384524   -0.251277   0.302966
-0.339728   0.0806097   0.0509992
-0.28181   -0.273954   0.0784285
0.360704   -0.443322   0.232758
-0.227843   0.000841097   0.227069
-0.0108156   -0.0819035   0.301159
-0.136788   0.445581   0.461816
