-0.219164   1.46063   0.742563
1.32517   -0.41496   0.654678
1.05341   -1.96862   -0.529028
0.117347   -1.17071   -0.153571
-2.17629   0.122598   -1.31359
-0.921037   0.685612   -0.364698
-0.00627596   0.905273   -1.25078
0.207739   -1.84137   2.18576
2.20408   0.416456   0.0376968
-0.839523   0.470437   0.827305
0.735634   1.84777   -0.0424822
-0.958385   -0.725952   1.2869
-0.726977   -0.948672   0.603371
-0.0321062   -0.303135   -0.258977
1.08786   2.32794   -0.627723
0.459452   -0.927   0.0746502
0.44463   -1.80917   -2.16338
-0.537257   -0.179428   1.03542
-1.18966   -0.329197   2.24917
1.58817   0.304289   -0.633036
-0.433063   -0.480455   0.794744
-1.32146   0.701304   1.52859
0.212746   -0.696021   0.049237
-0.533239   1.9725   1.6654
0.44511   -0.055716   0.171564
1.63462   0.719007   0.775501
1.28701   0.0133281   -0.414339
1.0539   1.05053   -0.792813
0.649679   1.94675   -0.511233
0.876768   -0.426893   1.08974
1.77293   1.14966   0.970868
-0.263066   0.866223   -1.60754
-1.98612   -1.61593   0.606864
0.282953   0.949119   -3.03208
-0.385497   0.68659   0.423945
0.00867028   -0.968979   1.15028
1.23709   -0.124799   0.454259
0.105346   0.732816   2.30614
2.22832   -0.34113   0.202442
0.948913   0.00977906   0.977939
0.328801   0.485003   -0.0189153
1.09833   0.368804   -0.819197
0.938933   0.76745   1.43228
-0.0318553   -1.05236   -0.272467
0.0863298   -0.0662984   0.730995
-2.48183   -0.713647   0.650602
0.996953   -0.599057   -0.652032
0.115263   1.05279   -0.511445
-1.42618   -0.238178   -1.28318
1.22483   -1.62141   -0.46861
-0.209696   1.52117   0.541591
-1.27005   0.676445   -0.821064
-1.25361   0.562216   1.03307
0.841171   1.2302   1.72418
-0.502919   0.277472   0.90217
-1.02315   0.37337   0.295806
-1.51257   -1.53949   -0.556152
0.863016   -0.635726   1.66455
0.611012   0.63481   -0.345921
-0.364469   -0.618529   1.63566
0.748908   -1.4197   -1.9395
0.792567   2.57248   -0.352634
-0.266639   0.410047   0.107479
0.733825   -0.600692   -0.397043
0.325537   0.828099   -0.646979
-0.992306   -0.123507   -0.44489
0.655425   0.248249   -0.838129
-2.26824   1.48886   -0.00350331
0.509589   -0.178991   -1.36729
-0.762254   -1.72671   0.0588938
-1.60575   1.12523   -2.29769
-2.0307   0.194983   -0.633928
-0.620153   0.172841   1.26505
-0.542667   -0.262321   0.332456
-1.82453   0.823858   0.943621
-1.46232   -3.42275   -0.861553
0.701451   -1.13892   -0.109922
1.27357   -0.339763   1.77771
0.62496   -0.380519   -1.49359
2.66382   0.351667   0.200576
-0.0918146   0.319015   -1.61067
0.0453248   0.378934   -1.07861
-1.51082   -0.645118   2.41
-0.182187   0.844722   -0.355568
0.0538328   -0.945136   -1.95345
-0.214403   1.48883   -0.741709
0.983582   -0.657783   -0.930336
-0.400215   -0.95678   0.28171
-0.431197   -0.0418134   0.271687
-0.129454   0.356303   0.174286
-1.04862   -2.49861   1.07823
-0.852454   1.1523   -0.778066
0.296925   0.8707   0.74941
-1.4208   1.41391   -1.05887
1.06854   -1.79193   -1.09413
0.680457   -2.24524   0.144153
1.30817   1.91848   -0.876177
-0.0506962   -0.117235   -1.94241
-1.6248   0.600959   1.14394
0.383661   0.859565   0.151797
-0.0418972   -0.00520464   0.160616
1.21652   0.194068   -0.44856
0.471221   -1.16768   -1.10741
0.913735   -0.00978837   0.344873
-1.15912   -2.29009   0.930437
0.0171666   1.36155   -0.769062
-0.144511   -0.0663763   -0.94364
-1.25697   -1.81847   0.516712
