0 7.85727
1 6.48746
2 6.07558
3 6.07558
4 6.07558
5 6.07558
6 6.07558
7 6.07558
8 6.07558
9 6.07558
10 6.07558
11 6.07558
12 6.07558
13 6.07558
14 6.07558
15 6.07558
16 6.07558
17 6.07558
18 6.07558
19 6.07558
20 6.07558
21 6.07558
22 6.07558
23 6.07558
24 6.07558
25 6.07558
26 6.07558
27 6.07558
28 6.07558
29 6.07558
30 6.07558
31 6.07558
32 6.07558
33 6.07558
34 6.07558
35 6.07558
36 6.07558
37 6.07558
38 6.07558
39 6.07558
40 6.07558
41 6.07558
42 6.07558
43 6.07558
44 6.07558
45 6.07558
46 6.07558
47 6.07558
48 6.07558
49 6.07558
50 6.07558
51 6.07558
52 6.07558
53 6.07558
54 6.07558
55 6.07558
56 6.07558
57 6.07558
58 6.07558
59 6.07558
60 6.07558
61 6.07558
62 6.07558
63 6.07558
64 6.07558
65 6.07558
66 6.07558
67 6.07558
68 6.07558
69 6.07558
70 6.07558
71 6.07558
72 6.07558
73 6.07558
74 6.07558
75 6.07558
76 6.07558
77 6.07558
78 6.07558
79 6.07558
80 6.07558
81 6.07558
82 6.07558
83 6.07558
84 6.07558
85 6.07558
86 6.07558
87 6.07558
88 6.07558
89 6.07558
90 6.07558
91 6.07558
92 6.07558
93 6.07558
94 6.07558
95 6.07558
96 6.07558
97 6.07558
98 6.07558
99 6.07558
100 6.07558
101 6.07558
102 6.07558
103 6.07558
104 6.07558
105 6.07558
106 6.07558
107 6.07558
108 6.07558
109 6.07558
110 6.07558
111 6.07558
112 6.07558
113 6.07558
114 6.07558
115 6.07558
116 6.07558
117 6.07558
118 6.07558
119 6.07558
120 6.07558
121 6.07558
122 6.07558
123 6.07558
124 6.07558
125 6.07558
126 6.07558
127 6.07558
128 6.07558
129 6.07558
130 6.07558
131 6.07558
132 6.07558
133 6.07558
134 6.07558
135 6.07558
136 6.07558
137 6.07558
138 6.07558
139 6.07558
140 6.07558
141 6.07558
142 6.07558
143 6.07558
144 6.07558
145 6.07558
146 6.07558
147 6.07558
148 6.07558
149 6.07558
150 6.07558
151 6.07558
152 6.07558
153 6.07558
154 6.07558
155 6.07558
156 6.07558
157 6.07558
158 6.07558
159 6.07558
160 6.07558
161 6.07558
162 6.07558
163 6.07558
164 6.07558
165 6.07558
166 6.07558
167 6.07558
168 6.07558
169 6.07558
170 6.07558
171 6.07558
172 6.07558
173 6.07558
174 6.07558
175 6.07558
176 6.07558
177 6.07558
178 6.07558
179 6.07558
180 6.07558
181 6.07558
182 6.07558
183 6.07558
184 6.07558
185 6.07558
186 6.07558
187 6.07558
188 6.07558
189 6.07558
190 6.07558
191 6.07558
192 6.07558
193 6.07558
194 6.07558
195 6.07558
196 6.07558
197 6.07558
198 6.07558
199 6.07558
200 6.07558
201 6.07558
202 6.07558
203 6.07558
204 6.07558
205 6.07558
206 6.07558
207 6.07558
208 6.07558
209 6.07558
210 6.07558
211 6.07558
212 6.07558
213 6.07558
214 6.07558
215 6.07558
216 6.07558
217 6.07558
218 6.07558
219 6.07558
220 6.07558
221 6.07558
222 6.07558
223 6.07558
224 6.07558
225 6.07558
226 6.07558
227 6.07558
228 6.07558
229 6.07558
230 6.07558
231 6.07558
232 6.07558
233 6.07558
234 6.07558
235 6.07558
236 6.07558
237 6.07558
238 6.07558
239 6.07558
240 6.07558
241 6.07558
242 6.07558
243 6.07558
244 6.07558
245 6.07558
246 6.07558
247 6.07558
248 6.07558
249 6.07558
250 6.07558
251 6.07558
252 6.07558
253 6.07558
254 6.07558
255 6.07558
256 6.07558
257 6.07558
258 6.07558
259 6.07558
260 6.07558
261 6.07558
262 6.07558
263 6.07558
264 6.07558
265 6.07558
266 6.07558
267 6.07558
268 6.07558
269 6.07558
270 6.07558
271 6.07558
272 6.07558
273 6.07558
274 6.07558
275 6.07558
276 6.07558
277 6.07558
278 6.07558
279 6.07558
280 6.07558
281 6.07558
282 6.07558
283 6.07558
284 6.07558
285 6.07558
286 6.07558
287 6.07558
288 6.07558
289 6.07558
290 6.07558
291 6.07558
292 6.07558
293 6.07558
294 6.07558
295 6.07558
296 6.07558
297 6.07558
298 6.07558
299 6.07558
300 6.07558
301 6.07558
302 6.07558
303 6.07558
304 6.07558
305 6.07558
306 6.07558
307 6.07558
308 6.07558
309 6.07558
310 6.07558
311 6.07558
312 6.07558
313 6.07558
314 6.07558
315 6.07558
316 6.07558
317 6.07558
318 6.07558
319 6.07558
320 6.07558
321 6.07558
322 6.07558
323 6.07558
324 6.07558
325 6.07558
326 6.07558
327 6.07558
328 6.07558
329 6.07558
330 6.07558
331 6.07558
332 6.07558
333 6.07558
334 6.07558
335 6.07558
336 6.07558
337 6.07558
338 6.07558
339 6.07558
340 6.07558
341 6.07558
342 6.07558
343 6.07558
344 6.07558
345 6.07558
346 6.07558
347 6.07558
348 6.07558
349 6.07558
350 6.07558
351 6.07558
352 6.07558
353 6.07558
354 6.07558
355 6.07558
356 6.07558
357 6.07558
358 6.07558
359 6.07558
360 6.07558
361 6.07558
362 6.07558
363 6.07558
364 6.07558
365 6.07558
366 6.07558
367 6.07558
368 6.07558
369 6.07558
370 6.07558
371 6.07558
372 6.07558
373 6.07558
374 6.07558
375 6.07558
376 6.07558
377 6.07558
378 6.07558
379 6.07558
380 6.07558
381 6.07558
382 6.07558
383 6.07558
384 6.07558
385 6.07558
386 6.07558
387 6.07558
388 6.07558
389 6.07558
390 6.07558
391 6.07558
392 6.07558
393 6.07558
394 6.07558
395 6.07558
396 6.07558
397 6.07558
398 6.07558
399 6.07558
400 6.07558
401 6.07558
402 6.07558
403 6.07558
404 6.07558
405 6.07558
406 6.07558
407 6.07558
408 6.07558
409 6.07558
410 6.07558
411 6.07558
412 6.07558
413 6.07558
414 6.07558
415 6.07558
416 6.07558
417 6.07558
418 6.07558
419 6.07558
420 6.07558
421 6.07558
422 6.07558
423 6.07558
424 6.07558
425 6.07558
426 6.07558
427 6.07558
428 6.07558
429 6.07558
430 6.07558
431 6.07558
432 6.07558
433 6.07558
434 6.07558
435 6.07558
436 6.07558
437 6.07558
438 6.07558
439 6.07558
440 6.07558
441 6.07558
442 6.07558
443 6.07558
444 6.07558
445 6.07558
446 6.07558
447 6.07558
448 6.07558
449 6.07558
450 6.07558
451 6.07558
452 6.07558
453 6.07558
454 6.07558
455 6.07558
456 6.07558
457 6.07558
458 6.07558
459 6.07558
460 6.07558
461 6.07558
462 6.07558
463 6.07558
464 6.07558
465 6.07558
466 6.07558
467 6.07558
468 6.07558
469 6.07558
470 6.07558
471 6.07558
472 6.07558
473 6.07558
474 6.07558
475 6.07558
476 6.07558
477 6.07558
478 6.07558
479 6.07558
480 6.07558
481 6.07558
482 6.07558
483 6.07558
484 6.07558
485 6.07558
486 6.07558
487 6.07558
488 6.07558
489 6.07558
490 6.07558
491 6.07558
492 6.07558
493 6.07558
494 6.07558
495 6.07558
496 6.07558
497 6.07558
498 6.07558
499 6.07558