0 12.2105
1 9.90971
2 8.21686
3 7.18568
4 6.95962
5 7.01549
6 6.95327
7 6.93855
8 6.8986
9 6.83912
10 6.87833
11 6.83028
12 6.90244
13 6.87327
14 6.93244
15 6.79626
16 6.85596
17 6.82911
18 6.88417
19 6.91871
20 6.86399
21 6.87023
22 6.84358
23 6.90202
24 6.85934
25 6.93314
26 6.97506
27 6.87355
28 6.82171
29 6.80013
30 6.80333
31 6.90931
32 6.92703
33 6.87057
34 6.93069
35 6.86166
36 6.8636
37 6.83993
38 6.93617
39 6.79174
40 6.91974
41 6.79703
42 6.87338
43 6.877
44 6.97919
45 6.9339
46 6.84338
47 6.87836
48 6.8102
49 6.81407
50 6.81202
51 6.80955
52 6.77111
53 6.82122
54 6.93837
55 6.96005
56 6.83415
57 6.84194
58 6.87042
59 6.94907
60 6.8335
61 6.87733
62 6.92171
63 6.81606
64 6.86551
65 6.89173
66 6.82981
67 6.83346
68 6.82014
69 6.80869
70 6.84646
71 6.90214
72 6.87746
73 6.82769
74 6.81667
75 6.89083
76 6.96897
77 6.85791
78 6.8228
79 6.81561
80 6.87878
81 6.83942
82 6.80536
83 6.83301
84 6.92227
85 6.84268
86 6.7587
87 6.87293
88 6.8709
89 6.86574
90 6.76264
91 6.81872
92 6.78811
93 6.81368
94 6.81641
95 6.90396
96 7.01192
97 6.85606
98 6.79895
99 6.89476
100 6.9509
101 6.92093
102 6.91221
103 6.85742
104 6.88654
105 6.88484
106 6.89047
107 6.94505
108 6.8145
109 6.77296
110 6.89037
111 6.95648
112 6.87908
113 6.87068
114 6.89313
115 6.76383
116 6.88528
117 6.90049
118 6.8171
119 6.87078
120 6.8408
121 6.83563
122 6.86317
123 6.8008
124 6.81813
125 6.8853
126 6.93283
127 6.94931
128 6.85831
129 6.87489
130 6.84252
131 6.83392
132 6.88266
133 6.84908
134 6.89252
135 6.86272
136 6.84079
137 6.83013
138 6.87778
139 6.90206
140 6.83796
141 6.8571
142 6.84665
143 7.00977
144 6.78557
145 6.82812
146 6.89149
147 6.88546
148 6.94517
149 6.7847
150 6.75737
151 6.8563
152 6.81204
153 6.85533
154 6.9607
155 6.92573
156 6.92227
157 6.91603
158 6.97776
159 6.92764
160 6.88228
161 6.89298
162 6.82308
163 6.89413
164 6.82812
165 6.8217
166 6.91431
167 6.89488
168 6.79052
169 6.89302
170 6.87289
171 6.90818
172 6.80552
173 6.89724
174 6.86779
175 6.94746
176 6.86568
177 6.82488
178 6.89094
179 6.85654
180 6.87668
181 6.82544
182 6.87042
183 6.93102
184 6.94413
185 6.90013
186 6.88518
187 6.91623
188 6.83201
189 6.79791
190 6.89068
191 6.92556
192 6.85587
193 6.84556
194 6.88012
195 6.86686
196 6.87733
197 6.8423
198 6.80653
199 6.99832
200 6.91557
201 6.86375
202 6.85646
203 6.74575
204 6.88535
205 6.85701
206 6.78359
207 6.84469
208 6.88325
209 6.86839
210 6.85527
211 6.75975
212 6.92956
213 6.74562
214 6.68268
215 6.89223
216 6.82512
217 6.84814
218 6.9387
219 6.86357
220 6.927
221 6.8112
222 6.94646
223 6.85803
224 6.80026
225 6.8269
226 6.86009
227 6.86758
228 6.88714
229 6.85986
230 6.95978
231 6.89338
232 6.86377
233 6.82421
234 6.8276
235 6.79532
236 6.83245
237 6.8665
238 6.81411
239 6.83322
240 6.92924
241 6.89591
242 7.01681
243 6.93318
244 6.95103
245 6.90176
246 6.90504
247 6.91678
248 6.90101
249 6.91347
250 6.8361
251 6.87368
252 6.83567
253 6.93037
254 6.91624
255 6.84512
256 6.78778
257 6.71007
258 6.88043
259 6.85746
260 6.87161
261 6.88798
262 6.76104
263 6.84358
264 6.85779
265 6.80889
266 6.84508
267 6.95352
268 6.93525
269 6.82646
270 6.75859
271 6.80265
272 6.92131
273 6.77868
274 6.92633
275 6.95544
276 6.93941
277 6.91969
278 6.88231
279 6.93143
280 6.79503
281 6.87385
282 6.97856
283 6.89451
284 6.90045
285 6.82818
286 6.99092
287 6.90428
288 6.8442
289 6.85196
290 6.8325
291 6.82759
292 6.75006
293 6.84087
294 6.90275
295 6.90417
296 6.9991
297 6.91958
298 6.86423
299 6.91359
300 6.86936
301 6.84391
302 6.94876
303 6.82703
304 6.88543
305 6.86409
306 6.89522
307 6.86587
308 6.85989
309 6.93069
310 6.88641
311 6.94816
312 6.83109
313 6.90381
314 6.82209
315 6.92886
316 6.80653
317 6.80978
318 6.8482
319 6.84856
320 6.90162
321 6.8613
322 6.86702
323 6.83281
324 6.91276
325 6.89604
326 6.89719
327 6.91854
328 6.99138
329 6.86519
330 6.90169
331 6.80589
332 6.85913
333 6.92786
334 6.91134
335 6.91694
336 6.82841
337 6.86982
338 6.83684
339 6.83944
340 6.93209
341 6.91625
342 6.76455
343 6.86377
344 6.91893
345 6.74974
346 6.87203
347 6.93613
348 6.86009
349 6.75102
350 6.86505
351 6.8655
352 6.73252
353 6.72558
354 6.7962
355 6.7587
356 6.72057
357 6.95233
358 6.81924
359 6.79278
360 6.89046
361 6.92672
362 6.94485
363 6.71941
364 6.75216
365 6.89491
366 6.89202
367 6.84803
368 6.77169
369 6.97239
370 6.81234
371 6.77801
372 6.81147
373 6.8238
374 6.92992
375 6.8147
376 6.90911
377 6.82414
378 6.87202
379 6.83111
380 6.78579
381 6.92615
382 6.82898
383 6.79385
384 6.85408
385 6.83531
386 6.838
387 6.91876
388 6.9436
389 6.81757
390 6.79801
391 6.74674
392 6.83694
393 6.85186
394 6.86938
395 6.8961
396 6.80557
397 6.86458
398 7.00485
399 6.99583
400 6.87381
401 6.92959
402 6.92212
403 6.98945
404 6.88373
405 6.92632
406 6.7918
407 6.91879
408 6.82618
409 6.84051
410 6.88995
411 6.83504
412 6.84423
413 6.90934
414 6.83317
415 6.81764
416 6.91438
417 6.81441
418 6.8612
419 6.88526
420 6.89428
421 6.94987
422 7.10891
423 6.91123
424 6.8784
425 6.85464
426 6.8579
427 6.92665
428 6.93699
429 7.00607
430 6.8364
431 6.87009
432 6.82314
433 6.79997
434 6.91897
435 6.9219
436 6.9578
437 6.90482
438 6.93611
439 6.93337
440 6.84422
441 6.93172
442 6.9129
443 6.82379
444 6.84936
445 6.96943
446 6.98189
447 6.8481
448 6.82784
449 6.86517
450 6.86439
451 6.87809
452 6.87799
453 6.85907
454 6.87771
455 6.83703
456 6.77287
457 6.78976
458 6.76877
459 6.8678
460 6.91478
461 6.89108
462 6.82978
463 6.84541
464 6.83029
465 6.88019
466 6.89199
467 6.93283
468 6.85532
469 6.88844
470 6.81335
471 6.87336
472 6.80331
473 6.8566
474 6.92212
475 6.94808
476 6.98811
477 6.85421
478 6.8583
479 6.87879
480 6.7994
481 6.88296
482 6.87896
483 6.77272
484 6.88932
485 6.82022
486 6.93067
487 6.88173
488 6.83967
489 6.92762
490 6.84292
491 6.92077
492 6.88899
493 6.94608
494 6.8822
495 6.96269
496 6.88427
497 6.85137
498 6.81363
499 6.86519