-0.349794   -0.210042   0.20296
0.142539   -0.435736   0.436491
0.196364   -0.270126   -0.344546
0.388613   -0.423541   -0.259044
-0.397475   0.32971   0.355564
0.472155   0.228864   -0.359137
-0.0640331   -0.429968   0.0136112
-0.126054   0.326447   -0.129411
0.171536   -0.219241   -0.437021
0.0120225   -0.0807673   0.274078
-0.195704   -0.455354   -0.267019
-0.0896043   0.13521   0.100936
0.330931   -0.493011   -0.25345
0.436396   0.184407   -0.185237
0.156913   0.2549   -0.436412
0.232038   -0.215254   -0.266075
-0.231849   -0.249578   0.397594
0.394404   0.380934   0.111481
-0.325696   -0.121273   -0.0163186
0.0134075   0.0957622   0.462656
0.447419   -0.0764747   0.0621788
-0.137522   -0.0297908   0.34052
0.280523   -0.22605   0.404957
-0.415312   0.445819   -0.245032
0.250662   -0.141256   0.337462
-0.0273725   0.370034   -0.269154
-0.152078   0.100372   0.0835439
-0.382731   0.164952   -0.23462
0.383457   0.416615   -0.205134
-0.143069   -0.237939   0.0461947
-0.222131   -0.26798   -0.461179
0.421186   0.329128   -0.20962
-0.185445   -0.161046   0.0597404
0.256059   -0.348785   -0.262536
-0.0273008   -0.202505   -0.0284841
-0.0682833   -0.174582   0.235832
-0.306747   0.123767   -0.463784
0.268866   -0.406311   -0.0156473
-0.41858   -0.192941   -0.348298
0.159547   0.211585   0.481668
-0.0284978   0.326497   0.0268016
-0.154296   0.388892   -0.186743
-0.141932   -0.0417355   -0.243601
-0.172277   -0.0324092   0.150803
0.0311654   -0.489973   -0.0538355
-0.127389   0.206766   0.113731
-0.19717   -0.205663   -0.0273205
0.465491   0.425682   0.138956
0.0725686   0.0130884   -0.0578446
-0.403193   0.329654   0.453496
-0.0892758   0.29378   0.0943807
-0.359528   0.119976   0.175362
0.19664   -0.38693   0.0114613
-0.0830091   -0.300269   0.0208249
-0.378686   -0.301797   0.282185
-0.201976   -0.372093   0.30062
-0.454563   0.25116   -0.150369
-0.330587   0.00580488   -0.486879
-0.385946   -0.443874   0.447825
0.324975   0.486227   0.230266
0.0554204   0.0692183   0.237319
0.113553   0.444232   -0.165243
-0.152899   -0.119154   -0.0839669
0.414813   -0.475222   -0.0771003
0.203453   0.0959968   0.00704635
-0.166745   0.297478   -0.194501
-0.113229   -0.0532432   -0.114495
-0.108004   -0.16051   -0.0338178
0.481726   0.330298   0.211008
-0.223852   -0.25865   0.313275
0.372326   0.0730586   -0.0863931
-0.00507826   -0.318658   -0.0208097
-0.219422   0.12899   0.15359
-0.21139   0.116196   0.463562
0.142022   -0.239823   0.485718
0.00340635   -0.159332   -0.374523
-0.20063   0.24932   -0.48875
0.0894297   -0.433432   0.303576
-0.134708   0.347799   -0.0340577
-0.324135   -0.493213   0.109172
0.301025   0.274917   0.114792
0.14777   0.477508   -0.0678234
0.0278855   0.49573   -0.289437
-0.142925   -0.0659983   -0.0150788
0.381561   0.285247   -0.469943
-0.179791   -0.474514   0.15957
0.199577   -0.0148075   -0.18316
-0.00791503   0.244897   0.129446
-0.275392   -0.234805   0.231979
-0.257646   -0.473459   -0.191639
0.426303   -0.386134   -0.0273136
0.0259387   0.258287   0.00686846
-0.262909   -0.408286   0.359567
0.179018   -0.200761   0.413741
0.412015   -0.408389   0.3765
-0.135783   0.376664   0.0487959
-0.317469   -0.353814   -0.131688
-0.371041   0.284019   -0.20385
0.119824   0.394152   -0.0414454
0.139374   -0.0296152   -0.381309
-0.0980476   -0.339043   0.49814
0.411125   0.378099   0.270152
0.214542   0.0313007   -0.295281
0.133968   0.333348   -0.415094
0.498479   -0.352503   0.434416
-0.221383   -0.30935   0.453638
0.268678   0.155313   -0.34982
-0.363539   0.31899   0.00419947

