-0.56107   -1.08524   1.02331
0.17475   -0.585038   -1.44564
-0.0724857   -2.25164   0.248226
0.509442   0.674525   0.194843
0.582433   0.222226   -1.99653
0.295936   -0.104149   1.8425
-1.21931   1.60002   0.146453
1.57261   -0.153216   -0.500318
-2.36699   1.56446   1.49494
0.470171   -1.07015   -0.406202
0.55583   0.305356   1.01744
0.148782   -0.439261   -0.672155
-2.29478   0.00684218   0.407572
-0.30989   -0.0425615   -2.48748
0.0586215   -0.0676599   0.390079
0.942361   0.0671809   0.323648
0.738548   -1.35095   0.0608265
3.14374   -1.83247   -2.14632
1.3251   0.661123   -0.662122
-0.719963   1.304   0.286232
-0.753006   1.20987   -0.287489
1.88109   -0.360012   -0.383278
2.14991   -1.04304   2.00106
1.39747   -1.8725   1.40858
0.205131   -2.2203   -1.25197
1.25827   -0.035921   -0.729226
-2.24595   0.705612   1.24234
-2.3219   -0.0165059   -0.00834398
-2.41211   -0.731749   -0.404179
0.0570444   0.32125   0.995035
-0.501358   1.53812   -0.75794
-1.52483   -0.439734   -0.60963
1.19596   0.423704   0.161401
-0.786163   0.280968   -1.99922
-1.39247   -3.05879   -1.13562
1.64037   -0.789176   -1.14935
1.70331   -2.12628   -1.59135
1.35645   0.97368   0.345896
-0.17046   -1.58231   0.994188
-0.0776354   -0.663859   -0.733062
0.244783   0.379504   -0.170838
-0.633842   -0.584175   0.374451
0.179559   -0.349092   -0.984325
0.976611   -0.25958   1.02784
-1.29682   0.0293488   -1.26577
0.923386   0.764901   -0.370281
-0.194399   0.222793   0.18133
-1.44187   -0.110237   0.905633
0.91712   1.16508   1.28667
0.9451   -0.687565   -0.294979
-1.94925   -1.11327   -0.501534
1.26117   -0.353649   -1.68292
1.60028   1.39337   -0.748941
0.572439   -0.493203   0.709019
-3.10753   -0.780671   -0.028191
-0.253788   -0.260019   -2.05935
0.179128   -0.0735412   -1.45931
1.1709   0.0820789   -1.46694
-2.55067   1.25882   2.08591
1.31741   0.57889   1.45707
1.12482   0.764123   -2.4681
-0.66604   -1.15709   0.242399
1.14617   1.42662   3.3373
-1.3998   -2.69137   0.634089
0.916089   0.30361   -1.09792
-0.56913   1.66302   0.365045
0.198507   0.634985   -0.0959295
-0.350798   0.729476   0.887796
-0.55191   0.0275656   0.0263199
-1.69468   -1.55136   -0.479031
0.194992   -1.56801   -1.35725
0.525461   -0.542753   0.944385
0.667428   0.458183   0.386947
0.762609   1.20015   -0.407955
1.41174   0.867278   0.997279
-1.17667   0.587971   -0.167258
-0.0388654   1.11752   -1.44155
-0.860417   -0.938256   1.12876
0.186307   0.289056   1.94216
-0.969455   -0.569762   0.473137
-0.442048   -0.906678   0.882133
0.074857   -0.290124   2.10472
-1.44539   -0.123195   -0.0409715
1.02333   -0.515101   -0.767783
-0.183482   1.11827   -0.4237
1.01859   0.879803   0.761538
1.25987   2.05537   0.47321
1.20604   0.306318   0.496503
-1.58071   1.17046   -0.421961
-0.257757   1.35273   0.467654
-1.37616   2.08492   0.823051
-1.16949   0.80556   0.249188
1.17172   1.16242   -1.07143
-0.256592   -1.32255   0.625446
-0.305529   -1.29387   -0.363021
0.465951   -0.760151   -0.877788
1.00403   -0.852542   1.41572
0.579843   0.218131   0.48597
-0.869174   1.12454   -0.288536
1.09885   0.70304   -0.0888298
-0.923231   -0.633414   1.11349
1.94819   0.725947   -2.42242
-0.0918663   0.742676   0.274136
-0.190406   2.66829   2.38853
-1.19573   -0.863577   0.468391
-1.64198   0.683477   0.572599
-0.226639   -0.103435   -1.143
-0.0441296   0.0655216   0.234857
