-0.284813   0.0414368   -0.339041
0.736264   -0.170696   1.29221
1.79639   0.907853   -0.896211
0.716079   -2.25803   0.26339
0.184751   -1.07809   1.47301
0.0659568   -0.00531791   -1.59892
1.42028   0.419957   -2.38514
-0.514171   -1.66741   0.868819
-0.629731   0.509187   1.83984
-0.126282   0.981271   0.18827
-0.236412   -1.51593   -2.3374
0.164315   0.537191   -1.57491
0.997877   1.74797   1.28514
1.41175   -0.396606   0.783934
-0.923581   -1.26665   1.61964
-0.818467   -0.909482   0.0991546
-1.55081   0.952729   -0.735003
0.193243   -0.830552   0.809879
-0.399204   -0.347296   -0.867188
0.180516   -0.709376   0.409517
-0.607675   0.652092   -0.45164
0.665274   0.5807   0.57111
-0.941096   0.244851   -0.351983
-1.29669   0.259965   0.707009
2.46709   0.408022   0.442334
-0.521902   1.65254   0.72381
0.138461   0.176224   -2.50969
0.277706   0.605432   -0.935314
1.61612   -0.987588   0.0301171
1.70072   -1.55233   1.83265
0.0889649   -1.11945   1.51411
0.85525   -0.372227   -0.0343498
0.448987   -0.2697   -0.161141
0.174389   0.567861   0.590217
-2.18863   -0.686378   0.208018
-0.698257   -0.340027   -1.35427
1.53084   -2.18522   0.65475
-0.476633   -0.672931   0.454199
0.242869   0.653504   0.0383911
-0.521047   1.03871   -0.546907
0.0236578   -0.976625   0.402661
-2.00998   1.51329   0.981958
-1.2585   -0.755323   1.21525
-0.685676   0.539395   1.62015
-0.802985   -2.28493   1.7184
-0.339812   -0.594818   -0.0398902
-1.06423   -0.0227296   -0.756282
-0.511069   2.18699   -0.165386
0.464177   -0.41898   0.0386499
-0.16212   1.36767   -0.547821
-0.280605   1.42276   0.0749544
1.13175   0.785401   -1.24545
-0.306585   -0.15325   0.855394
-0.493348   -0.0448907   0.229725
-0.0322858   1.12964   0.630943
0.495056   -0.345655   -2.24899
-1.0169   0.275031   0.820518
-0.518762   0.645465   -1.34626
-0.340729   -0.826803   0.319853
-0.566222   -0.7515   -0.00144405
-0.536541   0.0246751   0.0727116
-0.383548   1.0725   -0.299225
-0.421974   -0.0870127   0.524311
0.895915   -0.586681   0.650822
0.422618   -0.769557   0.718487
0.705131   -1.33827   1.96825
0.363897   -0.0461308   -0.933467
-1.18138   -1.28555   -0.906383
1.22673   0.356837   1.36583
-1.13383   1.28952   -0.131906
0.0484282   0.903436   -1.3678
0.222921   0.898588   0.458716
-0.245752   0.143186   -0.231
2.76359   -0.897649   -0.288278
-0.602328   1.4198   0.0423411
-0.710333   -0.888106   0.541425
1.24581   0.695895   -0.973342
-0.0245115   -0.852507   0.991935
-0.533838   1.06654   1.3902
-0.665701   0.669327   -1.08071
0.895356   0.0253052   -0.383301
1.30478   -1.25567   -0.743872
-0.181856   0.577544   0.304067
-1.0834   -1.27196   -1.23363
-1.07761   0.90892   -0.614044
2.53898   -1.14079   -0.944137
1.79525   -0.0410517   1.34423
-0.00845679   1.16378   -1.60249
1.73415   -0.457855   1.09867
0.811667   0.487731   1.47617
-0.0569445   -0.710959   -0.987134
0.897796   -0.976539   -1.06539
-0.0633398   -0.0424297   -2.67337
1.00316   0.279798   2.66295
-0.549822   -1.18627   0.152358
-1.79913   -1.54966   -0.579392
-0.975606   1.31867   -2.15279
-0.773321   0.881613   -1.25821
-0.263728   2.21033   -1.35821
0.933651   0.270963   0.0380054
-0.790634   1.75153   1.67748
-0.585882   2.05918   1.46564
0.0647896   0.615227   -0.490098
-0.125253   -0.753304   -0.130826
0.513522   0.457889   -0.602619
-0.854449   0.115403   -1.04179
-1.06109   -0.733028   1.17211
-0.761402   -1.07953   -0.220635
