0.258786   -0.163403   0.323751
-0.473175   0.0493457   -0.185095
0.475948   -0.254838   0.0125302
-0.148214   -0.425961   0.0889174
-0.00291998   0.417126   0.173862
0.132005   -0.0278448   0.445574
0.466557   -0.154972   -0.212147
0.0594353   0.196952   -0.49961
-0.0583652   -0.0761079   0.296674
-0.0786042   -0.21891   -0.0661933
0.299198   0.11409   -0.156447
-0.148942   -0.284936   0.344822
-0.481595   0.48594   -0.496593
0.334582   -0.309235   0.494578
-0.362494   0.226713   0.0990069
0.117502   -0.400135   0.480812
-0.0530238   0.260452   -0.0529772
-0.00543593   0.143148   -0.223595
-0.397306   -0.0750417   -0.341298
-0.0387032   -0.0563328   -0.188633
0.0314041   -0.392341   0.269448
0.0894107   -0.0290724   -0.358302
0.0733215   -0.129883   0.0248367
0.384419   0.40507   -0.00839965
-0.265894   -0.467755   -0.316629
-0.481836   0.237891   -0.0763121
-0.397724   -0.48645   0.244362
0.152068   0.240966   -0.0998588
0.239763   -0.357574   0.26765
-0.113809   0.102264   0.414583
-0.135119   0.0123061   -0.401322
-0.144919   0.345184   -0.23136
-0.336015   0.0725307   -0.0257117
0.154551   -0.356693   -0.309141
-0.190805   0.108066   -0.163566
0.479129   0.0496647   -0.456465
0.354139   -0.140355   0.135348
-0.119358   0.244969   -0.411914
-0.4643   -0.0594131   0.351866
-0.420338   0.176246   -0.329745
-0.0762342   0.244744   0.248743
-0.0363877   -0.16179   0.498993
0.0478666   -0.33646   0.0559566
0.085418   -0.213634   0.22437
-0.274566   0.11197   0.249133
-0.250962   0.275822   -0.0786555
0.157529   0.398553   -0.412477
-0.458131   -0.47869   -0.147853
-0.173545   -0.348543   -0.188616
-0.378694   -0.0926244   0.0579104
-0.244038   0.494314   -0.0778362
-0.229381   -0.215736   -0.380639
-0.39367   -0.301305   -0.137043
0.348451   -0.123987   0.494487
0.0470557   0.355162   -0.254478
-0.10822   -0.234853   0.141644
0.427002   0.175412   0.297356
0.308678   -0.470924   -0.403773
0.322717   -0.229107   -0.319484
0.323732   -0.0243253   -0.333144
0.166121   0.493516   0.0162581
0.166138   -0.209204   -0.457433
0.477089   -0.428003   0.11106
0.126872   0.0278006   -0.079079
0.462276   0.302575   0.154198
0.176737   0.316084   0.0958594
0.159357   0.401131   0.357723
-0.176237   -0.0459066   0.024398
0.337082   0.499539   0.402003
-0.478989   0.227118   0.469578
-0.196633   0.343834   0.0853454
-0.388021   0.362636   -0.241908
0.0418954   0.089148   0.247571
0.4126   -0.342535   -0.186096
0.343934   0.198645   0.0211633
0.294781   -0.35569   0.0773956
-0.405122   0.4242   0.0364299
0.383223   -0.0413734   -0.0372227
-0.317717   -0.415083   0.425419
0.178626   0.20544   -0.313525
-0.311472   0.0901508   0.437935
0.309726   0.446713   0.204762
-0.226886   -0.110335   0.209749
-0.342525   0.374218   -0.436979
-0.0139833   -0.221458   -0.303687
-0.248508   -0.108737   -0.165818
-0.262479   -0.112289   0.419178
0.292386   0.293773   0.482734
-0.359418   -0.247793   0.287347
-0.324906   -0.335823   0.101448
-0.0179108   -0.47095   -0.292678
0.217491   -0.318859   -0.0985117
-0.0467104   0.455767   -0.0855246
0.24757   0.0557525   0.106186
0.463625   0.0679339   0.122994
-0.322456   0.32225   0.277533
-0.44106   -0.389122   -0.321869
0.422826   0.285444   -0.233503
0.259701   0.380277   -0.18396
-0.0433706   0.41153   -0.485851
0.245603   -0.133904   -0.161707
-0.0909153   -0.370089   -0.446851
-0.153075   0.468973   0.31881
-0.08026   0.127322   0.0951417
-0.199609   0.282222   0.408516
-0.427332   -0.25672   0.477063
0.444695   -0.336662   0.341006
0.201607   0.190763   0.306266
