0.395597   -0.372906   -0.156713
0.435277   -0.306188   0.0364193
0.0613746   0.0284749   -0.118277
0.038014   0.162722   0.0765271
0.413704   0.151843   -0.166214
-0.16671   -0.213928   -0.291576
0.383162   0.0931586   0.464834
-0.141835   0.0707545   0.25261
-0.498693   0.374011   0.120876
0.379198   0.3906   0.413481
-0.245652   -0.334026   0.049523
-0.0837496   0.323118   -0.359926
0.330159   0.333935   -0.198893
-0.0186818   0.278872   0.400636
-0.361564   0.486167   0.372125
-0.346541   0.0904567   0.282368
-0.0608754   0.280889   -0.175602
0.12683   0.318521   -0.290969
-0.378   -0.195031   0.0638896
-0.388155   0.224409   -0.158282
0.093062   -0.00577806   -0.333339
0.32522   -0.0757798   -0.386462
0.470092   0.161408   0.0422407
-0.0530836   -0.157079   0.306473
-0.118926   0.149745   -0.464695
-0.471921   -0.394008   0.476409
0.411376   0.282454   -0.403567
-0.298777   0.04649   -0.441258
-0.00971632   -0.389889   0.110972
-0.437268   0.274748   0.437697
0.327094   0.324783   0.0149287
0.11647   -0.198547   -0.494771
-0.0660143   0.435301   0.0158698
-0.124747   -0.477657   -0.403414
0.165518   0.471349   0.328792
-0.478467   -0.256863   -0.289017
0.329954   -0.187827   0.161774
-0.404409   0.334061   -0.322695
0.171947   -0.496377   -0.265554
0.224438   0.381276   -0.449185
-0.0965146   -0.194498   0.0168352
-0.128239   -0.294313   -0.49674
0.282273   0.164229   -0.311569
0.250555   -0.243621   -0.0343915
-0.0201826   -0.485896   -0.215719
0.025119   0.0448234   0.397989
-0.00233921   0.429187   0.224584
-0.326689   0.120613   0.0609331
0.0598035   -0.338073   -0.371754
-0.482779   0.0915962   -0.350582
-0.0988437   0.0647877   -0.231075
-0.0739683   -0.110401   -0.434397
0.212557   -0.00796071   0.462217
0.352752   0.496172   0.222902
0.131498   0.259387   -0.0995532
-0.312876   0.314216   0.253293
0.486862   0.207589   0.260363
-0.170309   -0.28927   0.219348
-0.0385368   -0.032031   0.11806
0.25607   -0.000328022   -0.160982
0.268931   0.218672   0.401304
-0.420676   -0.468165   -0.210589
0.273523   -0.25279   -0.323303
0.0476295   -0.369986   0.360341
-0.253129   0.20054   -0.296443
-0.16393   0.234749   0.1415
0.402441   -0.0316276   -0.020487
-0.486703   -0.0582919   -0.496445
0.339011   -0.341348   0.320552
-0.208738   0.476631   0.15418
-0.292726   -0.142389   -0.483038
-0.334379   -0.465841   -0.383468
0.235646   -0.411589   -0.495116
0.165501   0.153994   0.241081
0.111709   0.496312   -0.0459899
0.369045   -0.113228   0.369538
0.323234   -0.470475   0.019098
0.309713   0.292646   0.217729
0.236662   0.0978825   0.033691
-0.28058   0.377893   -0.0152273
-0.146444   0.0684256   -0.0295137
-0.223873   -0.108814   -0.121313
-0.212465   0.352813   0.484088
-0.371615   -0.0693909   -0.273312
0.0396232   -0.317614   -0.086353
0.351273   0.0685728   0.215948
-0.499285   0.365537   -0.105717
0.397972   0.474478   -0.352514
0.16697   -0.102245   0.292451
0.144003   -0.165273   -0.17994
-0.330333   -0.297713   -0.128651
0.160678   0.405372   0.122623
-0.301512   -0.307347   0.38604
0.158404   -0.0891152   0.0741024
-0.456227   -0.161044   0.331037
-0.24869   0.393677   -0.206936
0.411707   -0.110204   -0.195403
-0.424158   -0.458499   0.0473874
-0.119575   -0.480761   0.363359
0.0379106   0.459497   -0.492697
-0.244965   -0.0664875   0.128531
-0.407019   -0.338309   0.213752
0.0782166   0.180055   -0.399662
-0.486965   -0.0212298   0.169318
-0.264837   -0.094271   0.334387
-0.174218   -0.432226   -0.119076
0.191811   -0.341201   0.127674
-0.410586   0.0305136   -0.112979
