-0.0678001   -0.408141   -0.194332
0.439208   0.31803   0.332341
-0.271361   -0.10392   0.0588822
-0.223247   0.127788   0.179036
-0.264215   0.199158   0.119303
0.262688   -0.242641   0.162114
0.374634   0.127106   -0.437655
-0.071165   -0.376309   0.054448
0.114516   0.398735   0.094838
-0.277814   0.29431   0.209224
-0.495659   0.0388689   -0.489505
0.391565   -0.224364   -0.131712
0.146598   0.429483   0.326503
0.338951   0.481974   -0.0244581
0.446492   0.0960482   -0.435048
0.112228   -0.146955   0.12606
-0.381423   0.301655   -0.132736
-0.0776964   -0.0679529   0.417406
-0.230984   0.0305421   0.42705
-0.0164708   0.0606847   0.424626
0.0555846   0.487087   0.450666
-0.38147   -0.413788   0.149086
0.28639   -0.347067   -0.115448
-0.460272   -0.0505789   -0.111406
0.497985   -0.0905244   -0.21464
0.38864   -0.126237   -0.331401
-0.328743   -0.220133   0.321831
0.445803   0.253623   0.259519
0.352338   -0.428569   0.435439
-0.023136   -0.203627   -0.353583
-0.314874   -0.0908686   0.244723
0.205989   0.229401   -0.493086
0.425498   0.220731   0.495591
-0.336653   -0.313404   0.0528417
0.0269756   -0.140938   0.212483
0.405574   0.073802   0.107689
-0.0137142   0.0743225   -0.490205
-0.229238   -0.189693   -0.383214
0.259111   -0.214003   -0.32766
0.387876   0.122198   -0.309254
0.465421   0.442874   -0.428134
0.314789   0.326679   0.418148
-0.327059   0.195091   -0.139746
-0.0225826   0.487852   -0.463892
0.0273019   -0.392892   -0.272078
0.0780015   0.11205   -0.445559
-0.132444   0.279989   -0.154184
0.346185   -0.148808   0.159658
-0.498459   -0.0974887   -0.439663
-0.484271   -0.169698   -0.183475
-0.479998   0.334953   0.141912
0.23902   0.207631   0.293164
0.193106   -0.462694   0.388409
-0.35171   0.322575   -0.386129
0.462737   -0.136615   -0.106898
-0.418986   -0.109233   0.024369
-0.198453   -0.000513846   0.317887
0.33323   0.187238   -0.484379
-0.0965621   -0.294789   -0.109352
0.26312   0.240853   -0.279656
-0.492713   -0.322624   -0.181944
-0.308448   -0.0903195   0.123913
-0.200242   -0.358317   -0.435825
0.406425   -0.481574   0.39112
-0.188605   0.43853   -0.156956
-0.152705   0.235837   0.423702
-0.388443   -0.394289   -0.32929
0.098949   -0.471721   0.061402
0.128575   0.0412074   -0.396556
0.149297   -0.172469   -0.170942
0.462537   0.0761188   -0.150541
0.30618   0.458149   -0.335558
-0.312086   0.453415   -0.0146547
-0.493078   -0.427632   -0.218937
0.148791   -0.455352   0.23716
-0.487926   0.421143   -0.134631
0.0642482   0.165961   0.0227564
-0.224871   0.0159082   0.16872
-0.425926   -0.0777956   0.491135
0.447418   -0.253277   -0.199986
0.437108   -0.033617   -0.0522637
0.321046   0.407687   -0.256831
0.498183   -0.361803   0.235775
-0.469369   0.133078   -0.392564
-0.287043   -0.351032   -0.0181878
0.182718   -0.409643   0.334058
-0.422748   -0.0221724   -0.0021942
-0.173302   0.481773   0.0913166
0.211684   0.466201   0.23107
0.022693   -0.0419687   -0.106409
0.137445   0.233811   0.40378
0.219669   0.00811228   -0.392572
0.343542   -0.173253   0.254744
-0.307997   0.381806   -0.196757
-0.286591   0.402005   -0.356473
-0.484161   -0.157048   0.447205
-0.229138   0.31281   -0.487088
-0.407091   0.338988   0.310325
0.318855   -0.207286   0.466373
-0.269657   -0.187319   0.41663
0.397579   0.317587   0.237412
-0.320402   -0.131112   0.490726
-0.111653   0.442595   -0.114025
-0.190086   -0.154726   0.027535
-0.314971   0.454422   -0.245743
-0.257974   0.469663   -0.434298
-0.183099   -0.176507   0.347408
0.0339443   -0.303302   -0.229177
