1 0
1.41686 0.00438593
1.7277 0.00559076
1.99987 0.00789356
2.2419 0.00868859
2.451 0.0100447
2.64111 0.0104856
2.82514 0.0115715
2.99191 0.012621
3.15076 0.0129147
3.29875 0.0139931
3.45066 0.0154799
3.60292 0.0152864
3.74134 0.0156298
3.87394 0.0156001
4.00391 0.01625
4.13158 0.0174731
4.25521 0.0184362
4.36551 0.0193386
4.47066 0.0187367
4.57753 0.0185077
4.68978 0.0202529
4.79141 0.0211189
4.89549 0.021422
4.99184 0.0215108
5.08308 0.0219087
5.18859 0.0216387
5.28085 0.0218633
5.37282 0.0213468
5.4742 0.0224161
5.56468 0.0223007
5.64235 0.0228978
5.72319 0.0241088
5.82287 0.0248941
5.91115 0.0250849
5.99498 0.0259752
6.06865 0.0254713
6.15304 0.0255699
6.2359 0.0260259
6.32287 0.0258661
6.39503 0.026899
6.47669 0.0269355
6.55311 0.027844
6.63393 0.0281526
6.7084 0.0294041
6.78348 0.0292567
6.86172 0.0285875
6.93218 0.0290593
6.99837 0.0298902
7.06733 0.0297119
7.12941 0.0295457
7.20029 0.0297289
7.27314 0.0296615
7.33531 0.0300391
7.40959 0.0298623
7.47484 0.0310179
7.53019 0.030872
7.58853 0.0303685
7.64928 0.0311316
7.70535 0.0307192
7.77779 0.0304118
7.84619 0.0303646
7.90093 0.0304262
7.95859 0.0314303
8.01123 0.0319664
8.07561 0.0325287
8.13982 0.0330192
8.19264 0.0328825
8.24753 0.0338088
8.30692 0.0331008
8.37392 0.0331696
8.43115 0.0334585
8.49423 0.0344057
8.55329 0.0345886
8.60343 0.0348277
8.65783 0.0341866
8.7086 0.0357262
8.76394 0.0363944
8.82271 0.0359601
8.87923 0.0360436
8.93446 0.0363096
8.98758 0.037239
9.04333 0.037833
9.09936 0.0379392
9.15453 0.039063
9.2097 0.0388376
9.26213 0.0385656
9.32552 0.0391228
9.38339 0.0392107
9.42236 0.0401617
9.46803 0.0396577
9.51592 0.039581
9.57242 0.0393423
9.62547 0.0390404
9.67046 0.0391918
9.71889 0.0401486
9.76394 0.0399661
9.82069 0.039528
9.8727 0.0406454
9.91502 0.0399404
