1 0
1.41457 0.00364652
1.73494 0.00551139
1.99429 0.00638061
2.2302 0.00735898
2.43992 0.0079357
2.64394 0.00911111
2.83058 0.00976495
3.01337 0.0112467
3.17594 0.0107729
3.32599 0.0105321
3.47027 0.0111069
3.60774 0.0128422
3.74457 0.014235
3.87693 0.0141624
4.00445 0.0147713
4.13318 0.0161275
4.25373 0.0163263
4.36381 0.0165714
4.47169 0.0169237
4.58011 0.0166951
4.68649 0.0178326
4.77969 0.0178985
4.88332 0.0184864
4.9723 0.0193297
5.08181 0.0198819
5.1876 0.0210755
5.27693 0.0221376
5.37959 0.0224587
5.47092 0.0224235
5.56243 0.0229013
5.65832 0.0249204
5.75263 0.0252728
5.84 0.0254411
5.9161 0.0262808
6.00105 0.0267544
6.08528 0.0270567
6.17117 0.0280355
6.25485 0.0282067
6.33844 0.0285017
6.41169 0.0288976
6.49178 0.0285626
6.57448 0.0300799
6.6481 0.0299233
6.71403 0.0298023
6.7805 0.0301245
6.85458 0.0306185
6.93575 0.0304007
7.00444 0.0310622
7.07747 0.0313921
7.14518 0.0314744
7.21913 0.0321083
7.28309 0.0326102
7.34995 0.0326791
7.41848 0.0329975
7.49624 0.0338329
7.56409 0.033744
7.6315 0.0332518
7.69984 0.0341277
7.76791 0.0351104
7.83335 0.0354387
7.90238 0.0365974
7.96549 0.0362512
8.0194 0.0379226
8.07303 0.037218
8.13993 0.0374017
8.19932 0.0382564
8.25943 0.0382505
8.3193 0.0389752
8.39073 0.038747
8.44904 0.0384336
8.50272 0.0385425
8.57089 0.0389796
8.62669 0.039505
8.68327 0.0393135
8.74344 0.04041
8.80367 0.0405592
8.85597 0.0400673
8.91553 0.0399466
8.96428 0.0404075
9.01767 0.0394549
9.076 0.0400647
9.11794 0.039497
9.1753 0.0393672
9.23362 0.0387051
9.28729 0.0378549
9.33738 0.0374594
9.38976 0.0368061
9.44485 0.0375502
9.49437 0.0380556
9.5428 0.0385006
9.58847 0.0389007
9.63705 0.0391985
9.68849 0.0391428
9.73788 0.0390553
9.79083 0.0390457
9.84421 0.0402189
9.89643 0.0411389
9.94538 0.0413531
9.99873 0.040868
