-0.486246   -0.48766   -0.496431
-0.331864   -0.320562   0.49699
-0.48773   -0.338147   -0.317434
-0.34079   -0.488908   -0.328458
-0.175511   0.49605   0.498487
-0.00238088   -0.327672   0.489869
-0.151775   -0.351816   -0.351901
0.000235271   0.488211   -0.363577
0.156425   0.495334   0.492328
0.337797   -0.338649   -0.493662
0.158971   -0.358918   -0.341854
0.328719   -0.49473   -0.336587
0.484624   -0.168508   -0.494329
-0.350645   0.0115015   0.485602
0.497167   0.00732105   -0.325264
-0.322949   -0.164418   -0.34021
-0.152994   -0.16263   0.499644
0.000240437   0.00482815   -0.496843
-0.165967   -0.000778223   -0.312033
-0.00295275   -0.185563   -0.329172
0.166898   -0.17823   0.497711
0.32848   0.0027589   0.492218
0.167697   -0.0305032   -0.339221
0.346601   -0.172077   -0.331969
0.480054   0.167838   -0.498681
-0.332897   0.3347   -0.479819
0.495909   0.350662   -0.334875
-0.347599   0.165702   -0.32529
-0.163342   0.164441   0.498754
-0.010588   0.333507   0.497419
-0.158464   0.322312   -0.342272
-0.0189881   0.174431   -0.331082
0.166594   0.18137   0.486355
0.331446   0.347175   0.499931
0.169399   0.317063   -0.324874
0.331194   0.151833   -0.3321
0.499565   -0.482627   -0.144295
-0.319147   -0.331229   -0.159391
-0.494048   -0.326822   -0.0048947
-0.303754   -0.499376   0.00494071
-0.146686   -0.499599   -0.18686
-0.00914127   -0.33669   -0.145043
-0.159051   -0.314807   0.0134898
0.00660796   0.471204   -9.5469e-05
0.171463   0.491663   -0.168604
0.327778   -0.330281   -0.183671
0.14725   -0.345144   0.0103002
0.339483   0.498229   -0.0038862
-0.48992   -0.163694   -0.172103
-0.354147   -0.00458856   -0.142955
-0.498801   0.00612999   0.0102445
-0.337174   -0.182997   -0.0096605
-0.146913   -0.169969   -0.165809
0.0163895   -0.00995275   -0.185036
-0.16804   0.00387604   0.00476016
0.00145333   -0.157483   -0.0016101
0.156358   -0.176869   -0.173788
0.316844   -0.0119614   -0.17624
0.175605   -0.00297922   0.00550308
0.337615   -0.190152   -0.0168685
0.492623   0.180484   -0.15931
-0.327761   0.346698   -0.17115
-0.48476   0.347794   0.0281725
-0.329002   0.172809   0.00528099
-0.178969   0.156397   -0.158881
-0.00734257   0.319838   -0.154945
-0.17076   0.330313   -0.0225355
-0.000592815   0.142   -0.00915531
0.171741   0.16334   -0.164736
0.343164   0.357264   -0.166226
0.179411   0.333328   0.0149269
0.338703   0.155913   -0.00274394
-0.491791   -0.482959   0.160168
-0.31853   -0.33113   0.166825
-0.480392   -0.339963   0.334415
-0.320831   0.498366   0.31358
-0.148485   -0.497852   0.171886
0.00579981   -0.335767   0.164173
-0.163452   -0.338015   0.341308
-0.0100328   -0.49892   0.332811
0.187048   -0.474932   0.167749
0.332992   -0.325886   0.169833
0.180809   -0.341354   0.359787
0.333321   -0.499248   0.331971
0.494663   -0.166051   0.15299
-0.343902   -0.00155416   0.158722
0.490125   0.0057498   0.342016
-0.359776   -0.15127   0.332676
-0.178368   -0.162457   0.189946
-0.0113706   0.00805132   0.172551
-0.182439   0.0107448   0.341548
-0.00295003   -0.17955   0.315074
0.187938   -0.174542   0.156808
0.340028   0.0134226   0.185487
0.162894   0.0113648   0.320739
0.321926   -0.15031   0.324972
-0.494904   0.179221   0.160744
-0.313076   0.329711   0.161823
-0.480305   0.331952   0.33966
-0.351884   0.167705   0.340636
-0.17595   0.161372   0.175254
-0.0300267   0.321756   0.15544
-0.16808   0.338982   0.327629
-0.0147022   0.167484   0.334744
0.149132   0.172583   0.15854
0.32268   0.334504   0.168455
0.156   0.335151   0.328639
0.335108   0.176275   0.325658
