-0.276517   -0.534578   0.239293
-1.61018   1.22468   -0.326945
1.35042   0.324153   -0.917994
0.733492   -0.948278   -0.188233
-0.949417   -0.289149   0.0906352
0.423626   1.02829   0.345625
0.804516   -0.934097   1.81997
1.16988   0.228886   0.821563
0.905009   0.466253   -1.24091
-0.408425   0.848855   0.27002
-1.21845   -1.24476   -0.131428
0.122559   1.24043   0.481066
-0.982475   -0.774423   -0.187024
-0.682697   0.322235   1.94812
-0.704007   -0.988636   1.5871
1.39029   1.136   0.761508
0.218325   1.00105   -0.369237
-0.68178   -0.117866   -0.309238
-0.370476   -1.05244   -0.656521
0.118017   -1.1474   0.44704
0.60691   0.0390365   0.285644
-0.79619   0.016722   -0.611211
0.73049   0.291267   -0.450091
-0.100365   0.855358   -0.361286
-1.39626   0.0499744   -0.186241
0.508563   -0.325934   0.240187
-1.05409   -1.44039   -0.0949459
0.0103228   -0.373178   -1.10856
0.195954   2.38503   -0.120456
0.294078   -0.880399   1.78152
0.426837   -0.880462   0.556422
-1.21595   1.04078   0.250602
-1.05667   0.235264   -0.396518
0.296459   1.42792   -0.105169
-1.25145   -0.794415   -0.408856
0.371161   -0.284266   -0.61143
-1.14015   -0.738356   0.10355
0.942039   0.286889   0.30049
1.02493   -1.15378   -0.11492
-1.30196   -0.0657942   -1.45893
0.384906   -0.702691   0.0826461
2.60585   2.53693   -1.16005
-0.308949   -0.192385   -0.929295
-1.52321   0.304515   -0.763561
-0.527158   0.888182   0.669767
-0.984537   1.04689   -0.372071
0.457036   -2.11072   0.490293
-0.333081   0.47148   0.166742
-0.571974   0.236325   -0.898604
-0.27887   -0.920454   -0.323815
0.227788   -0.0873431   -0.591277
-0.723755   -0.34922   0.0155277
-0.76789   0.413916   -1.00722
-0.32615   1.26999   -0.0703206
-0.0566976   -0.863359   0.666797
0.938105   0.146631   1.01908
-0.315849   -0.364708   1.2635
-1.19081   1.22159   0.730025
0.159877   0.241911   0.551504
0.837451   0.380938   -1.49439
1.14122   -0.390092   -1.42063
1.01236   -1.39133   -0.786906
1.12321   0.440122   0.408975
1.15409   0.816969   1.43316
0.128396   -1.67304   -1.05333
0.710291   1.15048   -0.146918
1.88637   0.851119   -0.236398
-0.124114   0.74501   0.169149
-1.53155   0.875433   -1.14239
-0.77839   -0.826651   1.57602
1.68399   -0.184619   0.605946
1.36873   -0.0473896   -0.0240686
-0.888089   -0.416758   0.101604
-0.782736   0.531774   -1.38881
1.61523   0.689607   -0.11929
-0.668596   -0.0432273   -0.437107
-0.0800046   -0.0456233   1.87002
0.689577   0.872666   0.914767
0.169758   0.444337   -1.72293
0.199395   0.267361   1.89333
-0.602827   0.71109   -0.751523
-0.100748   0.896828   -0.577408
0.222952   -1.31587   0.128644
-1.61806   0.376943   0.34073
1.25164   0.461079   1.5442
0.0568837   1.02972   0.790735
-0.228176   0.519305   -0.00670787
-0.729237   -1.29389   0.882222
0.319704   -1.66637   0.577292
0.416703   -0.412119   -0.112056
-0.444734   -1.94884   -0.617849
-0.271757   -1.10306   -0.724589
0.973816   -1.30369   -1.31156
1.28746   -0.723652   -0.76519
-0.163583   0.400151   -0.830469
-0.00561486   1.11571   -0.440024
0.305271   -0.806434   0.181568
0.0303647   -0.745754   -0.673464
0.0505798   0.440939   1.90083
-0.0814134   -0.891593   -1.30323
-1.35871   -0.771918   -0.142
-1.08365   1.27297   -0.891596
1.17176   -0.561765   1.34977
0.228466   1.86022   0.131661
0.766342   -0.349551   -0.440388
-1.37466   -0.335036   0.358394
-0.786137   -0.0536873   -0.814603
0.589776   -0.516757   1.7029
